<html>
<head>
<title>TestNG:  Login Functionality : Verify user login</title>
<link href="../testng.css" rel="stylesheet" type="text/css" />
<link href="../my-testng.css" rel="stylesheet" type="text/css" />

<style type="text/css">
.log { display: none;} 
.stack-trace { display: none;} 
</style>
<script type="text/javascript">
<!--
function flip(e) {
  current = e.style.display;
  if (current == 'block') {
    e.style.display = 'none';
    return 0;
  }
  else {
    e.style.display = 'block';
    return 1;
  }
}

function toggleBox(szDivId, elem, msg1, msg2)
{
  var res = -1;  if (document.getElementById) {
    res = flip(document.getElementById(szDivId));
  }
  else if (document.all) {
    // this is the way old msie versions work
    res = flip(document.all[szDivId]);
  }
  if(elem) {
    if(res == 0) elem.innerHTML = msg1; else elem.innerHTML = msg2;
  }

}

function toggleAllBoxes() {
  if (document.getElementsByTagName) {
    d = document.getElementsByTagName('div');
    for (i = 0; i < d.length; i++) {
      if (d[i].className == 'log') {
        flip(d[i]);
      }
    }
  }
}

// -->
</script>

</head>
<body>
<h2 align='center'>Login Functionality : Verify user login</h2><table border='1' align="center">
<tr>
<td>Tests passed/Failed/Skipped:</td><td>17/1/0</td>
</tr><tr>
<td>Started on:</td><td>Tue Jan 03 20:23:55 IST 2023</td>
</tr>
<tr><td>Total time:</td><td>720 seconds (720958 ms)</td>
</tr><tr>
<td>Included groups:</td><td></td>
</tr><tr>
<td>Excluded groups:</td><td></td>
</tr>
</table><p/>
<small><i>(Hover the method name to see the test class name)</i></small><p/>
<table width='100%' border='1' class='invocation-failed'>
<tr><td colspan='4' align='center'><b>FAILED TESTS</b></td></tr>
<tr><td><b>Test method</b></td>
<td width="30%"><b>Exception</b></td>
<td width="10%"><b>Time (seconds)</b></td>
<td><b>Instance</b></td>
</tr>
<tr>
<td title='Tests.LoginTests.Verify_the_6_digit_code_field_by_entering_wrong_code()'><b>Verify_the_6_digit_code_field_by_entering_wrong_code</b><br>Test class: Tests.LoginTests<br/>
<a href="#Output-98022241" onClick='toggleBox("Output-98022241", this, "Show output", "Hide output");'>Show output</a>

<a href="#Output-98022241" onClick="toggleAllBoxes();">Show all outputs</a>
<div class='log' id="Output-98022241">
Application Launched.<br><br/>
Clicked on skip button.<br><br/>
Clicked on next button.<br><br/>
Clicked On Forgot Password Link<br><br/>
Forgot Password page is Opened<br><br/>
Entered registered Email<br><br/>
Clicked On Submit Button<br><br/>
Reset Password Screen Is Visible<br><br/>
Verified Code Sent Message<br><br/>
OTP Field is Visible<br><br/>
New Password Field is Visible<br><br/>
New Password Eye Icon is Visible<br><br/>
Confirm Password Field is Visible<br><br/>
Confirm Password Eye Icon is Visible<br><br/>
Resend OTP Link is Visible<br><br/>
Entered OTP<br><br/>
</div>
</td>
<td><div><pre>org.openqa.selenium.NoSuchElementException: An element could not be located on the page using the given search parameters.
For documentation on this error, please visit: https://www.seleniumhq.org/exceptions/no_such_element.html
Build info: version: &apos;3.141.59&apos;, revision: &apos;e82be7d358&apos;, time: &apos;2018-11-14T08:17:03&apos;
System info: host: &apos;Admins-MacBook-Pro.local&apos;, ip: &apos;fe80:0:0:0:8f:c148:5c9e:6494%en0&apos;, os.name: &apos;Mac OS X&apos;, os.arch: &apos;x86_64&apos;, os.version: &apos;12.4&apos;, java.version: &apos;19.0.1&apos;
Driver info: io.appium.java_client.android.AndroidDriver
Capabilities {app: /Users/admin/Desktop/Plai_M..., appPackage: com.app.plaisports, autoAcceptAlerts: true, autoGrantPermissions: true, automationName: UiAutomator2, databaseEnabled: false, desired: {app: /Users/admin/Desktop/Plai_M..., autoAcceptAlerts: true, autoGrantPermissions: true, automationName: UiAutomator2, deviceName: 25e4e5308f0d7ece, platformName: android, platformVersion: 10, resetKeyboard: false, unicodeKeyboard: false}, deviceApiLevel: 29, deviceManufacturer: samsung, deviceModel: SM-N960F, deviceName: 25e4e5308f0d7ece, deviceScreenDensity: 420, deviceScreenSize: 1080x2220, deviceUDID: 25e4e5308f0d7ece, javascriptEnabled: true, locationContextEnabled: false, networkConnectionEnabled: true, pixelRatio: 2.625, platform: LINUX, platformName: android, platformVersion: 10, resetKeyboard: false, statBarHeight: 63, takesScreenshot: true, unicodeKeyboard: false, viewportRect: {height: 2031, left: 0, top: 63, width: 1080}, warnings: {}, webStorageEnabled: false}
Session ID: 9590d6c7-13ee-49de-aa88-d46f48346c6e
*** Element info: {Using=xpath, value=//android.widget.EditText[2]}
	at java.base/jdk.internal.reflect.DirectConstructorHandleAccessor.newInstance(DirectConstructorHandleAccessor.java:67)
	at java.base/java.lang.reflect.Constructor.newInstanceWithCaller(Constructor.java:500)
	at java.base/java.lang.reflect.Constructor.newInstance(Constructor.java:484)
	at org.openqa.selenium.remote.http.W3CHttpResponseCodec.createException(W3CHttpResponseCodec.java:187)
	at org.openqa.selenium.remote.http.W3CHttpResponseCodec.decode(W3CHttpResponseCodec.java:122)
	at org.openqa.selenium.remote.http.W3CHttpResponseCodec.decode(W3CHttpResponseCodec.java:49)
	at org.openqa.selenium.remote.HttpCommandExecutor.execute(HttpCommandExecutor.java:158)
	at io.appium.java_client.remote.AppiumCommandExecutor.execute(AppiumCommandExecutor.java:247)
	at org.openqa.selenium.remote.RemoteWebDriver.execute(RemoteWebDriver.java:552)
	at io.appium.java_client.DefaultGenericMobileDriver.execute(DefaultGenericMobileDriver.java:41)
	at io.appium.java_client.AppiumDriver.execute(AppiumDriver.java:1)
	at io.appium.java_client.android.AndroidDriver.execute(AndroidDriver.java:1)
	at org.openqa.selenium.remote.RemoteWebDriver.findElement(RemoteWebDriver.java:323)
	at io.appium.java_client.DefaultGenericMobileDriver.findElement(DefaultGenericMobileDriver.java:61)
	at io.appium.java_client.AppiumDriver.findElement(AppiumDriver.java:1)
	at io.appium.java_client.android.AndroidDriver.findElement(AndroidDriver.java:1)
	at org.openqa.selenium.remote.RemoteWebDriver.findElementByXPath(RemoteWebDriver.java:428)
	at io.appium.java_client.DefaultGenericMobileDriver.findElementByXPath(DefaultGenericMobileDriver.java:151)
	at io.appium.java_client.AppiumDriver.findElementByXPath(AppiumDriver.java:1)
	at io.appium.java_client.android.AndroidDriver.findElementByXPath(AndroidDriver.java:1)
	at org.openqa.selenium.By$ByXPath.findElement(By.java:353)
	at org.openqa.selenium.remote.RemoteWebDriver.findElement(RemoteWebDriver.java:315)
	at io.appium.java_client.DefaultGenericMobileDriver.findElement(DefaultGenericMobileDriver.java:57)
	at io.appium.java_client.AppiumDriver.findElement(AppiumDriver.java:1)
	at io.appium.java_client.android.AndroidDriver.findElement(AndroidDriver.java:1)
	at Pages.LoginPage.Verify_Reset_Password_With_Wrong_OTP(LoginPage.java:200)
	at Tests.LoginTests.Verify_the_6_digit_code_field_by_entering_wrong_code(LoginTests.java:217)
	at java.base/jdk.internal.reflect.DirectMethodHandleAccessor.invoke(DirectMethodHandleAccessor.java:104)
	at java.base/java.lang.reflect.Method.invoke(Method.java:578)
	at org.testng.internal.MethodInvocationHelper.invokeMethod(MethodInvocationHelper.java:133)
	at org.testng.internal.TestInvoker.invokeMethod(TestInvoker.java:598)
	at org.testng.internal.TestInvoker.invokeTestMethod(TestInvoker.java:173)
	at org.testng.internal.MethodRunner.runInSequence(MethodRunner.java:46)
	at org.testng.internal.TestInvoker$MethodInvocationAgent.invoke(TestInvoker.java:824)
	at org.testng.internal.TestInvoker.invokeTestMethods(TestInvoker.java:146)
	at org.testng.internal.TestMethodWorker.invokeTestMethods(TestMethodWorker.java:146)
	at org.testng.internal.TestMethodWorker.run(TestMethodWorker.java:128)
	at java.base/java.util.ArrayList.forEach(ArrayList.java:1511)
	at org.testng.TestRunner.privateRun(TestRunner.java:794)
	at org.testng.TestRunner.run(TestRunner.java:596)
	at org.testng.SuiteRunner.runTest(SuiteRunner.java:377)
	at org.testng.SuiteRunner.runSequentially(SuiteRunner.java:371)
	at org.testng.SuiteRunner.privateRun(SuiteRunner.java:332)
	at org.testng.SuiteRunner.run(SuiteRunner.java:276)
	at org.testng.SuiteRunnerWorker.runSuite(SuiteRunnerWorker.java:53)
	at org.testng.SuiteRunnerWorker.run(SuiteRunnerWorker.java:96)
	at org.testng.TestNG.runSuitesSequentially(TestNG.java:1212)
	at org.testng.TestNG.runSuitesLocally(TestNG.java:1134)
	at org.testng.TestNG.runSuites(TestNG.java:1063)
	at org.testng.TestNG.run(TestNG.java:1031)
	at org.apache.maven.surefire.testng.TestNGExecutor.run(TestNGExecutor.java:284)
	at org.apache.maven.surefire.testng.TestNGXmlTestSuite.execute(TestNGXmlTestSuite.java:75)
	at org.apache.maven.surefire.testng.TestNGProvider.invoke(TestNGProvider.java:119)
	at org.apache.maven.surefire.booter.ForkedBooter.runSuitesInProcess(ForkedBooter.java:428)
	at org.apache.maven.surefire.booter.ForkedBooter.execute(ForkedBooter.java:162)
	at org.apache.maven.surefire.booter.ForkedBooter.run(ForkedBooter.java:562)
	at org.apache.maven.surefire.booter.ForkedBooter.main(ForkedBooter.java:548)
</pre></div><a href='#' onClick='toggleBox("stack-trace98022241", this, "Click to show all stack frames", "Click to hide stack frames")'>Click to show all stack frames</a>
<div class='stack-trace' id='stack-trace98022241'><pre>org.openqa.selenium.NoSuchElementException: An element could not be located on the page using the given search parameters.
For documentation on this error, please visit: https://www.seleniumhq.org/exceptions/no_such_element.html
Build info: version: &apos;3.141.59&apos;, revision: &apos;e82be7d358&apos;, time: &apos;2018-11-14T08:17:03&apos;
System info: host: &apos;Admins-MacBook-Pro.local&apos;, ip: &apos;fe80:0:0:0:8f:c148:5c9e:6494%en0&apos;, os.name: &apos;Mac OS X&apos;, os.arch: &apos;x86_64&apos;, os.version: &apos;12.4&apos;, java.version: &apos;19.0.1&apos;
Driver info: io.appium.java_client.android.AndroidDriver
Capabilities {app: /Users/admin/Desktop/Plai_M..., appPackage: com.app.plaisports, autoAcceptAlerts: true, autoGrantPermissions: true, automationName: UiAutomator2, databaseEnabled: false, desired: {app: /Users/admin/Desktop/Plai_M..., autoAcceptAlerts: true, autoGrantPermissions: true, automationName: UiAutomator2, deviceName: 25e4e5308f0d7ece, platformName: android, platformVersion: 10, resetKeyboard: false, unicodeKeyboard: false}, deviceApiLevel: 29, deviceManufacturer: samsung, deviceModel: SM-N960F, deviceName: 25e4e5308f0d7ece, deviceScreenDensity: 420, deviceScreenSize: 1080x2220, deviceUDID: 25e4e5308f0d7ece, javascriptEnabled: true, locationContextEnabled: false, networkConnectionEnabled: true, pixelRatio: 2.625, platform: LINUX, platformName: android, platformVersion: 10, resetKeyboard: false, statBarHeight: 63, takesScreenshot: true, unicodeKeyboard: false, viewportRect: {height: 2031, left: 0, top: 63, width: 1080}, warnings: {}, webStorageEnabled: false}
Session ID: 9590d6c7-13ee-49de-aa88-d46f48346c6e
*** Element info: {Using=xpath, value=//android.widget.EditText[2]}
	at java.base/jdk.internal.reflect.DirectConstructorHandleAccessor.newInstance(DirectConstructorHandleAccessor.java:67)
	at java.base/java.lang.reflect.Constructor.newInstanceWithCaller(Constructor.java:500)
	at java.base/java.lang.reflect.Constructor.newInstance(Constructor.java:484)
	at org.openqa.selenium.remote.http.W3CHttpResponseCodec.createException(W3CHttpResponseCodec.java:187)
	at org.openqa.selenium.remote.http.W3CHttpResponseCodec.decode(W3CHttpResponseCodec.java:122)
	at org.openqa.selenium.remote.http.W3CHttpResponseCodec.decode(W3CHttpResponseCodec.java:49)
	at org.openqa.selenium.remote.HttpCommandExecutor.execute(HttpCommandExecutor.java:158)
	at io.appium.java_client.remote.AppiumCommandExecutor.execute(AppiumCommandExecutor.java:247)
	at org.openqa.selenium.remote.RemoteWebDriver.execute(RemoteWebDriver.java:552)
	at io.appium.java_client.DefaultGenericMobileDriver.execute(DefaultGenericMobileDriver.java:41)
	at io.appium.java_client.AppiumDriver.execute(AppiumDriver.java:1)
	at io.appium.java_client.android.AndroidDriver.execute(AndroidDriver.java:1)
	at org.openqa.selenium.remote.RemoteWebDriver.findElement(RemoteWebDriver.java:323)
	at io.appium.java_client.DefaultGenericMobileDriver.findElement(DefaultGenericMobileDriver.java:61)
	at io.appium.java_client.AppiumDriver.findElement(AppiumDriver.java:1)
	at io.appium.java_client.android.AndroidDriver.findElement(AndroidDriver.java:1)
	at org.openqa.selenium.remote.RemoteWebDriver.findElementByXPath(RemoteWebDriver.java:428)
	at io.appium.java_client.DefaultGenericMobileDriver.findElementByXPath(DefaultGenericMobileDriver.java:151)
	at io.appium.java_client.AppiumDriver.findElementByXPath(AppiumDriver.java:1)
	at io.appium.java_client.android.AndroidDriver.findElementByXPath(AndroidDriver.java:1)
	at org.openqa.selenium.By$ByXPath.findElement(By.java:353)
	at org.openqa.selenium.remote.RemoteWebDriver.findElement(RemoteWebDriver.java:315)
	at io.appium.java_client.DefaultGenericMobileDriver.findElement(DefaultGenericMobileDriver.java:57)
	at io.appium.java_client.AppiumDriver.findElement(AppiumDriver.java:1)
	at io.appium.java_client.android.AndroidDriver.findElement(AndroidDriver.java:1)
	at Pages.LoginPage.Verify_Reset_Password_With_Wrong_OTP(LoginPage.java:200)
	at Tests.LoginTests.Verify_the_6_digit_code_field_by_entering_wrong_code(LoginTests.java:217)
	at java.base/jdk.internal.reflect.DirectMethodHandleAccessor.invoke(DirectMethodHandleAccessor.java:104)
	at java.base/java.lang.reflect.Method.invoke(Method.java:578)
	at org.testng.internal.MethodInvocationHelper.invokeMethod(MethodInvocationHelper.java:133)
	at org.testng.internal.TestInvoker.invokeMethod(TestInvoker.java:598)
	at org.testng.internal.TestInvoker.invokeTestMethod(TestInvoker.java:173)
	at org.testng.internal.MethodRunner.runInSequence(MethodRunner.java:46)
	at org.testng.internal.TestInvoker$MethodInvocationAgent.invoke(TestInvoker.java:824)
	at org.testng.internal.TestInvoker.invokeTestMethods(TestInvoker.java:146)
	at org.testng.internal.TestMethodWorker.invokeTestMethods(TestMethodWorker.java:146)
	at org.testng.internal.TestMethodWorker.run(TestMethodWorker.java:128)
	at java.base/java.util.ArrayList.forEach(ArrayList.java:1511)
	at org.testng.TestRunner.privateRun(TestRunner.java:794)
	at org.testng.TestRunner.run(TestRunner.java:596)
	at org.testng.SuiteRunner.runTest(SuiteRunner.java:377)
	at org.testng.SuiteRunner.runSequentially(SuiteRunner.java:371)
	at org.testng.SuiteRunner.privateRun(SuiteRunner.java:332)
	at org.testng.SuiteRunner.run(SuiteRunner.java:276)
	at org.testng.SuiteRunnerWorker.runSuite(SuiteRunnerWorker.java:53)
	at org.testng.SuiteRunnerWorker.run(SuiteRunnerWorker.java:96)
	at org.testng.TestNG.runSuitesSequentially(TestNG.java:1212)
	at org.testng.TestNG.runSuitesLocally(TestNG.java:1134)
	at org.testng.TestNG.runSuites(TestNG.java:1063)
	at org.testng.TestNG.run(TestNG.java:1031)
	at org.apache.maven.surefire.testng.TestNGExecutor.run(TestNGExecutor.java:284)
	at org.apache.maven.surefire.testng.TestNGXmlTestSuite.execute(TestNGXmlTestSuite.java:75)
	at org.apache.maven.surefire.testng.TestNGProvider.invoke(TestNGProvider.java:119)
	at org.apache.maven.surefire.booter.ForkedBooter.runSuitesInProcess(ForkedBooter.java:428)
	at org.apache.maven.surefire.booter.ForkedBooter.execute(ForkedBooter.java:162)
	at org.apache.maven.surefire.booter.ForkedBooter.run(ForkedBooter.java:562)
	at org.apache.maven.surefire.booter.ForkedBooter.main(ForkedBooter.java:548)
</pre></div></td>
<td>44</td>
<td>Tests.LoginTests@31304f14</td></tr>
</table><p>
<table width='100%' border='1' class='invocation-passed'>
<tr><td colspan='4' align='center'><b>PASSED TESTS</b></td></tr>
<tr><td><b>Test method</b></td>
<td width="30%"><b>Exception</b></td>
<td width="10%"><b>Time (seconds)</b></td>
<td><b>Instance</b></td>
</tr>
<tr>
<td title='Tests.LoginTests.Verify_the_Confirm_Password_field_by_entering_different_password_than_New_Password_field()'><b>Verify_the_Confirm_Password_field_by_entering_different_password_than_New_Password_field</b><br>Test class: Tests.LoginTests<br/>
<a href="#Output-1435763287" onClick='toggleBox("Output-1435763287", this, "Show output", "Hide output");'>Show output</a>

<a href="#Output-1435763287" onClick="toggleAllBoxes();">Show all outputs</a>
<div class='log' id="Output-1435763287">
Application Launched.<br><br/>
Clicked on skip button.<br><br/>
Clicked on next button.<br><br/>
Clicked On Forgot Password Link<br><br/>
Forgot Password page is Opened<br><br/>
Entered registered Email<br><br/>
Clicked On Submit Button<br><br/>
Reset Password Screen Is Visible<br><br/>
Verified Code Sent Message<br><br/>
OTP Field is Visible<br><br/>
New Password Field is Visible<br><br/>
New Password Eye Icon is Visible<br><br/>
Confirm Password Field is Visible<br><br/>
Confirm Password Eye Icon is Visible<br><br/>
Resend OTP Link is Visible<br><br/>
Entered OTP<br><br/>
Entered New Password<br><br/>
Entered wrong Confirm Password<br><br/>
Clicked Submit button to reset password<br><br/>
Verify Validation message for mismatched password<br><br/>
Alert :- Please verification code<br><br/>
</div>
</td>
<td></td>
<td>32</td>
<td>Tests.LoginTests@31304f14</td></tr>
<tr>
<td title='Tests.LoginTests.Verify_login_with_valid_email_Id_and_invalid_password()'><b>Verify_login_with_valid_email_Id_and_invalid_password</b><br>Test class: Tests.LoginTests<br/>
<a href="#Output-2012264919" onClick='toggleBox("Output-2012264919", this, "Show output", "Hide output");'>Show output</a>

<a href="#Output-2012264919" onClick="toggleAllBoxes();">Show all outputs</a>
<div class='log' id="Output-2012264919">
Application Launched.<br><br/>
Clicked on skip button.<br><br/>
Clicked on next button.<br><br/>
Entered Email<br><br/>
Entered Invalid Password<br><br/>
Clicked On Login Button<br><br/>
Verify Toast Alert Message For Valid Email but Invalid Password<br><br/>
Alert :- Incorrect username or password.<br><br/>
</div>
</td>
<td></td>
<td>32</td>
<td>Tests.LoginTests@31304f14</td></tr>
<tr>
<td title='Tests.LoginTests.Verify_Enter_your_email_field_by_entering_invalid_email_id()'><b>Verify_Enter_your_email_field_by_entering_invalid_email_id</b><br>Test class: Tests.LoginTests<br/>
<a href="#Output-2053177866" onClick='toggleBox("Output-2053177866", this, "Show output", "Hide output");'>Show output</a>

<a href="#Output-2053177866" onClick="toggleAllBoxes();">Show all outputs</a>
<div class='log' id="Output-2053177866">
Application Launched.<br><br/>
Clicked on skip button.<br><br/>
Clicked on next button.<br><br/>
Email Text field is displayed<br><br/>
Clicked On Login Button<br><br/>
Verify Toast Alert Message For Invalid Email Address<br><br/>
Alert :- Please enter valid email address<br><br/>
</div>
</td>
<td></td>
<td>28</td>
<td>Tests.LoginTests@31304f14</td></tr>
<tr>
<td title='Tests.LoginTests.Verify_the_Eye_icon_functionality_for_New_Password_field()'><b>Verify_the_Eye_icon_functionality_for_New_Password_field</b><br>Test class: Tests.LoginTests<br/>
<a href="#Output-651398040" onClick='toggleBox("Output-651398040", this, "Show output", "Hide output");'>Show output</a>

<a href="#Output-651398040" onClick="toggleAllBoxes();">Show all outputs</a>
<div class='log' id="Output-651398040">
Application Launched.<br><br/>
Clicked on skip button.<br><br/>
Clicked on next button.<br><br/>
Clicked On Forgot Password Link<br><br/>
Forgot Password page is Opened<br><br/>
Entered registered Email<br><br/>
Clicked On Submit Button<br><br/>
Reset Password Screen Is Visible<br><br/>
Verified Code Sent Message<br><br/>
OTP Field is Visible<br><br/>
New Password Field is Visible<br><br/>
New Password Eye Icon is Visible<br><br/>
Confirm Password Field is Visible<br><br/>
Confirm Password Eye Icon is Visible<br><br/>
Resend OTP Link is Visible<br><br/>
Clicked On Eye Icon to Show Password of New Password Field<br><br/>
Clicked On Eye Icon to Hide Password of New Password Field<br><br/>
</div>
</td>
<td></td>
<td>32</td>
<td>Tests.LoginTests@31304f14</td></tr>
<tr>
<td title='Tests.LoginTests.Verify_the_fields_display_on_Login_screen()'><b>Verify_the_fields_display_on_Login_screen</b><br>Test class: Tests.LoginTests<br/>
<a href="#Output-287410380" onClick='toggleBox("Output-287410380", this, "Show output", "Hide output");'>Show output</a>

<a href="#Output-287410380" onClick="toggleAllBoxes();">Show all outputs</a>
<div class='log' id="Output-287410380">
Application Launched.<br><br/>
Clicked on skip button.<br><br/>
Clicked on next button.<br><br/>
Email Text field is displayed<br><br/>
Password Text field is displayed<br><br/>
Show Password Icon is displayed<br><br/>
Forgot Password Link is displayed<br><br/>
Login Button is displayed<br><br/>
SignUp Button is displayed<br><br/>
</div>
</td>
<td></td>
<td>27</td>
<td>Tests.LoginTests@31304f14</td></tr>
<tr>
<td title='Tests.LoginTests.Verify_the_UI_of_Splash_screen()'><b>Verify_the_UI_of_Splash_screen</b><br>Test class: Tests.LoginTests<br/>
<a href="#Output-701226374" onClick='toggleBox("Output-701226374", this, "Show output", "Hide output");'>Show output</a>

<a href="#Output-701226374" onClick="toggleAllBoxes();">Show all outputs</a>
<div class='log' id="Output-701226374">
Application Launched.<br><br/>
Clicked on skip button.<br><br/>
Clicked on next button.<br><br/>
Entered Email :- sagarnandha11+1@gmail.com<br><br/>
Entered Password :- Plai@1234<br><br/>
Clicked On Login Button<br><br/>
App name is verified on login splash screen<br><br/>
Day Greeting is verified on login splash screen<br><br/>
Username with Profile Picture is verified on login splash screen<br><br/>
Welcome Greeting is verified on login splash screen<br><br/>
</div>
</td>
<td></td>
<td>38</td>
<td>Tests.LoginTests@31304f14</td></tr>
<tr>
<td title='Tests.LoginTests.Verify_the_navigation_by_clicking_on_Back_icon()'><b>Verify_the_navigation_by_clicking_on_Back_icon</b><br>Test class: Tests.LoginTests<br/>
<a href="#Output-2049742306" onClick='toggleBox("Output-2049742306", this, "Show output", "Hide output");'>Show output</a>

<a href="#Output-2049742306" onClick="toggleAllBoxes();">Show all outputs</a>
<div class='log' id="Output-2049742306">
Application Launched.<br><br/>
Clicked on skip button.<br><br/>
Clicked on next button.<br><br/>
Back icon is verified.<br><br/>
</div>
</td>
<td></td>
<td>31</td>
<td>Tests.LoginTests@31304f14</td></tr>
<tr>
<td title='Tests.LoginTests.Verify_submit_button_without_entering_email_id()'><b>Verify_submit_button_without_entering_email_id</b><br>Test class: Tests.LoginTests<br/>
<a href="#Output-535706176" onClick='toggleBox("Output-535706176", this, "Show output", "Hide output");'>Show output</a>

<a href="#Output-535706176" onClick="toggleAllBoxes();">Show all outputs</a>
<div class='log' id="Output-535706176">
Application Launched.<br><br/>
Clicked on skip button.<br><br/>
Clicked on next button.<br><br/>
Clicked On Forgot Password Link<br><br/>
Forgot Password page is Opened<br><br/>
toast:Please enter email address<br><br/>
Toast msg to enter email address verified<br><br/>
</div>
</td>
<td></td>
<td>29</td>
<td>Tests.LoginTests@31304f14</td></tr>
<tr>
<td title='Tests.LoginTests.Verify_the_Resend_OTP_link()'><b>Verify_the_Resend_OTP_link</b><br>Test class: Tests.LoginTests<br/>
<a href="#Output-124491269" onClick='toggleBox("Output-124491269", this, "Show output", "Hide output");'>Show output</a>

<a href="#Output-124491269" onClick="toggleAllBoxes();">Show all outputs</a>
<div class='log' id="Output-124491269">
Application Launched.<br><br/>
Clicked on skip button.<br><br/>
Clicked on next button.<br><br/>
Clicked On Forgot Password Link<br><br/>
Forgot Password page is Opened<br><br/>
Entered registered Email<br><br/>
Clicked On Submit Button<br><br/>
Reset Password Screen Is Visible<br><br/>
Verified Code Sent Message<br><br/>
OTP Field is Visible<br><br/>
New Password Field is Visible<br><br/>
New Password Eye Icon is Visible<br><br/>
Confirm Password Field is Visible<br><br/>
Confirm Password Eye Icon is Visible<br><br/>
Resend OTP Link is Visible<br><br/>
Clicked button to resend OTP<br><br/>
Verify Toast Alert Message for OTP Resend :-<br><br/>
Alert :- Something wrong in Code send.<br><br/>
</div>
</td>
<td></td>
<td>32</td>
<td>Tests.LoginTests@31304f14</td></tr>
<tr>
<td title='Tests.LoginTests.Verify_login_by_only_entering_password()'><b>Verify_login_by_only_entering_password</b><br>Test class: Tests.LoginTests<br/>
<a href="#Output-795893247" onClick='toggleBox("Output-795893247", this, "Show output", "Hide output");'>Show output</a>

<a href="#Output-795893247" onClick="toggleAllBoxes();">Show all outputs</a>
<div class='log' id="Output-795893247">
Application Launched.<br><br/>
Clicked on skip button.<br><br/>
Clicked on next button.<br><br/>
Directly Entered Password<br><br/>
Clicked On Login Button<br><br/>
Verify Toast Alert Message For Login Without Entering Email<br><br/>
Alert :- Please enter email address<br><br/>
</div>
</td>
<td></td>
<td>29</td>
<td>Tests.LoginTests@31304f14</td></tr>
<tr>
<td title='Tests.LoginTests.Verify_login_without_any_credential()'><b>Verify_login_without_any_credential</b><br>Test class: Tests.LoginTests<br/>
<a href="#Output-738296337" onClick='toggleBox("Output-738296337", this, "Show output", "Hide output");'>Show output</a>

<a href="#Output-738296337" onClick="toggleAllBoxes();">Show all outputs</a>
<div class='log' id="Output-738296337">
Application Launched.<br><br/>
Clicked on skip button.<br><br/>
Clicked on next button.<br><br/>
Clicked On Login Button<br><br/>
Verified Toast Alert for Login without entering credentials<br><br/>
Alert :- Please enter email address<br><br/>
</div>
</td>
<td></td>
<td>28</td>
<td>Tests.LoginTests@31304f14</td></tr>
<tr>
<td title='Tests.LoginTests.Verify_login_with_valid_credentials()'><b>Verify_login_with_valid_credentials</b><br>Test class: Tests.LoginTests<br/>
<a href="#Output-235859134" onClick='toggleBox("Output-235859134", this, "Show output", "Hide output");'>Show output</a>

<a href="#Output-235859134" onClick="toggleAllBoxes();">Show all outputs</a>
<div class='log' id="Output-235859134">
Application Launched.<br><br/>
Clicked on skip button.<br><br/>
Clicked on next button.<br><br/>
Entered Email<br><br/>
Entered Invalid Password<br><br/>
Clicked On Login Button<br><br/>
Verify Toast Alert Message For Valid Email but Invalid Password<br><br/>
Alert :- Incorrect username or password.<br><br/>
</div>
</td>
<td></td>
<td>30</td>
<td>Tests.LoginTests@31304f14</td></tr>
<tr>
<td title='Tests.LoginTests.Verify_the_fields_display_on_reset_password_screen()'><b>Verify_the_fields_display_on_reset_password_screen</b><br>Test class: Tests.LoginTests<br/>
<a href="#Output-1112086585" onClick='toggleBox("Output-1112086585", this, "Show output", "Hide output");'>Show output</a>

<a href="#Output-1112086585" onClick="toggleAllBoxes();">Show all outputs</a>
<div class='log' id="Output-1112086585">
Application Launched.<br><br/>
Clicked on skip button.<br><br/>
Clicked on next button.<br><br/>
Clicked On Forgot Password Link<br><br/>
Forgot Password page is Opened<br><br/>
Entered registered Email<br><br/>
Clicked On Submit Button<br><br/>
Reset Password Screen Is Visible<br><br/>
Verified Code Sent Message<br><br/>
OTP Field is Visible<br><br/>
New Password Field is Visible<br><br/>
New Password Eye Icon is Visible<br><br/>
Confirm Password Field is Visible<br><br/>
Confirm Password Eye Icon is Visible<br><br/>
Resend OTP Link is Visible<br><br/>
</div>
</td>
<td></td>
<td>29</td>
<td>Tests.LoginTests@31304f14</td></tr>
<tr>
<td title='Tests.LoginTests.Verify_Enter_your_email_field_by_entering_non_registered_email_id()'><b>Verify_Enter_your_email_field_by_entering_non_registered_email_id</b><br>Test class: Tests.LoginTests<br/>
<a href="#Output-1303152189" onClick='toggleBox("Output-1303152189", this, "Show output", "Hide output");'>Show output</a>

<a href="#Output-1303152189" onClick="toggleAllBoxes();">Show all outputs</a>
<div class='log' id="Output-1303152189">
Application Launched.<br><br/>
Clicked on skip button.<br><br/>
Clicked on next button.<br><br/>
Clicked On Forgot Password Link<br><br/>
Forgot Password page is Opened<br><br/>
Entered non registered Email<br><br/>
Verify Toast Alert Message For Forgot Password Submission with non registered Email ID<br><br/>
Alert :- Entered email address is not registered. Please enter your registered email address.<br><br/>
</div>
</td>
<td></td>
<td>31</td>
<td>Tests.LoginTests@31304f14</td></tr>
<tr>
<td title='Tests.LoginTests.Verify_Enter_your_email_field()'><b>Verify_Enter_your_email_field</b><br>Test class: Tests.LoginTests<br/>
<a href="#Output-775683304" onClick='toggleBox("Output-775683304", this, "Show output", "Hide output");'>Show output</a>

<a href="#Output-775683304" onClick="toggleAllBoxes();">Show all outputs</a>
<div class='log' id="Output-775683304">
Application Launched.<br><br/>
Clicked on skip button.<br><br/>
Clicked on next button.<br><br/>
Clicked On Forgot Password Link<br><br/>
Forgot Password page is Opened<br><br/>
Entered registered Email<br><br/>
Clicked On Submit Button<br><br/>
Reset Password Screen Is Visible<br><br/>
</div>
</td>
<td></td>
<td>29</td>
<td>Tests.LoginTests@31304f14</td></tr>
<tr>
<td title='Tests.LoginTests.Verify_Enter_your_email_field_by_entering_valid_email_id()'><b>Verify_Enter_your_email_field_by_entering_valid_email_id</b><br>Test class: Tests.LoginTests<br/>
<a href="#Output-139040535" onClick='toggleBox("Output-139040535", this, "Show output", "Hide output");'>Show output</a>

<a href="#Output-139040535" onClick="toggleAllBoxes();">Show all outputs</a>
<div class='log' id="Output-139040535">
Application Launched.<br><br/>
Clicked on skip button.<br><br/>
Clicked on next button.<br><br/>
Entered Email<br><br/>
Clicked On Login Button<br><br/>
Verify Toast Alert Message For Login Without Entering Password<br><br/>
Alert :- Please enter password<br><br/>
</div>
</td>
<td></td>
<td>28</td>
<td>Tests.LoginTests@31304f14</td></tr>
<tr>
<td title='Tests.LoginTests.Verify_Forgot_Password_link()'><b>Verify_Forgot_Password_link</b><br>Test class: Tests.LoginTests<br/>
<a href="#Output-628345868" onClick='toggleBox("Output-628345868", this, "Show output", "Hide output");'>Show output</a>

<a href="#Output-628345868" onClick="toggleAllBoxes();">Show all outputs</a>
<div class='log' id="Output-628345868">
Application Launched.<br><br/>
Clicked on skip button.<br><br/>
Clicked on next button.<br><br/>
Clicked On Forgot Password Link<br><br/>
Forgot Password page is Opened<br><br/>
</div>
</td>
<td></td>
<td>28</td>
<td>Tests.LoginTests@31304f14</td></tr>
</table><p>
</body>
</html>