<html>
<head>
<title>TestNG:  Shop Tab : Verify Shop Tab Functionalities</title>
<link href="../testng.css" rel="stylesheet" type="text/css" />
<link href="../my-testng.css" rel="stylesheet" type="text/css" />

<style type="text/css">
.log { display: none;} 
.stack-trace { display: none;} 
</style>
<script type="text/javascript">
<!--
function flip(e) {
  current = e.style.display;
  if (current == 'block') {
    e.style.display = 'none';
    return 0;
  }
  else {
    e.style.display = 'block';
    return 1;
  }
}

function toggleBox(szDivId, elem, msg1, msg2)
{
  var res = -1;  if (document.getElementById) {
    res = flip(document.getElementById(szDivId));
  }
  else if (document.all) {
    // this is the way old msie versions work
    res = flip(document.all[szDivId]);
  }
  if(elem) {
    if(res == 0) elem.innerHTML = msg1; else elem.innerHTML = msg2;
  }

}

function toggleAllBoxes() {
  if (document.getElementsByTagName) {
    d = document.getElementsByTagName('div');
    for (i = 0; i < d.length; i++) {
      if (d[i].className == 'log') {
        flip(d[i]);
      }
    }
  }
}

// -->
</script>

</head>
<body>
<h2 align='center'>Shop Tab : Verify Shop Tab Functionalities</h2><table border='1' align="center">
<tr>
<td>Tests passed/Failed/Skipped:</td><td>13/4/0</td>
</tr><tr>
<td>Started on:</td><td>Tue Jan 03 23:03:30 IST 2023</td>
</tr>
<tr><td>Total time:</td><td>1271 seconds (1271820 ms)</td>
</tr><tr>
<td>Included groups:</td><td></td>
</tr><tr>
<td>Excluded groups:</td><td></td>
</tr>
</table><p/>
<small><i>(Hover the method name to see the test class name)</i></small><p/>
<table width='100%' border='1' class='invocation-failed'>
<tr><td colspan='4' align='center'><b>FAILED TESTS</b></td></tr>
<tr><td><b>Test method</b></td>
<td width="30%"><b>Exception</b></td>
<td width="10%"><b>Time (seconds)</b></td>
<td><b>Instance</b></td>
</tr>
<tr>
<td title='Tests.ShopTabTests.Verify_the_Back_icon()'><b>Verify_the_Back_icon</b><br>Test class: Tests.ShopTabTests<br/>
<a href="#Output-434944460" onClick='toggleBox("Output-434944460", this, "Show output", "Hide output");'>Show output</a>

<a href="#Output-434944460" onClick="toggleAllBoxes();">Show all outputs</a>
<div class='log' id="Output-434944460">
Application Launched.<br><br/>
Clicked on skip button.<br><br/>
Clicked on next button.<br><br/>
Entered Email :- sagarnandha11+1@gmail.com<br><br/>
Entered Password :- Plai@1234<br><br/>
Clicked On Login Button<br><br/>
App name is verified on login splash screen<br><br/>
Day Greeting is verified on login splash screen<br><br/>
Username with Profile Picture is verified on login splash screen<br><br/>
Welcome Greeting is verified on login splash screen<br><br/>
Clicked On PLAIers Snooker Club Banner<br><br/>
PLAIers Snooker Club Opened<br><br/>
Shop Tab Opened<br><br/>
Clicked On View All Button Of Clothing<br><br/>
Clothing List Page Is Displayed<br><br/>
Searched T-Shirt in CLP<br><br/>
Searched Product Is Displayed<br><br/>
Clicked On T-Shirt Product_Banner<br><br/>
</div>
</td>
<td><div><pre>org.openqa.selenium.StaleElementReferenceException: The element &apos;By.xpath: //android.widget.ImageView&apos; is not linked to the same object in DOM anymore
For documentation on this error, please visit: https://www.seleniumhq.org/exceptions/stale_element_reference.html
Build info: version: &apos;3.141.59&apos;, revision: &apos;e82be7d358&apos;, time: &apos;2018-11-14T08:17:03&apos;
System info: host: &apos;Admins-MacBook-Pro.local&apos;, ip: &apos;fe80:0:0:0:8f:c148:5c9e:6494%en0&apos;, os.name: &apos;Mac OS X&apos;, os.arch: &apos;x86_64&apos;, os.version: &apos;12.4&apos;, java.version: &apos;19.0.1&apos;
Driver info: io.appium.java_client.android.AndroidDriver
Capabilities {app: /Users/admin/Desktop/Plai_M..., appPackage: com.app.plaisports, autoAcceptAlerts: true, autoGrantPermissions: true, automationName: UiAutomator2, databaseEnabled: false, desired: {app: /Users/admin/Desktop/Plai_M..., autoAcceptAlerts: true, autoGrantPermissions: true, automationName: UiAutomator2, deviceName: 25e4e5308f0d7ece, platformName: android, platformVersion: 10, resetKeyboard: false, unicodeKeyboard: false}, deviceApiLevel: 29, deviceManufacturer: samsung, deviceModel: SM-N960F, deviceName: 25e4e5308f0d7ece, deviceScreenDensity: 420, deviceScreenSize: 1080x2220, deviceUDID: 25e4e5308f0d7ece, javascriptEnabled: true, locationContextEnabled: false, networkConnectionEnabled: true, pixelRatio: 2.625, platform: LINUX, platformName: android, platformVersion: 10, resetKeyboard: false, statBarHeight: 63, takesScreenshot: true, unicodeKeyboard: false, viewportRect: {height: 2031, left: 0, top: 63, width: 1080}, warnings: {}, webStorageEnabled: false}
Session ID: c421823e-c36f-4a7a-97b8-6e9945aa3ea6
	at java.base/jdk.internal.reflect.DirectConstructorHandleAccessor.newInstance(DirectConstructorHandleAccessor.java:67)
	at java.base/java.lang.reflect.Constructor.newInstanceWithCaller(Constructor.java:500)
	at java.base/java.lang.reflect.Constructor.newInstance(Constructor.java:484)
	at org.openqa.selenium.remote.http.W3CHttpResponseCodec.createException(W3CHttpResponseCodec.java:187)
	at org.openqa.selenium.remote.http.W3CHttpResponseCodec.decode(W3CHttpResponseCodec.java:122)
	at org.openqa.selenium.remote.http.W3CHttpResponseCodec.decode(W3CHttpResponseCodec.java:49)
	at org.openqa.selenium.remote.HttpCommandExecutor.execute(HttpCommandExecutor.java:158)
	at io.appium.java_client.remote.AppiumCommandExecutor.execute(AppiumCommandExecutor.java:247)
	at org.openqa.selenium.remote.RemoteWebDriver.execute(RemoteWebDriver.java:552)
	at io.appium.java_client.DefaultGenericMobileDriver.execute(DefaultGenericMobileDriver.java:41)
	at io.appium.java_client.AppiumDriver.execute(AppiumDriver.java:1)
	at io.appium.java_client.android.AndroidDriver.execute(AndroidDriver.java:1)
	at org.openqa.selenium.remote.RemoteWebElement.execute(RemoteWebElement.java:285)
	at io.appium.java_client.DefaultGenericMobileElement.execute(DefaultGenericMobileElement.java:45)
	at io.appium.java_client.MobileElement.execute(MobileElement.java:1)
	at io.appium.java_client.android.AndroidElement.execute(AndroidElement.java:1)
	at org.openqa.selenium.remote.RemoteWebElement.click(RemoteWebElement.java:84)
	at Pages.ShopTabPage.Click_Back_Button(ShopTabPage.java:92)
	at Tests.ShopTabTests.Verify_the_Back_icon(ShopTabTests.java:132)
	at java.base/jdk.internal.reflect.DirectMethodHandleAccessor.invoke(DirectMethodHandleAccessor.java:104)
	at java.base/java.lang.reflect.Method.invoke(Method.java:578)
	at org.testng.internal.MethodInvocationHelper.invokeMethod(MethodInvocationHelper.java:133)
	at org.testng.internal.TestInvoker.invokeMethod(TestInvoker.java:598)
	at org.testng.internal.TestInvoker.invokeTestMethod(TestInvoker.java:173)
	at org.testng.internal.MethodRunner.runInSequence(MethodRunner.java:46)
	at org.testng.internal.TestInvoker$MethodInvocationAgent.invoke(TestInvoker.java:824)
	at org.testng.internal.TestInvoker.invokeTestMethods(TestInvoker.java:146)
	at org.testng.internal.TestMethodWorker.invokeTestMethods(TestMethodWorker.java:146)
	at org.testng.internal.TestMethodWorker.run(TestMethodWorker.java:128)
	at java.base/java.util.ArrayList.forEach(ArrayList.java:1511)
	at org.testng.TestRunner.privateRun(TestRunner.java:794)
	at org.testng.TestRunner.run(TestRunner.java:596)
	at org.testng.SuiteRunner.runTest(SuiteRunner.java:377)
	at org.testng.SuiteRunner.runSequentially(SuiteRunner.java:371)
	at org.testng.SuiteRunner.privateRun(SuiteRunner.java:332)
	at org.testng.SuiteRunner.run(SuiteRunner.java:276)
	at org.testng.SuiteRunnerWorker.runSuite(SuiteRunnerWorker.java:53)
	at org.testng.SuiteRunnerWorker.run(SuiteRunnerWorker.java:96)
	at org.testng.TestNG.runSuitesSequentially(TestNG.java:1212)
	at org.testng.TestNG.runSuitesLocally(TestNG.java:1134)
	at org.testng.TestNG.runSuites(TestNG.java:1063)
	at org.testng.TestNG.run(TestNG.java:1031)
	at org.apache.maven.surefire.testng.TestNGExecutor.run(TestNGExecutor.java:284)
	at org.apache.maven.surefire.testng.TestNGXmlTestSuite.execute(TestNGXmlTestSuite.java:75)
	at org.apache.maven.surefire.testng.TestNGProvider.invoke(TestNGProvider.java:119)
	at org.apache.maven.surefire.booter.ForkedBooter.runSuitesInProcess(ForkedBooter.java:428)
	at org.apache.maven.surefire.booter.ForkedBooter.execute(ForkedBooter.java:162)
	at org.apache.maven.surefire.booter.ForkedBooter.run(ForkedBooter.java:562)
	at org.apache.maven.surefire.booter.ForkedBooter.main(ForkedBooter.java:548)
</pre></div><a href='#' onClick='toggleBox("stack-trace434944460", this, "Click to show all stack frames", "Click to hide stack frames")'>Click to show all stack frames</a>
<div class='stack-trace' id='stack-trace434944460'><pre>org.openqa.selenium.StaleElementReferenceException: The element &apos;By.xpath: //android.widget.ImageView&apos; is not linked to the same object in DOM anymore
For documentation on this error, please visit: https://www.seleniumhq.org/exceptions/stale_element_reference.html
Build info: version: &apos;3.141.59&apos;, revision: &apos;e82be7d358&apos;, time: &apos;2018-11-14T08:17:03&apos;
System info: host: &apos;Admins-MacBook-Pro.local&apos;, ip: &apos;fe80:0:0:0:8f:c148:5c9e:6494%en0&apos;, os.name: &apos;Mac OS X&apos;, os.arch: &apos;x86_64&apos;, os.version: &apos;12.4&apos;, java.version: &apos;19.0.1&apos;
Driver info: io.appium.java_client.android.AndroidDriver
Capabilities {app: /Users/admin/Desktop/Plai_M..., appPackage: com.app.plaisports, autoAcceptAlerts: true, autoGrantPermissions: true, automationName: UiAutomator2, databaseEnabled: false, desired: {app: /Users/admin/Desktop/Plai_M..., autoAcceptAlerts: true, autoGrantPermissions: true, automationName: UiAutomator2, deviceName: 25e4e5308f0d7ece, platformName: android, platformVersion: 10, resetKeyboard: false, unicodeKeyboard: false}, deviceApiLevel: 29, deviceManufacturer: samsung, deviceModel: SM-N960F, deviceName: 25e4e5308f0d7ece, deviceScreenDensity: 420, deviceScreenSize: 1080x2220, deviceUDID: 25e4e5308f0d7ece, javascriptEnabled: true, locationContextEnabled: false, networkConnectionEnabled: true, pixelRatio: 2.625, platform: LINUX, platformName: android, platformVersion: 10, resetKeyboard: false, statBarHeight: 63, takesScreenshot: true, unicodeKeyboard: false, viewportRect: {height: 2031, left: 0, top: 63, width: 1080}, warnings: {}, webStorageEnabled: false}
Session ID: c421823e-c36f-4a7a-97b8-6e9945aa3ea6
	at java.base/jdk.internal.reflect.DirectConstructorHandleAccessor.newInstance(DirectConstructorHandleAccessor.java:67)
	at java.base/java.lang.reflect.Constructor.newInstanceWithCaller(Constructor.java:500)
	at java.base/java.lang.reflect.Constructor.newInstance(Constructor.java:484)
	at org.openqa.selenium.remote.http.W3CHttpResponseCodec.createException(W3CHttpResponseCodec.java:187)
	at org.openqa.selenium.remote.http.W3CHttpResponseCodec.decode(W3CHttpResponseCodec.java:122)
	at org.openqa.selenium.remote.http.W3CHttpResponseCodec.decode(W3CHttpResponseCodec.java:49)
	at org.openqa.selenium.remote.HttpCommandExecutor.execute(HttpCommandExecutor.java:158)
	at io.appium.java_client.remote.AppiumCommandExecutor.execute(AppiumCommandExecutor.java:247)
	at org.openqa.selenium.remote.RemoteWebDriver.execute(RemoteWebDriver.java:552)
	at io.appium.java_client.DefaultGenericMobileDriver.execute(DefaultGenericMobileDriver.java:41)
	at io.appium.java_client.AppiumDriver.execute(AppiumDriver.java:1)
	at io.appium.java_client.android.AndroidDriver.execute(AndroidDriver.java:1)
	at org.openqa.selenium.remote.RemoteWebElement.execute(RemoteWebElement.java:285)
	at io.appium.java_client.DefaultGenericMobileElement.execute(DefaultGenericMobileElement.java:45)
	at io.appium.java_client.MobileElement.execute(MobileElement.java:1)
	at io.appium.java_client.android.AndroidElement.execute(AndroidElement.java:1)
	at org.openqa.selenium.remote.RemoteWebElement.click(RemoteWebElement.java:84)
	at Pages.ShopTabPage.Click_Back_Button(ShopTabPage.java:92)
	at Tests.ShopTabTests.Verify_the_Back_icon(ShopTabTests.java:132)
	at java.base/jdk.internal.reflect.DirectMethodHandleAccessor.invoke(DirectMethodHandleAccessor.java:104)
	at java.base/java.lang.reflect.Method.invoke(Method.java:578)
	at org.testng.internal.MethodInvocationHelper.invokeMethod(MethodInvocationHelper.java:133)
	at org.testng.internal.TestInvoker.invokeMethod(TestInvoker.java:598)
	at org.testng.internal.TestInvoker.invokeTestMethod(TestInvoker.java:173)
	at org.testng.internal.MethodRunner.runInSequence(MethodRunner.java:46)
	at org.testng.internal.TestInvoker$MethodInvocationAgent.invoke(TestInvoker.java:824)
	at org.testng.internal.TestInvoker.invokeTestMethods(TestInvoker.java:146)
	at org.testng.internal.TestMethodWorker.invokeTestMethods(TestMethodWorker.java:146)
	at org.testng.internal.TestMethodWorker.run(TestMethodWorker.java:128)
	at java.base/java.util.ArrayList.forEach(ArrayList.java:1511)
	at org.testng.TestRunner.privateRun(TestRunner.java:794)
	at org.testng.TestRunner.run(TestRunner.java:596)
	at org.testng.SuiteRunner.runTest(SuiteRunner.java:377)
	at org.testng.SuiteRunner.runSequentially(SuiteRunner.java:371)
	at org.testng.SuiteRunner.privateRun(SuiteRunner.java:332)
	at org.testng.SuiteRunner.run(SuiteRunner.java:276)
	at org.testng.SuiteRunnerWorker.runSuite(SuiteRunnerWorker.java:53)
	at org.testng.SuiteRunnerWorker.run(SuiteRunnerWorker.java:96)
	at org.testng.TestNG.runSuitesSequentially(TestNG.java:1212)
	at org.testng.TestNG.runSuitesLocally(TestNG.java:1134)
	at org.testng.TestNG.runSuites(TestNG.java:1063)
	at org.testng.TestNG.run(TestNG.java:1031)
	at org.apache.maven.surefire.testng.TestNGExecutor.run(TestNGExecutor.java:284)
	at org.apache.maven.surefire.testng.TestNGXmlTestSuite.execute(TestNGXmlTestSuite.java:75)
	at org.apache.maven.surefire.testng.TestNGProvider.invoke(TestNGProvider.java:119)
	at org.apache.maven.surefire.booter.ForkedBooter.runSuitesInProcess(ForkedBooter.java:428)
	at org.apache.maven.surefire.booter.ForkedBooter.execute(ForkedBooter.java:162)
	at org.apache.maven.surefire.booter.ForkedBooter.run(ForkedBooter.java:562)
	at org.apache.maven.surefire.booter.ForkedBooter.main(ForkedBooter.java:548)
</pre></div></td>
<td>58</td>
<td>Tests.ShopTabTests@1c1bbc4e</td></tr>
<tr>
<td title='Tests.ShopTabTests.Verify_the_CVC_field_by_entering_2_digit_CVC_Code()'><b>Verify_the_CVC_field_by_entering_2_digit_CVC_Code</b><br>Test class: Tests.ShopTabTests<br/>
<a href="#Output-1650256654" onClick='toggleBox("Output-1650256654", this, "Show output", "Hide output");'>Show output</a>

<a href="#Output-1650256654" onClick="toggleAllBoxes();">Show all outputs</a>
<div class='log' id="Output-1650256654">
Application Launched.<br><br/>
Clicked on skip button.<br><br/>
Clicked on next button.<br><br/>
Entered Email :- sagarnandha11+1@gmail.com<br><br/>
Entered Password :- Plai@1234<br><br/>
Clicked On Login Button<br><br/>
App name is verified on login splash screen<br><br/>
Day Greeting is verified on login splash screen<br><br/>
Username with Profile Picture is verified on login splash screen<br><br/>
Welcome Greeting is verified on login splash screen<br><br/>
Clicked On PLAIers Snooker Club Banner<br><br/>
PLAIers Snooker Club Opened<br><br/>
Shop Tab Opened<br><br/>
Clicked On View All Button Of Clothing<br><br/>
Clothing List Page Is Displayed<br><br/>
Searched T-Shirt in CLP<br><br/>
Searched Product Is Displayed<br><br/>
Clicked On T-Shirt Product_Banner<br><br/>
Clicked On Buy Now Button<br><br/>
Checkout Page is Displayed<br><br/>
Clothing List Page Is Displayed<br><br/>
Clothing List Page Is Displayed<br><br/>
Name in Checkout Is Displayed : Sagar Nandha<br><br/>
Address in Checkout Is Displayed : 8 Floor, North Plaza, 801, Motera, Ahmedabad, Gujarat 380005, India<br><br/>
Proceed To Payment Button Is Displayed<br><br/>
Clicked On Proceed To Payment button<br><br/>
Searched T-Shirt in CLP<br><br/>
Clicked On Card Number Field<br><br/>
Date Panel for month and Year Opened<br><br/>
Clicked on confirm button<br><br/>
Entered 2 digits CVV<br><br/>
Clicked On Country Dropdown<br><br/>
Selected Second Country as UAE<br><br/>
Clicked On Done BButton<br><br/>
Clicked On Confirm_Purchase Button<br><br/>
</div>
</td>
<td><div><pre>org.openqa.selenium.NoSuchElementException: An element could not be located on the page using the given search parameters.
For documentation on this error, please visit: https://www.seleniumhq.org/exceptions/no_such_element.html
Build info: version: &apos;3.141.59&apos;, revision: &apos;e82be7d358&apos;, time: &apos;2018-11-14T08:17:03&apos;
System info: host: &apos;Admins-MacBook-Pro.local&apos;, ip: &apos;fe80:0:0:0:8f:c148:5c9e:6494%en0&apos;, os.name: &apos;Mac OS X&apos;, os.arch: &apos;x86_64&apos;, os.version: &apos;12.4&apos;, java.version: &apos;19.0.1&apos;
Driver info: io.appium.java_client.android.AndroidDriver
Capabilities {app: /Users/admin/Desktop/Plai_M..., appPackage: com.app.plaisports, autoAcceptAlerts: true, autoGrantPermissions: true, automationName: UiAutomator2, databaseEnabled: false, desired: {app: /Users/admin/Desktop/Plai_M..., autoAcceptAlerts: true, autoGrantPermissions: true, automationName: UiAutomator2, deviceName: 25e4e5308f0d7ece, platformName: android, platformVersion: 10, resetKeyboard: false, unicodeKeyboard: false}, deviceApiLevel: 29, deviceManufacturer: samsung, deviceModel: SM-N960F, deviceName: 25e4e5308f0d7ece, deviceScreenDensity: 420, deviceScreenSize: 1080x2220, deviceUDID: 25e4e5308f0d7ece, javascriptEnabled: true, locationContextEnabled: false, networkConnectionEnabled: true, pixelRatio: 2.625, platform: LINUX, platformName: android, platformVersion: 10, resetKeyboard: false, statBarHeight: 63, takesScreenshot: true, unicodeKeyboard: false, viewportRect: {height: 2031, left: 0, top: 63, width: 1080}, warnings: {}, webStorageEnabled: false}
Session ID: bb91e820-eb52-4c6c-9ea1-47cb3b8e20a9
*** Element info: {Using=xpath, value=/hierarchy/android.widget.Toast}
	at java.base/jdk.internal.reflect.DirectConstructorHandleAccessor.newInstance(DirectConstructorHandleAccessor.java:67)
	at java.base/java.lang.reflect.Constructor.newInstanceWithCaller(Constructor.java:500)
	at java.base/java.lang.reflect.Constructor.newInstance(Constructor.java:484)
	at org.openqa.selenium.remote.http.W3CHttpResponseCodec.createException(W3CHttpResponseCodec.java:187)
	at org.openqa.selenium.remote.http.W3CHttpResponseCodec.decode(W3CHttpResponseCodec.java:122)
	at org.openqa.selenium.remote.http.W3CHttpResponseCodec.decode(W3CHttpResponseCodec.java:49)
	at org.openqa.selenium.remote.HttpCommandExecutor.execute(HttpCommandExecutor.java:158)
	at io.appium.java_client.remote.AppiumCommandExecutor.execute(AppiumCommandExecutor.java:247)
	at org.openqa.selenium.remote.RemoteWebDriver.execute(RemoteWebDriver.java:552)
	at io.appium.java_client.DefaultGenericMobileDriver.execute(DefaultGenericMobileDriver.java:41)
	at io.appium.java_client.AppiumDriver.execute(AppiumDriver.java:1)
	at io.appium.java_client.android.AndroidDriver.execute(AndroidDriver.java:1)
	at org.openqa.selenium.remote.RemoteWebDriver.findElement(RemoteWebDriver.java:323)
	at io.appium.java_client.DefaultGenericMobileDriver.findElement(DefaultGenericMobileDriver.java:61)
	at io.appium.java_client.AppiumDriver.findElement(AppiumDriver.java:1)
	at io.appium.java_client.android.AndroidDriver.findElement(AndroidDriver.java:1)
	at org.openqa.selenium.remote.RemoteWebDriver.findElementByXPath(RemoteWebDriver.java:428)
	at io.appium.java_client.DefaultGenericMobileDriver.findElementByXPath(DefaultGenericMobileDriver.java:151)
	at io.appium.java_client.AppiumDriver.findElementByXPath(AppiumDriver.java:1)
	at io.appium.java_client.android.AndroidDriver.findElementByXPath(AndroidDriver.java:1)
	at org.openqa.selenium.By$ByXPath.findElement(By.java:353)
	at org.openqa.selenium.remote.RemoteWebDriver.findElement(RemoteWebDriver.java:315)
	at io.appium.java_client.DefaultGenericMobileDriver.findElement(DefaultGenericMobileDriver.java:57)
	at io.appium.java_client.AppiumDriver.findElement(AppiumDriver.java:1)
	at io.appium.java_client.android.AndroidDriver.findElement(AndroidDriver.java:1)
	at Pages.LoginPage.Get_Toast_Alert(LoginPage.java:74)
	at Tests.ShopTabTests.Verify_the_CVC_field_by_entering_2_digit_CVC_Code(ShopTabTests.java:275)
	at java.base/jdk.internal.reflect.DirectMethodHandleAccessor.invoke(DirectMethodHandleAccessor.java:104)
	at java.base/java.lang.reflect.Method.invoke(Method.java:578)
	at org.testng.internal.MethodInvocationHelper.invokeMethod(MethodInvocationHelper.java:133)
	at org.testng.internal.TestInvoker.invokeMethod(TestInvoker.java:598)
	at org.testng.internal.TestInvoker.invokeTestMethod(TestInvoker.java:173)
	at org.testng.internal.MethodRunner.runInSequence(MethodRunner.java:46)
	at org.testng.internal.TestInvoker$MethodInvocationAgent.invoke(TestInvoker.java:824)
	at org.testng.internal.TestInvoker.invokeTestMethods(TestInvoker.java:146)
	at org.testng.internal.TestMethodWorker.invokeTestMethods(TestMethodWorker.java:146)
	at org.testng.internal.TestMethodWorker.run(TestMethodWorker.java:128)
	at java.base/java.util.ArrayList.forEach(ArrayList.java:1511)
	at org.testng.TestRunner.privateRun(TestRunner.java:794)
	at org.testng.TestRunner.run(TestRunner.java:596)
	at org.testng.SuiteRunner.runTest(SuiteRunner.java:377)
	at org.testng.SuiteRunner.runSequentially(SuiteRunner.java:371)
	at org.testng.SuiteRunner.privateRun(SuiteRunner.java:332)
	at org.testng.SuiteRunner.run(SuiteRunner.java:276)
	at org.testng.SuiteRunnerWorker.runSuite(SuiteRunnerWorker.java:53)
	at org.testng.SuiteRunnerWorker.run(SuiteRunnerWorker.java:96)
	at org.testng.TestNG.runSuitesSequentially(TestNG.java:1212)
	at org.testng.TestNG.runSuitesLocally(TestNG.java:1134)
	at org.testng.TestNG.runSuites(TestNG.java:1063)
	at org.testng.TestNG.run(TestNG.java:1031)
	at org.apache.maven.surefire.testng.TestNGExecutor.run(TestNGExecutor.java:284)
	at org.apache.maven.surefire.testng.TestNGXmlTestSuite.execute(TestNGXmlTestSuite.java:75)
	at org.apache.maven.surefire.testng.TestNGProvider.invoke(TestNGProvider.java:119)
	at org.apache.maven.surefire.booter.ForkedBooter.runSuitesInProcess(ForkedBooter.java:428)
	at org.apache.maven.surefire.booter.ForkedBooter.execute(ForkedBooter.java:162)
	at org.apache.maven.surefire.booter.ForkedBooter.run(ForkedBooter.java:562)
	at org.apache.maven.surefire.booter.ForkedBooter.main(ForkedBooter.java:548)
</pre></div><a href='#' onClick='toggleBox("stack-trace1650256654", this, "Click to show all stack frames", "Click to hide stack frames")'>Click to show all stack frames</a>
<div class='stack-trace' id='stack-trace1650256654'><pre>org.openqa.selenium.NoSuchElementException: An element could not be located on the page using the given search parameters.
For documentation on this error, please visit: https://www.seleniumhq.org/exceptions/no_such_element.html
Build info: version: &apos;3.141.59&apos;, revision: &apos;e82be7d358&apos;, time: &apos;2018-11-14T08:17:03&apos;
System info: host: &apos;Admins-MacBook-Pro.local&apos;, ip: &apos;fe80:0:0:0:8f:c148:5c9e:6494%en0&apos;, os.name: &apos;Mac OS X&apos;, os.arch: &apos;x86_64&apos;, os.version: &apos;12.4&apos;, java.version: &apos;19.0.1&apos;
Driver info: io.appium.java_client.android.AndroidDriver
Capabilities {app: /Users/admin/Desktop/Plai_M..., appPackage: com.app.plaisports, autoAcceptAlerts: true, autoGrantPermissions: true, automationName: UiAutomator2, databaseEnabled: false, desired: {app: /Users/admin/Desktop/Plai_M..., autoAcceptAlerts: true, autoGrantPermissions: true, automationName: UiAutomator2, deviceName: 25e4e5308f0d7ece, platformName: android, platformVersion: 10, resetKeyboard: false, unicodeKeyboard: false}, deviceApiLevel: 29, deviceManufacturer: samsung, deviceModel: SM-N960F, deviceName: 25e4e5308f0d7ece, deviceScreenDensity: 420, deviceScreenSize: 1080x2220, deviceUDID: 25e4e5308f0d7ece, javascriptEnabled: true, locationContextEnabled: false, networkConnectionEnabled: true, pixelRatio: 2.625, platform: LINUX, platformName: android, platformVersion: 10, resetKeyboard: false, statBarHeight: 63, takesScreenshot: true, unicodeKeyboard: false, viewportRect: {height: 2031, left: 0, top: 63, width: 1080}, warnings: {}, webStorageEnabled: false}
Session ID: bb91e820-eb52-4c6c-9ea1-47cb3b8e20a9
*** Element info: {Using=xpath, value=/hierarchy/android.widget.Toast}
	at java.base/jdk.internal.reflect.DirectConstructorHandleAccessor.newInstance(DirectConstructorHandleAccessor.java:67)
	at java.base/java.lang.reflect.Constructor.newInstanceWithCaller(Constructor.java:500)
	at java.base/java.lang.reflect.Constructor.newInstance(Constructor.java:484)
	at org.openqa.selenium.remote.http.W3CHttpResponseCodec.createException(W3CHttpResponseCodec.java:187)
	at org.openqa.selenium.remote.http.W3CHttpResponseCodec.decode(W3CHttpResponseCodec.java:122)
	at org.openqa.selenium.remote.http.W3CHttpResponseCodec.decode(W3CHttpResponseCodec.java:49)
	at org.openqa.selenium.remote.HttpCommandExecutor.execute(HttpCommandExecutor.java:158)
	at io.appium.java_client.remote.AppiumCommandExecutor.execute(AppiumCommandExecutor.java:247)
	at org.openqa.selenium.remote.RemoteWebDriver.execute(RemoteWebDriver.java:552)
	at io.appium.java_client.DefaultGenericMobileDriver.execute(DefaultGenericMobileDriver.java:41)
	at io.appium.java_client.AppiumDriver.execute(AppiumDriver.java:1)
	at io.appium.java_client.android.AndroidDriver.execute(AndroidDriver.java:1)
	at org.openqa.selenium.remote.RemoteWebDriver.findElement(RemoteWebDriver.java:323)
	at io.appium.java_client.DefaultGenericMobileDriver.findElement(DefaultGenericMobileDriver.java:61)
	at io.appium.java_client.AppiumDriver.findElement(AppiumDriver.java:1)
	at io.appium.java_client.android.AndroidDriver.findElement(AndroidDriver.java:1)
	at org.openqa.selenium.remote.RemoteWebDriver.findElementByXPath(RemoteWebDriver.java:428)
	at io.appium.java_client.DefaultGenericMobileDriver.findElementByXPath(DefaultGenericMobileDriver.java:151)
	at io.appium.java_client.AppiumDriver.findElementByXPath(AppiumDriver.java:1)
	at io.appium.java_client.android.AndroidDriver.findElementByXPath(AndroidDriver.java:1)
	at org.openqa.selenium.By$ByXPath.findElement(By.java:353)
	at org.openqa.selenium.remote.RemoteWebDriver.findElement(RemoteWebDriver.java:315)
	at io.appium.java_client.DefaultGenericMobileDriver.findElement(DefaultGenericMobileDriver.java:57)
	at io.appium.java_client.AppiumDriver.findElement(AppiumDriver.java:1)
	at io.appium.java_client.android.AndroidDriver.findElement(AndroidDriver.java:1)
	at Pages.LoginPage.Get_Toast_Alert(LoginPage.java:74)
	at Tests.ShopTabTests.Verify_the_CVC_field_by_entering_2_digit_CVC_Code(ShopTabTests.java:275)
	at java.base/jdk.internal.reflect.DirectMethodHandleAccessor.invoke(DirectMethodHandleAccessor.java:104)
	at java.base/java.lang.reflect.Method.invoke(Method.java:578)
	at org.testng.internal.MethodInvocationHelper.invokeMethod(MethodInvocationHelper.java:133)
	at org.testng.internal.TestInvoker.invokeMethod(TestInvoker.java:598)
	at org.testng.internal.TestInvoker.invokeTestMethod(TestInvoker.java:173)
	at org.testng.internal.MethodRunner.runInSequence(MethodRunner.java:46)
	at org.testng.internal.TestInvoker$MethodInvocationAgent.invoke(TestInvoker.java:824)
	at org.testng.internal.TestInvoker.invokeTestMethods(TestInvoker.java:146)
	at org.testng.internal.TestMethodWorker.invokeTestMethods(TestMethodWorker.java:146)
	at org.testng.internal.TestMethodWorker.run(TestMethodWorker.java:128)
	at java.base/java.util.ArrayList.forEach(ArrayList.java:1511)
	at org.testng.TestRunner.privateRun(TestRunner.java:794)
	at org.testng.TestRunner.run(TestRunner.java:596)
	at org.testng.SuiteRunner.runTest(SuiteRunner.java:377)
	at org.testng.SuiteRunner.runSequentially(SuiteRunner.java:371)
	at org.testng.SuiteRunner.privateRun(SuiteRunner.java:332)
	at org.testng.SuiteRunner.run(SuiteRunner.java:276)
	at org.testng.SuiteRunnerWorker.runSuite(SuiteRunnerWorker.java:53)
	at org.testng.SuiteRunnerWorker.run(SuiteRunnerWorker.java:96)
	at org.testng.TestNG.runSuitesSequentially(TestNG.java:1212)
	at org.testng.TestNG.runSuitesLocally(TestNG.java:1134)
	at org.testng.TestNG.runSuites(TestNG.java:1063)
	at org.testng.TestNG.run(TestNG.java:1031)
	at org.apache.maven.surefire.testng.TestNGExecutor.run(TestNGExecutor.java:284)
	at org.apache.maven.surefire.testng.TestNGXmlTestSuite.execute(TestNGXmlTestSuite.java:75)
	at org.apache.maven.surefire.testng.TestNGProvider.invoke(TestNGProvider.java:119)
	at org.apache.maven.surefire.booter.ForkedBooter.runSuitesInProcess(ForkedBooter.java:428)
	at org.apache.maven.surefire.booter.ForkedBooter.execute(ForkedBooter.java:162)
	at org.apache.maven.surefire.booter.ForkedBooter.run(ForkedBooter.java:562)
	at org.apache.maven.surefire.booter.ForkedBooter.main(ForkedBooter.java:548)
</pre></div></td>
<td>96</td>
<td>Tests.ShopTabTests@1c1bbc4e</td></tr>
<tr>
<td title='Tests.ShopTabTests.Verify_the_Search_bar_of_SHOP_tab()'><b>Verify_the_Search_bar_of_SHOP_tab</b><br>Test class: Tests.ShopTabTests<br/>
<a href="#Output-815376417" onClick='toggleBox("Output-815376417", this, "Show output", "Hide output");'>Show output</a>

<a href="#Output-815376417" onClick="toggleAllBoxes();">Show all outputs</a>
<div class='log' id="Output-815376417">
Application Launched.<br><br/>
Clicked on skip button.<br><br/>
Clicked on next button.<br><br/>
Entered Email :- sagarnandha11+1@gmail.com<br><br/>
Entered Password :- Plai@1234<br><br/>
Clicked On Login Button<br><br/>
App name is verified on login splash screen<br><br/>
Day Greeting is verified on login splash screen<br><br/>
Username with Profile Picture is verified on login splash screen<br><br/>
Welcome Greeting is verified on login splash screen<br><br/>
Clicked On PLAIers Snooker Club Banner<br><br/>
PLAIers Snooker Club Opened<br><br/>
Shop Tab Opened<br><br/>
</div>
</td>
<td><div><pre>org.openqa.selenium.InvalidElementStateException: Cannot set the element to &apos;Test Product&apos;. Did you interact with the correct element?
Build info: version: &apos;3.141.59&apos;, revision: &apos;e82be7d358&apos;, time: &apos;2018-11-14T08:17:03&apos;
System info: host: &apos;Admins-MacBook-Pro.local&apos;, ip: &apos;fe80:0:0:0:8f:c148:5c9e:6494%en0&apos;, os.name: &apos;Mac OS X&apos;, os.arch: &apos;x86_64&apos;, os.version: &apos;12.4&apos;, java.version: &apos;19.0.1&apos;
Driver info: io.appium.java_client.android.AndroidDriver
Capabilities {app: /Users/admin/Desktop/Plai_M..., appPackage: com.app.plaisports, autoAcceptAlerts: true, autoGrantPermissions: true, automationName: UiAutomator2, databaseEnabled: false, desired: {app: /Users/admin/Desktop/Plai_M..., autoAcceptAlerts: true, autoGrantPermissions: true, automationName: UiAutomator2, deviceName: 25e4e5308f0d7ece, platformName: android, platformVersion: 10, resetKeyboard: false, unicodeKeyboard: false}, deviceApiLevel: 29, deviceManufacturer: samsung, deviceModel: SM-N960F, deviceName: 25e4e5308f0d7ece, deviceScreenDensity: 420, deviceScreenSize: 1080x2220, deviceUDID: 25e4e5308f0d7ece, javascriptEnabled: true, locationContextEnabled: false, networkConnectionEnabled: true, pixelRatio: 2.625, platform: LINUX, platformName: android, platformVersion: 10, resetKeyboard: false, statBarHeight: 63, takesScreenshot: true, unicodeKeyboard: false, viewportRect: {height: 2031, left: 0, top: 63, width: 1080}, warnings: {}, webStorageEnabled: false}
Session ID: a3864054-83ca-4b2d-85e1-52ce91c26547
	at java.base/jdk.internal.reflect.DirectConstructorHandleAccessor.newInstance(DirectConstructorHandleAccessor.java:67)
	at java.base/java.lang.reflect.Constructor.newInstanceWithCaller(Constructor.java:500)
	at java.base/java.lang.reflect.Constructor.newInstance(Constructor.java:484)
	at org.openqa.selenium.remote.http.W3CHttpResponseCodec.createException(W3CHttpResponseCodec.java:187)
	at org.openqa.selenium.remote.http.W3CHttpResponseCodec.decode(W3CHttpResponseCodec.java:122)
	at org.openqa.selenium.remote.http.W3CHttpResponseCodec.decode(W3CHttpResponseCodec.java:49)
	at org.openqa.selenium.remote.HttpCommandExecutor.execute(HttpCommandExecutor.java:158)
	at io.appium.java_client.remote.AppiumCommandExecutor.execute(AppiumCommandExecutor.java:247)
	at org.openqa.selenium.remote.RemoteWebDriver.execute(RemoteWebDriver.java:552)
	at io.appium.java_client.DefaultGenericMobileDriver.execute(DefaultGenericMobileDriver.java:41)
	at io.appium.java_client.AppiumDriver.execute(AppiumDriver.java:1)
	at io.appium.java_client.android.AndroidDriver.execute(AndroidDriver.java:1)
	at org.openqa.selenium.remote.RemoteWebElement.execute(RemoteWebElement.java:285)
	at io.appium.java_client.DefaultGenericMobileElement.execute(DefaultGenericMobileElement.java:45)
	at io.appium.java_client.MobileElement.execute(MobileElement.java:1)
	at io.appium.java_client.android.AndroidElement.execute(AndroidElement.java:1)
	at org.openqa.selenium.remote.RemoteWebElement.sendKeys(RemoteWebElement.java:106)
	at Pages.ShopTabPage.Verify_Search_Product(ShopTabPage.java:45)
	at Tests.ShopTabTests.Verify_the_Search_bar_of_SHOP_tab(ShopTabTests.java:44)
	at java.base/jdk.internal.reflect.DirectMethodHandleAccessor.invoke(DirectMethodHandleAccessor.java:104)
	at java.base/java.lang.reflect.Method.invoke(Method.java:578)
	at org.testng.internal.MethodInvocationHelper.invokeMethod(MethodInvocationHelper.java:133)
	at org.testng.internal.TestInvoker.invokeMethod(TestInvoker.java:598)
	at org.testng.internal.TestInvoker.invokeTestMethod(TestInvoker.java:173)
	at org.testng.internal.MethodRunner.runInSequence(MethodRunner.java:46)
	at org.testng.internal.TestInvoker$MethodInvocationAgent.invoke(TestInvoker.java:824)
	at org.testng.internal.TestInvoker.invokeTestMethods(TestInvoker.java:146)
	at org.testng.internal.TestMethodWorker.invokeTestMethods(TestMethodWorker.java:146)
	at org.testng.internal.TestMethodWorker.run(TestMethodWorker.java:128)
	at java.base/java.util.ArrayList.forEach(ArrayList.java:1511)
	at org.testng.TestRunner.privateRun(TestRunner.java:794)
	at org.testng.TestRunner.run(TestRunner.java:596)
	at org.testng.SuiteRunner.runTest(SuiteRunner.java:377)
	at org.testng.SuiteRunner.runSequentially(SuiteRunner.java:371)
	at org.testng.SuiteRunner.privateRun(SuiteRunner.java:332)
	at org.testng.SuiteRunner.run(SuiteRunner.java:276)
	at org.testng.SuiteRunnerWorker.runSuite(SuiteRunnerWorker.java:53)
	at org.testng.SuiteRunnerWorker.run(SuiteRunnerWorker.java:96)
	at org.testng.TestNG.runSuitesSequentially(TestNG.java:1212)
	at org.testng.TestNG.runSuitesLocally(TestNG.java:1134)
	at org.testng.TestNG.runSuites(TestNG.java:1063)
	at org.testng.TestNG.run(TestNG.java:1031)
	at org.apache.maven.surefire.testng.TestNGExecutor.run(TestNGExecutor.java:284)
	at org.apache.maven.surefire.testng.TestNGXmlTestSuite.execute(TestNGXmlTestSuite.java:75)
	at org.apache.maven.surefire.testng.TestNGProvider.invoke(TestNGProvider.java:119)
	at org.apache.maven.surefire.booter.ForkedBooter.runSuitesInProcess(ForkedBooter.java:428)
	at org.apache.maven.surefire.booter.ForkedBooter.execute(ForkedBooter.java:162)
	at org.apache.maven.surefire.booter.ForkedBooter.run(ForkedBooter.java:562)
	at org.apache.maven.surefire.booter.ForkedBooter.main(ForkedBooter.java:548)
</pre></div><a href='#' onClick='toggleBox("stack-trace815376417", this, "Click to show all stack frames", "Click to hide stack frames")'>Click to show all stack frames</a>
<div class='stack-trace' id='stack-trace815376417'><pre>org.openqa.selenium.InvalidElementStateException: Cannot set the element to &apos;Test Product&apos;. Did you interact with the correct element?
Build info: version: &apos;3.141.59&apos;, revision: &apos;e82be7d358&apos;, time: &apos;2018-11-14T08:17:03&apos;
System info: host: &apos;Admins-MacBook-Pro.local&apos;, ip: &apos;fe80:0:0:0:8f:c148:5c9e:6494%en0&apos;, os.name: &apos;Mac OS X&apos;, os.arch: &apos;x86_64&apos;, os.version: &apos;12.4&apos;, java.version: &apos;19.0.1&apos;
Driver info: io.appium.java_client.android.AndroidDriver
Capabilities {app: /Users/admin/Desktop/Plai_M..., appPackage: com.app.plaisports, autoAcceptAlerts: true, autoGrantPermissions: true, automationName: UiAutomator2, databaseEnabled: false, desired: {app: /Users/admin/Desktop/Plai_M..., autoAcceptAlerts: true, autoGrantPermissions: true, automationName: UiAutomator2, deviceName: 25e4e5308f0d7ece, platformName: android, platformVersion: 10, resetKeyboard: false, unicodeKeyboard: false}, deviceApiLevel: 29, deviceManufacturer: samsung, deviceModel: SM-N960F, deviceName: 25e4e5308f0d7ece, deviceScreenDensity: 420, deviceScreenSize: 1080x2220, deviceUDID: 25e4e5308f0d7ece, javascriptEnabled: true, locationContextEnabled: false, networkConnectionEnabled: true, pixelRatio: 2.625, platform: LINUX, platformName: android, platformVersion: 10, resetKeyboard: false, statBarHeight: 63, takesScreenshot: true, unicodeKeyboard: false, viewportRect: {height: 2031, left: 0, top: 63, width: 1080}, warnings: {}, webStorageEnabled: false}
Session ID: a3864054-83ca-4b2d-85e1-52ce91c26547
	at java.base/jdk.internal.reflect.DirectConstructorHandleAccessor.newInstance(DirectConstructorHandleAccessor.java:67)
	at java.base/java.lang.reflect.Constructor.newInstanceWithCaller(Constructor.java:500)
	at java.base/java.lang.reflect.Constructor.newInstance(Constructor.java:484)
	at org.openqa.selenium.remote.http.W3CHttpResponseCodec.createException(W3CHttpResponseCodec.java:187)
	at org.openqa.selenium.remote.http.W3CHttpResponseCodec.decode(W3CHttpResponseCodec.java:122)
	at org.openqa.selenium.remote.http.W3CHttpResponseCodec.decode(W3CHttpResponseCodec.java:49)
	at org.openqa.selenium.remote.HttpCommandExecutor.execute(HttpCommandExecutor.java:158)
	at io.appium.java_client.remote.AppiumCommandExecutor.execute(AppiumCommandExecutor.java:247)
	at org.openqa.selenium.remote.RemoteWebDriver.execute(RemoteWebDriver.java:552)
	at io.appium.java_client.DefaultGenericMobileDriver.execute(DefaultGenericMobileDriver.java:41)
	at io.appium.java_client.AppiumDriver.execute(AppiumDriver.java:1)
	at io.appium.java_client.android.AndroidDriver.execute(AndroidDriver.java:1)
	at org.openqa.selenium.remote.RemoteWebElement.execute(RemoteWebElement.java:285)
	at io.appium.java_client.DefaultGenericMobileElement.execute(DefaultGenericMobileElement.java:45)
	at io.appium.java_client.MobileElement.execute(MobileElement.java:1)
	at io.appium.java_client.android.AndroidElement.execute(AndroidElement.java:1)
	at org.openqa.selenium.remote.RemoteWebElement.sendKeys(RemoteWebElement.java:106)
	at Pages.ShopTabPage.Verify_Search_Product(ShopTabPage.java:45)
	at Tests.ShopTabTests.Verify_the_Search_bar_of_SHOP_tab(ShopTabTests.java:44)
	at java.base/jdk.internal.reflect.DirectMethodHandleAccessor.invoke(DirectMethodHandleAccessor.java:104)
	at java.base/java.lang.reflect.Method.invoke(Method.java:578)
	at org.testng.internal.MethodInvocationHelper.invokeMethod(MethodInvocationHelper.java:133)
	at org.testng.internal.TestInvoker.invokeMethod(TestInvoker.java:598)
	at org.testng.internal.TestInvoker.invokeTestMethod(TestInvoker.java:173)
	at org.testng.internal.MethodRunner.runInSequence(MethodRunner.java:46)
	at org.testng.internal.TestInvoker$MethodInvocationAgent.invoke(TestInvoker.java:824)
	at org.testng.internal.TestInvoker.invokeTestMethods(TestInvoker.java:146)
	at org.testng.internal.TestMethodWorker.invokeTestMethods(TestMethodWorker.java:146)
	at org.testng.internal.TestMethodWorker.run(TestMethodWorker.java:128)
	at java.base/java.util.ArrayList.forEach(ArrayList.java:1511)
	at org.testng.TestRunner.privateRun(TestRunner.java:794)
	at org.testng.TestRunner.run(TestRunner.java:596)
	at org.testng.SuiteRunner.runTest(SuiteRunner.java:377)
	at org.testng.SuiteRunner.runSequentially(SuiteRunner.java:371)
	at org.testng.SuiteRunner.privateRun(SuiteRunner.java:332)
	at org.testng.SuiteRunner.run(SuiteRunner.java:276)
	at org.testng.SuiteRunnerWorker.runSuite(SuiteRunnerWorker.java:53)
	at org.testng.SuiteRunnerWorker.run(SuiteRunnerWorker.java:96)
	at org.testng.TestNG.runSuitesSequentially(TestNG.java:1212)
	at org.testng.TestNG.runSuitesLocally(TestNG.java:1134)
	at org.testng.TestNG.runSuites(TestNG.java:1063)
	at org.testng.TestNG.run(TestNG.java:1031)
	at org.apache.maven.surefire.testng.TestNGExecutor.run(TestNGExecutor.java:284)
	at org.apache.maven.surefire.testng.TestNGXmlTestSuite.execute(TestNGXmlTestSuite.java:75)
	at org.apache.maven.surefire.testng.TestNGProvider.invoke(TestNGProvider.java:119)
	at org.apache.maven.surefire.booter.ForkedBooter.runSuitesInProcess(ForkedBooter.java:428)
	at org.apache.maven.surefire.booter.ForkedBooter.execute(ForkedBooter.java:162)
	at org.apache.maven.surefire.booter.ForkedBooter.run(ForkedBooter.java:562)
	at org.apache.maven.surefire.booter.ForkedBooter.main(ForkedBooter.java:548)
</pre></div></td>
<td>48</td>
<td>Tests.ShopTabTests@1c1bbc4e</td></tr>
<tr>
<td title='Tests.ShopTabTests.Verify_the_CONFIRM_PURCHASE_button()'><b>Verify_the_CONFIRM_PURCHASE_button</b><br>Test class: Tests.ShopTabTests<br/>
<a href="#Output-207814411" onClick='toggleBox("Output-207814411", this, "Show output", "Hide output");'>Show output</a>

<a href="#Output-207814411" onClick="toggleAllBoxes();">Show all outputs</a>
<div class='log' id="Output-207814411">
Application Launched.<br><br/>
Clicked on skip button.<br><br/>
Clicked on next button.<br><br/>
Entered Email :- sagarnandha11+1@gmail.com<br><br/>
Entered Password :- Plai@1234<br><br/>
Clicked On Login Button<br><br/>
App name is verified on login splash screen<br><br/>
Day Greeting is verified on login splash screen<br><br/>
Username with Profile Picture is verified on login splash screen<br><br/>
Welcome Greeting is verified on login splash screen<br><br/>
Clicked On PLAIers Snooker Club Banner<br><br/>
PLAIers Snooker Club Opened<br><br/>
Shop Tab Opened<br><br/>
Clicked On View All Button Of Clothing<br><br/>
Clothing List Page Is Displayed<br><br/>
Searched T-Shirt in CLP<br><br/>
Searched Product Is Displayed<br><br/>
Clicked On T-Shirt Product_Banner<br><br/>
Clicked On Buy Now Button<br><br/>
Checkout Page is Displayed<br><br/>
Clothing List Page Is Displayed<br><br/>
Clothing List Page Is Displayed<br><br/>
Name in Checkout Is Displayed : Sagar Nandha<br><br/>
Address in Checkout Is Displayed : 8 Floor, North Plaza, 801, Motera, Ahmedabad, Gujarat 380005, India<br><br/>
Proceed To Payment Button Is Displayed<br><br/>
Clicked On Proceed To Payment button<br><br/>
Searched T-Shirt in CLP<br><br/>
Clicked On Card Number Field<br><br/>
Date Panel for month and Year Opened<br><br/>
Clicked on confirm button<br><br/>
Sent 4 digits CVV<br><br/>
User is not able to Enter more than 3 digits<br><br/>
Clicked On Country Dropdown<br><br/>
Selected Second Country as UAE<br><br/>
Clicked On Done BButton<br><br/>
Clicked On Confirm_Purchase Button<br><br/>
</div>
</td>
<td><div><pre>org.openqa.selenium.NoSuchElementException: An element could not be located on the page using the given search parameters.
For documentation on this error, please visit: https://www.seleniumhq.org/exceptions/no_such_element.html
Build info: version: &apos;3.141.59&apos;, revision: &apos;e82be7d358&apos;, time: &apos;2018-11-14T08:17:03&apos;
System info: host: &apos;Admins-MacBook-Pro.local&apos;, ip: &apos;fe80:0:0:0:8f:c148:5c9e:6494%en0&apos;, os.name: &apos;Mac OS X&apos;, os.arch: &apos;x86_64&apos;, os.version: &apos;12.4&apos;, java.version: &apos;19.0.1&apos;
Driver info: io.appium.java_client.android.AndroidDriver
Capabilities {app: /Users/admin/Desktop/Plai_M..., appPackage: com.app.plaisports, autoAcceptAlerts: true, autoGrantPermissions: true, automationName: UiAutomator2, databaseEnabled: false, desired: {app: /Users/admin/Desktop/Plai_M..., autoAcceptAlerts: true, autoGrantPermissions: true, automationName: UiAutomator2, deviceName: 25e4e5308f0d7ece, platformName: android, platformVersion: 10, resetKeyboard: false, unicodeKeyboard: false}, deviceApiLevel: 29, deviceManufacturer: samsung, deviceModel: SM-N960F, deviceName: 25e4e5308f0d7ece, deviceScreenDensity: 420, deviceScreenSize: 1080x2220, deviceUDID: 25e4e5308f0d7ece, javascriptEnabled: true, locationContextEnabled: false, networkConnectionEnabled: true, pixelRatio: 2.625, platform: LINUX, platformName: android, platformVersion: 10, resetKeyboard: false, statBarHeight: 63, takesScreenshot: true, unicodeKeyboard: false, viewportRect: {height: 2031, left: 0, top: 63, width: 1080}, warnings: {}, webStorageEnabled: false}
Session ID: c5441169-d80c-44b3-9d4e-330ade930db1
*** Element info: {Using=xpath, value=/hierarchy/android.widget.Toast}
	at java.base/jdk.internal.reflect.DirectConstructorHandleAccessor.newInstance(DirectConstructorHandleAccessor.java:67)
	at java.base/java.lang.reflect.Constructor.newInstanceWithCaller(Constructor.java:500)
	at java.base/java.lang.reflect.Constructor.newInstance(Constructor.java:484)
	at org.openqa.selenium.remote.http.W3CHttpResponseCodec.createException(W3CHttpResponseCodec.java:187)
	at org.openqa.selenium.remote.http.W3CHttpResponseCodec.decode(W3CHttpResponseCodec.java:122)
	at org.openqa.selenium.remote.http.W3CHttpResponseCodec.decode(W3CHttpResponseCodec.java:49)
	at org.openqa.selenium.remote.HttpCommandExecutor.execute(HttpCommandExecutor.java:158)
	at io.appium.java_client.remote.AppiumCommandExecutor.execute(AppiumCommandExecutor.java:247)
	at org.openqa.selenium.remote.RemoteWebDriver.execute(RemoteWebDriver.java:552)
	at io.appium.java_client.DefaultGenericMobileDriver.execute(DefaultGenericMobileDriver.java:41)
	at io.appium.java_client.AppiumDriver.execute(AppiumDriver.java:1)
	at io.appium.java_client.android.AndroidDriver.execute(AndroidDriver.java:1)
	at org.openqa.selenium.remote.RemoteWebDriver.findElement(RemoteWebDriver.java:323)
	at io.appium.java_client.DefaultGenericMobileDriver.findElement(DefaultGenericMobileDriver.java:61)
	at io.appium.java_client.AppiumDriver.findElement(AppiumDriver.java:1)
	at io.appium.java_client.android.AndroidDriver.findElement(AndroidDriver.java:1)
	at org.openqa.selenium.remote.RemoteWebDriver.findElementByXPath(RemoteWebDriver.java:428)
	at io.appium.java_client.DefaultGenericMobileDriver.findElementByXPath(DefaultGenericMobileDriver.java:151)
	at io.appium.java_client.AppiumDriver.findElementByXPath(AppiumDriver.java:1)
	at io.appium.java_client.android.AndroidDriver.findElementByXPath(AndroidDriver.java:1)
	at org.openqa.selenium.By$ByXPath.findElement(By.java:353)
	at org.openqa.selenium.remote.RemoteWebDriver.findElement(RemoteWebDriver.java:315)
	at io.appium.java_client.DefaultGenericMobileDriver.findElement(DefaultGenericMobileDriver.java:57)
	at io.appium.java_client.AppiumDriver.findElement(AppiumDriver.java:1)
	at io.appium.java_client.android.AndroidDriver.findElement(AndroidDriver.java:1)
	at Pages.LoginPage.Get_Toast_Alert(LoginPage.java:74)
	at Tests.ShopTabTests.Verify_the_CONFIRM_PURCHASE_button(ShopTabTests.java:374)
	at java.base/jdk.internal.reflect.DirectMethodHandleAccessor.invoke(DirectMethodHandleAccessor.java:104)
	at java.base/java.lang.reflect.Method.invoke(Method.java:578)
	at org.testng.internal.MethodInvocationHelper.invokeMethod(MethodInvocationHelper.java:133)
	at org.testng.internal.TestInvoker.invokeMethod(TestInvoker.java:598)
	at org.testng.internal.TestInvoker.invokeTestMethod(TestInvoker.java:173)
	at org.testng.internal.MethodRunner.runInSequence(MethodRunner.java:46)
	at org.testng.internal.TestInvoker$MethodInvocationAgent.invoke(TestInvoker.java:824)
	at org.testng.internal.TestInvoker.invokeTestMethods(TestInvoker.java:146)
	at org.testng.internal.TestMethodWorker.invokeTestMethods(TestMethodWorker.java:146)
	at org.testng.internal.TestMethodWorker.run(TestMethodWorker.java:128)
	at java.base/java.util.ArrayList.forEach(ArrayList.java:1511)
	at org.testng.TestRunner.privateRun(TestRunner.java:794)
	at org.testng.TestRunner.run(TestRunner.java:596)
	at org.testng.SuiteRunner.runTest(SuiteRunner.java:377)
	at org.testng.SuiteRunner.runSequentially(SuiteRunner.java:371)
	at org.testng.SuiteRunner.privateRun(SuiteRunner.java:332)
	at org.testng.SuiteRunner.run(SuiteRunner.java:276)
	at org.testng.SuiteRunnerWorker.runSuite(SuiteRunnerWorker.java:53)
	at org.testng.SuiteRunnerWorker.run(SuiteRunnerWorker.java:96)
	at org.testng.TestNG.runSuitesSequentially(TestNG.java:1212)
	at org.testng.TestNG.runSuitesLocally(TestNG.java:1134)
	at org.testng.TestNG.runSuites(TestNG.java:1063)
	at org.testng.TestNG.run(TestNG.java:1031)
	at org.apache.maven.surefire.testng.TestNGExecutor.run(TestNGExecutor.java:284)
	at org.apache.maven.surefire.testng.TestNGXmlTestSuite.execute(TestNGXmlTestSuite.java:75)
	at org.apache.maven.surefire.testng.TestNGProvider.invoke(TestNGProvider.java:119)
	at org.apache.maven.surefire.booter.ForkedBooter.runSuitesInProcess(ForkedBooter.java:428)
	at org.apache.maven.surefire.booter.ForkedBooter.execute(ForkedBooter.java:162)
	at org.apache.maven.surefire.booter.ForkedBooter.run(ForkedBooter.java:562)
	at org.apache.maven.surefire.booter.ForkedBooter.main(ForkedBooter.java:548)
</pre></div><a href='#' onClick='toggleBox("stack-trace207814411", this, "Click to show all stack frames", "Click to hide stack frames")'>Click to show all stack frames</a>
<div class='stack-trace' id='stack-trace207814411'><pre>org.openqa.selenium.NoSuchElementException: An element could not be located on the page using the given search parameters.
For documentation on this error, please visit: https://www.seleniumhq.org/exceptions/no_such_element.html
Build info: version: &apos;3.141.59&apos;, revision: &apos;e82be7d358&apos;, time: &apos;2018-11-14T08:17:03&apos;
System info: host: &apos;Admins-MacBook-Pro.local&apos;, ip: &apos;fe80:0:0:0:8f:c148:5c9e:6494%en0&apos;, os.name: &apos;Mac OS X&apos;, os.arch: &apos;x86_64&apos;, os.version: &apos;12.4&apos;, java.version: &apos;19.0.1&apos;
Driver info: io.appium.java_client.android.AndroidDriver
Capabilities {app: /Users/admin/Desktop/Plai_M..., appPackage: com.app.plaisports, autoAcceptAlerts: true, autoGrantPermissions: true, automationName: UiAutomator2, databaseEnabled: false, desired: {app: /Users/admin/Desktop/Plai_M..., autoAcceptAlerts: true, autoGrantPermissions: true, automationName: UiAutomator2, deviceName: 25e4e5308f0d7ece, platformName: android, platformVersion: 10, resetKeyboard: false, unicodeKeyboard: false}, deviceApiLevel: 29, deviceManufacturer: samsung, deviceModel: SM-N960F, deviceName: 25e4e5308f0d7ece, deviceScreenDensity: 420, deviceScreenSize: 1080x2220, deviceUDID: 25e4e5308f0d7ece, javascriptEnabled: true, locationContextEnabled: false, networkConnectionEnabled: true, pixelRatio: 2.625, platform: LINUX, platformName: android, platformVersion: 10, resetKeyboard: false, statBarHeight: 63, takesScreenshot: true, unicodeKeyboard: false, viewportRect: {height: 2031, left: 0, top: 63, width: 1080}, warnings: {}, webStorageEnabled: false}
Session ID: c5441169-d80c-44b3-9d4e-330ade930db1
*** Element info: {Using=xpath, value=/hierarchy/android.widget.Toast}
	at java.base/jdk.internal.reflect.DirectConstructorHandleAccessor.newInstance(DirectConstructorHandleAccessor.java:67)
	at java.base/java.lang.reflect.Constructor.newInstanceWithCaller(Constructor.java:500)
	at java.base/java.lang.reflect.Constructor.newInstance(Constructor.java:484)
	at org.openqa.selenium.remote.http.W3CHttpResponseCodec.createException(W3CHttpResponseCodec.java:187)
	at org.openqa.selenium.remote.http.W3CHttpResponseCodec.decode(W3CHttpResponseCodec.java:122)
	at org.openqa.selenium.remote.http.W3CHttpResponseCodec.decode(W3CHttpResponseCodec.java:49)
	at org.openqa.selenium.remote.HttpCommandExecutor.execute(HttpCommandExecutor.java:158)
	at io.appium.java_client.remote.AppiumCommandExecutor.execute(AppiumCommandExecutor.java:247)
	at org.openqa.selenium.remote.RemoteWebDriver.execute(RemoteWebDriver.java:552)
	at io.appium.java_client.DefaultGenericMobileDriver.execute(DefaultGenericMobileDriver.java:41)
	at io.appium.java_client.AppiumDriver.execute(AppiumDriver.java:1)
	at io.appium.java_client.android.AndroidDriver.execute(AndroidDriver.java:1)
	at org.openqa.selenium.remote.RemoteWebDriver.findElement(RemoteWebDriver.java:323)
	at io.appium.java_client.DefaultGenericMobileDriver.findElement(DefaultGenericMobileDriver.java:61)
	at io.appium.java_client.AppiumDriver.findElement(AppiumDriver.java:1)
	at io.appium.java_client.android.AndroidDriver.findElement(AndroidDriver.java:1)
	at org.openqa.selenium.remote.RemoteWebDriver.findElementByXPath(RemoteWebDriver.java:428)
	at io.appium.java_client.DefaultGenericMobileDriver.findElementByXPath(DefaultGenericMobileDriver.java:151)
	at io.appium.java_client.AppiumDriver.findElementByXPath(AppiumDriver.java:1)
	at io.appium.java_client.android.AndroidDriver.findElementByXPath(AndroidDriver.java:1)
	at org.openqa.selenium.By$ByXPath.findElement(By.java:353)
	at org.openqa.selenium.remote.RemoteWebDriver.findElement(RemoteWebDriver.java:315)
	at io.appium.java_client.DefaultGenericMobileDriver.findElement(DefaultGenericMobileDriver.java:57)
	at io.appium.java_client.AppiumDriver.findElement(AppiumDriver.java:1)
	at io.appium.java_client.android.AndroidDriver.findElement(AndroidDriver.java:1)
	at Pages.LoginPage.Get_Toast_Alert(LoginPage.java:74)
	at Tests.ShopTabTests.Verify_the_CONFIRM_PURCHASE_button(ShopTabTests.java:374)
	at java.base/jdk.internal.reflect.DirectMethodHandleAccessor.invoke(DirectMethodHandleAccessor.java:104)
	at java.base/java.lang.reflect.Method.invoke(Method.java:578)
	at org.testng.internal.MethodInvocationHelper.invokeMethod(MethodInvocationHelper.java:133)
	at org.testng.internal.TestInvoker.invokeMethod(TestInvoker.java:598)
	at org.testng.internal.TestInvoker.invokeTestMethod(TestInvoker.java:173)
	at org.testng.internal.MethodRunner.runInSequence(MethodRunner.java:46)
	at org.testng.internal.TestInvoker$MethodInvocationAgent.invoke(TestInvoker.java:824)
	at org.testng.internal.TestInvoker.invokeTestMethods(TestInvoker.java:146)
	at org.testng.internal.TestMethodWorker.invokeTestMethods(TestMethodWorker.java:146)
	at org.testng.internal.TestMethodWorker.run(TestMethodWorker.java:128)
	at java.base/java.util.ArrayList.forEach(ArrayList.java:1511)
	at org.testng.TestRunner.privateRun(TestRunner.java:794)
	at org.testng.TestRunner.run(TestRunner.java:596)
	at org.testng.SuiteRunner.runTest(SuiteRunner.java:377)
	at org.testng.SuiteRunner.runSequentially(SuiteRunner.java:371)
	at org.testng.SuiteRunner.privateRun(SuiteRunner.java:332)
	at org.testng.SuiteRunner.run(SuiteRunner.java:276)
	at org.testng.SuiteRunnerWorker.runSuite(SuiteRunnerWorker.java:53)
	at org.testng.SuiteRunnerWorker.run(SuiteRunnerWorker.java:96)
	at org.testng.TestNG.runSuitesSequentially(TestNG.java:1212)
	at org.testng.TestNG.runSuitesLocally(TestNG.java:1134)
	at org.testng.TestNG.runSuites(TestNG.java:1063)
	at org.testng.TestNG.run(TestNG.java:1031)
	at org.apache.maven.surefire.testng.TestNGExecutor.run(TestNGExecutor.java:284)
	at org.apache.maven.surefire.testng.TestNGXmlTestSuite.execute(TestNGXmlTestSuite.java:75)
	at org.apache.maven.surefire.testng.TestNGProvider.invoke(TestNGProvider.java:119)
	at org.apache.maven.surefire.booter.ForkedBooter.runSuitesInProcess(ForkedBooter.java:428)
	at org.apache.maven.surefire.booter.ForkedBooter.execute(ForkedBooter.java:162)
	at org.apache.maven.surefire.booter.ForkedBooter.run(ForkedBooter.java:562)
	at org.apache.maven.surefire.booter.ForkedBooter.main(ForkedBooter.java:548)
</pre></div></td>
<td>97</td>
<td>Tests.ShopTabTests@1c1bbc4e</td></tr>
</table><p>
<table width='100%' border='1' class='invocation-passed'>
<tr><td colspan='4' align='center'><b>PASSED TESTS</b></td></tr>
<tr><td><b>Test method</b></td>
<td width="30%"><b>Exception</b></td>
<td width="10%"><b>Time (seconds)</b></td>
<td><b>Instance</b></td>
</tr>
<tr>
<td title='Tests.ShopTabTests.Verify_the_CVC_field_by_entering_4_digit_CVC_Code()'><b>Verify_the_CVC_field_by_entering_4_digit_CVC_Code</b><br>Test class: Tests.ShopTabTests<br/>
<a href="#Output-985986983" onClick='toggleBox("Output-985986983", this, "Show output", "Hide output");'>Show output</a>

<a href="#Output-985986983" onClick="toggleAllBoxes();">Show all outputs</a>
<div class='log' id="Output-985986983">
Application Launched.<br><br/>
Clicked on skip button.<br><br/>
Clicked on next button.<br><br/>
Entered Email :- sagarnandha11+1@gmail.com<br><br/>
Entered Password :- Plai@1234<br><br/>
Clicked On Login Button<br><br/>
App name is verified on login splash screen<br><br/>
Day Greeting is verified on login splash screen<br><br/>
Username with Profile Picture is verified on login splash screen<br><br/>
Welcome Greeting is verified on login splash screen<br><br/>
Clicked On PLAIers Snooker Club Banner<br><br/>
PLAIers Snooker Club Opened<br><br/>
Shop Tab Opened<br><br/>
Clicked On View All Button Of Clothing<br><br/>
Clothing List Page Is Displayed<br><br/>
Searched T-Shirt in CLP<br><br/>
Searched Product Is Displayed<br><br/>
Clicked On T-Shirt Product_Banner<br><br/>
Clicked On Buy Now Button<br><br/>
Checkout Page is Displayed<br><br/>
Clothing List Page Is Displayed<br><br/>
Clothing List Page Is Displayed<br><br/>
Name in Checkout Is Displayed : Sagar Nandha<br><br/>
Address in Checkout Is Displayed : 8 Floor, North Plaza, 801, Motera, Ahmedabad, Gujarat 380005, India<br><br/>
Proceed To Payment Button Is Displayed<br><br/>
Clicked On Proceed To Payment button<br><br/>
Sent 4 digits CVV<br><br/>
User is not able to Enter more than 3 digits<br><br/>
</div>
</td>
<td></td>
<td>70</td>
<td>Tests.ShopTabTests@1c1bbc4e</td></tr>
<tr>
<td title='Tests.ShopTabTests.Verify_the_View_All_Link_of_category()'><b>Verify_the_View_All_Link_of_category</b><br>Test class: Tests.ShopTabTests<br/>
<a href="#Output-409631917" onClick='toggleBox("Output-409631917", this, "Show output", "Hide output");'>Show output</a>

<a href="#Output-409631917" onClick="toggleAllBoxes();">Show all outputs</a>
<div class='log' id="Output-409631917">
Application Launched.<br><br/>
Clicked on skip button.<br><br/>
Clicked on next button.<br><br/>
Entered Email :- sagarnandha11+1@gmail.com<br><br/>
Entered Password :- Plai@1234<br><br/>
Clicked On Login Button<br><br/>
App name is verified on login splash screen<br><br/>
Day Greeting is verified on login splash screen<br><br/>
Username with Profile Picture is verified on login splash screen<br><br/>
Welcome Greeting is verified on login splash screen<br><br/>
Clicked On PLAIers Snooker Club Banner<br><br/>
PLAIers Snooker Club Opened<br><br/>
Shop Tab Opened<br><br/>
Clicked On View All Button Of Clothing<br><br/>
Clothing List Page Is Displayed<br><br/>
</div>
</td>
<td></td>
<td>55</td>
<td>Tests.ShopTabTests@1c1bbc4e</td></tr>
<tr>
<td title='Tests.ShopTabTests.Verify_the_Country_field_of_CHECKOUT_screen()'><b>Verify_the_Country_field_of_CHECKOUT_screen</b><br>Test class: Tests.ShopTabTests<br/>
<a href="#Output-1480408691" onClick='toggleBox("Output-1480408691", this, "Show output", "Hide output");'>Show output</a>

<a href="#Output-1480408691" onClick="toggleAllBoxes();">Show all outputs</a>
<div class='log' id="Output-1480408691">
Application Launched.<br><br/>
Clicked on skip button.<br><br/>
Clicked on next button.<br><br/>
Entered Email :- sagarnandha11+1@gmail.com<br><br/>
Entered Password :- Plai@1234<br><br/>
Clicked On Login Button<br><br/>
App name is verified on login splash screen<br><br/>
Day Greeting is verified on login splash screen<br><br/>
Username with Profile Picture is verified on login splash screen<br><br/>
Welcome Greeting is verified on login splash screen<br><br/>
Clicked On PLAIers Snooker Club Banner<br><br/>
PLAIers Snooker Club Opened<br><br/>
Shop Tab Opened<br><br/>
Clicked On View All Button Of Clothing<br><br/>
Clothing List Page Is Displayed<br><br/>
Searched T-Shirt in CLP<br><br/>
Searched Product Is Displayed<br><br/>
Clicked On T-Shirt Product_Banner<br><br/>
Clicked On Buy Now Button<br><br/>
Checkout Page is Displayed<br><br/>
Clothing List Page Is Displayed<br><br/>
Clothing List Page Is Displayed<br><br/>
Name in Checkout Is Displayed : Sagar Nandha<br><br/>
Address in Checkout Is Displayed : 8 Floor, North Plaza, 801, Motera, Ahmedabad, Gujarat 380005, India<br><br/>
Proceed To Payment Button Is Displayed<br><br/>
Clicked On Proceed To Payment button<br><br/>
Clicked On Country Dropdown<br><br/>
Selected Second Country as UAE<br><br/>
Clicked On Done BButton<br><br/>
</div>
</td>
<td></td>
<td>71</td>
<td>Tests.ShopTabTests@1c1bbc4e</td></tr>
<tr>
<td title='Tests.ShopTabTests.Verify_the_Expiration_field_of_CHECKOUT_screen()'><b>Verify_the_Expiration_field_of_CHECKOUT_screen</b><br>Test class: Tests.ShopTabTests<br/>
<a href="#Output-430009457" onClick='toggleBox("Output-430009457", this, "Show output", "Hide output");'>Show output</a>

<a href="#Output-430009457" onClick="toggleAllBoxes();">Show all outputs</a>
<div class='log' id="Output-430009457">
Application Launched.<br><br/>
Clicked on skip button.<br><br/>
Clicked on next button.<br><br/>
Entered Email :- sagarnandha11+1@gmail.com<br><br/>
Entered Password :- Plai@1234<br><br/>
Clicked On Login Button<br><br/>
App name is verified on login splash screen<br><br/>
Day Greeting is verified on login splash screen<br><br/>
Username with Profile Picture is verified on login splash screen<br><br/>
Welcome Greeting is verified on login splash screen<br><br/>
Clicked On PLAIers Snooker Club Banner<br><br/>
PLAIers Snooker Club Opened<br><br/>
Shop Tab Opened<br><br/>
Clicked On View All Button Of Clothing<br><br/>
Clothing List Page Is Displayed<br><br/>
Searched T-Shirt in CLP<br><br/>
Searched Product Is Displayed<br><br/>
Clicked On T-Shirt Product_Banner<br><br/>
Clicked On Buy Now Button<br><br/>
Checkout Page is Displayed<br><br/>
Clothing List Page Is Displayed<br><br/>
Clothing List Page Is Displayed<br><br/>
Name in Checkout Is Displayed : Sagar Nandha<br><br/>
Address in Checkout Is Displayed : 8 Floor, North Plaza, 801, Motera, Ahmedabad, Gujarat 380005, India<br><br/>
Proceed To Payment Button Is Displayed<br><br/>
Clicked On Proceed To Payment button<br><br/>
Clicked On Card Number Field<br><br/>
Date Panel for month and Year Opened<br><br/>
</div>
</td>
<td></td>
<td>68</td>
<td>Tests.ShopTabTests@1c1bbc4e</td></tr>
<tr>
<td title='Tests.ShopTabTests.Verify_the_EVENT_tab_for_Admin_banner()'><b>Verify_the_EVENT_tab_for_Admin_banner</b><br>Test class: Tests.ShopTabTests<br/>
<a href="#Output-115611061" onClick='toggleBox("Output-115611061", this, "Show output", "Hide output");'>Show output</a>

<a href="#Output-115611061" onClick="toggleAllBoxes();">Show all outputs</a>
<div class='log' id="Output-115611061">
Application Launched.<br><br/>
Clicked on skip button.<br><br/>
Clicked on next button.<br><br/>
Entered Email :- sagarnandha11+1@gmail.com<br><br/>
Entered Password :- Plai@1234<br><br/>
Clicked On Login Button<br><br/>
App name is verified on login splash screen<br><br/>
Day Greeting is verified on login splash screen<br><br/>
Username with Profile Picture is verified on login splash screen<br><br/>
Welcome Greeting is verified on login splash screen<br><br/>
Clicked On PLAIers Snooker Club Banner<br><br/>
PLAIers Snooker Club Opened<br><br/>
Shop Tab Opened<br><br/>
Search Bar Is Displayed<br><br/>
Burger Menu Is Displayed<br><br/>
Product Banner Is Displayed<br><br/>
Product Price Is Displayed<br><br/>
View All Button Is Displayed<br><br/>
</div>
</td>
<td></td>
<td>47</td>
<td>Tests.ShopTabTests@1c1bbc4e</td></tr>
<tr>
<td title='Tests.ShopTabTests.Verify_the_functionality_of_BUY_NOW_button()'><b>Verify_the_functionality_of_BUY_NOW_button</b><br>Test class: Tests.ShopTabTests<br/>
<a href="#Output-89811016" onClick='toggleBox("Output-89811016", this, "Show output", "Hide output");'>Show output</a>

<a href="#Output-89811016" onClick="toggleAllBoxes();">Show all outputs</a>
<div class='log' id="Output-89811016">
Application Launched.<br><br/>
Clicked on skip button.<br><br/>
Clicked on next button.<br><br/>
Entered Email :- sagarnandha11+1@gmail.com<br><br/>
Entered Password :- Plai@1234<br><br/>
Clicked On Login Button<br><br/>
App name is verified on login splash screen<br><br/>
Day Greeting is verified on login splash screen<br><br/>
Username with Profile Picture is verified on login splash screen<br><br/>
Welcome Greeting is verified on login splash screen<br><br/>
Clicked On PLAIers Snooker Club Banner<br><br/>
PLAIers Snooker Club Opened<br><br/>
Shop Tab Opened<br><br/>
Clicked On View All Button Of Clothing<br><br/>
Clothing List Page Is Displayed<br><br/>
Searched T-Shirt in CLP<br><br/>
Searched Product Is Displayed<br><br/>
Clicked On T-Shirt Product_Banner<br><br/>
Clicked On Buy Now Button<br><br/>
Checkout Page is Displayed<br><br/>
Clothing List Page Is Displayed<br><br/>
Clothing List Page Is Displayed<br><br/>
Name in Checkout Is Displayed : Sagar Nandha<br><br/>
Address in Checkout Is Displayed : 8 Floor, North Plaza, 801, Motera, Ahmedabad, Gujarat 380005, India<br><br/>
Proceed To Payment Button Is Displayed<br><br/>
</div>
</td>
<td></td>
<td>64</td>
<td>Tests.ShopTabTests@1c1bbc4e</td></tr>
<tr>
<td title='Tests.ShopTabTests.Verify_the_Search_bar_of_CLOTHING_screen()'><b>Verify_the_Search_bar_of_CLOTHING_screen</b><br>Test class: Tests.ShopTabTests<br/>
<a href="#Output-1871835748" onClick='toggleBox("Output-1871835748", this, "Show output", "Hide output");'>Show output</a>

<a href="#Output-1871835748" onClick="toggleAllBoxes();">Show all outputs</a>
<div class='log' id="Output-1871835748">
Application Launched.<br><br/>
Clicked on skip button.<br><br/>
Clicked on next button.<br><br/>
Entered Email :- sagarnandha11+1@gmail.com<br><br/>
Entered Password :- Plai@1234<br><br/>
Clicked On Login Button<br><br/>
App name is verified on login splash screen<br><br/>
Day Greeting is verified on login splash screen<br><br/>
Username with Profile Picture is verified on login splash screen<br><br/>
Welcome Greeting is verified on login splash screen<br><br/>
Clicked On PLAIers Snooker Club Banner<br><br/>
PLAIers Snooker Club Opened<br><br/>
Shop Tab Opened<br><br/>
Clicked On View All Button Of Clothing<br><br/>
Clothing List Page Is Displayed<br><br/>
Searched T-Shirt in CLP<br><br/>
Searched Product Is Displayed<br><br/>
</div>
</td>
<td></td>
<td>56</td>
<td>Tests.ShopTabTests@1c1bbc4e</td></tr>
<tr>
<td title='Tests.ShopTabTests.Verify_the_Expiration_field_by_entering_invalid_value()'><b>Verify_the_Expiration_field_by_entering_invalid_value</b><br>Test class: Tests.ShopTabTests<br/>
<a href="#Output-1594409085" onClick='toggleBox("Output-1594409085", this, "Show output", "Hide output");'>Show output</a>

<a href="#Output-1594409085" onClick="toggleAllBoxes();">Show all outputs</a>
<div class='log' id="Output-1594409085">
Application Launched.<br><br/>
Clicked on skip button.<br><br/>
Clicked on next button.<br><br/>
Entered Email :- sagarnandha11+1@gmail.com<br><br/>
Entered Password :- Plai@1234<br><br/>
Clicked On Login Button<br><br/>
App name is verified on login splash screen<br><br/>
Day Greeting is verified on login splash screen<br><br/>
Username with Profile Picture is verified on login splash screen<br><br/>
Welcome Greeting is verified on login splash screen<br><br/>
Clicked On PLAIers Snooker Club Banner<br><br/>
PLAIers Snooker Club Opened<br><br/>
Shop Tab Opened<br><br/>
Clicked On View All Button Of Clothing<br><br/>
Clothing List Page Is Displayed<br><br/>
Searched T-Shirt in CLP<br><br/>
Searched Product Is Displayed<br><br/>
Clicked On T-Shirt Product_Banner<br><br/>
Clicked On Buy Now Button<br><br/>
Checkout Page is Displayed<br><br/>
Clothing List Page Is Displayed<br><br/>
Clothing List Page Is Displayed<br><br/>
Name in Checkout Is Displayed : Sagar Nandha<br><br/>
Address in Checkout Is Displayed : 8 Floor, North Plaza, 801, Motera, Ahmedabad, Gujarat 380005, India<br><br/>
Proceed To Payment Button Is Displayed<br><br/>
Clicked On Proceed To Payment button<br><br/>
Clicked On Card Number Field<br><br/>
Date Panel for month and Year Opened<br><br/>
Clicked on confirm button<br><br/>
</div>
</td>
<td></td>
<td>69</td>
<td>Tests.ShopTabTests@1c1bbc4e</td></tr>
<tr>
<td title='Tests.ShopTabTests.Verify_the_Search_bar_with_Done_link_of_Country_field()'><b>Verify_the_Search_bar_with_Done_link_of_Country_field</b><br>Test class: Tests.ShopTabTests<br/>
<a href="#Output-253977526" onClick='toggleBox("Output-253977526", this, "Show output", "Hide output");'>Show output</a>

<a href="#Output-253977526" onClick="toggleAllBoxes();">Show all outputs</a>
<div class='log' id="Output-253977526">
Application Launched.<br><br/>
Clicked on skip button.<br><br/>
Clicked on next button.<br><br/>
Entered Email :- sagarnandha11+1@gmail.com<br><br/>
Entered Password :- Plai@1234<br><br/>
Clicked On Login Button<br><br/>
App name is verified on login splash screen<br><br/>
Day Greeting is verified on login splash screen<br><br/>
Username with Profile Picture is verified on login splash screen<br><br/>
Welcome Greeting is verified on login splash screen<br><br/>
Clicked On PLAIers Snooker Club Banner<br><br/>
PLAIers Snooker Club Opened<br><br/>
Shop Tab Opened<br><br/>
Clicked On View All Button Of Clothing<br><br/>
Clothing List Page Is Displayed<br><br/>
Searched T-Shirt in CLP<br><br/>
Searched Product Is Displayed<br><br/>
Clicked On T-Shirt Product_Banner<br><br/>
Clicked On Buy Now Button<br><br/>
Checkout Page is Displayed<br><br/>
Clothing List Page Is Displayed<br><br/>
Clothing List Page Is Displayed<br><br/>
Name in Checkout Is Displayed : Sagar Nandha<br><br/>
Address in Checkout Is Displayed : 8 Floor, North Plaza, 801, Motera, Ahmedabad, Gujarat 380005, India<br><br/>
Proceed To Payment Button Is Displayed<br><br/>
Clicked On Proceed To Payment button<br><br/>
Clicked On Country Dropdown<br><br/>
Selected Second Country as UAE<br><br/>
Clicked On Done BButton<br><br/>
Selected country is displayed<br><br/>
</div>
</td>
<td></td>
<td>70</td>
<td>Tests.ShopTabTests@1c1bbc4e</td></tr>
<tr>
<td title='Tests.ShopTabTests.Verify_the_banners_for_product()'><b>Verify_the_banners_for_product</b><br>Test class: Tests.ShopTabTests<br/>
<a href="#Output-1807471148" onClick='toggleBox("Output-1807471148", this, "Show output", "Hide output");'>Show output</a>

<a href="#Output-1807471148" onClick="toggleAllBoxes();">Show all outputs</a>
<div class='log' id="Output-1807471148">
Application Launched.<br><br/>
Clicked on skip button.<br><br/>
Clicked on next button.<br><br/>
Entered Email :- sagarnandha11+1@gmail.com<br><br/>
Entered Password :- Plai@1234<br><br/>
Clicked On Login Button<br><br/>
App name is verified on login splash screen<br><br/>
Day Greeting is verified on login splash screen<br><br/>
Username with Profile Picture is verified on login splash screen<br><br/>
Welcome Greeting is verified on login splash screen<br><br/>
Clicked On PLAIers Snooker Club Banner<br><br/>
PLAIers Snooker Club Opened<br><br/>
Shop Tab Opened<br><br/>
Clicked On View All Button Of Clothing<br><br/>
Clothing List Page Is Displayed<br><br/>
Searched T-Shirt in CLP<br><br/>
Searched Product Is Displayed<br><br/>
Clicked On T-Shirt Product_Banner<br><br/>
Back Button Is Displayed<br><br/>
Product Price Is Displayed<br><br/>
BUy Now button Is Displayed<br><br/>
</div>
</td>
<td></td>
<td>56</td>
<td>Tests.ShopTabTests@1c1bbc4e</td></tr>
<tr>
<td title='Tests.ShopTabTests.Verify_the_Hamburger_menu_icon()'><b>Verify_the_Hamburger_menu_icon</b><br>Test class: Tests.ShopTabTests<br/>
<a href="#Output-1884550" onClick='toggleBox("Output-1884550", this, "Show output", "Hide output");'>Show output</a>

<a href="#Output-1884550" onClick="toggleAllBoxes();">Show all outputs</a>
<div class='log' id="Output-1884550">
Application Launched.<br><br/>
Clicked on skip button.<br><br/>
Clicked on next button.<br><br/>
Entered Email :- sagarnandha11+1@gmail.com<br><br/>
Entered Password :- Plai@1234<br><br/>
Clicked On Login Button<br><br/>
App name is verified on login splash screen<br><br/>
Day Greeting is verified on login splash screen<br><br/>
Username with Profile Picture is verified on login splash screen<br><br/>
Welcome Greeting is verified on login splash screen<br><br/>
Clicked On PLAIers Snooker Club Banner<br><br/>
PLAIers Snooker Club Opened<br><br/>
Shop Tab Opened<br><br/>
Product View Switched to List<br><br/>
Product View Switched to Tiles<br><br/>
</div>
</td>
<td></td>
<td>53</td>
<td>Tests.ShopTabTests@1c1bbc4e</td></tr>
<tr>
<td title='Tests.ShopTabTests.Verify_the_Card_Number_field_of_CHECKOUT_screen()'><b>Verify_the_Card_Number_field_of_CHECKOUT_screen</b><br>Test class: Tests.ShopTabTests<br/>
<a href="#Output-271220976" onClick='toggleBox("Output-271220976", this, "Show output", "Hide output");'>Show output</a>

<a href="#Output-271220976" onClick="toggleAllBoxes();">Show all outputs</a>
<div class='log' id="Output-271220976">
Application Launched.<br><br/>
Clicked on skip button.<br><br/>
Clicked on next button.<br><br/>
Entered Email :- sagarnandha11+1@gmail.com<br><br/>
Entered Password :- Plai@1234<br><br/>
Clicked On Login Button<br><br/>
App name is verified on login splash screen<br><br/>
Day Greeting is verified on login splash screen<br><br/>
Username with Profile Picture is verified on login splash screen<br><br/>
Welcome Greeting is verified on login splash screen<br><br/>
Clicked On PLAIers Snooker Club Banner<br><br/>
PLAIers Snooker Club Opened<br><br/>
Shop Tab Opened<br><br/>
Clicked On View All Button Of Clothing<br><br/>
Clothing List Page Is Displayed<br><br/>
Searched T-Shirt in CLP<br><br/>
Searched Product Is Displayed<br><br/>
Clicked On T-Shirt Product_Banner<br><br/>
Clicked On Buy Now Button<br><br/>
Checkout Page is Displayed<br><br/>
Clothing List Page Is Displayed<br><br/>
Clothing List Page Is Displayed<br><br/>
Name in Checkout Is Displayed : Sagar Nandha<br><br/>
Address in Checkout Is Displayed : 8 Floor, North Plaza, 801, Motera, Ahmedabad, Gujarat 380005, India<br><br/>
Proceed To Payment Button Is Displayed<br><br/>
Clicked On Proceed To Payment button<br><br/>
Clicked On Card Number Field<br><br/>
</div>
</td>
<td></td>
<td>68</td>
<td>Tests.ShopTabTests@1c1bbc4e</td></tr>
<tr>
<td title='Tests.ShopTabTests.Verify_the_functionality_of_PROCEED_TO_PAYMENT_button()'><b>Verify_the_functionality_of_PROCEED_TO_PAYMENT_button</b><br>Test class: Tests.ShopTabTests<br/>
<a href="#Output-1485163098" onClick='toggleBox("Output-1485163098", this, "Show output", "Hide output");'>Show output</a>

<a href="#Output-1485163098" onClick="toggleAllBoxes();">Show all outputs</a>
<div class='log' id="Output-1485163098">
Application Launched.<br><br/>
Clicked on skip button.<br><br/>
Clicked on next button.<br><br/>
Entered Email :- sagarnandha11+1@gmail.com<br><br/>
Entered Password :- Plai@1234<br><br/>
Clicked On Login Button<br><br/>
App name is verified on login splash screen<br><br/>
Day Greeting is verified on login splash screen<br><br/>
Username with Profile Picture is verified on login splash screen<br><br/>
Welcome Greeting is verified on login splash screen<br><br/>
Clicked On PLAIers Snooker Club Banner<br><br/>
PLAIers Snooker Club Opened<br><br/>
Shop Tab Opened<br><br/>
Clicked On View All Button Of Clothing<br><br/>
Clothing List Page Is Displayed<br><br/>
Searched T-Shirt in CLP<br><br/>
Searched Product Is Displayed<br><br/>
Clicked On T-Shirt Product_Banner<br><br/>
Clicked On Buy Now Button<br><br/>
Checkout Page is Displayed<br><br/>
Clothing List Page Is Displayed<br><br/>
Clothing List Page Is Displayed<br><br/>
Name in Checkout Is Displayed : Sagar Nandha<br><br/>
Address in Checkout Is Displayed : 8 Floor, North Plaza, 801, Motera, Ahmedabad, Gujarat 380005, India<br><br/>
Proceed To Payment Button Is Displayed<br><br/>
Clicked On Proceed To Payment button<br><br/>
Card Number Field Is Displayed<br><br/>
Expiration Dropdown Is Displayed<br><br/>
CVV Field Is Displayed<br><br/>
Country Dropdown Is Displayed<br><br/>
Confirm Purchase Displayed<br><br/>
</div>
</td>
<td></td>
<td>68</td>
<td>Tests.ShopTabTests@1c1bbc4e</td></tr>
</table><p>
</body>
</html>