<html>
<head>
<title>TestNG:  SignUp Functionality : Verify user signup</title>
<link href="../testng.css" rel="stylesheet" type="text/css" />
<link href="../my-testng.css" rel="stylesheet" type="text/css" />

<style type="text/css">
.log { display: none;} 
.stack-trace { display: none;} 
</style>
<script type="text/javascript">
<!--
function flip(e) {
  current = e.style.display;
  if (current == 'block') {
    e.style.display = 'none';
    return 0;
  }
  else {
    e.style.display = 'block';
    return 1;
  }
}

function toggleBox(szDivId, elem, msg1, msg2)
{
  var res = -1;  if (document.getElementById) {
    res = flip(document.getElementById(szDivId));
  }
  else if (document.all) {
    // this is the way old msie versions work
    res = flip(document.all[szDivId]);
  }
  if(elem) {
    if(res == 0) elem.innerHTML = msg1; else elem.innerHTML = msg2;
  }

}

function toggleAllBoxes() {
  if (document.getElementsByTagName) {
    d = document.getElementsByTagName('div');
    for (i = 0; i < d.length; i++) {
      if (d[i].className == 'log') {
        flip(d[i]);
      }
    }
  }
}

// -->
</script>

</head>
<body>
<h2 align='center'>SignUp Functionality : Verify user signup</h2><table border='1' align="center">
<tr>
<td>Tests passed/Failed/Skipped:</td><td>44/7/0</td>
</tr><tr>
<td>Started on:</td><td>Tue Jan 03 19:15:55 IST 2023</td>
</tr>
<tr><td>Total time:</td><td>4080 seconds (4080217 ms)</td>
</tr><tr>
<td>Included groups:</td><td></td>
</tr><tr>
<td>Excluded groups:</td><td></td>
</tr>
</table><p/>
<small><i>(Hover the method name to see the test class name)</i></small><p/>
<table width='100%' border='1' class='invocation-failed'>
<tr><td colspan='4' align='center'><b>FAILED TESTS</b></td></tr>
<tr><td><b>Test method</b></td>
<td width="30%"><b>Exception</b></td>
<td width="10%"><b>Time (seconds)</b></td>
<td><b>Instance</b></td>
</tr>
<tr>
<td title='Tests.SignUpTests.Verify_the_Gallery_option()'><b>Verify_the_Gallery_option</b><br>Test class: Tests.SignUpTests<br/>
<a href="#Output-197678392" onClick='toggleBox("Output-197678392", this, "Show output", "Hide output");'>Show output</a>

<a href="#Output-197678392" onClick="toggleAllBoxes();">Show all outputs</a>
<div class='log' id="Output-197678392">
Application Launched.<br><br/>
Clicked on skip button.<br><br/>
Clicked on next button.<br><br/>
Clicked on signup button.<br><br/>
Clicked on first name field.<br><br/>
Entered first name:-douip.<br><br/>
Clicked on last name field.<br><br/>
Entered last name:-yybfr.<br><br/>
Entered valid email:-.xptj@gmail.com<br><br/>
Entered password:-Test@123<br><br/>
Entered confirm password.Test@123<br><br/>
Next button is clicked.<br><br/>
Done link is verified.<br><br/>
Search bar is verified.<br><br/>
Default country is:-Andorra<br><br/>
Country is verified with dropdown.<br><br/>
Clicked on Mobile number field.<br><br/>
Entered mobile number is:-9432673481<br><br/>
Clicked on DOB field.<br><br/>
Clicked on cancel button.<br><br/>
Calender is closed.<br><br/>
Next button is clicked.<br><br/>
Verify one sport from dropdown.<br><br/>
Next button is clicked.<br><br/>
UPLOAD PHOTO button is verified.<br><br/>
Clicked on upload photo button.<br><br/>
Clicked on gallery button.<br><br/>
</div>
</td>
<td><div><pre>org.openqa.selenium.NoSuchElementException: An element could not be located on the page using the given search parameters.
For documentation on this error, please visit: https://www.seleniumhq.org/exceptions/no_such_element.html
Build info: version: &apos;3.141.59&apos;, revision: &apos;e82be7d358&apos;, time: &apos;2018-11-14T08:17:03&apos;
System info: host: &apos;Admins-MacBook-Pro.local&apos;, ip: &apos;fe80:0:0:0:8f:c148:5c9e:6494%en0&apos;, os.name: &apos;Mac OS X&apos;, os.arch: &apos;x86_64&apos;, os.version: &apos;12.4&apos;, java.version: &apos;19.0.1&apos;
Driver info: io.appium.java_client.android.AndroidDriver
Capabilities {app: /Users/admin/Desktop/Plai_M..., appPackage: com.app.plaisports, autoAcceptAlerts: true, autoGrantPermissions: true, automationName: UiAutomator2, databaseEnabled: false, desired: {app: /Users/admin/Desktop/Plai_M..., autoAcceptAlerts: true, autoGrantPermissions: true, automationName: UiAutomator2, deviceName: 25e4e5308f0d7ece, platformName: android, platformVersion: 10, resetKeyboard: false, unicodeKeyboard: false}, deviceApiLevel: 29, deviceManufacturer: samsung, deviceModel: SM-N960F, deviceName: 25e4e5308f0d7ece, deviceScreenDensity: 420, deviceScreenSize: 1080x2220, deviceUDID: 25e4e5308f0d7ece, javascriptEnabled: true, locationContextEnabled: false, networkConnectionEnabled: true, pixelRatio: 2.625, platform: LINUX, platformName: android, platformVersion: 10, resetKeyboard: false, statBarHeight: 63, takesScreenshot: true, unicodeKeyboard: false, viewportRect: {height: 2031, left: 0, top: 63, width: 1080}, warnings: {}, webStorageEnabled: false}
Session ID: a6790a50-11df-474c-96ce-ae9d08a280da
*** Element info: {Using=xpath, value=//android.widget.LinearLayout[@content-desc=&quot;Test.jpg, 3.75 MB, 21 Dec&quot;]}
	at java.base/jdk.internal.reflect.DirectConstructorHandleAccessor.newInstance(DirectConstructorHandleAccessor.java:67)
	at java.base/java.lang.reflect.Constructor.newInstanceWithCaller(Constructor.java:500)
	at java.base/java.lang.reflect.Constructor.newInstance(Constructor.java:484)
	at org.openqa.selenium.remote.http.W3CHttpResponseCodec.createException(W3CHttpResponseCodec.java:187)
	at org.openqa.selenium.remote.http.W3CHttpResponseCodec.decode(W3CHttpResponseCodec.java:122)
	at org.openqa.selenium.remote.http.W3CHttpResponseCodec.decode(W3CHttpResponseCodec.java:49)
	at org.openqa.selenium.remote.HttpCommandExecutor.execute(HttpCommandExecutor.java:158)
	at io.appium.java_client.remote.AppiumCommandExecutor.execute(AppiumCommandExecutor.java:247)
	at org.openqa.selenium.remote.RemoteWebDriver.execute(RemoteWebDriver.java:552)
	at io.appium.java_client.DefaultGenericMobileDriver.execute(DefaultGenericMobileDriver.java:41)
	at io.appium.java_client.AppiumDriver.execute(AppiumDriver.java:1)
	at io.appium.java_client.android.AndroidDriver.execute(AndroidDriver.java:1)
	at org.openqa.selenium.remote.RemoteWebDriver.findElement(RemoteWebDriver.java:323)
	at io.appium.java_client.DefaultGenericMobileDriver.findElement(DefaultGenericMobileDriver.java:61)
	at io.appium.java_client.AppiumDriver.findElement(AppiumDriver.java:1)
	at io.appium.java_client.android.AndroidDriver.findElement(AndroidDriver.java:1)
	at org.openqa.selenium.remote.RemoteWebDriver.findElementByXPath(RemoteWebDriver.java:428)
	at io.appium.java_client.DefaultGenericMobileDriver.findElementByXPath(DefaultGenericMobileDriver.java:151)
	at io.appium.java_client.AppiumDriver.findElementByXPath(AppiumDriver.java:1)
	at io.appium.java_client.android.AndroidDriver.findElementByXPath(AndroidDriver.java:1)
	at org.openqa.selenium.By$ByXPath.findElement(By.java:353)
	at org.openqa.selenium.remote.RemoteWebDriver.findElement(RemoteWebDriver.java:315)
	at io.appium.java_client.DefaultGenericMobileDriver.findElement(DefaultGenericMobileDriver.java:57)
	at io.appium.java_client.AppiumDriver.findElement(AppiumDriver.java:1)
	at io.appium.java_client.android.AndroidDriver.findElement(AndroidDriver.java:1)
	at Pages.SignUpPage.Verify_Gallery_App_Opened(SignUpPage.java:768)
	at Tests.SignUpTests.Verify_the_Gallery_option(SignUpTests.java:886)
	at java.base/jdk.internal.reflect.DirectMethodHandleAccessor.invoke(DirectMethodHandleAccessor.java:104)
	at java.base/java.lang.reflect.Method.invoke(Method.java:578)
	at org.testng.internal.MethodInvocationHelper.invokeMethod(MethodInvocationHelper.java:133)
	at org.testng.internal.TestInvoker.invokeMethod(TestInvoker.java:598)
	at org.testng.internal.TestInvoker.invokeTestMethod(TestInvoker.java:173)
	at org.testng.internal.MethodRunner.runInSequence(MethodRunner.java:46)
	at org.testng.internal.TestInvoker$MethodInvocationAgent.invoke(TestInvoker.java:824)
	at org.testng.internal.TestInvoker.invokeTestMethods(TestInvoker.java:146)
	at org.testng.internal.TestMethodWorker.invokeTestMethods(TestMethodWorker.java:146)
	at org.testng.internal.TestMethodWorker.run(TestMethodWorker.java:128)
	at java.base/java.util.ArrayList.forEach(ArrayList.java:1511)
	at org.testng.TestRunner.privateRun(TestRunner.java:794)
	at org.testng.TestRunner.run(TestRunner.java:596)
	at org.testng.SuiteRunner.runTest(SuiteRunner.java:377)
	at org.testng.SuiteRunner.runSequentially(SuiteRunner.java:371)
	at org.testng.SuiteRunner.privateRun(SuiteRunner.java:332)
	at org.testng.SuiteRunner.run(SuiteRunner.java:276)
	at org.testng.SuiteRunnerWorker.runSuite(SuiteRunnerWorker.java:53)
	at org.testng.SuiteRunnerWorker.run(SuiteRunnerWorker.java:96)
	at org.testng.TestNG.runSuitesSequentially(TestNG.java:1212)
	at org.testng.TestNG.runSuitesLocally(TestNG.java:1134)
	at org.testng.TestNG.runSuites(TestNG.java:1063)
	at org.testng.TestNG.run(TestNG.java:1031)
	at org.apache.maven.surefire.testng.TestNGExecutor.run(TestNGExecutor.java:284)
	at org.apache.maven.surefire.testng.TestNGXmlTestSuite.execute(TestNGXmlTestSuite.java:75)
	at org.apache.maven.surefire.testng.TestNGProvider.invoke(TestNGProvider.java:119)
	at org.apache.maven.surefire.booter.ForkedBooter.runSuitesInProcess(ForkedBooter.java:428)
	at org.apache.maven.surefire.booter.ForkedBooter.execute(ForkedBooter.java:162)
	at org.apache.maven.surefire.booter.ForkedBooter.run(ForkedBooter.java:562)
	at org.apache.maven.surefire.booter.ForkedBooter.main(ForkedBooter.java:548)
</pre></div><a href='#' onClick='toggleBox("stack-trace197678392", this, "Click to show all stack frames", "Click to hide stack frames")'>Click to show all stack frames</a>
<div class='stack-trace' id='stack-trace197678392'><pre>org.openqa.selenium.NoSuchElementException: An element could not be located on the page using the given search parameters.
For documentation on this error, please visit: https://www.seleniumhq.org/exceptions/no_such_element.html
Build info: version: &apos;3.141.59&apos;, revision: &apos;e82be7d358&apos;, time: &apos;2018-11-14T08:17:03&apos;
System info: host: &apos;Admins-MacBook-Pro.local&apos;, ip: &apos;fe80:0:0:0:8f:c148:5c9e:6494%en0&apos;, os.name: &apos;Mac OS X&apos;, os.arch: &apos;x86_64&apos;, os.version: &apos;12.4&apos;, java.version: &apos;19.0.1&apos;
Driver info: io.appium.java_client.android.AndroidDriver
Capabilities {app: /Users/admin/Desktop/Plai_M..., appPackage: com.app.plaisports, autoAcceptAlerts: true, autoGrantPermissions: true, automationName: UiAutomator2, databaseEnabled: false, desired: {app: /Users/admin/Desktop/Plai_M..., autoAcceptAlerts: true, autoGrantPermissions: true, automationName: UiAutomator2, deviceName: 25e4e5308f0d7ece, platformName: android, platformVersion: 10, resetKeyboard: false, unicodeKeyboard: false}, deviceApiLevel: 29, deviceManufacturer: samsung, deviceModel: SM-N960F, deviceName: 25e4e5308f0d7ece, deviceScreenDensity: 420, deviceScreenSize: 1080x2220, deviceUDID: 25e4e5308f0d7ece, javascriptEnabled: true, locationContextEnabled: false, networkConnectionEnabled: true, pixelRatio: 2.625, platform: LINUX, platformName: android, platformVersion: 10, resetKeyboard: false, statBarHeight: 63, takesScreenshot: true, unicodeKeyboard: false, viewportRect: {height: 2031, left: 0, top: 63, width: 1080}, warnings: {}, webStorageEnabled: false}
Session ID: a6790a50-11df-474c-96ce-ae9d08a280da
*** Element info: {Using=xpath, value=//android.widget.LinearLayout[@content-desc=&quot;Test.jpg, 3.75 MB, 21 Dec&quot;]}
	at java.base/jdk.internal.reflect.DirectConstructorHandleAccessor.newInstance(DirectConstructorHandleAccessor.java:67)
	at java.base/java.lang.reflect.Constructor.newInstanceWithCaller(Constructor.java:500)
	at java.base/java.lang.reflect.Constructor.newInstance(Constructor.java:484)
	at org.openqa.selenium.remote.http.W3CHttpResponseCodec.createException(W3CHttpResponseCodec.java:187)
	at org.openqa.selenium.remote.http.W3CHttpResponseCodec.decode(W3CHttpResponseCodec.java:122)
	at org.openqa.selenium.remote.http.W3CHttpResponseCodec.decode(W3CHttpResponseCodec.java:49)
	at org.openqa.selenium.remote.HttpCommandExecutor.execute(HttpCommandExecutor.java:158)
	at io.appium.java_client.remote.AppiumCommandExecutor.execute(AppiumCommandExecutor.java:247)
	at org.openqa.selenium.remote.RemoteWebDriver.execute(RemoteWebDriver.java:552)
	at io.appium.java_client.DefaultGenericMobileDriver.execute(DefaultGenericMobileDriver.java:41)
	at io.appium.java_client.AppiumDriver.execute(AppiumDriver.java:1)
	at io.appium.java_client.android.AndroidDriver.execute(AndroidDriver.java:1)
	at org.openqa.selenium.remote.RemoteWebDriver.findElement(RemoteWebDriver.java:323)
	at io.appium.java_client.DefaultGenericMobileDriver.findElement(DefaultGenericMobileDriver.java:61)
	at io.appium.java_client.AppiumDriver.findElement(AppiumDriver.java:1)
	at io.appium.java_client.android.AndroidDriver.findElement(AndroidDriver.java:1)
	at org.openqa.selenium.remote.RemoteWebDriver.findElementByXPath(RemoteWebDriver.java:428)
	at io.appium.java_client.DefaultGenericMobileDriver.findElementByXPath(DefaultGenericMobileDriver.java:151)
	at io.appium.java_client.AppiumDriver.findElementByXPath(AppiumDriver.java:1)
	at io.appium.java_client.android.AndroidDriver.findElementByXPath(AndroidDriver.java:1)
	at org.openqa.selenium.By$ByXPath.findElement(By.java:353)
	at org.openqa.selenium.remote.RemoteWebDriver.findElement(RemoteWebDriver.java:315)
	at io.appium.java_client.DefaultGenericMobileDriver.findElement(DefaultGenericMobileDriver.java:57)
	at io.appium.java_client.AppiumDriver.findElement(AppiumDriver.java:1)
	at io.appium.java_client.android.AndroidDriver.findElement(AndroidDriver.java:1)
	at Pages.SignUpPage.Verify_Gallery_App_Opened(SignUpPage.java:768)
	at Tests.SignUpTests.Verify_the_Gallery_option(SignUpTests.java:886)
	at java.base/jdk.internal.reflect.DirectMethodHandleAccessor.invoke(DirectMethodHandleAccessor.java:104)
	at java.base/java.lang.reflect.Method.invoke(Method.java:578)
	at org.testng.internal.MethodInvocationHelper.invokeMethod(MethodInvocationHelper.java:133)
	at org.testng.internal.TestInvoker.invokeMethod(TestInvoker.java:598)
	at org.testng.internal.TestInvoker.invokeTestMethod(TestInvoker.java:173)
	at org.testng.internal.MethodRunner.runInSequence(MethodRunner.java:46)
	at org.testng.internal.TestInvoker$MethodInvocationAgent.invoke(TestInvoker.java:824)
	at org.testng.internal.TestInvoker.invokeTestMethods(TestInvoker.java:146)
	at org.testng.internal.TestMethodWorker.invokeTestMethods(TestMethodWorker.java:146)
	at org.testng.internal.TestMethodWorker.run(TestMethodWorker.java:128)
	at java.base/java.util.ArrayList.forEach(ArrayList.java:1511)
	at org.testng.TestRunner.privateRun(TestRunner.java:794)
	at org.testng.TestRunner.run(TestRunner.java:596)
	at org.testng.SuiteRunner.runTest(SuiteRunner.java:377)
	at org.testng.SuiteRunner.runSequentially(SuiteRunner.java:371)
	at org.testng.SuiteRunner.privateRun(SuiteRunner.java:332)
	at org.testng.SuiteRunner.run(SuiteRunner.java:276)
	at org.testng.SuiteRunnerWorker.runSuite(SuiteRunnerWorker.java:53)
	at org.testng.SuiteRunnerWorker.run(SuiteRunnerWorker.java:96)
	at org.testng.TestNG.runSuitesSequentially(TestNG.java:1212)
	at org.testng.TestNG.runSuitesLocally(TestNG.java:1134)
	at org.testng.TestNG.runSuites(TestNG.java:1063)
	at org.testng.TestNG.run(TestNG.java:1031)
	at org.apache.maven.surefire.testng.TestNGExecutor.run(TestNGExecutor.java:284)
	at org.apache.maven.surefire.testng.TestNGXmlTestSuite.execute(TestNGXmlTestSuite.java:75)
	at org.apache.maven.surefire.testng.TestNGProvider.invoke(TestNGProvider.java:119)
	at org.apache.maven.surefire.booter.ForkedBooter.runSuitesInProcess(ForkedBooter.java:428)
	at org.apache.maven.surefire.booter.ForkedBooter.execute(ForkedBooter.java:162)
	at org.apache.maven.surefire.booter.ForkedBooter.run(ForkedBooter.java:562)
	at org.apache.maven.surefire.booter.ForkedBooter.main(ForkedBooter.java:548)
</pre></div></td>
<td>109</td>
<td>Tests.SignUpTests@55183b20</td></tr>
<tr>
<td title='Tests.SignUpTests.Verify_the_Password_field_by_entering_8_characters()'><b>Verify_the_Password_field_by_entering_8_characters</b><br>Test class: Tests.SignUpTests<br/>
<a href="#Output-1816326817" onClick='toggleBox("Output-1816326817", this, "Show output", "Hide output");'>Show output</a>

<a href="#Output-1816326817" onClick="toggleAllBoxes();">Show all outputs</a>
<div class='log' id="Output-1816326817">
Application Launched.<br><br/>
</div>
</td>
<td><div><pre>org.openqa.selenium.NoSuchElementException: An element could not be located on the page using the given search parameters.
For documentation on this error, please visit: https://www.seleniumhq.org/exceptions/no_such_element.html
Build info: version: &apos;3.141.59&apos;, revision: &apos;e82be7d358&apos;, time: &apos;2018-11-14T08:17:03&apos;
System info: host: &apos;Admins-MacBook-Pro.local&apos;, ip: &apos;fe80:0:0:0:8f:c148:5c9e:6494%en0&apos;, os.name: &apos;Mac OS X&apos;, os.arch: &apos;x86_64&apos;, os.version: &apos;12.4&apos;, java.version: &apos;19.0.1&apos;
Driver info: io.appium.java_client.android.AndroidDriver
Capabilities {app: /Users/admin/Desktop/Plai_M..., appPackage: com.app.plaisports, autoAcceptAlerts: true, autoGrantPermissions: true, automationName: UiAutomator2, databaseEnabled: false, desired: {app: /Users/admin/Desktop/Plai_M..., autoAcceptAlerts: true, autoGrantPermissions: true, automationName: UiAutomator2, deviceName: 25e4e5308f0d7ece, platformName: android, platformVersion: 10, resetKeyboard: false, unicodeKeyboard: false}, deviceApiLevel: 29, deviceManufacturer: samsung, deviceModel: SM-N960F, deviceName: 25e4e5308f0d7ece, deviceScreenDensity: 420, deviceScreenSize: 1080x2220, deviceUDID: 25e4e5308f0d7ece, javascriptEnabled: true, locationContextEnabled: false, networkConnectionEnabled: true, pixelRatio: 2.625, platform: LINUX, platformName: android, platformVersion: 10, resetKeyboard: false, statBarHeight: 63, takesScreenshot: true, unicodeKeyboard: false, viewportRect: {height: 2031, left: 0, top: 63, width: 1080}, warnings: {}, webStorageEnabled: false}
Session ID: f7313d4a-a0b3-4bda-b2b9-e0d3a0e65b01
*** Element info: {Using=xpath, value=//android.view.View/android.view.View[2]/android.widget.Button}
	at java.base/jdk.internal.reflect.DirectConstructorHandleAccessor.newInstance(DirectConstructorHandleAccessor.java:67)
	at java.base/java.lang.reflect.Constructor.newInstanceWithCaller(Constructor.java:500)
	at java.base/java.lang.reflect.Constructor.newInstance(Constructor.java:484)
	at org.openqa.selenium.remote.http.W3CHttpResponseCodec.createException(W3CHttpResponseCodec.java:187)
	at org.openqa.selenium.remote.http.W3CHttpResponseCodec.decode(W3CHttpResponseCodec.java:122)
	at org.openqa.selenium.remote.http.W3CHttpResponseCodec.decode(W3CHttpResponseCodec.java:49)
	at org.openqa.selenium.remote.HttpCommandExecutor.execute(HttpCommandExecutor.java:158)
	at io.appium.java_client.remote.AppiumCommandExecutor.execute(AppiumCommandExecutor.java:247)
	at org.openqa.selenium.remote.RemoteWebDriver.execute(RemoteWebDriver.java:552)
	at io.appium.java_client.DefaultGenericMobileDriver.execute(DefaultGenericMobileDriver.java:41)
	at io.appium.java_client.AppiumDriver.execute(AppiumDriver.java:1)
	at io.appium.java_client.android.AndroidDriver.execute(AndroidDriver.java:1)
	at org.openqa.selenium.remote.RemoteWebDriver.findElement(RemoteWebDriver.java:323)
	at io.appium.java_client.DefaultGenericMobileDriver.findElement(DefaultGenericMobileDriver.java:61)
	at io.appium.java_client.AppiumDriver.findElement(AppiumDriver.java:1)
	at io.appium.java_client.android.AndroidDriver.findElement(AndroidDriver.java:1)
	at org.openqa.selenium.remote.RemoteWebDriver.findElementByXPath(RemoteWebDriver.java:428)
	at io.appium.java_client.DefaultGenericMobileDriver.findElementByXPath(DefaultGenericMobileDriver.java:151)
	at io.appium.java_client.AppiumDriver.findElementByXPath(AppiumDriver.java:1)
	at io.appium.java_client.android.AndroidDriver.findElementByXPath(AndroidDriver.java:1)
	at org.openqa.selenium.By$ByXPath.findElement(By.java:353)
	at org.openqa.selenium.remote.RemoteWebDriver.findElement(RemoteWebDriver.java:315)
	at io.appium.java_client.DefaultGenericMobileDriver.findElement(DefaultGenericMobileDriver.java:57)
	at io.appium.java_client.AppiumDriver.findElement(AppiumDriver.java:1)
	at io.appium.java_client.android.AndroidDriver.findElement(AndroidDriver.java:1)
	at Pages.LaunchAppPage.click_on_skip_button(LaunchAppPage.java:33)
	at Tests.SignUpTests.Verify_the_Password_field_by_entering_8_characters(SignUpTests.java:139)
	at java.base/jdk.internal.reflect.DirectMethodHandleAccessor.invoke(DirectMethodHandleAccessor.java:104)
	at java.base/java.lang.reflect.Method.invoke(Method.java:578)
	at org.testng.internal.MethodInvocationHelper.invokeMethod(MethodInvocationHelper.java:133)
	at org.testng.internal.TestInvoker.invokeMethod(TestInvoker.java:598)
	at org.testng.internal.TestInvoker.invokeTestMethod(TestInvoker.java:173)
	at org.testng.internal.MethodRunner.runInSequence(MethodRunner.java:46)
	at org.testng.internal.TestInvoker$MethodInvocationAgent.invoke(TestInvoker.java:824)
	at org.testng.internal.TestInvoker.invokeTestMethods(TestInvoker.java:146)
	at org.testng.internal.TestMethodWorker.invokeTestMethods(TestMethodWorker.java:146)
	at org.testng.internal.TestMethodWorker.run(TestMethodWorker.java:128)
	at java.base/java.util.ArrayList.forEach(ArrayList.java:1511)
	at org.testng.TestRunner.privateRun(TestRunner.java:794)
	at org.testng.TestRunner.run(TestRunner.java:596)
	at org.testng.SuiteRunner.runTest(SuiteRunner.java:377)
	at org.testng.SuiteRunner.runSequentially(SuiteRunner.java:371)
	at org.testng.SuiteRunner.privateRun(SuiteRunner.java:332)
	at org.testng.SuiteRunner.run(SuiteRunner.java:276)
	at org.testng.SuiteRunnerWorker.runSuite(SuiteRunnerWorker.java:53)
	at org.testng.SuiteRunnerWorker.run(SuiteRunnerWorker.java:96)
	at org.testng.TestNG.runSuitesSequentially(TestNG.java:1212)
	at org.testng.TestNG.runSuitesLocally(TestNG.java:1134)
	at org.testng.TestNG.runSuites(TestNG.java:1063)
	at org.testng.TestNG.run(TestNG.java:1031)
	at org.apache.maven.surefire.testng.TestNGExecutor.run(TestNGExecutor.java:284)
	at org.apache.maven.surefire.testng.TestNGXmlTestSuite.execute(TestNGXmlTestSuite.java:75)
	at org.apache.maven.surefire.testng.TestNGProvider.invoke(TestNGProvider.java:119)
	at org.apache.maven.surefire.booter.ForkedBooter.runSuitesInProcess(ForkedBooter.java:428)
	at org.apache.maven.surefire.booter.ForkedBooter.execute(ForkedBooter.java:162)
	at org.apache.maven.surefire.booter.ForkedBooter.run(ForkedBooter.java:562)
	at org.apache.maven.surefire.booter.ForkedBooter.main(ForkedBooter.java:548)
</pre></div><a href='#' onClick='toggleBox("stack-trace1816326817", this, "Click to show all stack frames", "Click to hide stack frames")'>Click to show all stack frames</a>
<div class='stack-trace' id='stack-trace1816326817'><pre>org.openqa.selenium.NoSuchElementException: An element could not be located on the page using the given search parameters.
For documentation on this error, please visit: https://www.seleniumhq.org/exceptions/no_such_element.html
Build info: version: &apos;3.141.59&apos;, revision: &apos;e82be7d358&apos;, time: &apos;2018-11-14T08:17:03&apos;
System info: host: &apos;Admins-MacBook-Pro.local&apos;, ip: &apos;fe80:0:0:0:8f:c148:5c9e:6494%en0&apos;, os.name: &apos;Mac OS X&apos;, os.arch: &apos;x86_64&apos;, os.version: &apos;12.4&apos;, java.version: &apos;19.0.1&apos;
Driver info: io.appium.java_client.android.AndroidDriver
Capabilities {app: /Users/admin/Desktop/Plai_M..., appPackage: com.app.plaisports, autoAcceptAlerts: true, autoGrantPermissions: true, automationName: UiAutomator2, databaseEnabled: false, desired: {app: /Users/admin/Desktop/Plai_M..., autoAcceptAlerts: true, autoGrantPermissions: true, automationName: UiAutomator2, deviceName: 25e4e5308f0d7ece, platformName: android, platformVersion: 10, resetKeyboard: false, unicodeKeyboard: false}, deviceApiLevel: 29, deviceManufacturer: samsung, deviceModel: SM-N960F, deviceName: 25e4e5308f0d7ece, deviceScreenDensity: 420, deviceScreenSize: 1080x2220, deviceUDID: 25e4e5308f0d7ece, javascriptEnabled: true, locationContextEnabled: false, networkConnectionEnabled: true, pixelRatio: 2.625, platform: LINUX, platformName: android, platformVersion: 10, resetKeyboard: false, statBarHeight: 63, takesScreenshot: true, unicodeKeyboard: false, viewportRect: {height: 2031, left: 0, top: 63, width: 1080}, warnings: {}, webStorageEnabled: false}
Session ID: f7313d4a-a0b3-4bda-b2b9-e0d3a0e65b01
*** Element info: {Using=xpath, value=//android.view.View/android.view.View[2]/android.widget.Button}
	at java.base/jdk.internal.reflect.DirectConstructorHandleAccessor.newInstance(DirectConstructorHandleAccessor.java:67)
	at java.base/java.lang.reflect.Constructor.newInstanceWithCaller(Constructor.java:500)
	at java.base/java.lang.reflect.Constructor.newInstance(Constructor.java:484)
	at org.openqa.selenium.remote.http.W3CHttpResponseCodec.createException(W3CHttpResponseCodec.java:187)
	at org.openqa.selenium.remote.http.W3CHttpResponseCodec.decode(W3CHttpResponseCodec.java:122)
	at org.openqa.selenium.remote.http.W3CHttpResponseCodec.decode(W3CHttpResponseCodec.java:49)
	at org.openqa.selenium.remote.HttpCommandExecutor.execute(HttpCommandExecutor.java:158)
	at io.appium.java_client.remote.AppiumCommandExecutor.execute(AppiumCommandExecutor.java:247)
	at org.openqa.selenium.remote.RemoteWebDriver.execute(RemoteWebDriver.java:552)
	at io.appium.java_client.DefaultGenericMobileDriver.execute(DefaultGenericMobileDriver.java:41)
	at io.appium.java_client.AppiumDriver.execute(AppiumDriver.java:1)
	at io.appium.java_client.android.AndroidDriver.execute(AndroidDriver.java:1)
	at org.openqa.selenium.remote.RemoteWebDriver.findElement(RemoteWebDriver.java:323)
	at io.appium.java_client.DefaultGenericMobileDriver.findElement(DefaultGenericMobileDriver.java:61)
	at io.appium.java_client.AppiumDriver.findElement(AppiumDriver.java:1)
	at io.appium.java_client.android.AndroidDriver.findElement(AndroidDriver.java:1)
	at org.openqa.selenium.remote.RemoteWebDriver.findElementByXPath(RemoteWebDriver.java:428)
	at io.appium.java_client.DefaultGenericMobileDriver.findElementByXPath(DefaultGenericMobileDriver.java:151)
	at io.appium.java_client.AppiumDriver.findElementByXPath(AppiumDriver.java:1)
	at io.appium.java_client.android.AndroidDriver.findElementByXPath(AndroidDriver.java:1)
	at org.openqa.selenium.By$ByXPath.findElement(By.java:353)
	at org.openqa.selenium.remote.RemoteWebDriver.findElement(RemoteWebDriver.java:315)
	at io.appium.java_client.DefaultGenericMobileDriver.findElement(DefaultGenericMobileDriver.java:57)
	at io.appium.java_client.AppiumDriver.findElement(AppiumDriver.java:1)
	at io.appium.java_client.android.AndroidDriver.findElement(AndroidDriver.java:1)
	at Pages.LaunchAppPage.click_on_skip_button(LaunchAppPage.java:33)
	at Tests.SignUpTests.Verify_the_Password_field_by_entering_8_characters(SignUpTests.java:139)
	at java.base/jdk.internal.reflect.DirectMethodHandleAccessor.invoke(DirectMethodHandleAccessor.java:104)
	at java.base/java.lang.reflect.Method.invoke(Method.java:578)
	at org.testng.internal.MethodInvocationHelper.invokeMethod(MethodInvocationHelper.java:133)
	at org.testng.internal.TestInvoker.invokeMethod(TestInvoker.java:598)
	at org.testng.internal.TestInvoker.invokeTestMethod(TestInvoker.java:173)
	at org.testng.internal.MethodRunner.runInSequence(MethodRunner.java:46)
	at org.testng.internal.TestInvoker$MethodInvocationAgent.invoke(TestInvoker.java:824)
	at org.testng.internal.TestInvoker.invokeTestMethods(TestInvoker.java:146)
	at org.testng.internal.TestMethodWorker.invokeTestMethods(TestMethodWorker.java:146)
	at org.testng.internal.TestMethodWorker.run(TestMethodWorker.java:128)
	at java.base/java.util.ArrayList.forEach(ArrayList.java:1511)
	at org.testng.TestRunner.privateRun(TestRunner.java:794)
	at org.testng.TestRunner.run(TestRunner.java:596)
	at org.testng.SuiteRunner.runTest(SuiteRunner.java:377)
	at org.testng.SuiteRunner.runSequentially(SuiteRunner.java:371)
	at org.testng.SuiteRunner.privateRun(SuiteRunner.java:332)
	at org.testng.SuiteRunner.run(SuiteRunner.java:276)
	at org.testng.SuiteRunnerWorker.runSuite(SuiteRunnerWorker.java:53)
	at org.testng.SuiteRunnerWorker.run(SuiteRunnerWorker.java:96)
	at org.testng.TestNG.runSuitesSequentially(TestNG.java:1212)
	at org.testng.TestNG.runSuitesLocally(TestNG.java:1134)
	at org.testng.TestNG.runSuites(TestNG.java:1063)
	at org.testng.TestNG.run(TestNG.java:1031)
	at org.apache.maven.surefire.testng.TestNGExecutor.run(TestNGExecutor.java:284)
	at org.apache.maven.surefire.testng.TestNGXmlTestSuite.execute(TestNGXmlTestSuite.java:75)
	at org.apache.maven.surefire.testng.TestNGProvider.invoke(TestNGProvider.java:119)
	at org.apache.maven.surefire.booter.ForkedBooter.runSuitesInProcess(ForkedBooter.java:428)
	at org.apache.maven.surefire.booter.ForkedBooter.execute(ForkedBooter.java:162)
	at org.apache.maven.surefire.booter.ForkedBooter.run(ForkedBooter.java:562)
	at org.apache.maven.surefire.booter.ForkedBooter.main(ForkedBooter.java:548)
</pre></div></td>
<td>37</td>
<td>Tests.SignUpTests@55183b20</td></tr>
<tr>
<td title='Tests.SignUpTests.Verify_the_functionality_of_Flip_icon()'><b>Verify_the_functionality_of_Flip_icon</b><br>Test class: Tests.SignUpTests<br/>
<a href="#Output-1400469930" onClick='toggleBox("Output-1400469930", this, "Show output", "Hide output");'>Show output</a>

<a href="#Output-1400469930" onClick="toggleAllBoxes();">Show all outputs</a>
<div class='log' id="Output-1400469930">
Application Launched.<br><br/>
Clicked on skip button.<br><br/>
Clicked on next button.<br><br/>
Clicked on signup button.<br><br/>
Clicked on first name field.<br><br/>
Entered first name:-snsqk.<br><br/>
Clicked on last name field.<br><br/>
Entered last name:-pcrkq.<br><br/>
Entered valid email:-.fczj@gmail.com<br><br/>
Entered password:-Test@123<br><br/>
Entered confirm password.Test@123<br><br/>
Next button is clicked.<br><br/>
Done link is verified.<br><br/>
Search bar is verified.<br><br/>
Default country is:-Andorra<br><br/>
Country is verified with dropdown.<br><br/>
Clicked on Mobile number field.<br><br/>
Entered mobile number is:-9432673481<br><br/>
Clicked on DOB field.<br><br/>
Clicked on cancel button.<br><br/>
Calender is closed.<br><br/>
Next button is clicked.<br><br/>
Verify one sport from dropdown.<br><br/>
Next button is clicked.<br><br/>
UPLOAD PHOTO button is verified.<br><br/>
Clicked on upload photo button.<br><br/>
Clicked on gallery button.<br><br/>
</div>
</td>
<td><div><pre>org.openqa.selenium.NoSuchElementException: An element could not be located on the page using the given search parameters.
For documentation on this error, please visit: https://www.seleniumhq.org/exceptions/no_such_element.html
Build info: version: &apos;3.141.59&apos;, revision: &apos;e82be7d358&apos;, time: &apos;2018-11-14T08:17:03&apos;
System info: host: &apos;Admins-MacBook-Pro.local&apos;, ip: &apos;fe80:0:0:0:8f:c148:5c9e:6494%en0&apos;, os.name: &apos;Mac OS X&apos;, os.arch: &apos;x86_64&apos;, os.version: &apos;12.4&apos;, java.version: &apos;19.0.1&apos;
Driver info: io.appium.java_client.android.AndroidDriver
Capabilities {app: /Users/admin/Desktop/Plai_M..., appPackage: com.app.plaisports, autoAcceptAlerts: true, autoGrantPermissions: true, automationName: UiAutomator2, databaseEnabled: false, desired: {app: /Users/admin/Desktop/Plai_M..., autoAcceptAlerts: true, autoGrantPermissions: true, automationName: UiAutomator2, deviceName: 25e4e5308f0d7ece, platformName: android, platformVersion: 10, resetKeyboard: false, unicodeKeyboard: false}, deviceApiLevel: 29, deviceManufacturer: samsung, deviceModel: SM-N960F, deviceName: 25e4e5308f0d7ece, deviceScreenDensity: 420, deviceScreenSize: 1080x2220, deviceUDID: 25e4e5308f0d7ece, javascriptEnabled: true, locationContextEnabled: false, networkConnectionEnabled: true, pixelRatio: 2.625, platform: LINUX, platformName: android, platformVersion: 10, resetKeyboard: false, statBarHeight: 63, takesScreenshot: true, unicodeKeyboard: false, viewportRect: {height: 2031, left: 0, top: 63, width: 1080}, warnings: {}, webStorageEnabled: false}
Session ID: b5dda2b9-f94a-490a-bfc9-c9c8d2fd3c8f
*** Element info: {Using=xpath, value=//android.widget.LinearLayout[@content-desc=&quot;Test.jpg, 3.75 MB, 21 Dec&quot;]}
	at java.base/jdk.internal.reflect.DirectConstructorHandleAccessor.newInstance(DirectConstructorHandleAccessor.java:67)
	at java.base/java.lang.reflect.Constructor.newInstanceWithCaller(Constructor.java:500)
	at java.base/java.lang.reflect.Constructor.newInstance(Constructor.java:484)
	at org.openqa.selenium.remote.http.W3CHttpResponseCodec.createException(W3CHttpResponseCodec.java:187)
	at org.openqa.selenium.remote.http.W3CHttpResponseCodec.decode(W3CHttpResponseCodec.java:122)
	at org.openqa.selenium.remote.http.W3CHttpResponseCodec.decode(W3CHttpResponseCodec.java:49)
	at org.openqa.selenium.remote.HttpCommandExecutor.execute(HttpCommandExecutor.java:158)
	at io.appium.java_client.remote.AppiumCommandExecutor.execute(AppiumCommandExecutor.java:247)
	at org.openqa.selenium.remote.RemoteWebDriver.execute(RemoteWebDriver.java:552)
	at io.appium.java_client.DefaultGenericMobileDriver.execute(DefaultGenericMobileDriver.java:41)
	at io.appium.java_client.AppiumDriver.execute(AppiumDriver.java:1)
	at io.appium.java_client.android.AndroidDriver.execute(AndroidDriver.java:1)
	at org.openqa.selenium.remote.RemoteWebDriver.findElement(RemoteWebDriver.java:323)
	at io.appium.java_client.DefaultGenericMobileDriver.findElement(DefaultGenericMobileDriver.java:61)
	at io.appium.java_client.AppiumDriver.findElement(AppiumDriver.java:1)
	at io.appium.java_client.android.AndroidDriver.findElement(AndroidDriver.java:1)
	at org.openqa.selenium.remote.RemoteWebDriver.findElementByXPath(RemoteWebDriver.java:428)
	at io.appium.java_client.DefaultGenericMobileDriver.findElementByXPath(DefaultGenericMobileDriver.java:151)
	at io.appium.java_client.AppiumDriver.findElementByXPath(AppiumDriver.java:1)
	at io.appium.java_client.android.AndroidDriver.findElementByXPath(AndroidDriver.java:1)
	at org.openqa.selenium.By$ByXPath.findElement(By.java:353)
	at org.openqa.selenium.remote.RemoteWebDriver.findElement(RemoteWebDriver.java:315)
	at io.appium.java_client.DefaultGenericMobileDriver.findElement(DefaultGenericMobileDriver.java:57)
	at io.appium.java_client.AppiumDriver.findElement(AppiumDriver.java:1)
	at io.appium.java_client.android.AndroidDriver.findElement(AndroidDriver.java:1)
	at Pages.SignUpPage.Verify_Gallery_App_Opened(SignUpPage.java:768)
	at Tests.SignUpTests.Verify_the_functionality_of_Flip_icon(SignUpTests.java:976)
	at java.base/jdk.internal.reflect.DirectMethodHandleAccessor.invoke(DirectMethodHandleAccessor.java:104)
	at java.base/java.lang.reflect.Method.invoke(Method.java:578)
	at org.testng.internal.MethodInvocationHelper.invokeMethod(MethodInvocationHelper.java:133)
	at org.testng.internal.TestInvoker.invokeMethod(TestInvoker.java:598)
	at org.testng.internal.TestInvoker.invokeTestMethod(TestInvoker.java:173)
	at org.testng.internal.MethodRunner.runInSequence(MethodRunner.java:46)
	at org.testng.internal.TestInvoker$MethodInvocationAgent.invoke(TestInvoker.java:824)
	at org.testng.internal.TestInvoker.invokeTestMethods(TestInvoker.java:146)
	at org.testng.internal.TestMethodWorker.invokeTestMethods(TestMethodWorker.java:146)
	at org.testng.internal.TestMethodWorker.run(TestMethodWorker.java:128)
	at java.base/java.util.ArrayList.forEach(ArrayList.java:1511)
	at org.testng.TestRunner.privateRun(TestRunner.java:794)
	at org.testng.TestRunner.run(TestRunner.java:596)
	at org.testng.SuiteRunner.runTest(SuiteRunner.java:377)
	at org.testng.SuiteRunner.runSequentially(SuiteRunner.java:371)
	at org.testng.SuiteRunner.privateRun(SuiteRunner.java:332)
	at org.testng.SuiteRunner.run(SuiteRunner.java:276)
	at org.testng.SuiteRunnerWorker.runSuite(SuiteRunnerWorker.java:53)
	at org.testng.SuiteRunnerWorker.run(SuiteRunnerWorker.java:96)
	at org.testng.TestNG.runSuitesSequentially(TestNG.java:1212)
	at org.testng.TestNG.runSuitesLocally(TestNG.java:1134)
	at org.testng.TestNG.runSuites(TestNG.java:1063)
	at org.testng.TestNG.run(TestNG.java:1031)
	at org.apache.maven.surefire.testng.TestNGExecutor.run(TestNGExecutor.java:284)
	at org.apache.maven.surefire.testng.TestNGXmlTestSuite.execute(TestNGXmlTestSuite.java:75)
	at org.apache.maven.surefire.testng.TestNGProvider.invoke(TestNGProvider.java:119)
	at org.apache.maven.surefire.booter.ForkedBooter.runSuitesInProcess(ForkedBooter.java:428)
	at org.apache.maven.surefire.booter.ForkedBooter.execute(ForkedBooter.java:162)
	at org.apache.maven.surefire.booter.ForkedBooter.run(ForkedBooter.java:562)
	at org.apache.maven.surefire.booter.ForkedBooter.main(ForkedBooter.java:548)
</pre></div><a href='#' onClick='toggleBox("stack-trace1400469930", this, "Click to show all stack frames", "Click to hide stack frames")'>Click to show all stack frames</a>
<div class='stack-trace' id='stack-trace1400469930'><pre>org.openqa.selenium.NoSuchElementException: An element could not be located on the page using the given search parameters.
For documentation on this error, please visit: https://www.seleniumhq.org/exceptions/no_such_element.html
Build info: version: &apos;3.141.59&apos;, revision: &apos;e82be7d358&apos;, time: &apos;2018-11-14T08:17:03&apos;
System info: host: &apos;Admins-MacBook-Pro.local&apos;, ip: &apos;fe80:0:0:0:8f:c148:5c9e:6494%en0&apos;, os.name: &apos;Mac OS X&apos;, os.arch: &apos;x86_64&apos;, os.version: &apos;12.4&apos;, java.version: &apos;19.0.1&apos;
Driver info: io.appium.java_client.android.AndroidDriver
Capabilities {app: /Users/admin/Desktop/Plai_M..., appPackage: com.app.plaisports, autoAcceptAlerts: true, autoGrantPermissions: true, automationName: UiAutomator2, databaseEnabled: false, desired: {app: /Users/admin/Desktop/Plai_M..., autoAcceptAlerts: true, autoGrantPermissions: true, automationName: UiAutomator2, deviceName: 25e4e5308f0d7ece, platformName: android, platformVersion: 10, resetKeyboard: false, unicodeKeyboard: false}, deviceApiLevel: 29, deviceManufacturer: samsung, deviceModel: SM-N960F, deviceName: 25e4e5308f0d7ece, deviceScreenDensity: 420, deviceScreenSize: 1080x2220, deviceUDID: 25e4e5308f0d7ece, javascriptEnabled: true, locationContextEnabled: false, networkConnectionEnabled: true, pixelRatio: 2.625, platform: LINUX, platformName: android, platformVersion: 10, resetKeyboard: false, statBarHeight: 63, takesScreenshot: true, unicodeKeyboard: false, viewportRect: {height: 2031, left: 0, top: 63, width: 1080}, warnings: {}, webStorageEnabled: false}
Session ID: b5dda2b9-f94a-490a-bfc9-c9c8d2fd3c8f
*** Element info: {Using=xpath, value=//android.widget.LinearLayout[@content-desc=&quot;Test.jpg, 3.75 MB, 21 Dec&quot;]}
	at java.base/jdk.internal.reflect.DirectConstructorHandleAccessor.newInstance(DirectConstructorHandleAccessor.java:67)
	at java.base/java.lang.reflect.Constructor.newInstanceWithCaller(Constructor.java:500)
	at java.base/java.lang.reflect.Constructor.newInstance(Constructor.java:484)
	at org.openqa.selenium.remote.http.W3CHttpResponseCodec.createException(W3CHttpResponseCodec.java:187)
	at org.openqa.selenium.remote.http.W3CHttpResponseCodec.decode(W3CHttpResponseCodec.java:122)
	at org.openqa.selenium.remote.http.W3CHttpResponseCodec.decode(W3CHttpResponseCodec.java:49)
	at org.openqa.selenium.remote.HttpCommandExecutor.execute(HttpCommandExecutor.java:158)
	at io.appium.java_client.remote.AppiumCommandExecutor.execute(AppiumCommandExecutor.java:247)
	at org.openqa.selenium.remote.RemoteWebDriver.execute(RemoteWebDriver.java:552)
	at io.appium.java_client.DefaultGenericMobileDriver.execute(DefaultGenericMobileDriver.java:41)
	at io.appium.java_client.AppiumDriver.execute(AppiumDriver.java:1)
	at io.appium.java_client.android.AndroidDriver.execute(AndroidDriver.java:1)
	at org.openqa.selenium.remote.RemoteWebDriver.findElement(RemoteWebDriver.java:323)
	at io.appium.java_client.DefaultGenericMobileDriver.findElement(DefaultGenericMobileDriver.java:61)
	at io.appium.java_client.AppiumDriver.findElement(AppiumDriver.java:1)
	at io.appium.java_client.android.AndroidDriver.findElement(AndroidDriver.java:1)
	at org.openqa.selenium.remote.RemoteWebDriver.findElementByXPath(RemoteWebDriver.java:428)
	at io.appium.java_client.DefaultGenericMobileDriver.findElementByXPath(DefaultGenericMobileDriver.java:151)
	at io.appium.java_client.AppiumDriver.findElementByXPath(AppiumDriver.java:1)
	at io.appium.java_client.android.AndroidDriver.findElementByXPath(AndroidDriver.java:1)
	at org.openqa.selenium.By$ByXPath.findElement(By.java:353)
	at org.openqa.selenium.remote.RemoteWebDriver.findElement(RemoteWebDriver.java:315)
	at io.appium.java_client.DefaultGenericMobileDriver.findElement(DefaultGenericMobileDriver.java:57)
	at io.appium.java_client.AppiumDriver.findElement(AppiumDriver.java:1)
	at io.appium.java_client.android.AndroidDriver.findElement(AndroidDriver.java:1)
	at Pages.SignUpPage.Verify_Gallery_App_Opened(SignUpPage.java:768)
	at Tests.SignUpTests.Verify_the_functionality_of_Flip_icon(SignUpTests.java:976)
	at java.base/jdk.internal.reflect.DirectMethodHandleAccessor.invoke(DirectMethodHandleAccessor.java:104)
	at java.base/java.lang.reflect.Method.invoke(Method.java:578)
	at org.testng.internal.MethodInvocationHelper.invokeMethod(MethodInvocationHelper.java:133)
	at org.testng.internal.TestInvoker.invokeMethod(TestInvoker.java:598)
	at org.testng.internal.TestInvoker.invokeTestMethod(TestInvoker.java:173)
	at org.testng.internal.MethodRunner.runInSequence(MethodRunner.java:46)
	at org.testng.internal.TestInvoker$MethodInvocationAgent.invoke(TestInvoker.java:824)
	at org.testng.internal.TestInvoker.invokeTestMethods(TestInvoker.java:146)
	at org.testng.internal.TestMethodWorker.invokeTestMethods(TestMethodWorker.java:146)
	at org.testng.internal.TestMethodWorker.run(TestMethodWorker.java:128)
	at java.base/java.util.ArrayList.forEach(ArrayList.java:1511)
	at org.testng.TestRunner.privateRun(TestRunner.java:794)
	at org.testng.TestRunner.run(TestRunner.java:596)
	at org.testng.SuiteRunner.runTest(SuiteRunner.java:377)
	at org.testng.SuiteRunner.runSequentially(SuiteRunner.java:371)
	at org.testng.SuiteRunner.privateRun(SuiteRunner.java:332)
	at org.testng.SuiteRunner.run(SuiteRunner.java:276)
	at org.testng.SuiteRunnerWorker.runSuite(SuiteRunnerWorker.java:53)
	at org.testng.SuiteRunnerWorker.run(SuiteRunnerWorker.java:96)
	at org.testng.TestNG.runSuitesSequentially(TestNG.java:1212)
	at org.testng.TestNG.runSuitesLocally(TestNG.java:1134)
	at org.testng.TestNG.runSuites(TestNG.java:1063)
	at org.testng.TestNG.run(TestNG.java:1031)
	at org.apache.maven.surefire.testng.TestNGExecutor.run(TestNGExecutor.java:284)
	at org.apache.maven.surefire.testng.TestNGXmlTestSuite.execute(TestNGXmlTestSuite.java:75)
	at org.apache.maven.surefire.testng.TestNGProvider.invoke(TestNGProvider.java:119)
	at org.apache.maven.surefire.booter.ForkedBooter.runSuitesInProcess(ForkedBooter.java:428)
	at org.apache.maven.surefire.booter.ForkedBooter.execute(ForkedBooter.java:162)
	at org.apache.maven.surefire.booter.ForkedBooter.run(ForkedBooter.java:562)
	at org.apache.maven.surefire.booter.ForkedBooter.main(ForkedBooter.java:548)
</pre></div></td>
<td>113</td>
<td>Tests.SignUpTests@55183b20</td></tr>
<tr>
<td title='Tests.SignUpTests.Verify_the_functionality_of_Rotation_icon()'><b>Verify_the_functionality_of_Rotation_icon</b><br>Test class: Tests.SignUpTests<br/>
<a href="#Output-1444842411" onClick='toggleBox("Output-1444842411", this, "Show output", "Hide output");'>Show output</a>

<a href="#Output-1444842411" onClick="toggleAllBoxes();">Show all outputs</a>
<div class='log' id="Output-1444842411">
Application Launched.<br><br/>
Clicked on skip button.<br><br/>
Clicked on next button.<br><br/>
Clicked on signup button.<br><br/>
Clicked on first name field.<br><br/>
Entered first name:-mfibr.<br><br/>
Clicked on last name field.<br><br/>
Entered last name:-xjvpi.<br><br/>
Entered valid email:-.offc@gmail.com<br><br/>
Entered password:-Test@123<br><br/>
Entered confirm password.Test@123<br><br/>
Next button is clicked.<br><br/>
Done link is verified.<br><br/>
Search bar is verified.<br><br/>
Default country is:-Andorra<br><br/>
Country is verified with dropdown.<br><br/>
Clicked on Mobile number field.<br><br/>
Entered mobile number is:-9432673481<br><br/>
Clicked on DOB field.<br><br/>
Clicked on cancel button.<br><br/>
Calender is closed.<br><br/>
Next button is clicked.<br><br/>
Verify one sport from dropdown.<br><br/>
Next button is clicked.<br><br/>
UPLOAD PHOTO button is verified.<br><br/>
Clicked on upload photo button.<br><br/>
Clicked on gallery button.<br><br/>
</div>
</td>
<td><div><pre>org.openqa.selenium.NoSuchElementException: An element could not be located on the page using the given search parameters.
For documentation on this error, please visit: https://www.seleniumhq.org/exceptions/no_such_element.html
Build info: version: &apos;3.141.59&apos;, revision: &apos;e82be7d358&apos;, time: &apos;2018-11-14T08:17:03&apos;
System info: host: &apos;Admins-MacBook-Pro.local&apos;, ip: &apos;fe80:0:0:0:8f:c148:5c9e:6494%en0&apos;, os.name: &apos;Mac OS X&apos;, os.arch: &apos;x86_64&apos;, os.version: &apos;12.4&apos;, java.version: &apos;19.0.1&apos;
Driver info: io.appium.java_client.android.AndroidDriver
Capabilities {app: /Users/admin/Desktop/Plai_M..., appPackage: com.app.plaisports, autoAcceptAlerts: true, autoGrantPermissions: true, automationName: UiAutomator2, databaseEnabled: false, desired: {app: /Users/admin/Desktop/Plai_M..., autoAcceptAlerts: true, autoGrantPermissions: true, automationName: UiAutomator2, deviceName: 25e4e5308f0d7ece, platformName: android, platformVersion: 10, resetKeyboard: false, unicodeKeyboard: false}, deviceApiLevel: 29, deviceManufacturer: samsung, deviceModel: SM-N960F, deviceName: 25e4e5308f0d7ece, deviceScreenDensity: 420, deviceScreenSize: 1080x2220, deviceUDID: 25e4e5308f0d7ece, javascriptEnabled: true, locationContextEnabled: false, networkConnectionEnabled: true, pixelRatio: 2.625, platform: LINUX, platformName: android, platformVersion: 10, resetKeyboard: false, statBarHeight: 63, takesScreenshot: true, unicodeKeyboard: false, viewportRect: {height: 2031, left: 0, top: 63, width: 1080}, warnings: {}, webStorageEnabled: false}
Session ID: 2a21d3a0-7c42-4f1e-814b-43e470b6e57a
*** Element info: {Using=xpath, value=//android.widget.LinearLayout[@content-desc=&quot;Test.jpg, 3.75 MB, 21 Dec&quot;]}
	at java.base/jdk.internal.reflect.DirectConstructorHandleAccessor.newInstance(DirectConstructorHandleAccessor.java:67)
	at java.base/java.lang.reflect.Constructor.newInstanceWithCaller(Constructor.java:500)
	at java.base/java.lang.reflect.Constructor.newInstance(Constructor.java:484)
	at org.openqa.selenium.remote.http.W3CHttpResponseCodec.createException(W3CHttpResponseCodec.java:187)
	at org.openqa.selenium.remote.http.W3CHttpResponseCodec.decode(W3CHttpResponseCodec.java:122)
	at org.openqa.selenium.remote.http.W3CHttpResponseCodec.decode(W3CHttpResponseCodec.java:49)
	at org.openqa.selenium.remote.HttpCommandExecutor.execute(HttpCommandExecutor.java:158)
	at io.appium.java_client.remote.AppiumCommandExecutor.execute(AppiumCommandExecutor.java:247)
	at org.openqa.selenium.remote.RemoteWebDriver.execute(RemoteWebDriver.java:552)
	at io.appium.java_client.DefaultGenericMobileDriver.execute(DefaultGenericMobileDriver.java:41)
	at io.appium.java_client.AppiumDriver.execute(AppiumDriver.java:1)
	at io.appium.java_client.android.AndroidDriver.execute(AndroidDriver.java:1)
	at org.openqa.selenium.remote.RemoteWebDriver.findElement(RemoteWebDriver.java:323)
	at io.appium.java_client.DefaultGenericMobileDriver.findElement(DefaultGenericMobileDriver.java:61)
	at io.appium.java_client.AppiumDriver.findElement(AppiumDriver.java:1)
	at io.appium.java_client.android.AndroidDriver.findElement(AndroidDriver.java:1)
	at org.openqa.selenium.remote.RemoteWebDriver.findElementByXPath(RemoteWebDriver.java:428)
	at io.appium.java_client.DefaultGenericMobileDriver.findElementByXPath(DefaultGenericMobileDriver.java:151)
	at io.appium.java_client.AppiumDriver.findElementByXPath(AppiumDriver.java:1)
	at io.appium.java_client.android.AndroidDriver.findElementByXPath(AndroidDriver.java:1)
	at org.openqa.selenium.By$ByXPath.findElement(By.java:353)
	at org.openqa.selenium.remote.RemoteWebDriver.findElement(RemoteWebDriver.java:315)
	at io.appium.java_client.DefaultGenericMobileDriver.findElement(DefaultGenericMobileDriver.java:57)
	at io.appium.java_client.AppiumDriver.findElement(AppiumDriver.java:1)
	at io.appium.java_client.android.AndroidDriver.findElement(AndroidDriver.java:1)
	at Pages.SignUpPage.Verify_Gallery_App_Opened(SignUpPage.java:768)
	at Tests.SignUpTests.Verify_the_functionality_of_Rotation_icon(SignUpTests.java:945)
	at java.base/jdk.internal.reflect.DirectMethodHandleAccessor.invoke(DirectMethodHandleAccessor.java:104)
	at java.base/java.lang.reflect.Method.invoke(Method.java:578)
	at org.testng.internal.MethodInvocationHelper.invokeMethod(MethodInvocationHelper.java:133)
	at org.testng.internal.TestInvoker.invokeMethod(TestInvoker.java:598)
	at org.testng.internal.TestInvoker.invokeTestMethod(TestInvoker.java:173)
	at org.testng.internal.MethodRunner.runInSequence(MethodRunner.java:46)
	at org.testng.internal.TestInvoker$MethodInvocationAgent.invoke(TestInvoker.java:824)
	at org.testng.internal.TestInvoker.invokeTestMethods(TestInvoker.java:146)
	at org.testng.internal.TestMethodWorker.invokeTestMethods(TestMethodWorker.java:146)
	at org.testng.internal.TestMethodWorker.run(TestMethodWorker.java:128)
	at java.base/java.util.ArrayList.forEach(ArrayList.java:1511)
	at org.testng.TestRunner.privateRun(TestRunner.java:794)
	at org.testng.TestRunner.run(TestRunner.java:596)
	at org.testng.SuiteRunner.runTest(SuiteRunner.java:377)
	at org.testng.SuiteRunner.runSequentially(SuiteRunner.java:371)
	at org.testng.SuiteRunner.privateRun(SuiteRunner.java:332)
	at org.testng.SuiteRunner.run(SuiteRunner.java:276)
	at org.testng.SuiteRunnerWorker.runSuite(SuiteRunnerWorker.java:53)
	at org.testng.SuiteRunnerWorker.run(SuiteRunnerWorker.java:96)
	at org.testng.TestNG.runSuitesSequentially(TestNG.java:1212)
	at org.testng.TestNG.runSuitesLocally(TestNG.java:1134)
	at org.testng.TestNG.runSuites(TestNG.java:1063)
	at org.testng.TestNG.run(TestNG.java:1031)
	at org.apache.maven.surefire.testng.TestNGExecutor.run(TestNGExecutor.java:284)
	at org.apache.maven.surefire.testng.TestNGXmlTestSuite.execute(TestNGXmlTestSuite.java:75)
	at org.apache.maven.surefire.testng.TestNGProvider.invoke(TestNGProvider.java:119)
	at org.apache.maven.surefire.booter.ForkedBooter.runSuitesInProcess(ForkedBooter.java:428)
	at org.apache.maven.surefire.booter.ForkedBooter.execute(ForkedBooter.java:162)
	at org.apache.maven.surefire.booter.ForkedBooter.run(ForkedBooter.java:562)
	at org.apache.maven.surefire.booter.ForkedBooter.main(ForkedBooter.java:548)
</pre></div><a href='#' onClick='toggleBox("stack-trace1444842411", this, "Click to show all stack frames", "Click to hide stack frames")'>Click to show all stack frames</a>
<div class='stack-trace' id='stack-trace1444842411'><pre>org.openqa.selenium.NoSuchElementException: An element could not be located on the page using the given search parameters.
For documentation on this error, please visit: https://www.seleniumhq.org/exceptions/no_such_element.html
Build info: version: &apos;3.141.59&apos;, revision: &apos;e82be7d358&apos;, time: &apos;2018-11-14T08:17:03&apos;
System info: host: &apos;Admins-MacBook-Pro.local&apos;, ip: &apos;fe80:0:0:0:8f:c148:5c9e:6494%en0&apos;, os.name: &apos;Mac OS X&apos;, os.arch: &apos;x86_64&apos;, os.version: &apos;12.4&apos;, java.version: &apos;19.0.1&apos;
Driver info: io.appium.java_client.android.AndroidDriver
Capabilities {app: /Users/admin/Desktop/Plai_M..., appPackage: com.app.plaisports, autoAcceptAlerts: true, autoGrantPermissions: true, automationName: UiAutomator2, databaseEnabled: false, desired: {app: /Users/admin/Desktop/Plai_M..., autoAcceptAlerts: true, autoGrantPermissions: true, automationName: UiAutomator2, deviceName: 25e4e5308f0d7ece, platformName: android, platformVersion: 10, resetKeyboard: false, unicodeKeyboard: false}, deviceApiLevel: 29, deviceManufacturer: samsung, deviceModel: SM-N960F, deviceName: 25e4e5308f0d7ece, deviceScreenDensity: 420, deviceScreenSize: 1080x2220, deviceUDID: 25e4e5308f0d7ece, javascriptEnabled: true, locationContextEnabled: false, networkConnectionEnabled: true, pixelRatio: 2.625, platform: LINUX, platformName: android, platformVersion: 10, resetKeyboard: false, statBarHeight: 63, takesScreenshot: true, unicodeKeyboard: false, viewportRect: {height: 2031, left: 0, top: 63, width: 1080}, warnings: {}, webStorageEnabled: false}
Session ID: 2a21d3a0-7c42-4f1e-814b-43e470b6e57a
*** Element info: {Using=xpath, value=//android.widget.LinearLayout[@content-desc=&quot;Test.jpg, 3.75 MB, 21 Dec&quot;]}
	at java.base/jdk.internal.reflect.DirectConstructorHandleAccessor.newInstance(DirectConstructorHandleAccessor.java:67)
	at java.base/java.lang.reflect.Constructor.newInstanceWithCaller(Constructor.java:500)
	at java.base/java.lang.reflect.Constructor.newInstance(Constructor.java:484)
	at org.openqa.selenium.remote.http.W3CHttpResponseCodec.createException(W3CHttpResponseCodec.java:187)
	at org.openqa.selenium.remote.http.W3CHttpResponseCodec.decode(W3CHttpResponseCodec.java:122)
	at org.openqa.selenium.remote.http.W3CHttpResponseCodec.decode(W3CHttpResponseCodec.java:49)
	at org.openqa.selenium.remote.HttpCommandExecutor.execute(HttpCommandExecutor.java:158)
	at io.appium.java_client.remote.AppiumCommandExecutor.execute(AppiumCommandExecutor.java:247)
	at org.openqa.selenium.remote.RemoteWebDriver.execute(RemoteWebDriver.java:552)
	at io.appium.java_client.DefaultGenericMobileDriver.execute(DefaultGenericMobileDriver.java:41)
	at io.appium.java_client.AppiumDriver.execute(AppiumDriver.java:1)
	at io.appium.java_client.android.AndroidDriver.execute(AndroidDriver.java:1)
	at org.openqa.selenium.remote.RemoteWebDriver.findElement(RemoteWebDriver.java:323)
	at io.appium.java_client.DefaultGenericMobileDriver.findElement(DefaultGenericMobileDriver.java:61)
	at io.appium.java_client.AppiumDriver.findElement(AppiumDriver.java:1)
	at io.appium.java_client.android.AndroidDriver.findElement(AndroidDriver.java:1)
	at org.openqa.selenium.remote.RemoteWebDriver.findElementByXPath(RemoteWebDriver.java:428)
	at io.appium.java_client.DefaultGenericMobileDriver.findElementByXPath(DefaultGenericMobileDriver.java:151)
	at io.appium.java_client.AppiumDriver.findElementByXPath(AppiumDriver.java:1)
	at io.appium.java_client.android.AndroidDriver.findElementByXPath(AndroidDriver.java:1)
	at org.openqa.selenium.By$ByXPath.findElement(By.java:353)
	at org.openqa.selenium.remote.RemoteWebDriver.findElement(RemoteWebDriver.java:315)
	at io.appium.java_client.DefaultGenericMobileDriver.findElement(DefaultGenericMobileDriver.java:57)
	at io.appium.java_client.AppiumDriver.findElement(AppiumDriver.java:1)
	at io.appium.java_client.android.AndroidDriver.findElement(AndroidDriver.java:1)
	at Pages.SignUpPage.Verify_Gallery_App_Opened(SignUpPage.java:768)
	at Tests.SignUpTests.Verify_the_functionality_of_Rotation_icon(SignUpTests.java:945)
	at java.base/jdk.internal.reflect.DirectMethodHandleAccessor.invoke(DirectMethodHandleAccessor.java:104)
	at java.base/java.lang.reflect.Method.invoke(Method.java:578)
	at org.testng.internal.MethodInvocationHelper.invokeMethod(MethodInvocationHelper.java:133)
	at org.testng.internal.TestInvoker.invokeMethod(TestInvoker.java:598)
	at org.testng.internal.TestInvoker.invokeTestMethod(TestInvoker.java:173)
	at org.testng.internal.MethodRunner.runInSequence(MethodRunner.java:46)
	at org.testng.internal.TestInvoker$MethodInvocationAgent.invoke(TestInvoker.java:824)
	at org.testng.internal.TestInvoker.invokeTestMethods(TestInvoker.java:146)
	at org.testng.internal.TestMethodWorker.invokeTestMethods(TestMethodWorker.java:146)
	at org.testng.internal.TestMethodWorker.run(TestMethodWorker.java:128)
	at java.base/java.util.ArrayList.forEach(ArrayList.java:1511)
	at org.testng.TestRunner.privateRun(TestRunner.java:794)
	at org.testng.TestRunner.run(TestRunner.java:596)
	at org.testng.SuiteRunner.runTest(SuiteRunner.java:377)
	at org.testng.SuiteRunner.runSequentially(SuiteRunner.java:371)
	at org.testng.SuiteRunner.privateRun(SuiteRunner.java:332)
	at org.testng.SuiteRunner.run(SuiteRunner.java:276)
	at org.testng.SuiteRunnerWorker.runSuite(SuiteRunnerWorker.java:53)
	at org.testng.SuiteRunnerWorker.run(SuiteRunnerWorker.java:96)
	at org.testng.TestNG.runSuitesSequentially(TestNG.java:1212)
	at org.testng.TestNG.runSuitesLocally(TestNG.java:1134)
	at org.testng.TestNG.runSuites(TestNG.java:1063)
	at org.testng.TestNG.run(TestNG.java:1031)
	at org.apache.maven.surefire.testng.TestNGExecutor.run(TestNGExecutor.java:284)
	at org.apache.maven.surefire.testng.TestNGXmlTestSuite.execute(TestNGXmlTestSuite.java:75)
	at org.apache.maven.surefire.testng.TestNGProvider.invoke(TestNGProvider.java:119)
	at org.apache.maven.surefire.booter.ForkedBooter.runSuitesInProcess(ForkedBooter.java:428)
	at org.apache.maven.surefire.booter.ForkedBooter.execute(ForkedBooter.java:162)
	at org.apache.maven.surefire.booter.ForkedBooter.run(ForkedBooter.java:562)
	at org.apache.maven.surefire.booter.ForkedBooter.main(ForkedBooter.java:548)
</pre></div></td>
<td>114</td>
<td>Tests.SignUpTests@55183b20</td></tr>
<tr>
<td title='Tests.SignUpTests.Verify_the_functionality_of_Crop_link()'><b>Verify_the_functionality_of_Crop_link</b><br>Test class: Tests.SignUpTests<br/>
<a href="#Output-561320222" onClick='toggleBox("Output-561320222", this, "Show output", "Hide output");'>Show output</a>

<a href="#Output-561320222" onClick="toggleAllBoxes();">Show all outputs</a>
<div class='log' id="Output-561320222">
Application Launched.<br><br/>
Clicked on skip button.<br><br/>
Clicked on next button.<br><br/>
Clicked on signup button.<br><br/>
Clicked on first name field.<br><br/>
Entered first name:-nsfcn.<br><br/>
Clicked on last name field.<br><br/>
Entered last name:-djqiu.<br><br/>
Entered valid email:-.qjpu@gmail.com<br><br/>
Entered password:-Test@123<br><br/>
Entered confirm password.Test@123<br><br/>
Next button is clicked.<br><br/>
Done link is verified.<br><br/>
Search bar is verified.<br><br/>
Default country is:-Andorra<br><br/>
Country is verified with dropdown.<br><br/>
Clicked on Mobile number field.<br><br/>
Entered mobile number is:-9432673481<br><br/>
Clicked on DOB field.<br><br/>
Clicked on cancel button.<br><br/>
Calender is closed.<br><br/>
Next button is clicked.<br><br/>
Verify one sport from dropdown.<br><br/>
Next button is clicked.<br><br/>
UPLOAD PHOTO button is verified.<br><br/>
Clicked on upload photo button.<br><br/>
Clicked on gallery button.<br><br/>
</div>
</td>
<td><div><pre>org.openqa.selenium.NoSuchElementException: An element could not be located on the page using the given search parameters.
For documentation on this error, please visit: https://www.seleniumhq.org/exceptions/no_such_element.html
Build info: version: &apos;3.141.59&apos;, revision: &apos;e82be7d358&apos;, time: &apos;2018-11-14T08:17:03&apos;
System info: host: &apos;Admins-MacBook-Pro.local&apos;, ip: &apos;fe80:0:0:0:8f:c148:5c9e:6494%en0&apos;, os.name: &apos;Mac OS X&apos;, os.arch: &apos;x86_64&apos;, os.version: &apos;12.4&apos;, java.version: &apos;19.0.1&apos;
Driver info: io.appium.java_client.android.AndroidDriver
Capabilities {app: /Users/admin/Desktop/Plai_M..., appPackage: com.app.plaisports, autoAcceptAlerts: true, autoGrantPermissions: true, automationName: UiAutomator2, databaseEnabled: false, desired: {app: /Users/admin/Desktop/Plai_M..., autoAcceptAlerts: true, autoGrantPermissions: true, automationName: UiAutomator2, deviceName: 25e4e5308f0d7ece, platformName: android, platformVersion: 10, resetKeyboard: false, unicodeKeyboard: false}, deviceApiLevel: 29, deviceManufacturer: samsung, deviceModel: SM-N960F, deviceName: 25e4e5308f0d7ece, deviceScreenDensity: 420, deviceScreenSize: 1080x2220, deviceUDID: 25e4e5308f0d7ece, javascriptEnabled: true, locationContextEnabled: false, networkConnectionEnabled: true, pixelRatio: 2.625, platform: LINUX, platformName: android, platformVersion: 10, resetKeyboard: false, statBarHeight: 63, takesScreenshot: true, unicodeKeyboard: false, viewportRect: {height: 2031, left: 0, top: 63, width: 1080}, warnings: {}, webStorageEnabled: false}
Session ID: 43c25f9b-97c4-446c-9779-ff3d29800f13
*** Element info: {Using=xpath, value=//android.widget.LinearLayout[@content-desc=&quot;Test.jpg, 3.75 MB, 21 Dec&quot;]}
	at java.base/jdk.internal.reflect.DirectConstructorHandleAccessor.newInstance(DirectConstructorHandleAccessor.java:67)
	at java.base/java.lang.reflect.Constructor.newInstanceWithCaller(Constructor.java:500)
	at java.base/java.lang.reflect.Constructor.newInstance(Constructor.java:484)
	at org.openqa.selenium.remote.http.W3CHttpResponseCodec.createException(W3CHttpResponseCodec.java:187)
	at org.openqa.selenium.remote.http.W3CHttpResponseCodec.decode(W3CHttpResponseCodec.java:122)
	at org.openqa.selenium.remote.http.W3CHttpResponseCodec.decode(W3CHttpResponseCodec.java:49)
	at org.openqa.selenium.remote.HttpCommandExecutor.execute(HttpCommandExecutor.java:158)
	at io.appium.java_client.remote.AppiumCommandExecutor.execute(AppiumCommandExecutor.java:247)
	at org.openqa.selenium.remote.RemoteWebDriver.execute(RemoteWebDriver.java:552)
	at io.appium.java_client.DefaultGenericMobileDriver.execute(DefaultGenericMobileDriver.java:41)
	at io.appium.java_client.AppiumDriver.execute(AppiumDriver.java:1)
	at io.appium.java_client.android.AndroidDriver.execute(AndroidDriver.java:1)
	at org.openqa.selenium.remote.RemoteWebDriver.findElement(RemoteWebDriver.java:323)
	at io.appium.java_client.DefaultGenericMobileDriver.findElement(DefaultGenericMobileDriver.java:61)
	at io.appium.java_client.AppiumDriver.findElement(AppiumDriver.java:1)
	at io.appium.java_client.android.AndroidDriver.findElement(AndroidDriver.java:1)
	at org.openqa.selenium.remote.RemoteWebDriver.findElementByXPath(RemoteWebDriver.java:428)
	at io.appium.java_client.DefaultGenericMobileDriver.findElementByXPath(DefaultGenericMobileDriver.java:151)
	at io.appium.java_client.AppiumDriver.findElementByXPath(AppiumDriver.java:1)
	at io.appium.java_client.android.AndroidDriver.findElementByXPath(AndroidDriver.java:1)
	at org.openqa.selenium.By$ByXPath.findElement(By.java:353)
	at org.openqa.selenium.remote.RemoteWebDriver.findElement(RemoteWebDriver.java:315)
	at io.appium.java_client.DefaultGenericMobileDriver.findElement(DefaultGenericMobileDriver.java:57)
	at io.appium.java_client.AppiumDriver.findElement(AppiumDriver.java:1)
	at io.appium.java_client.android.AndroidDriver.findElement(AndroidDriver.java:1)
	at Pages.SignUpPage.Verify_Gallery_App_Opened(SignUpPage.java:768)
	at Tests.SignUpTests.Verify_the_functionality_of_Crop_link(SignUpTests.java:1007)
	at java.base/jdk.internal.reflect.DirectMethodHandleAccessor.invoke(DirectMethodHandleAccessor.java:104)
	at java.base/java.lang.reflect.Method.invoke(Method.java:578)
	at org.testng.internal.MethodInvocationHelper.invokeMethod(MethodInvocationHelper.java:133)
	at org.testng.internal.TestInvoker.invokeMethod(TestInvoker.java:598)
	at org.testng.internal.TestInvoker.invokeTestMethod(TestInvoker.java:173)
	at org.testng.internal.MethodRunner.runInSequence(MethodRunner.java:46)
	at org.testng.internal.TestInvoker$MethodInvocationAgent.invoke(TestInvoker.java:824)
	at org.testng.internal.TestInvoker.invokeTestMethods(TestInvoker.java:146)
	at org.testng.internal.TestMethodWorker.invokeTestMethods(TestMethodWorker.java:146)
	at org.testng.internal.TestMethodWorker.run(TestMethodWorker.java:128)
	at java.base/java.util.ArrayList.forEach(ArrayList.java:1511)
	at org.testng.TestRunner.privateRun(TestRunner.java:794)
	at org.testng.TestRunner.run(TestRunner.java:596)
	at org.testng.SuiteRunner.runTest(SuiteRunner.java:377)
	at org.testng.SuiteRunner.runSequentially(SuiteRunner.java:371)
	at org.testng.SuiteRunner.privateRun(SuiteRunner.java:332)
	at org.testng.SuiteRunner.run(SuiteRunner.java:276)
	at org.testng.SuiteRunnerWorker.runSuite(SuiteRunnerWorker.java:53)
	at org.testng.SuiteRunnerWorker.run(SuiteRunnerWorker.java:96)
	at org.testng.TestNG.runSuitesSequentially(TestNG.java:1212)
	at org.testng.TestNG.runSuitesLocally(TestNG.java:1134)
	at org.testng.TestNG.runSuites(TestNG.java:1063)
	at org.testng.TestNG.run(TestNG.java:1031)
	at org.apache.maven.surefire.testng.TestNGExecutor.run(TestNGExecutor.java:284)
	at org.apache.maven.surefire.testng.TestNGXmlTestSuite.execute(TestNGXmlTestSuite.java:75)
	at org.apache.maven.surefire.testng.TestNGProvider.invoke(TestNGProvider.java:119)
	at org.apache.maven.surefire.booter.ForkedBooter.runSuitesInProcess(ForkedBooter.java:428)
	at org.apache.maven.surefire.booter.ForkedBooter.execute(ForkedBooter.java:162)
	at org.apache.maven.surefire.booter.ForkedBooter.run(ForkedBooter.java:562)
	at org.apache.maven.surefire.booter.ForkedBooter.main(ForkedBooter.java:548)
</pre></div><a href='#' onClick='toggleBox("stack-trace561320222", this, "Click to show all stack frames", "Click to hide stack frames")'>Click to show all stack frames</a>
<div class='stack-trace' id='stack-trace561320222'><pre>org.openqa.selenium.NoSuchElementException: An element could not be located on the page using the given search parameters.
For documentation on this error, please visit: https://www.seleniumhq.org/exceptions/no_such_element.html
Build info: version: &apos;3.141.59&apos;, revision: &apos;e82be7d358&apos;, time: &apos;2018-11-14T08:17:03&apos;
System info: host: &apos;Admins-MacBook-Pro.local&apos;, ip: &apos;fe80:0:0:0:8f:c148:5c9e:6494%en0&apos;, os.name: &apos;Mac OS X&apos;, os.arch: &apos;x86_64&apos;, os.version: &apos;12.4&apos;, java.version: &apos;19.0.1&apos;
Driver info: io.appium.java_client.android.AndroidDriver
Capabilities {app: /Users/admin/Desktop/Plai_M..., appPackage: com.app.plaisports, autoAcceptAlerts: true, autoGrantPermissions: true, automationName: UiAutomator2, databaseEnabled: false, desired: {app: /Users/admin/Desktop/Plai_M..., autoAcceptAlerts: true, autoGrantPermissions: true, automationName: UiAutomator2, deviceName: 25e4e5308f0d7ece, platformName: android, platformVersion: 10, resetKeyboard: false, unicodeKeyboard: false}, deviceApiLevel: 29, deviceManufacturer: samsung, deviceModel: SM-N960F, deviceName: 25e4e5308f0d7ece, deviceScreenDensity: 420, deviceScreenSize: 1080x2220, deviceUDID: 25e4e5308f0d7ece, javascriptEnabled: true, locationContextEnabled: false, networkConnectionEnabled: true, pixelRatio: 2.625, platform: LINUX, platformName: android, platformVersion: 10, resetKeyboard: false, statBarHeight: 63, takesScreenshot: true, unicodeKeyboard: false, viewportRect: {height: 2031, left: 0, top: 63, width: 1080}, warnings: {}, webStorageEnabled: false}
Session ID: 43c25f9b-97c4-446c-9779-ff3d29800f13
*** Element info: {Using=xpath, value=//android.widget.LinearLayout[@content-desc=&quot;Test.jpg, 3.75 MB, 21 Dec&quot;]}
	at java.base/jdk.internal.reflect.DirectConstructorHandleAccessor.newInstance(DirectConstructorHandleAccessor.java:67)
	at java.base/java.lang.reflect.Constructor.newInstanceWithCaller(Constructor.java:500)
	at java.base/java.lang.reflect.Constructor.newInstance(Constructor.java:484)
	at org.openqa.selenium.remote.http.W3CHttpResponseCodec.createException(W3CHttpResponseCodec.java:187)
	at org.openqa.selenium.remote.http.W3CHttpResponseCodec.decode(W3CHttpResponseCodec.java:122)
	at org.openqa.selenium.remote.http.W3CHttpResponseCodec.decode(W3CHttpResponseCodec.java:49)
	at org.openqa.selenium.remote.HttpCommandExecutor.execute(HttpCommandExecutor.java:158)
	at io.appium.java_client.remote.AppiumCommandExecutor.execute(AppiumCommandExecutor.java:247)
	at org.openqa.selenium.remote.RemoteWebDriver.execute(RemoteWebDriver.java:552)
	at io.appium.java_client.DefaultGenericMobileDriver.execute(DefaultGenericMobileDriver.java:41)
	at io.appium.java_client.AppiumDriver.execute(AppiumDriver.java:1)
	at io.appium.java_client.android.AndroidDriver.execute(AndroidDriver.java:1)
	at org.openqa.selenium.remote.RemoteWebDriver.findElement(RemoteWebDriver.java:323)
	at io.appium.java_client.DefaultGenericMobileDriver.findElement(DefaultGenericMobileDriver.java:61)
	at io.appium.java_client.AppiumDriver.findElement(AppiumDriver.java:1)
	at io.appium.java_client.android.AndroidDriver.findElement(AndroidDriver.java:1)
	at org.openqa.selenium.remote.RemoteWebDriver.findElementByXPath(RemoteWebDriver.java:428)
	at io.appium.java_client.DefaultGenericMobileDriver.findElementByXPath(DefaultGenericMobileDriver.java:151)
	at io.appium.java_client.AppiumDriver.findElementByXPath(AppiumDriver.java:1)
	at io.appium.java_client.android.AndroidDriver.findElementByXPath(AndroidDriver.java:1)
	at org.openqa.selenium.By$ByXPath.findElement(By.java:353)
	at org.openqa.selenium.remote.RemoteWebDriver.findElement(RemoteWebDriver.java:315)
	at io.appium.java_client.DefaultGenericMobileDriver.findElement(DefaultGenericMobileDriver.java:57)
	at io.appium.java_client.AppiumDriver.findElement(AppiumDriver.java:1)
	at io.appium.java_client.android.AndroidDriver.findElement(AndroidDriver.java:1)
	at Pages.SignUpPage.Verify_Gallery_App_Opened(SignUpPage.java:768)
	at Tests.SignUpTests.Verify_the_functionality_of_Crop_link(SignUpTests.java:1007)
	at java.base/jdk.internal.reflect.DirectMethodHandleAccessor.invoke(DirectMethodHandleAccessor.java:104)
	at java.base/java.lang.reflect.Method.invoke(Method.java:578)
	at org.testng.internal.MethodInvocationHelper.invokeMethod(MethodInvocationHelper.java:133)
	at org.testng.internal.TestInvoker.invokeMethod(TestInvoker.java:598)
	at org.testng.internal.TestInvoker.invokeTestMethod(TestInvoker.java:173)
	at org.testng.internal.MethodRunner.runInSequence(MethodRunner.java:46)
	at org.testng.internal.TestInvoker$MethodInvocationAgent.invoke(TestInvoker.java:824)
	at org.testng.internal.TestInvoker.invokeTestMethods(TestInvoker.java:146)
	at org.testng.internal.TestMethodWorker.invokeTestMethods(TestMethodWorker.java:146)
	at org.testng.internal.TestMethodWorker.run(TestMethodWorker.java:128)
	at java.base/java.util.ArrayList.forEach(ArrayList.java:1511)
	at org.testng.TestRunner.privateRun(TestRunner.java:794)
	at org.testng.TestRunner.run(TestRunner.java:596)
	at org.testng.SuiteRunner.runTest(SuiteRunner.java:377)
	at org.testng.SuiteRunner.runSequentially(SuiteRunner.java:371)
	at org.testng.SuiteRunner.privateRun(SuiteRunner.java:332)
	at org.testng.SuiteRunner.run(SuiteRunner.java:276)
	at org.testng.SuiteRunnerWorker.runSuite(SuiteRunnerWorker.java:53)
	at org.testng.SuiteRunnerWorker.run(SuiteRunnerWorker.java:96)
	at org.testng.TestNG.runSuitesSequentially(TestNG.java:1212)
	at org.testng.TestNG.runSuitesLocally(TestNG.java:1134)
	at org.testng.TestNG.runSuites(TestNG.java:1063)
	at org.testng.TestNG.run(TestNG.java:1031)
	at org.apache.maven.surefire.testng.TestNGExecutor.run(TestNGExecutor.java:284)
	at org.apache.maven.surefire.testng.TestNGXmlTestSuite.execute(TestNGXmlTestSuite.java:75)
	at org.apache.maven.surefire.testng.TestNGProvider.invoke(TestNGProvider.java:119)
	at org.apache.maven.surefire.booter.ForkedBooter.runSuitesInProcess(ForkedBooter.java:428)
	at org.apache.maven.surefire.booter.ForkedBooter.execute(ForkedBooter.java:162)
	at org.apache.maven.surefire.booter.ForkedBooter.run(ForkedBooter.java:562)
	at org.apache.maven.surefire.booter.ForkedBooter.main(ForkedBooter.java:548)
</pre></div></td>
<td>114</td>
<td>Tests.SignUpTests@55183b20</td></tr>
<tr>
<td title='Tests.SignUpTests.Verify_the_screen_after_photo_select_from_Gallery()'><b>Verify_the_screen_after_photo_select_from_Gallery</b><br>Test class: Tests.SignUpTests<br/>
<a href="#Output-1742886351" onClick='toggleBox("Output-1742886351", this, "Show output", "Hide output");'>Show output</a>

<a href="#Output-1742886351" onClick="toggleAllBoxes();">Show all outputs</a>
<div class='log' id="Output-1742886351">
Application Launched.<br><br/>
Clicked on skip button.<br><br/>
Clicked on next button.<br><br/>
Clicked on signup button.<br><br/>
Clicked on first name field.<br><br/>
Entered first name:-vbdjc.<br><br/>
Clicked on last name field.<br><br/>
Entered last name:-ocirn.<br><br/>
Entered valid email:-.ryxv@gmail.com<br><br/>
Entered password:-Test@123<br><br/>
Entered confirm password.Test@123<br><br/>
Next button is clicked.<br><br/>
Done link is verified.<br><br/>
Search bar is verified.<br><br/>
Default country is:-Andorra<br><br/>
Country is verified with dropdown.<br><br/>
Clicked on Mobile number field.<br><br/>
Entered mobile number is:-9432673481<br><br/>
Clicked on DOB field.<br><br/>
Clicked on cancel button.<br><br/>
Calender is closed.<br><br/>
Next button is clicked.<br><br/>
Verify one sport from dropdown.<br><br/>
Next button is clicked.<br><br/>
UPLOAD PHOTO button is verified.<br><br/>
Clicked on upload photo button.<br><br/>
Clicked on gallery button.<br><br/>
</div>
</td>
<td><div><pre>org.openqa.selenium.NoSuchElementException: An element could not be located on the page using the given search parameters.
For documentation on this error, please visit: https://www.seleniumhq.org/exceptions/no_such_element.html
Build info: version: &apos;3.141.59&apos;, revision: &apos;e82be7d358&apos;, time: &apos;2018-11-14T08:17:03&apos;
System info: host: &apos;Admins-MacBook-Pro.local&apos;, ip: &apos;fe80:0:0:0:8f:c148:5c9e:6494%en0&apos;, os.name: &apos;Mac OS X&apos;, os.arch: &apos;x86_64&apos;, os.version: &apos;12.4&apos;, java.version: &apos;19.0.1&apos;
Driver info: io.appium.java_client.android.AndroidDriver
Capabilities {app: /Users/admin/Desktop/Plai_M..., appPackage: com.app.plaisports, autoAcceptAlerts: true, autoGrantPermissions: true, automationName: UiAutomator2, databaseEnabled: false, desired: {app: /Users/admin/Desktop/Plai_M..., autoAcceptAlerts: true, autoGrantPermissions: true, automationName: UiAutomator2, deviceName: 25e4e5308f0d7ece, platformName: android, platformVersion: 10, resetKeyboard: false, unicodeKeyboard: false}, deviceApiLevel: 29, deviceManufacturer: samsung, deviceModel: SM-N960F, deviceName: 25e4e5308f0d7ece, deviceScreenDensity: 420, deviceScreenSize: 1080x2220, deviceUDID: 25e4e5308f0d7ece, javascriptEnabled: true, locationContextEnabled: false, networkConnectionEnabled: true, pixelRatio: 2.625, platform: LINUX, platformName: android, platformVersion: 10, resetKeyboard: false, statBarHeight: 63, takesScreenshot: true, unicodeKeyboard: false, viewportRect: {height: 2031, left: 0, top: 63, width: 1080}, warnings: {}, webStorageEnabled: false}
Session ID: 827582cd-2474-486f-8e05-1614eee070cc
*** Element info: {Using=xpath, value=//android.widget.LinearLayout[@content-desc=&quot;Test.jpg, 3.75 MB, 21 Dec&quot;]}
	at java.base/jdk.internal.reflect.DirectConstructorHandleAccessor.newInstance(DirectConstructorHandleAccessor.java:67)
	at java.base/java.lang.reflect.Constructor.newInstanceWithCaller(Constructor.java:500)
	at java.base/java.lang.reflect.Constructor.newInstance(Constructor.java:484)
	at org.openqa.selenium.remote.http.W3CHttpResponseCodec.createException(W3CHttpResponseCodec.java:187)
	at org.openqa.selenium.remote.http.W3CHttpResponseCodec.decode(W3CHttpResponseCodec.java:122)
	at org.openqa.selenium.remote.http.W3CHttpResponseCodec.decode(W3CHttpResponseCodec.java:49)
	at org.openqa.selenium.remote.HttpCommandExecutor.execute(HttpCommandExecutor.java:158)
	at io.appium.java_client.remote.AppiumCommandExecutor.execute(AppiumCommandExecutor.java:247)
	at org.openqa.selenium.remote.RemoteWebDriver.execute(RemoteWebDriver.java:552)
	at io.appium.java_client.DefaultGenericMobileDriver.execute(DefaultGenericMobileDriver.java:41)
	at io.appium.java_client.AppiumDriver.execute(AppiumDriver.java:1)
	at io.appium.java_client.android.AndroidDriver.execute(AndroidDriver.java:1)
	at org.openqa.selenium.remote.RemoteWebDriver.findElement(RemoteWebDriver.java:323)
	at io.appium.java_client.DefaultGenericMobileDriver.findElement(DefaultGenericMobileDriver.java:61)
	at io.appium.java_client.AppiumDriver.findElement(AppiumDriver.java:1)
	at io.appium.java_client.android.AndroidDriver.findElement(AndroidDriver.java:1)
	at org.openqa.selenium.remote.RemoteWebDriver.findElementByXPath(RemoteWebDriver.java:428)
	at io.appium.java_client.DefaultGenericMobileDriver.findElementByXPath(DefaultGenericMobileDriver.java:151)
	at io.appium.java_client.AppiumDriver.findElementByXPath(AppiumDriver.java:1)
	at io.appium.java_client.android.AndroidDriver.findElementByXPath(AndroidDriver.java:1)
	at org.openqa.selenium.By$ByXPath.findElement(By.java:353)
	at org.openqa.selenium.remote.RemoteWebDriver.findElement(RemoteWebDriver.java:315)
	at io.appium.java_client.DefaultGenericMobileDriver.findElement(DefaultGenericMobileDriver.java:57)
	at io.appium.java_client.AppiumDriver.findElement(AppiumDriver.java:1)
	at io.appium.java_client.android.AndroidDriver.findElement(AndroidDriver.java:1)
	at Pages.SignUpPage.Verify_Gallery_App_Opened(SignUpPage.java:768)
	at Tests.SignUpTests.Verify_the_screen_after_photo_select_from_Gallery(SignUpTests.java:914)
	at java.base/jdk.internal.reflect.DirectMethodHandleAccessor.invoke(DirectMethodHandleAccessor.java:104)
	at java.base/java.lang.reflect.Method.invoke(Method.java:578)
	at org.testng.internal.MethodInvocationHelper.invokeMethod(MethodInvocationHelper.java:133)
	at org.testng.internal.TestInvoker.invokeMethod(TestInvoker.java:598)
	at org.testng.internal.TestInvoker.invokeTestMethod(TestInvoker.java:173)
	at org.testng.internal.MethodRunner.runInSequence(MethodRunner.java:46)
	at org.testng.internal.TestInvoker$MethodInvocationAgent.invoke(TestInvoker.java:824)
	at org.testng.internal.TestInvoker.invokeTestMethods(TestInvoker.java:146)
	at org.testng.internal.TestMethodWorker.invokeTestMethods(TestMethodWorker.java:146)
	at org.testng.internal.TestMethodWorker.run(TestMethodWorker.java:128)
	at java.base/java.util.ArrayList.forEach(ArrayList.java:1511)
	at org.testng.TestRunner.privateRun(TestRunner.java:794)
	at org.testng.TestRunner.run(TestRunner.java:596)
	at org.testng.SuiteRunner.runTest(SuiteRunner.java:377)
	at org.testng.SuiteRunner.runSequentially(SuiteRunner.java:371)
	at org.testng.SuiteRunner.privateRun(SuiteRunner.java:332)
	at org.testng.SuiteRunner.run(SuiteRunner.java:276)
	at org.testng.SuiteRunnerWorker.runSuite(SuiteRunnerWorker.java:53)
	at org.testng.SuiteRunnerWorker.run(SuiteRunnerWorker.java:96)
	at org.testng.TestNG.runSuitesSequentially(TestNG.java:1212)
	at org.testng.TestNG.runSuitesLocally(TestNG.java:1134)
	at org.testng.TestNG.runSuites(TestNG.java:1063)
	at org.testng.TestNG.run(TestNG.java:1031)
	at org.apache.maven.surefire.testng.TestNGExecutor.run(TestNGExecutor.java:284)
	at org.apache.maven.surefire.testng.TestNGXmlTestSuite.execute(TestNGXmlTestSuite.java:75)
	at org.apache.maven.surefire.testng.TestNGProvider.invoke(TestNGProvider.java:119)
	at org.apache.maven.surefire.booter.ForkedBooter.runSuitesInProcess(ForkedBooter.java:428)
	at org.apache.maven.surefire.booter.ForkedBooter.execute(ForkedBooter.java:162)
	at org.apache.maven.surefire.booter.ForkedBooter.run(ForkedBooter.java:562)
	at org.apache.maven.surefire.booter.ForkedBooter.main(ForkedBooter.java:548)
</pre></div><a href='#' onClick='toggleBox("stack-trace1742886351", this, "Click to show all stack frames", "Click to hide stack frames")'>Click to show all stack frames</a>
<div class='stack-trace' id='stack-trace1742886351'><pre>org.openqa.selenium.NoSuchElementException: An element could not be located on the page using the given search parameters.
For documentation on this error, please visit: https://www.seleniumhq.org/exceptions/no_such_element.html
Build info: version: &apos;3.141.59&apos;, revision: &apos;e82be7d358&apos;, time: &apos;2018-11-14T08:17:03&apos;
System info: host: &apos;Admins-MacBook-Pro.local&apos;, ip: &apos;fe80:0:0:0:8f:c148:5c9e:6494%en0&apos;, os.name: &apos;Mac OS X&apos;, os.arch: &apos;x86_64&apos;, os.version: &apos;12.4&apos;, java.version: &apos;19.0.1&apos;
Driver info: io.appium.java_client.android.AndroidDriver
Capabilities {app: /Users/admin/Desktop/Plai_M..., appPackage: com.app.plaisports, autoAcceptAlerts: true, autoGrantPermissions: true, automationName: UiAutomator2, databaseEnabled: false, desired: {app: /Users/admin/Desktop/Plai_M..., autoAcceptAlerts: true, autoGrantPermissions: true, automationName: UiAutomator2, deviceName: 25e4e5308f0d7ece, platformName: android, platformVersion: 10, resetKeyboard: false, unicodeKeyboard: false}, deviceApiLevel: 29, deviceManufacturer: samsung, deviceModel: SM-N960F, deviceName: 25e4e5308f0d7ece, deviceScreenDensity: 420, deviceScreenSize: 1080x2220, deviceUDID: 25e4e5308f0d7ece, javascriptEnabled: true, locationContextEnabled: false, networkConnectionEnabled: true, pixelRatio: 2.625, platform: LINUX, platformName: android, platformVersion: 10, resetKeyboard: false, statBarHeight: 63, takesScreenshot: true, unicodeKeyboard: false, viewportRect: {height: 2031, left: 0, top: 63, width: 1080}, warnings: {}, webStorageEnabled: false}
Session ID: 827582cd-2474-486f-8e05-1614eee070cc
*** Element info: {Using=xpath, value=//android.widget.LinearLayout[@content-desc=&quot;Test.jpg, 3.75 MB, 21 Dec&quot;]}
	at java.base/jdk.internal.reflect.DirectConstructorHandleAccessor.newInstance(DirectConstructorHandleAccessor.java:67)
	at java.base/java.lang.reflect.Constructor.newInstanceWithCaller(Constructor.java:500)
	at java.base/java.lang.reflect.Constructor.newInstance(Constructor.java:484)
	at org.openqa.selenium.remote.http.W3CHttpResponseCodec.createException(W3CHttpResponseCodec.java:187)
	at org.openqa.selenium.remote.http.W3CHttpResponseCodec.decode(W3CHttpResponseCodec.java:122)
	at org.openqa.selenium.remote.http.W3CHttpResponseCodec.decode(W3CHttpResponseCodec.java:49)
	at org.openqa.selenium.remote.HttpCommandExecutor.execute(HttpCommandExecutor.java:158)
	at io.appium.java_client.remote.AppiumCommandExecutor.execute(AppiumCommandExecutor.java:247)
	at org.openqa.selenium.remote.RemoteWebDriver.execute(RemoteWebDriver.java:552)
	at io.appium.java_client.DefaultGenericMobileDriver.execute(DefaultGenericMobileDriver.java:41)
	at io.appium.java_client.AppiumDriver.execute(AppiumDriver.java:1)
	at io.appium.java_client.android.AndroidDriver.execute(AndroidDriver.java:1)
	at org.openqa.selenium.remote.RemoteWebDriver.findElement(RemoteWebDriver.java:323)
	at io.appium.java_client.DefaultGenericMobileDriver.findElement(DefaultGenericMobileDriver.java:61)
	at io.appium.java_client.AppiumDriver.findElement(AppiumDriver.java:1)
	at io.appium.java_client.android.AndroidDriver.findElement(AndroidDriver.java:1)
	at org.openqa.selenium.remote.RemoteWebDriver.findElementByXPath(RemoteWebDriver.java:428)
	at io.appium.java_client.DefaultGenericMobileDriver.findElementByXPath(DefaultGenericMobileDriver.java:151)
	at io.appium.java_client.AppiumDriver.findElementByXPath(AppiumDriver.java:1)
	at io.appium.java_client.android.AndroidDriver.findElementByXPath(AndroidDriver.java:1)
	at org.openqa.selenium.By$ByXPath.findElement(By.java:353)
	at org.openqa.selenium.remote.RemoteWebDriver.findElement(RemoteWebDriver.java:315)
	at io.appium.java_client.DefaultGenericMobileDriver.findElement(DefaultGenericMobileDriver.java:57)
	at io.appium.java_client.AppiumDriver.findElement(AppiumDriver.java:1)
	at io.appium.java_client.android.AndroidDriver.findElement(AndroidDriver.java:1)
	at Pages.SignUpPage.Verify_Gallery_App_Opened(SignUpPage.java:768)
	at Tests.SignUpTests.Verify_the_screen_after_photo_select_from_Gallery(SignUpTests.java:914)
	at java.base/jdk.internal.reflect.DirectMethodHandleAccessor.invoke(DirectMethodHandleAccessor.java:104)
	at java.base/java.lang.reflect.Method.invoke(Method.java:578)
	at org.testng.internal.MethodInvocationHelper.invokeMethod(MethodInvocationHelper.java:133)
	at org.testng.internal.TestInvoker.invokeMethod(TestInvoker.java:598)
	at org.testng.internal.TestInvoker.invokeTestMethod(TestInvoker.java:173)
	at org.testng.internal.MethodRunner.runInSequence(MethodRunner.java:46)
	at org.testng.internal.TestInvoker$MethodInvocationAgent.invoke(TestInvoker.java:824)
	at org.testng.internal.TestInvoker.invokeTestMethods(TestInvoker.java:146)
	at org.testng.internal.TestMethodWorker.invokeTestMethods(TestMethodWorker.java:146)
	at org.testng.internal.TestMethodWorker.run(TestMethodWorker.java:128)
	at java.base/java.util.ArrayList.forEach(ArrayList.java:1511)
	at org.testng.TestRunner.privateRun(TestRunner.java:794)
	at org.testng.TestRunner.run(TestRunner.java:596)
	at org.testng.SuiteRunner.runTest(SuiteRunner.java:377)
	at org.testng.SuiteRunner.runSequentially(SuiteRunner.java:371)
	at org.testng.SuiteRunner.privateRun(SuiteRunner.java:332)
	at org.testng.SuiteRunner.run(SuiteRunner.java:276)
	at org.testng.SuiteRunnerWorker.runSuite(SuiteRunnerWorker.java:53)
	at org.testng.SuiteRunnerWorker.run(SuiteRunnerWorker.java:96)
	at org.testng.TestNG.runSuitesSequentially(TestNG.java:1212)
	at org.testng.TestNG.runSuitesLocally(TestNG.java:1134)
	at org.testng.TestNG.runSuites(TestNG.java:1063)
	at org.testng.TestNG.run(TestNG.java:1031)
	at org.apache.maven.surefire.testng.TestNGExecutor.run(TestNGExecutor.java:284)
	at org.apache.maven.surefire.testng.TestNGXmlTestSuite.execute(TestNGXmlTestSuite.java:75)
	at org.apache.maven.surefire.testng.TestNGProvider.invoke(TestNGProvider.java:119)
	at org.apache.maven.surefire.booter.ForkedBooter.runSuitesInProcess(ForkedBooter.java:428)
	at org.apache.maven.surefire.booter.ForkedBooter.execute(ForkedBooter.java:162)
	at org.apache.maven.surefire.booter.ForkedBooter.run(ForkedBooter.java:562)
	at org.apache.maven.surefire.booter.ForkedBooter.main(ForkedBooter.java:548)
</pre></div></td>
<td>107</td>
<td>Tests.SignUpTests@55183b20</td></tr>
<tr>
<td title='Tests.SignUpTests.Verify_the_functionality_of_Search_bar()'><b>Verify_the_functionality_of_Search_bar</b><br>Test class: Tests.SignUpTests<br/>
<a href="#Output-2036353726" onClick='toggleBox("Output-2036353726", this, "Show output", "Hide output");'>Show output</a>

<a href="#Output-2036353726" onClick="toggleAllBoxes();">Show all outputs</a>
<div class='log' id="Output-2036353726">
Application Launched.<br><br/>
Clicked on skip button.<br><br/>
Clicked on next button.<br><br/>
Clicked on signup button.<br><br/>
Clicked on first name field.<br><br/>
Entered first name:-ffijd.<br><br/>
Clicked on last name field.<br><br/>
Entered last name:-fvcpq.<br><br/>
Entered valid email:-.cfri@gmail.com<br><br/>
Entered password:-Test@123<br><br/>
Entered confirm password.Test@123<br><br/>
Next button is clicked.<br><br/>
Clicked on country field.<br><br/>
</div>
</td>
<td><div><pre>org.openqa.selenium.StaleElementReferenceException: androidx.test.uiautomator.StaleObjectException
For documentation on this error, please visit: https://www.seleniumhq.org/exceptions/stale_element_reference.html
Build info: version: &apos;3.141.59&apos;, revision: &apos;e82be7d358&apos;, time: &apos;2018-11-14T08:17:03&apos;
System info: host: &apos;Admins-MacBook-Pro.local&apos;, ip: &apos;fe80:0:0:0:8f:c148:5c9e:6494%en0&apos;, os.name: &apos;Mac OS X&apos;, os.arch: &apos;x86_64&apos;, os.version: &apos;12.4&apos;, java.version: &apos;19.0.1&apos;
Driver info: io.appium.java_client.android.AndroidDriver
Capabilities {app: /Users/admin/Desktop/Plai_M..., appPackage: com.app.plaisports, autoAcceptAlerts: true, autoGrantPermissions: true, automationName: UiAutomator2, databaseEnabled: false, desired: {app: /Users/admin/Desktop/Plai_M..., autoAcceptAlerts: true, autoGrantPermissions: true, automationName: UiAutomator2, deviceName: 25e4e5308f0d7ece, platformName: android, platformVersion: 10, resetKeyboard: false, unicodeKeyboard: false}, deviceApiLevel: 29, deviceManufacturer: samsung, deviceModel: SM-N960F, deviceName: 25e4e5308f0d7ece, deviceScreenDensity: 420, deviceScreenSize: 1080x2220, deviceUDID: 25e4e5308f0d7ece, javascriptEnabled: true, locationContextEnabled: false, networkConnectionEnabled: true, pixelRatio: 2.625, platform: LINUX, platformName: android, platformVersion: 10, resetKeyboard: false, statBarHeight: 63, takesScreenshot: true, unicodeKeyboard: false, viewportRect: {height: 2031, left: 0, top: 63, width: 1080}, warnings: {}, webStorageEnabled: false}
Session ID: 55d6a09d-304d-4429-9c5b-2e129fe93b21
	at java.base/jdk.internal.reflect.DirectConstructorHandleAccessor.newInstance(DirectConstructorHandleAccessor.java:67)
	at java.base/java.lang.reflect.Constructor.newInstanceWithCaller(Constructor.java:500)
	at java.base/java.lang.reflect.Constructor.newInstance(Constructor.java:484)
	at org.openqa.selenium.remote.http.W3CHttpResponseCodec.createException(W3CHttpResponseCodec.java:187)
	at org.openqa.selenium.remote.http.W3CHttpResponseCodec.decode(W3CHttpResponseCodec.java:122)
	at org.openqa.selenium.remote.http.W3CHttpResponseCodec.decode(W3CHttpResponseCodec.java:49)
	at org.openqa.selenium.remote.HttpCommandExecutor.execute(HttpCommandExecutor.java:158)
	at io.appium.java_client.remote.AppiumCommandExecutor.execute(AppiumCommandExecutor.java:247)
	at org.openqa.selenium.remote.RemoteWebDriver.execute(RemoteWebDriver.java:552)
	at io.appium.java_client.DefaultGenericMobileDriver.execute(DefaultGenericMobileDriver.java:41)
	at io.appium.java_client.AppiumDriver.execute(AppiumDriver.java:1)
	at io.appium.java_client.android.AndroidDriver.execute(AndroidDriver.java:1)
	at org.openqa.selenium.remote.RemoteWebElement.execute(RemoteWebElement.java:285)
	at io.appium.java_client.DefaultGenericMobileElement.execute(DefaultGenericMobileElement.java:45)
	at io.appium.java_client.MobileElement.execute(MobileElement.java:1)
	at io.appium.java_client.android.AndroidElement.execute(AndroidElement.java:1)
	at org.openqa.selenium.remote.RemoteWebElement.click(RemoteWebElement.java:84)
	at Pages.SignUpPage.click_on_searchbar(SignUpPage.java:367)
	at Tests.SignUpTests.Verify_the_functionality_of_Search_bar(SignUpTests.java:391)
	at java.base/jdk.internal.reflect.DirectMethodHandleAccessor.invoke(DirectMethodHandleAccessor.java:104)
	at java.base/java.lang.reflect.Method.invoke(Method.java:578)
	at org.testng.internal.MethodInvocationHelper.invokeMethod(MethodInvocationHelper.java:133)
	at org.testng.internal.TestInvoker.invokeMethod(TestInvoker.java:598)
	at org.testng.internal.TestInvoker.invokeTestMethod(TestInvoker.java:173)
	at org.testng.internal.MethodRunner.runInSequence(MethodRunner.java:46)
	at org.testng.internal.TestInvoker$MethodInvocationAgent.invoke(TestInvoker.java:824)
	at org.testng.internal.TestInvoker.invokeTestMethods(TestInvoker.java:146)
	at org.testng.internal.TestMethodWorker.invokeTestMethods(TestMethodWorker.java:146)
	at org.testng.internal.TestMethodWorker.run(TestMethodWorker.java:128)
	at java.base/java.util.ArrayList.forEach(ArrayList.java:1511)
	at org.testng.TestRunner.privateRun(TestRunner.java:794)
	at org.testng.TestRunner.run(TestRunner.java:596)
	at org.testng.SuiteRunner.runTest(SuiteRunner.java:377)
	at org.testng.SuiteRunner.runSequentially(SuiteRunner.java:371)
	at org.testng.SuiteRunner.privateRun(SuiteRunner.java:332)
	at org.testng.SuiteRunner.run(SuiteRunner.java:276)
	at org.testng.SuiteRunnerWorker.runSuite(SuiteRunnerWorker.java:53)
	at org.testng.SuiteRunnerWorker.run(SuiteRunnerWorker.java:96)
	at org.testng.TestNG.runSuitesSequentially(TestNG.java:1212)
	at org.testng.TestNG.runSuitesLocally(TestNG.java:1134)
	at org.testng.TestNG.runSuites(TestNG.java:1063)
	at org.testng.TestNG.run(TestNG.java:1031)
	at org.apache.maven.surefire.testng.TestNGExecutor.run(TestNGExecutor.java:284)
	at org.apache.maven.surefire.testng.TestNGXmlTestSuite.execute(TestNGXmlTestSuite.java:75)
	at org.apache.maven.surefire.testng.TestNGProvider.invoke(TestNGProvider.java:119)
	at org.apache.maven.surefire.booter.ForkedBooter.runSuitesInProcess(ForkedBooter.java:428)
	at org.apache.maven.surefire.booter.ForkedBooter.execute(ForkedBooter.java:162)
	at org.apache.maven.surefire.booter.ForkedBooter.run(ForkedBooter.java:562)
	at org.apache.maven.surefire.booter.ForkedBooter.main(ForkedBooter.java:548)
</pre></div><a href='#' onClick='toggleBox("stack-trace2036353726", this, "Click to show all stack frames", "Click to hide stack frames")'>Click to show all stack frames</a>
<div class='stack-trace' id='stack-trace2036353726'><pre>org.openqa.selenium.StaleElementReferenceException: androidx.test.uiautomator.StaleObjectException
For documentation on this error, please visit: https://www.seleniumhq.org/exceptions/stale_element_reference.html
Build info: version: &apos;3.141.59&apos;, revision: &apos;e82be7d358&apos;, time: &apos;2018-11-14T08:17:03&apos;
System info: host: &apos;Admins-MacBook-Pro.local&apos;, ip: &apos;fe80:0:0:0:8f:c148:5c9e:6494%en0&apos;, os.name: &apos;Mac OS X&apos;, os.arch: &apos;x86_64&apos;, os.version: &apos;12.4&apos;, java.version: &apos;19.0.1&apos;
Driver info: io.appium.java_client.android.AndroidDriver
Capabilities {app: /Users/admin/Desktop/Plai_M..., appPackage: com.app.plaisports, autoAcceptAlerts: true, autoGrantPermissions: true, automationName: UiAutomator2, databaseEnabled: false, desired: {app: /Users/admin/Desktop/Plai_M..., autoAcceptAlerts: true, autoGrantPermissions: true, automationName: UiAutomator2, deviceName: 25e4e5308f0d7ece, platformName: android, platformVersion: 10, resetKeyboard: false, unicodeKeyboard: false}, deviceApiLevel: 29, deviceManufacturer: samsung, deviceModel: SM-N960F, deviceName: 25e4e5308f0d7ece, deviceScreenDensity: 420, deviceScreenSize: 1080x2220, deviceUDID: 25e4e5308f0d7ece, javascriptEnabled: true, locationContextEnabled: false, networkConnectionEnabled: true, pixelRatio: 2.625, platform: LINUX, platformName: android, platformVersion: 10, resetKeyboard: false, statBarHeight: 63, takesScreenshot: true, unicodeKeyboard: false, viewportRect: {height: 2031, left: 0, top: 63, width: 1080}, warnings: {}, webStorageEnabled: false}
Session ID: 55d6a09d-304d-4429-9c5b-2e129fe93b21
	at java.base/jdk.internal.reflect.DirectConstructorHandleAccessor.newInstance(DirectConstructorHandleAccessor.java:67)
	at java.base/java.lang.reflect.Constructor.newInstanceWithCaller(Constructor.java:500)
	at java.base/java.lang.reflect.Constructor.newInstance(Constructor.java:484)
	at org.openqa.selenium.remote.http.W3CHttpResponseCodec.createException(W3CHttpResponseCodec.java:187)
	at org.openqa.selenium.remote.http.W3CHttpResponseCodec.decode(W3CHttpResponseCodec.java:122)
	at org.openqa.selenium.remote.http.W3CHttpResponseCodec.decode(W3CHttpResponseCodec.java:49)
	at org.openqa.selenium.remote.HttpCommandExecutor.execute(HttpCommandExecutor.java:158)
	at io.appium.java_client.remote.AppiumCommandExecutor.execute(AppiumCommandExecutor.java:247)
	at org.openqa.selenium.remote.RemoteWebDriver.execute(RemoteWebDriver.java:552)
	at io.appium.java_client.DefaultGenericMobileDriver.execute(DefaultGenericMobileDriver.java:41)
	at io.appium.java_client.AppiumDriver.execute(AppiumDriver.java:1)
	at io.appium.java_client.android.AndroidDriver.execute(AndroidDriver.java:1)
	at org.openqa.selenium.remote.RemoteWebElement.execute(RemoteWebElement.java:285)
	at io.appium.java_client.DefaultGenericMobileElement.execute(DefaultGenericMobileElement.java:45)
	at io.appium.java_client.MobileElement.execute(MobileElement.java:1)
	at io.appium.java_client.android.AndroidElement.execute(AndroidElement.java:1)
	at org.openqa.selenium.remote.RemoteWebElement.click(RemoteWebElement.java:84)
	at Pages.SignUpPage.click_on_searchbar(SignUpPage.java:367)
	at Tests.SignUpTests.Verify_the_functionality_of_Search_bar(SignUpTests.java:391)
	at java.base/jdk.internal.reflect.DirectMethodHandleAccessor.invoke(DirectMethodHandleAccessor.java:104)
	at java.base/java.lang.reflect.Method.invoke(Method.java:578)
	at org.testng.internal.MethodInvocationHelper.invokeMethod(MethodInvocationHelper.java:133)
	at org.testng.internal.TestInvoker.invokeMethod(TestInvoker.java:598)
	at org.testng.internal.TestInvoker.invokeTestMethod(TestInvoker.java:173)
	at org.testng.internal.MethodRunner.runInSequence(MethodRunner.java:46)
	at org.testng.internal.TestInvoker$MethodInvocationAgent.invoke(TestInvoker.java:824)
	at org.testng.internal.TestInvoker.invokeTestMethods(TestInvoker.java:146)
	at org.testng.internal.TestMethodWorker.invokeTestMethods(TestMethodWorker.java:146)
	at org.testng.internal.TestMethodWorker.run(TestMethodWorker.java:128)
	at java.base/java.util.ArrayList.forEach(ArrayList.java:1511)
	at org.testng.TestRunner.privateRun(TestRunner.java:794)
	at org.testng.TestRunner.run(TestRunner.java:596)
	at org.testng.SuiteRunner.runTest(SuiteRunner.java:377)
	at org.testng.SuiteRunner.runSequentially(SuiteRunner.java:371)
	at org.testng.SuiteRunner.privateRun(SuiteRunner.java:332)
	at org.testng.SuiteRunner.run(SuiteRunner.java:276)
	at org.testng.SuiteRunnerWorker.runSuite(SuiteRunnerWorker.java:53)
	at org.testng.SuiteRunnerWorker.run(SuiteRunnerWorker.java:96)
	at org.testng.TestNG.runSuitesSequentially(TestNG.java:1212)
	at org.testng.TestNG.runSuitesLocally(TestNG.java:1134)
	at org.testng.TestNG.runSuites(TestNG.java:1063)
	at org.testng.TestNG.run(TestNG.java:1031)
	at org.apache.maven.surefire.testng.TestNGExecutor.run(TestNGExecutor.java:284)
	at org.apache.maven.surefire.testng.TestNGXmlTestSuite.execute(TestNGXmlTestSuite.java:75)
	at org.apache.maven.surefire.testng.TestNGProvider.invoke(TestNGProvider.java:119)
	at org.apache.maven.surefire.booter.ForkedBooter.runSuitesInProcess(ForkedBooter.java:428)
	at org.apache.maven.surefire.booter.ForkedBooter.execute(ForkedBooter.java:162)
	at org.apache.maven.surefire.booter.ForkedBooter.run(ForkedBooter.java:562)
	at org.apache.maven.surefire.booter.ForkedBooter.main(ForkedBooter.java:548)
</pre></div></td>
<td>64</td>
<td>Tests.SignUpTests@55183b20</td></tr>
</table><p>
<table width='100%' border='1' class='invocation-passed'>
<tr><td colspan='4' align='center'><b>PASSED TESTS</b></td></tr>
<tr><td><b>Test method</b></td>
<td width="30%"><b>Exception</b></td>
<td width="10%"><b>Time (seconds)</b></td>
<td><b>Instance</b></td>
</tr>
<tr>
<td title='Tests.SignUpTests.Verify_the_functionality_of_Sign_Up_button()'><b>Verify_the_functionality_of_Sign_Up_button</b><br>Test class: Tests.SignUpTests<br/>
<a href="#Output-1746885150" onClick='toggleBox("Output-1746885150", this, "Show output", "Hide output");'>Show output</a>

<a href="#Output-1746885150" onClick="toggleAllBoxes();">Show all outputs</a>
<div class='log' id="Output-1746885150">
Application Launched.<br><br/>
Clicked on skip button.<br><br/>
Clicked on next button.<br><br/>
Clicked on signup button.<br><br/>
Clicked on first name field.<br><br/>
Entered first name:-vfppj.<br><br/>
Clicked on last name field.<br><br/>
Entered last name:-kmfif.<br><br/>
Entered valid email:-.kjvi@gmail.com<br><br/>
Entered password:-Test@123<br><br/>
Entered confirm password.Test@123<br><br/>
Next button is clicked.<br><br/>
Done link is verified.<br><br/>
Search bar is verified.<br><br/>
Default country is:-Andorra<br><br/>
Country is verified with dropdown.<br><br/>
Clicked on Mobile number field.<br><br/>
Entered mobile number is:-9432673481<br><br/>
Clicked on DOB field.<br><br/>
Clicked on cancel button.<br><br/>
Calender is closed.<br><br/>
Next button is clicked.<br><br/>
Verify one sport from dropdown.<br><br/>
Next button is clicked.<br><br/>
Clicked On Prefer Not to Say Checkbox<br><br/>
Clicked on sign up button.<br><br/>
Clicked On Sign Up Button<br><br/>
Mail Verification Popup Displayed with message :- An email has been sent to kjvi@gmail.com, please click the link to verify your account.<br><br/>
</div>
</td>
<td></td>
<td>95</td>
<td>Tests.SignUpTests@55183b20</td></tr>
<tr>
<td title='Tests.SignUpTests.Verify_the_Next_button_before_entering_data_in_fields()'><b>Verify_the_Next_button_before_entering_data_in_fields</b><br>Test class: Tests.SignUpTests<br/>
<a href="#Output-576066578" onClick='toggleBox("Output-576066578", this, "Show output", "Hide output");'>Show output</a>

<a href="#Output-576066578" onClick="toggleAllBoxes();">Show all outputs</a>
<div class='log' id="Output-576066578">
Application Launched.<br><br/>
Clicked on skip button.<br><br/>
Clicked on next button.<br><br/>
Clicked on signup button.<br><br/>
Clicked on first name field.<br><br/>
Entered first name:-oddtx.<br><br/>
Clicked on last name field.<br><br/>
Entered last name:-xncgn.<br><br/>
Entered valid email:-.dffc@gmail.com<br><br/>
Entered password:-Test@123<br><br/>
Entered confirm password.Test@123<br><br/>
Next button is clicked.<br><br/>
Next button is clicked.<br><br/>
validation message is verified<br><br/>
</div>
</td>
<td></td>
<td>63</td>
<td>Tests.SignUpTests@55183b20</td></tr>
<tr>
<td title='Tests.SignUpTests.Verify_navigation_by_click_on_Back_icon_of_Terms_of_use_screen()'><b>Verify_navigation_by_click_on_Back_icon_of_Terms_of_use_screen</b><br>Test class: Tests.SignUpTests<br/>
<a href="#Output-709853193" onClick='toggleBox("Output-709853193", this, "Show output", "Hide output");'>Show output</a>

<a href="#Output-709853193" onClick="toggleAllBoxes();">Show all outputs</a>
<div class='log' id="Output-709853193">
Application Launched.<br><br/>
Clicked on skip button.<br><br/>
Clicked on next button.<br><br/>
Clicked on signup button.<br><br/>
Clicked onTerms and condition link.<br><br/>
Terms and condition page is verified with back icon<br><br/>
Back icon is clicked.<br><br/>
</div>
</td>
<td></td>
<td>41</td>
<td>Tests.SignUpTests@55183b20</td></tr>
<tr>
<td title='Tests.SignUpTests.Verify_the_Year_by_click_on_it()'><b>Verify_the_Year_by_click_on_it</b><br>Test class: Tests.SignUpTests<br/>
<a href="#Output-2033117926" onClick='toggleBox("Output-2033117926", this, "Show output", "Hide output");'>Show output</a>

<a href="#Output-2033117926" onClick="toggleAllBoxes();">Show all outputs</a>
<div class='log' id="Output-2033117926">
Application Launched.<br><br/>
Clicked on skip button.<br><br/>
Clicked on next button.<br><br/>
Clicked on signup button.<br><br/>
Clicked on first name field.<br><br/>
Entered first name:-rjcrb.<br><br/>
Clicked on last name field.<br><br/>
Entered last name:-ksxvj.<br><br/>
Entered valid email:-.fdfu@gmail.com<br><br/>
Entered password:-Test@123<br><br/>
Entered confirm password.Test@123<br><br/>
Next button is clicked.<br><br/>
Clicked on DOB field.<br><br/>
Clicked on by default year.<br><br/>
_______________________years are displayed in year page_______________________________<br><br/>
1999<br><br/>
2000<br><br/>
2001<br><br/>
2002<br><br/>
2003<br><br/>
2004<br><br/>
2005<br><br/>
</div>
</td>
<td></td>
<td>64</td>
<td>Tests.SignUpTests@55183b20</td></tr>
<tr>
<td title='Tests.SignUpTests.Verify_the_Next_button_after_entering_data_in_First_Name_and_Last_Name()'><b>Verify_the_Next_button_after_entering_data_in_First_Name_and_Last_Name</b><br>Test class: Tests.SignUpTests<br/>
<a href="#Output-1584833211" onClick='toggleBox("Output-1584833211", this, "Show output", "Hide output");'>Show output</a>

<a href="#Output-1584833211" onClick="toggleAllBoxes();">Show all outputs</a>
<div class='log' id="Output-1584833211">
Application Launched.<br><br/>
Clicked on skip button.<br><br/>
Clicked on next button.<br><br/>
Clicked on signup button.<br><br/>
Clicked on first name field.<br><br/>
Entered first name:-giiio.<br><br/>
Clicked on last name field.<br><br/>
Entered last name:-fsskr.<br><br/>
Next button is clicked.<br><br/>
Email validation message is verified<br><br/>
</div>
</td>
<td></td>
<td>46</td>
<td>Tests.SignUpTests@55183b20</td></tr>
<tr>
<td title='Tests.SignUpTests.Verify_the_fields_display_on_SPORT_THAT_YOU_PLAY_screen()'><b>Verify_the_fields_display_on_SPORT_THAT_YOU_PLAY_screen</b><br>Test class: Tests.SignUpTests<br/>
<a href="#Output-494021631" onClick='toggleBox("Output-494021631", this, "Show output", "Hide output");'>Show output</a>

<a href="#Output-494021631" onClick="toggleAllBoxes();">Show all outputs</a>
<div class='log' id="Output-494021631">
Application Launched.<br><br/>
Clicked on skip button.<br><br/>
Clicked on next button.<br><br/>
Clicked on signup button.<br><br/>
Clicked on first name field.<br><br/>
Entered first name:-fifcb.<br><br/>
Clicked on last name field.<br><br/>
Entered last name:-ufvdf.<br><br/>
Entered valid email:-.fddx@gmail.com<br><br/>
Entered password:-Test@123<br><br/>
Entered confirm password.Test@123<br><br/>
Next button is clicked.<br><br/>
Done link is verified.<br><br/>
Search bar is verified.<br><br/>
Default country is:-Andorra<br><br/>
Country is verified with dropdown.<br><br/>
Clicked on Mobile number field.<br><br/>
Entered mobile number is:-9432673481<br><br/>
Clicked on DOB field.<br><br/>
Clicked on cancel button.<br><br/>
Calender is closed.<br><br/>
Next button is clicked.<br><br/>
Sport that you play text is verified.<br><br/>
Back icon is verified.<br><br/>
Verified search bar.<br><br/>
 Cricket is verified<br><br/>
 Airsoft is verified<br><br/>
</div>
</td>
<td></td>
<td>114</td>
<td>Tests.SignUpTests@55183b20</td></tr>
<tr>
<td title='Tests.SignUpTests.Verify_the_functionality_of_Next_button_of_sport_page()'><b>Verify_the_functionality_of_Next_button_of_sport_page</b><br>Test class: Tests.SignUpTests<br/>
<a href="#Output-1036971139" onClick='toggleBox("Output-1036971139", this, "Show output", "Hide output");'>Show output</a>

<a href="#Output-1036971139" onClick="toggleAllBoxes();">Show all outputs</a>
<div class='log' id="Output-1036971139">
Application Launched.<br><br/>
Clicked on skip button.<br><br/>
Clicked on next button.<br><br/>
Clicked on signup button.<br><br/>
Clicked on first name field.<br><br/>
Entered first name:-rgpoo.<br><br/>
Clicked on last name field.<br><br/>
Entered last name:-dqfir.<br><br/>
Entered valid email:-.fotp@gmail.com<br><br/>
Entered password:-Test@123<br><br/>
Entered confirm password.Test@123<br><br/>
Next button is clicked.<br><br/>
Done link is verified.<br><br/>
Search bar is verified.<br><br/>
Default country is:-Andorra<br><br/>
Country is verified with dropdown.<br><br/>
Clicked on Mobile number field.<br><br/>
Entered mobile number is:-9432673481<br><br/>
Clicked on DOB field.<br><br/>
Clicked on cancel button.<br><br/>
Calender is closed.<br><br/>
Next button is clicked.<br><br/>
Verify one sport from dropdown.<br><br/>
Next button is clicked.<br><br/>
UPLOAD PHOTO button is verified.<br><br/>
Male button is verified.<br><br/>
Female button is verified.<br><br/>
Prefer not to say button is verified.<br><br/>
SIGN UP button is verified.<br><br/>
</div>
</td>
<td></td>
<td>95</td>
<td>Tests.SignUpTests@55183b20</td></tr>
<tr>
<td title='Tests.SignUpTests.Verify_the_Country_field_by_tap_on_Dropdown_icon()'><b>Verify_the_Country_field_by_tap_on_Dropdown_icon</b><br>Test class: Tests.SignUpTests<br/>
<a href="#Output-83554804" onClick='toggleBox("Output-83554804", this, "Show output", "Hide output");'>Show output</a>

<a href="#Output-83554804" onClick="toggleAllBoxes();">Show all outputs</a>
<div class='log' id="Output-83554804">
Application Launched.<br><br/>
Clicked on skip button.<br><br/>
Clicked on next button.<br><br/>
Clicked on signup button.<br><br/>
Clicked on first name field.<br><br/>
Entered first name:-vgfii.<br><br/>
Clicked on last name field.<br><br/>
Entered last name:-qfoqo.<br><br/>
Entered valid email:-.ztpo@gmail.com<br><br/>
Entered password:-Test@123<br><br/>
Entered confirm password.Test@123<br><br/>
Next button is clicked.<br><br/>
Logo is verified.<br><br/>
Country is verified.<br><br/>
List for the country doesn't open by tapping on 'Dropdown' icon<br><br/>
</div>
</td>
<td></td>
<td>61</td>
<td>Tests.SignUpTests@55183b20</td></tr>
<tr>
<td title='Tests.SignUpTests.Verify_Next_button_after_entering_valid_data_in_all_mandatory_fields()'><b>Verify_Next_button_after_entering_valid_data_in_all_mandatory_fields</b><br>Test class: Tests.SignUpTests<br/>
<a href="#Output-214774813" onClick='toggleBox("Output-214774813", this, "Show output", "Hide output");'>Show output</a>

<a href="#Output-214774813" onClick="toggleAllBoxes();">Show all outputs</a>
<div class='log' id="Output-214774813">
Application Launched.<br><br/>
Clicked on skip button.<br><br/>
Clicked on next button.<br><br/>
Clicked on signup button.<br><br/>
Clicked on first name field.<br><br/>
Entered first name:-dxduj.<br><br/>
Clicked on last name field.<br><br/>
Entered last name:-rdvfz.<br><br/>
Entered valid email:-.ford@gmail.com<br><br/>
Entered password:-Test@123<br><br/>
Entered confirm password.Test@123<br><br/>
Next button is clicked.<br><br/>
Logo is verified.<br><br/>
Country is verified.<br><br/>
Mobile number field is verified.<br><br/>
DOB field is verified.<br><br/>
</div>
</td>
<td></td>
<td>60</td>
<td>Tests.SignUpTests@55183b20</td></tr>
<tr>
<td title='Tests.SignUpTests.Verify_the_Confirm_Password_field_by_entering_same_password_as_Password_field()'><b>Verify_the_Confirm_Password_field_by_entering_same_password_as_Password_field</b><br>Test class: Tests.SignUpTests<br/>
<a href="#Output-1104243907" onClick='toggleBox("Output-1104243907", this, "Show output", "Hide output");'>Show output</a>

<a href="#Output-1104243907" onClick="toggleAllBoxes();">Show all outputs</a>
<div class='log' id="Output-1104243907">
Application Launched.<br><br/>
Clicked on skip button.<br><br/>
Clicked on next button.<br><br/>
Clicked on signup button.<br><br/>
Clicked on first name field.<br><br/>
Entered first name:-ijyro.<br><br/>
Clicked on last name field.<br><br/>
Entered last name:-iqxnf.<br><br/>
Entered valid email:-.cjff@gmail.com<br><br/>
Entered password:-Test@123<br><br/>
Entered confirm password.Test@123<br><br/>
Next button is clicked.<br><br/>
Logo is verified.<br><br/>
</div>
</td>
<td></td>
<td>56</td>
<td>Tests.SignUpTests@55183b20</td></tr>
<tr>
<td title='Tests.SignUpTests.Verify_the_Next_button_after_entering_data_in_all_mandatory_fields()'><b>Verify_the_Next_button_after_entering_data_in_all_mandatory_fields</b><br>Test class: Tests.SignUpTests<br/>
<a href="#Output-1553033411" onClick='toggleBox("Output-1553033411", this, "Show output", "Hide output");'>Show output</a>

<a href="#Output-1553033411" onClick="toggleAllBoxes();">Show all outputs</a>
<div class='log' id="Output-1553033411">
Application Launched.<br><br/>
Clicked on skip button.<br><br/>
Clicked on next button.<br><br/>
Clicked on signup button.<br><br/>
Clicked on first name field.<br><br/>
Entered first name:-ijonu.<br><br/>
Clicked on last name field.<br><br/>
Entered last name:-xfffu.<br><br/>
Entered valid email:-.pktj@gmail.com<br><br/>
Entered password:-Test@123<br><br/>
Entered confirm password.Test@123<br><br/>
Next button is clicked.<br><br/>
Done link is verified.<br><br/>
Search bar is verified.<br><br/>
Default country is:-Andorra<br><br/>
Country is verified with dropdown.<br><br/>
Clicked on Mobile number field.<br><br/>
Entered mobile number is:-9432673481<br><br/>
Clicked on DOB field.<br><br/>
Clicked on cancel button.<br><br/>
Calender is closed.<br><br/>
Next button is clicked.<br><br/>
Sport that you play text is verified.<br><br/>
</div>
</td>
<td></td>
<td>88</td>
<td>Tests.SignUpTests@55183b20</td></tr>
<tr>
<td title='Tests.SignUpTests.Verify_the_Close_button()'><b>Verify_the_Close_button</b><br>Test class: Tests.SignUpTests<br/>
<a href="#Output-1155962484" onClick='toggleBox("Output-1155962484", this, "Show output", "Hide output");'>Show output</a>

<a href="#Output-1155962484" onClick="toggleAllBoxes();">Show all outputs</a>
<div class='log' id="Output-1155962484">
Application Launched.<br><br/>
Clicked on skip button.<br><br/>
Clicked on next button.<br><br/>
Clicked on signup button.<br><br/>
Clicked on first name field.<br><br/>
Entered first name:-ujftr.<br><br/>
Clicked on last name field.<br><br/>
Entered last name:-pbrqq.<br><br/>
Entered valid email:-.xxjb@gmail.com<br><br/>
Entered password:-Test@123<br><br/>
Entered confirm password.Test@123<br><br/>
Next button is clicked.<br><br/>
Done link is verified.<br><br/>
Search bar is verified.<br><br/>
Default country is:-Andorra<br><br/>
Country is verified with dropdown.<br><br/>
Clicked on Mobile number field.<br><br/>
Entered mobile number is:-9432673481<br><br/>
Clicked on DOB field.<br><br/>
Clicked on cancel button.<br><br/>
Calender is closed.<br><br/>
Next button is clicked.<br><br/>
Verify one sport from dropdown.<br><br/>
Next button is clicked.<br><br/>
Clicked On Prefer Not to Say Checkbox<br><br/>
Clicked on sign up button.<br><br/>
Clicked On Sign Up Button<br><br/>
Mail Verification Popup Displayed with message :- An email has been sent to xxjb@gmail.com, please click the link to verify your account.<br><br/>
Clicked on close button.<br><br/>
Clicked On Close Button Popup<br><br/>
</div>
</td>
<td></td>
<td>97</td>
<td>Tests.SignUpTests@55183b20</td></tr>
<tr>
<td title='Tests.SignUpTests.Verify_the_Password_field_by_entering_9_characters_including_uppercase_and_number()'><b>Verify_the_Password_field_by_entering_9_characters_including_uppercase_and_number</b><br>Test class: Tests.SignUpTests<br/>
<a href="#Output-1547965072" onClick='toggleBox("Output-1547965072", this, "Show output", "Hide output");'>Show output</a>

<a href="#Output-1547965072" onClick="toggleAllBoxes();">Show all outputs</a>
<div class='log' id="Output-1547965072">
Application Launched.<br><br/>
Clicked on skip button.<br><br/>
Clicked on next button.<br><br/>
Clicked on signup button.<br><br/>
Clicked on first name field.<br><br/>
Entered first name:-pyjog.<br><br/>
Clicked on last name field.<br><br/>
Entered last name:-fimnc.<br><br/>
Entered valid email:-.rnmi@gmail.com<br><br/>
Entered 8char password with 1uppercase and 1number:-Afipkpum1<br><br/>
Next button is clicked.<br><br/>
Text in red/green colour is verified<br><br/>
</div>
</td>
<td></td>
<td>52</td>
<td>Tests.SignUpTests@55183b20</td></tr>
<tr>
<td title='Tests.SignUpTests.Verify_the_Select_Gender_field()'><b>Verify_the_Select_Gender_field</b><br>Test class: Tests.SignUpTests<br/>
<a href="#Output-689946057" onClick='toggleBox("Output-689946057", this, "Show output", "Hide output");'>Show output</a>

<a href="#Output-689946057" onClick="toggleAllBoxes();">Show all outputs</a>
<div class='log' id="Output-689946057">
Application Launched.<br><br/>
Clicked on skip button.<br><br/>
Clicked on next button.<br><br/>
Clicked on signup button.<br><br/>
Clicked on first name field.<br><br/>
Entered first name:-nrfoi.<br><br/>
Clicked on last name field.<br><br/>
Entered last name:-jkdfb.<br><br/>
Entered valid email:-.dfdf@gmail.com<br><br/>
Entered password:-Test@123<br><br/>
Entered confirm password.Test@123<br><br/>
Next button is clicked.<br><br/>
Done link is verified.<br><br/>
Search bar is verified.<br><br/>
Default country is:-Andorra<br><br/>
Country is verified with dropdown.<br><br/>
Clicked on Mobile number field.<br><br/>
Entered mobile number is:-9432673481<br><br/>
Clicked on DOB field.<br><br/>
Clicked on cancel button.<br><br/>
Calender is closed.<br><br/>
Next button is clicked.<br><br/>
Verify one sport from dropdown.<br><br/>
Next button is clicked.<br><br/>
Selected Gender 'Male' not Highlighted<br><br/>
</div>
</td>
<td></td>
<td>91</td>
<td>Tests.SignUpTests@55183b20</td></tr>
<tr>
<td title='Tests.SignUpTests.Verify_the_ok_button_of_Calendar()'><b>Verify_the_ok_button_of_Calendar</b><br>Test class: Tests.SignUpTests<br/>
<a href="#Output-1879326995" onClick='toggleBox("Output-1879326995", this, "Show output", "Hide output");'>Show output</a>

<a href="#Output-1879326995" onClick="toggleAllBoxes();">Show all outputs</a>
<div class='log' id="Output-1879326995">
Application Launched.<br><br/>
Clicked on skip button.<br><br/>
Clicked on next button.<br><br/>
Clicked on signup button.<br><br/>
Clicked on first name field.<br><br/>
Entered first name:-mjrrz.<br><br/>
Clicked on last name field.<br><br/>
Entered last name:-vdogf.<br><br/>
Entered valid email:-.oitr@gmail.com<br><br/>
Entered password:-Test@123<br><br/>
Entered confirm password.Test@123<br><br/>
Next button is clicked.<br><br/>
Clicked on DOB field.<br><br/>
Clicked on cancel button.<br><br/>
Calender is closed.<br><br/>
Dob is:-03 Jan 2005<br><br/>
</div>
</td>
<td></td>
<td>62</td>
<td>Tests.SignUpTests@55183b20</td></tr>
<tr>
<td title='Tests.SignUpTests.Verify_the_navigation_by_clicking_on_Back_icon()'><b>Verify_the_navigation_by_clicking_on_Back_icon</b><br>Test class: Tests.SignUpTests<br/>
<a href="#Output-1862674654" onClick='toggleBox("Output-1862674654", this, "Show output", "Hide output");'>Show output</a>

<a href="#Output-1862674654" onClick="toggleAllBoxes();">Show all outputs</a>
<div class='log' id="Output-1862674654">
Application Launched.<br><br/>
Logo is verified.<br><br/>
Clicked on skip button.<br><br/>
Clicked on next button.<br><br/>
Clicked on signup button.<br><br/>
Back icon is verified.<br><br/>
Back icon is clicked.<br><br/>
Login text is verified<br><br/>
</div>
</td>
<td></td>
<td>40</td>
<td>Tests.SignUpTests@55183b20</td></tr>
<tr>
<td title='Tests.SignUpTests.Verify_the_Country_Code_dropdown_list_of_Mobile_Number_field()'><b>Verify_the_Country_Code_dropdown_list_of_Mobile_Number_field</b><br>Test class: Tests.SignUpTests<br/>
<a href="#Output-571585615" onClick='toggleBox("Output-571585615", this, "Show output", "Hide output");'>Show output</a>

<a href="#Output-571585615" onClick="toggleAllBoxes();">Show all outputs</a>
<div class='log' id="Output-571585615">
Application Launched.<br><br/>
Clicked on skip button.<br><br/>
Clicked on next button.<br><br/>
Clicked on signup button.<br><br/>
Clicked on first name field.<br><br/>
Entered first name:-sjvji.<br><br/>
Clicked on last name field.<br><br/>
Entered last name:-jiirz.<br><br/>
Entered valid email:-.ysve@gmail.com<br><br/>
Entered password:-Test@123<br><br/>
Entered confirm password.Test@123<br><br/>
Next button is clicked.<br><br/>
Clicked on company code drop down.<br><br/>
Back icon is verified.<br><br/>
Search icon is verified.<br><br/>
Country_name_with_flag is verified.<br><br/>
</div>
</td>
<td></td>
<td>62</td>
<td>Tests.SignUpTests@55183b20</td></tr>
<tr>
<td title='Tests.SignUpTests.Verify_navigation_by_click_on_Back_icon()'><b>Verify_navigation_by_click_on_Back_icon</b><br>Test class: Tests.SignUpTests<br/>
<a href="#Output-1265615409" onClick='toggleBox("Output-1265615409", this, "Show output", "Hide output");'>Show output</a>

<a href="#Output-1265615409" onClick="toggleAllBoxes();">Show all outputs</a>
<div class='log' id="Output-1265615409">
Application Launched.<br><br/>
Clicked on skip button.<br><br/>
Clicked on next button.<br><br/>
Clicked on signup button.<br><br/>
Clicked on first name field.<br><br/>
Entered first name:-ojbff.<br><br/>
Clicked on last name field.<br><br/>
Entered last name:-cjvie.<br><br/>
Entered valid email:-.ijmc@gmail.com<br><br/>
Entered password:-Test@123<br><br/>
Entered confirm password.Test@123<br><br/>
Next button is clicked.<br><br/>
Done link is verified.<br><br/>
Search bar is verified.<br><br/>
Default country is:-Andorra<br><br/>
Country is verified with dropdown.<br><br/>
Clicked on Mobile number field.<br><br/>
Entered mobile number is:-9432673481<br><br/>
Clicked on DOB field.<br><br/>
Clicked on cancel button.<br><br/>
Calender is closed.<br><br/>
Next button is clicked.<br><br/>
Sport that you play text is verified.<br><br/>
Back icon is verified.<br><br/>
Back icon is clicked.<br><br/>
Logo is verified.<br><br/>
</div>
</td>
<td></td>
<td>99</td>
<td>Tests.SignUpTests@55183b20</td></tr>
<tr>
<td title='Tests.SignUpTests.Verify_Prefer_not_to_say_checkbox()'><b>Verify_Prefer_not_to_say_checkbox</b><br>Test class: Tests.SignUpTests<br/>
<a href="#Output-554025243" onClick='toggleBox("Output-554025243", this, "Show output", "Hide output");'>Show output</a>

<a href="#Output-554025243" onClick="toggleAllBoxes();">Show all outputs</a>
<div class='log' id="Output-554025243">
Application Launched.<br><br/>
Clicked on skip button.<br><br/>
Clicked on next button.<br><br/>
Clicked on signup button.<br><br/>
Clicked on first name field.<br><br/>
Entered first name:-dffsi.<br><br/>
Clicked on last name field.<br><br/>
Entered last name:-ofcny.<br><br/>
Entered valid email:-.foix@gmail.com<br><br/>
Entered password:-Test@123<br><br/>
Entered confirm password.Test@123<br><br/>
Next button is clicked.<br><br/>
Done link is verified.<br><br/>
Search bar is verified.<br><br/>
Default country is:-Andorra<br><br/>
Country is verified with dropdown.<br><br/>
Clicked on Mobile number field.<br><br/>
Entered mobile number is:-9432673481<br><br/>
Clicked on DOB field.<br><br/>
Clicked on cancel button.<br><br/>
Calender is closed.<br><br/>
Next button is clicked.<br><br/>
Verify one sport from dropdown.<br><br/>
Next button is clicked.<br><br/>
Clicked On Prefer Not to Say Checkbox<br><br/>
</div>
</td>
<td></td>
<td>90</td>
<td>Tests.SignUpTests@55183b20</td></tr>
<tr>
<td title='Tests.SignUpTests.Verify_the_Mobile_Number_field_by_entering_10_digit_number()'><b>Verify_the_Mobile_Number_field_by_entering_10_digit_number</b><br>Test class: Tests.SignUpTests<br/>
<a href="#Output-1318272241" onClick='toggleBox("Output-1318272241", this, "Show output", "Hide output");'>Show output</a>

<a href="#Output-1318272241" onClick="toggleAllBoxes();">Show all outputs</a>
<div class='log' id="Output-1318272241">
Application Launched.<br><br/>
Clicked on skip button.<br><br/>
Clicked on next button.<br><br/>
Clicked on signup button.<br><br/>
Clicked on first name field.<br><br/>
Entered first name:-ntsqf.<br><br/>
Clicked on last name field.<br><br/>
Entered last name:-vsnfq.<br><br/>
Entered valid email:-.igfx@gmail.com<br><br/>
Entered password:-Test@123<br><br/>
Entered confirm password.Test@123<br><br/>
Next button is clicked.<br><br/>
Clicked on Mobile number field.<br><br/>
Entered mobile number is:-9432673481<br><br/>
Next button is clicked.<br><br/>
validation message is verified<br><br/>
</div>
</td>
<td></td>
<td>75</td>
<td>Tests.SignUpTests@55183b20</td></tr>
<tr>
<td title='Tests.SignUpTests.Verify_the_Camera_Option()'><b>Verify_the_Camera_Option</b><br>Test class: Tests.SignUpTests<br/>
<a href="#Output-1447955052" onClick='toggleBox("Output-1447955052", this, "Show output", "Hide output");'>Show output</a>

<a href="#Output-1447955052" onClick="toggleAllBoxes();">Show all outputs</a>
<div class='log' id="Output-1447955052">
Application Launched.<br><br/>
Clicked on skip button.<br><br/>
Clicked on next button.<br><br/>
Clicked on signup button.<br><br/>
Clicked on first name field.<br><br/>
Entered first name:-rnvgx.<br><br/>
Clicked on last name field.<br><br/>
Entered last name:-fpkvj.<br><br/>
Entered valid email:-.dfmm@gmail.com<br><br/>
Entered password:-Test@123<br><br/>
Entered confirm password.Test@123<br><br/>
Next button is clicked.<br><br/>
Done link is verified.<br><br/>
Search bar is verified.<br><br/>
Default country is:-Andorra<br><br/>
Country is verified with dropdown.<br><br/>
Clicked on Mobile number field.<br><br/>
Entered mobile number is:-9432673481<br><br/>
Clicked on DOB field.<br><br/>
Clicked on cancel button.<br><br/>
Calender is closed.<br><br/>
Next button is clicked.<br><br/>
Verify one sport from dropdown.<br><br/>
Next button is clicked.<br><br/>
UPLOAD PHOTO button is verified.<br><br/>
Clicked on upload photo button.<br><br/>
Clicked on camera button.<br><br/>
Camera Application Opened<br><br/>
</div>
</td>
<td></td>
<td>94</td>
<td>Tests.SignUpTests@55183b20</td></tr>
<tr>
<td title='Tests.SignUpTests.Verify_the_Password_field_by_entering_password_which_contain_8_character_including_1_uppercase_and_1_number_special_symbol()'><b>Verify_the_Password_field_by_entering_password_which_contain_8_character_including_1_uppercase_and_1_number_special_symbol</b><br>Test class: Tests.SignUpTests<br/>
<a href="#Output-1380583278" onClick='toggleBox("Output-1380583278", this, "Show output", "Hide output");'>Show output</a>

<a href="#Output-1380583278" onClick="toggleAllBoxes();">Show all outputs</a>
<div class='log' id="Output-1380583278">
Application Launched.<br><br/>
Clicked on skip button.<br><br/>
Clicked on next button.<br><br/>
Clicked on signup button.<br><br/>
Clicked on first name field.<br><br/>
Entered first name:-qfvkf.<br><br/>
Clicked on last name field.<br><br/>
Entered last name:-dfcgg.<br><br/>
Entered valid email:-.vkfx@gmail.com<br><br/>
Entered 8char password with 1uppercase and 1number:-Aujjfi@1<br><br/>
Text in red/green colour is verified<br><br/>
</div>
</td>
<td></td>
<td>56</td>
<td>Tests.SignUpTests@55183b20</td></tr>
<tr>
<td title='Tests.SignUpTests.Verify_the_Date_of_Birth_field()'><b>Verify_the_Date_of_Birth_field</b><br>Test class: Tests.SignUpTests<br/>
<a href="#Output-129831064" onClick='toggleBox("Output-129831064", this, "Show output", "Hide output");'>Show output</a>

<a href="#Output-129831064" onClick="toggleAllBoxes();">Show all outputs</a>
<div class='log' id="Output-129831064">
Application Launched.<br><br/>
Clicked on skip button.<br><br/>
Clicked on next button.<br><br/>
Clicked on signup button.<br><br/>
Clicked on first name field.<br><br/>
Entered first name:-fcycj.<br><br/>
Clicked on last name field.<br><br/>
Entered last name:-vixpf.<br><br/>
Entered valid email:-.nbfz@gmail.com<br><br/>
Entered password:-Test@123<br><br/>
Entered confirm password.Test@123<br><br/>
Next button is clicked.<br><br/>
Clicked on DOB field.<br><br/>
By default year is verified.<br><br/>
By default day and month is verified.<br><br/>
</div>
</td>
<td></td>
<td>60</td>
<td>Tests.SignUpTests@55183b20</td></tr>
<tr>
<td title='Tests.SignUpTests.Verify_the_Confirm_Password_field_by_entering_different_password_then_Password_field()'><b>Verify_the_Confirm_Password_field_by_entering_different_password_then_Password_field</b><br>Test class: Tests.SignUpTests<br/>
<a href="#Output-1788036341" onClick='toggleBox("Output-1788036341", this, "Show output", "Hide output");'>Show output</a>

<a href="#Output-1788036341" onClick="toggleAllBoxes();">Show all outputs</a>
<div class='log' id="Output-1788036341">
Application Launched.<br><br/>
Clicked on skip button.<br><br/>
Clicked on next button.<br><br/>
Clicked on signup button.<br><br/>
Clicked on first name field.<br><br/>
Entered first name:-drffi.<br><br/>
Clicked on last name field.<br><br/>
Entered last name:-gjycg.<br><br/>
Entered valid email:-.mouf@gmail.com<br><br/>
Entered password:-Test@123<br><br/>
Entered confirm password.pfifbmji<br><br/>
Next button is clicked.<br><br/>
Password validation message is verified<br><br/>
</div>
</td>
<td></td>
<td>55</td>
<td>Tests.SignUpTests@55183b20</td></tr>
<tr>
<td title='Tests.SignUpTests.Verify_the_Enter_your_email_field_with_invalid_email_id()'><b>Verify_the_Enter_your_email_field_with_invalid_email_id</b><br>Test class: Tests.SignUpTests<br/>
<a href="#Output-1989495347" onClick='toggleBox("Output-1989495347", this, "Show output", "Hide output");'>Show output</a>

<a href="#Output-1989495347" onClick="toggleAllBoxes();">Show all outputs</a>
<div class='log' id="Output-1989495347">
Application Launched.<br><br/>
Clicked on skip button.<br><br/>
Clicked on next button.<br><br/>
Clicked on signup button.<br><br/>
Clicked on first name field.<br><br/>
Entered first name:-sfsvi.<br><br/>
Clicked on last name field.<br><br/>
Entered last name:-nfgnr.<br><br/>
Entered invalid email:-.cibxd@gmail.cibxd<br><br/>
Entered password:-Test@123<br><br/>
Entered confirm password.Test@123<br><br/>
Next button is clicked.<br><br/>
Logo is verified.<br><br/>
</div>
</td>
<td></td>
<td>56</td>
<td>Tests.SignUpTests@55183b20</td></tr>
<tr>
<td title='Tests.SignUpTests.Verify_the_Password_field_by_entering_7_characters()'><b>Verify_the_Password_field_by_entering_7_characters</b><br>Test class: Tests.SignUpTests<br/>
<a href="#Output-1562090557" onClick='toggleBox("Output-1562090557", this, "Show output", "Hide output");'>Show output</a>

<a href="#Output-1562090557" onClick="toggleAllBoxes();">Show all outputs</a>
<div class='log' id="Output-1562090557">
Application Launched.<br><br/>
Clicked on skip button.<br><br/>
Clicked on next button.<br><br/>
Clicked on signup button.<br><br/>
Clicked on first name field.<br><br/>
Entered first name:-rkirc.<br><br/>
Clicked on last name field.<br><br/>
Entered last name:-qrpcd.<br><br/>
Entered valid email:-.ymru@gmail.com<br><br/>
Entered 7char password:-rqgbrkf<br><br/>
Next button is clicked.<br><br/>
Password validation message is verified<br><br/>
</div>
</td>
<td></td>
<td>51</td>
<td>Tests.SignUpTests@55183b20</td></tr>
<tr>
<td title='Tests.SignUpTests.Verify_the_Country_field()'><b>Verify_the_Country_field</b><br>Test class: Tests.SignUpTests<br/>
<a href="#Output-1149217113" onClick='toggleBox("Output-1149217113", this, "Show output", "Hide output");'>Show output</a>

<a href="#Output-1149217113" onClick="toggleAllBoxes();">Show all outputs</a>
<div class='log' id="Output-1149217113">
Application Launched.<br><br/>
Clicked on skip button.<br><br/>
Clicked on next button.<br><br/>
Clicked on signup button.<br><br/>
Clicked on first name field.<br><br/>
Entered first name:-xrveo.<br><br/>
Clicked on last name field.<br><br/>
Entered last name:-fkisv.<br><br/>
Entered valid email:-.frei@gmail.com<br><br/>
Entered password:-Test@123<br><br/>
Entered confirm password.Test@123<br><br/>
Next button is clicked.<br><br/>
Logo is verified.<br><br/>
Country is verified.<br><br/>
Done link is verified.<br><br/>
Search bar is verified.<br><br/>
Default country is:-Andorra<br><br/>
Country is verified with dropdown.<br><br/>
</div>
</td>
<td></td>
<td>66</td>
<td>Tests.SignUpTests@55183b20</td></tr>
<tr>
<td title='Tests.SignUpTests.Verify_the_Next_button_without_entering_data_in_mandatory_fields()'><b>Verify_the_Next_button_without_entering_data_in_mandatory_fields</b><br>Test class: Tests.SignUpTests<br/>
<a href="#Output-1112940474" onClick='toggleBox("Output-1112940474", this, "Show output", "Hide output");'>Show output</a>

<a href="#Output-1112940474" onClick="toggleAllBoxes();">Show all outputs</a>
<div class='log' id="Output-1112940474">
Application Launched.<br><br/>
Clicked on skip button.<br><br/>
Clicked on next button.<br><br/>
Clicked on signup button.<br><br/>
Next button is clicked.<br><br/>
validation message is verified<br><br/>
</div>
</td>
<td></td>
<td>32</td>
<td>Tests.SignUpTests@55183b20</td></tr>
<tr>
<td title='Tests.SignUpTests.Verify_the_Mobile_Number_field_by_entering_more_than_10_digit_number()'><b>Verify_the_Mobile_Number_field_by_entering_more_than_10_digit_number</b><br>Test class: Tests.SignUpTests<br/>
<a href="#Output-721720488" onClick='toggleBox("Output-721720488", this, "Show output", "Hide output");'>Show output</a>

<a href="#Output-721720488" onClick="toggleAllBoxes();">Show all outputs</a>
<div class='log' id="Output-721720488">
Application Launched.<br><br/>
Clicked on skip button.<br><br/>
Clicked on next button.<br><br/>
Clicked on signup button.<br><br/>
Clicked on first name field.<br><br/>
Entered first name:-xefcf.<br><br/>
Clicked on last name field.<br><br/>
Entered last name:-ffnzg.<br><br/>
Entered valid email:-.itsk@gmail.com<br><br/>
Entered password:-Test@123<br><br/>
Entered confirm password.Test@123<br><br/>
Next button is clicked.<br><br/>
Clicked on Mobile number field.<br><br/>
Entered mobile number is:--660878284<br><br/>
</div>
</td>
<td></td>
<td>70</td>
<td>Tests.SignUpTests@55183b20</td></tr>
<tr>
<td title='Tests.SignUpTests.Verify_the_list_of_sports_by_selecting_one_or_more_sports()'><b>Verify_the_list_of_sports_by_selecting_one_or_more_sports</b><br>Test class: Tests.SignUpTests<br/>
<a href="#Output-1715798313" onClick='toggleBox("Output-1715798313", this, "Show output", "Hide output");'>Show output</a>

<a href="#Output-1715798313" onClick="toggleAllBoxes();">Show all outputs</a>
<div class='log' id="Output-1715798313">
Application Launched.<br><br/>
Clicked on skip button.<br><br/>
Clicked on next button.<br><br/>
Clicked on signup button.<br><br/>
Clicked on first name field.<br><br/>
Entered first name:-sufms.<br><br/>
Clicked on last name field.<br><br/>
Entered last name:-drvtc.<br><br/>
Entered valid email:-.ridn@gmail.com<br><br/>
Entered password:-Test@123<br><br/>
Entered confirm password.Test@123<br><br/>
Next button is clicked.<br><br/>
Done link is verified.<br><br/>
Search bar is verified.<br><br/>
Default country is:-Andorra<br><br/>
Country is verified with dropdown.<br><br/>
Clicked on Mobile number field.<br><br/>
Entered mobile number is:-9432673481<br><br/>
Clicked on DOB field.<br><br/>
Clicked on cancel button.<br><br/>
Calender is closed.<br><br/>
Next button is clicked.<br><br/>
 Baseball is verified<br><br/>
Verify one sport from dropdown.<br><br/>
</div>
</td>
<td></td>
<td>98</td>
<td>Tests.SignUpTests@55183b20</td></tr>
<tr>
<td title='Tests.SignUpTests.Verify_the_Password_field_by_entering_password_which_contain_8_character_including_1_uppercase_and_1_number()'><b>Verify_the_Password_field_by_entering_password_which_contain_8_character_including_1_uppercase_and_1_number</b><br>Test class: Tests.SignUpTests<br/>
<a href="#Output-407241000" onClick='toggleBox("Output-407241000", this, "Show output", "Hide output");'>Show output</a>

<a href="#Output-407241000" onClick="toggleAllBoxes();">Show all outputs</a>
<div class='log' id="Output-407241000">
Application Launched.<br><br/>
Clicked on skip button.<br><br/>
Clicked on next button.<br><br/>
Clicked on signup button.<br><br/>
Clicked on first name field.<br><br/>
Entered first name:-cdirv.<br><br/>
Clicked on last name field.<br><br/>
Entered last name:-gforo.<br><br/>
Entered valid email:-.inrv@gmail.com<br><br/>
Entered 8char password with 1uppercase and 1number:-Adizvpd1<br><br/>
Text in red/green colour is verified<br><br/>
</div>
</td>
<td></td>
<td>51</td>
<td>Tests.SignUpTests@55183b20</td></tr>
<tr>
<td title='Tests.SignUpTests.Verify_the_Mobile_Number_field()'><b>Verify_the_Mobile_Number_field</b><br>Test class: Tests.SignUpTests<br/>
<a href="#Output-391731126" onClick='toggleBox("Output-391731126", this, "Show output", "Hide output");'>Show output</a>

<a href="#Output-391731126" onClick="toggleAllBoxes();">Show all outputs</a>
<div class='log' id="Output-391731126">
Application Launched.<br><br/>
Clicked on skip button.<br><br/>
Clicked on next button.<br><br/>
Clicked on signup button.<br><br/>
Clicked on first name field.<br><br/>
Entered first name:-rvdxd.<br><br/>
Clicked on last name field.<br><br/>
Entered last name:-fqirj.<br><br/>
Entered valid email:-.cinc@gmail.com<br><br/>
Entered password:-Test@123<br><br/>
Entered confirm password.Test@123<br><br/>
Next button is clicked.<br><br/>
Logo is verified.<br><br/>
Clicked on Mobile number field.<br><br/>
Keyboard is verified.<br><br/>
</div>
</td>
<td></td>
<td>61</td>
<td>Tests.SignUpTests@55183b20</td></tr>
<tr>
<td title='Tests.SignUpTests.Verify_the_functionality_of_Search_bar_country_code()'><b>Verify_the_functionality_of_Search_bar_country_code</b><br>Test class: Tests.SignUpTests<br/>
<a href="#Output-1881996254" onClick='toggleBox("Output-1881996254", this, "Show output", "Hide output");'>Show output</a>

<a href="#Output-1881996254" onClick="toggleAllBoxes();">Show all outputs</a>
<div class='log' id="Output-1881996254">
Application Launched.<br><br/>
Clicked on skip button.<br><br/>
Clicked on next button.<br><br/>
Clicked on signup button.<br><br/>
Clicked on first name field.<br><br/>
Entered first name:-dicjc.<br><br/>
Clicked on last name field.<br><br/>
Entered last name:-vvopj.<br><br/>
Entered valid email:-.xfsj@gmail.com<br><br/>
Entered password:-Test@123<br><br/>
Entered confirm password.Test@123<br><br/>
Next button is clicked.<br><br/>
Clicked on company code drop down.<br><br/>
Clicked on Search icon.<br><br/>
Clicked on search bar.<br><br/>
Country name is displayed.<br><br/>
</div>
</td>
<td></td>
<td>62</td>
<td>Tests.SignUpTests@55183b20</td></tr>
<tr>
<td title='Tests.SignUpTests.Verify_the_UI_of_Sign_Up_screen()'><b>Verify_the_UI_of_Sign_Up_screen</b><br>Test class: Tests.SignUpTests<br/>
<a href="#Output-855547146" onClick='toggleBox("Output-855547146", this, "Show output", "Hide output");'>Show output</a>

<a href="#Output-855547146" onClick="toggleAllBoxes();">Show all outputs</a>
<div class='log' id="Output-855547146">
Application Launched.<br><br/>
Logo is verified.<br><br/>
Clicked on skip button.<br><br/>
Clicked on next button.<br><br/>
Clicked on signup button.<br><br/>
Back icon is verified.<br><br/>
First name field is verified.<br><br/>
Last name field is verified.<br><br/>
Email field is verified.<br><br/>
Password field is verified.<br><br/>
Eye icon is verified.<br><br/>
Confirm password field is verified.<br><br/>
Eye icon is verified.<br><br/>
Terms and condition text is verified.<br><br/>
Next button is verified.<br><br/>
Login link is verified.<br><br/>
</div>
</td>
<td></td>
<td>58</td>
<td>Tests.SignUpTests@55183b20</td></tr>
<tr>
<td title='Tests.SignUpTests.Verify_the_Enter_your_email_field_with_valid_email_id()'><b>Verify_the_Enter_your_email_field_with_valid_email_id</b><br>Test class: Tests.SignUpTests<br/>
<a href="#Output-1827869767" onClick='toggleBox("Output-1827869767", this, "Show output", "Hide output");'>Show output</a>

<a href="#Output-1827869767" onClick="toggleAllBoxes();">Show all outputs</a>
<div class='log' id="Output-1827869767">
Application Launched.<br><br/>
Clicked on skip button.<br><br/>
Clicked on next button.<br><br/>
Clicked on signup button.<br><br/>
Clicked on first name field.<br><br/>
Entered first name:-jffkf.<br><br/>
Clicked on last name field.<br><br/>
Entered last name:-digqx.<br><br/>
Entered valid email:-.xxnx@gmail.com<br><br/>
Next button is clicked.<br><br/>
Password validation message is verified<br><br/>
</div>
</td>
<td></td>
<td>47</td>
<td>Tests.SignUpTests@55183b20</td></tr>
<tr>
<td title='Tests.SignUpTests.Verify_the_Search_icon_of_Select_Country()'><b>Verify_the_Search_icon_of_Select_Country</b><br>Test class: Tests.SignUpTests<br/>
<a href="#Output-1237024911" onClick='toggleBox("Output-1237024911", this, "Show output", "Hide output");'>Show output</a>

<a href="#Output-1237024911" onClick="toggleAllBoxes();">Show all outputs</a>
<div class='log' id="Output-1237024911">
Application Launched.<br><br/>
Clicked on skip button.<br><br/>
Clicked on next button.<br><br/>
Clicked on signup button.<br><br/>
Clicked on first name field.<br><br/>
Entered first name:-zforf.<br><br/>
Clicked on last name field.<br><br/>
Entered last name:-crydi.<br><br/>
Entered valid email:-.ivov@gmail.com<br><br/>
Entered password:-Test@123<br><br/>
Entered confirm password.Test@123<br><br/>
Next button is clicked.<br><br/>
Clicked on company code drop down.<br><br/>
Clicked on Search icon.<br><br/>
Verified search bar.<br><br/>
</div>
</td>
<td></td>
<td>63</td>
<td>Tests.SignUpTests@55183b20</td></tr>
<tr>
<td title='Tests.SignUpTests.Verify_Done_link_after_selecting_country()'><b>Verify_Done_link_after_selecting_country</b><br>Test class: Tests.SignUpTests<br/>
<a href="#Output-462398202" onClick='toggleBox("Output-462398202", this, "Show output", "Hide output");'>Show output</a>

<a href="#Output-462398202" onClick="toggleAllBoxes();">Show all outputs</a>
<div class='log' id="Output-462398202">
Application Launched.<br><br/>
Clicked on skip button.<br><br/>
Clicked on next button.<br><br/>
Clicked on signup button.<br><br/>
Clicked on first name field.<br><br/>
Entered first name:-zcqfd.<br><br/>
Clicked on last name field.<br><br/>
Entered last name:-kfxuk.<br><br/>
Entered valid email:-.dcdn@gmail.com<br><br/>
Entered password:-Test@123<br><br/>
Entered confirm password.Test@123<br><br/>
Next button is clicked.<br><br/>
Logo is verified.<br><br/>
Country is verified.<br><br/>
Clicked on country field.<br><br/>
checked selected country.<br><br/>
Clicked on done link.<br><br/>
Default country is:-United Arab Emirates (UAE)<br><br/>
Country is verified with dropdown.<br><br/>
</div>
</td>
<td></td>
<td>75</td>
<td>Tests.SignUpTests@55183b20</td></tr>
<tr>
<td title='Tests.SignUpTests.Verify_the_Eye_icon_functionality_for_Password_field()'><b>Verify_the_Eye_icon_functionality_for_Password_field</b><br>Test class: Tests.SignUpTests<br/>
<a href="#Output-823775087" onClick='toggleBox("Output-823775087", this, "Show output", "Hide output");'>Show output</a>

<a href="#Output-823775087" onClick="toggleAllBoxes();">Show all outputs</a>
<div class='log' id="Output-823775087">
Application Launched.<br><br/>
Clicked on skip button.<br><br/>
Clicked on next button.<br><br/>
Clicked on signup button.<br><br/>
Clicked on first name field.<br><br/>
Entered first name:-dutbe.<br><br/>
Clicked on last name field.<br><br/>
Entered last name:-fjtrn.<br><br/>
Entered valid email:-.mibt@gmail.com<br><br/>
Entered password:-Test@123<br><br/>
Password is verified when 1st click on eye icon.<br><br/>
Password is verified when 2st click on eye icon.<br><br/>
Eye icon functionality is verified.<br><br/>
</div>
</td>
<td></td>
<td>54</td>
<td>Tests.SignUpTests@55183b20</td></tr>
<tr>
<td title='Tests.SignUpTests.Verify_the_navigation_by_clicking_on_Back_icon_of_Search_Country_screen()'><b>Verify_the_navigation_by_clicking_on_Back_icon_of_Search_Country_screen</b><br>Test class: Tests.SignUpTests<br/>
<a href="#Output-1738973904" onClick='toggleBox("Output-1738973904", this, "Show output", "Hide output");'>Show output</a>

<a href="#Output-1738973904" onClick="toggleAllBoxes();">Show all outputs</a>
<div class='log' id="Output-1738973904">
Application Launched.<br><br/>
Clicked on skip button.<br><br/>
Clicked on next button.<br><br/>
Clicked on signup button.<br><br/>
Clicked on first name field.<br><br/>
Entered first name:-nqkex.<br><br/>
Clicked on last name field.<br><br/>
Entered last name:-rzffm.<br><br/>
Entered valid email:-.fsfv@gmail.com<br><br/>
Entered password:-Test@123<br><br/>
Entered confirm password.Test@123<br><br/>
Next button is clicked.<br><br/>
Clicked on company code drop down.<br><br/>
Back icon is clicked.<br><br/>
Logo is verified.<br><br/>
</div>
</td>
<td></td>
<td>65</td>
<td>Tests.SignUpTests@55183b20</td></tr>
<tr>
<td title='Tests.SignUpTests.Verify_Done_link_without_selecting_country()'><b>Verify_Done_link_without_selecting_country</b><br>Test class: Tests.SignUpTests<br/>
<a href="#Output-1022713356" onClick='toggleBox("Output-1022713356", this, "Show output", "Hide output");'>Show output</a>

<a href="#Output-1022713356" onClick="toggleAllBoxes();">Show all outputs</a>
<div class='log' id="Output-1022713356">
Application Launched.<br><br/>
Clicked on skip button.<br><br/>
Clicked on next button.<br><br/>
Clicked on signup button.<br><br/>
Clicked on first name field.<br><br/>
Entered first name:-iinrs.<br><br/>
Clicked on last name field.<br><br/>
Entered last name:-sfsmd.<br><br/>
Entered valid email:-.odui@gmail.com<br><br/>
Entered password:-Test@123<br><br/>
Entered confirm password.Test@123<br><br/>
Next button is clicked.<br><br/>
Logo is verified.<br><br/>
Clicked on country field.<br><br/>
Unchecked selected country.<br><br/>
Clicked on done link.<br><br/>
Go to latest build.<br><br/>
</div>
</td>
<td></td>
<td>63</td>
<td>Tests.SignUpTests@55183b20</td></tr>
<tr>
<td title='Tests.SignUpTests.Verify_Terms_of_use_link()'><b>Verify_Terms_of_use_link</b><br>Test class: Tests.SignUpTests<br/>
<a href="#Output-2082740895" onClick='toggleBox("Output-2082740895", this, "Show output", "Hide output");'>Show output</a>

<a href="#Output-2082740895" onClick="toggleAllBoxes();">Show all outputs</a>
<div class='log' id="Output-2082740895">
Application Launched.<br><br/>
Clicked on skip button.<br><br/>
Clicked on next button.<br><br/>
Clicked on signup button.<br><br/>
Clicked onTerms and condition link.<br><br/>
Terms and condition page is verified with back icon<br><br/>
</div>
</td>
<td></td>
<td>35</td>
<td>Tests.SignUpTests@55183b20</td></tr>
<tr>
<td title='Tests.SignUpTests.Verify_the_list_of_country_by_selecting_any_country()'><b>Verify_the_list_of_country_by_selecting_any_country</b><br>Test class: Tests.SignUpTests<br/>
<a href="#Output-1234980193" onClick='toggleBox("Output-1234980193", this, "Show output", "Hide output");'>Show output</a>

<a href="#Output-1234980193" onClick="toggleAllBoxes();">Show all outputs</a>
<div class='log' id="Output-1234980193">
Application Launched.<br><br/>
Clicked on skip button.<br><br/>
Clicked on next button.<br><br/>
Clicked on signup button.<br><br/>
Clicked on first name field.<br><br/>
Entered first name:-egibm.<br><br/>
Clicked on last name field.<br><br/>
Entered last name:-cfivm.<br><br/>
Entered valid email:-.cfvb@gmail.com<br><br/>
Entered password:-Test@123<br><br/>
Entered confirm password.Test@123<br><br/>
Next button is clicked.<br><br/>
Clicked on company code drop down.<br><br/>
Clicked on Search icon.<br><br/>
Clicked on search bar.<br><br/>
Country name is displayed.<br><br/>
Country code is verified<br><br/>
</div>
</td>
<td></td>
<td>68</td>
<td>Tests.SignUpTests@55183b20</td></tr>
<tr>
<td title='Tests.SignUpTests.Verify_the_Upload_Photo_button()'><b>Verify_the_Upload_Photo_button</b><br>Test class: Tests.SignUpTests<br/>
<a href="#Output-2101036614" onClick='toggleBox("Output-2101036614", this, "Show output", "Hide output");'>Show output</a>

<a href="#Output-2101036614" onClick="toggleAllBoxes();">Show all outputs</a>
<div class='log' id="Output-2101036614">
Application Launched.<br><br/>
Clicked on skip button.<br><br/>
Clicked on next button.<br><br/>
Clicked on signup button.<br><br/>
Clicked on first name field.<br><br/>
Entered first name:-pdofc.<br><br/>
Clicked on last name field.<br><br/>
Entered last name:-gorbz.<br><br/>
Entered valid email:-.mffi@gmail.com<br><br/>
Entered password:-Test@123<br><br/>
Entered confirm password.Test@123<br><br/>
Next button is clicked.<br><br/>
Done link is verified.<br><br/>
Search bar is verified.<br><br/>
Default country is:-Andorra<br><br/>
Country is verified with dropdown.<br><br/>
Clicked on Mobile number field.<br><br/>
Entered mobile number is:-9432673481<br><br/>
Clicked on DOB field.<br><br/>
Clicked on cancel button.<br><br/>
Calender is closed.<br><br/>
Next button is clicked.<br><br/>
Verify one sport from dropdown.<br><br/>
Next button is clicked.<br><br/>
UPLOAD PHOTO button is verified.<br><br/>
Clicked on upload photo button.<br><br/>
</div>
</td>
<td></td>
<td>92</td>
<td>Tests.SignUpTests@55183b20</td></tr>
<tr>
<td title='Tests.SignUpTests.Verify_the_cancel_button_of_Calendar()'><b>Verify_the_cancel_button_of_Calendar</b><br>Test class: Tests.SignUpTests<br/>
<a href="#Output-1700762273" onClick='toggleBox("Output-1700762273", this, "Show output", "Hide output");'>Show output</a>

<a href="#Output-1700762273" onClick="toggleAllBoxes();">Show all outputs</a>
<div class='log' id="Output-1700762273">
Application Launched.<br><br/>
Clicked on skip button.<br><br/>
Clicked on next button.<br><br/>
Clicked on signup button.<br><br/>
Clicked on first name field.<br><br/>
Entered first name:-rirrd.<br><br/>
Clicked on last name field.<br><br/>
Entered last name:-cfvdk.<br><br/>
Entered valid email:-.effv@gmail.com<br><br/>
Entered password:-Test@123<br><br/>
Entered confirm password.Test@123<br><br/>
Next button is clicked.<br><br/>
Clicked on DOB field.<br><br/>
Clicked on cancel button.<br><br/>
Calender is closed.<br><br/>
</div>
</td>
<td></td>
<td>63</td>
<td>Tests.SignUpTests@55183b20</td></tr>
</table><p>
</body>
</html>