<html>
<head>
<title>TestNG:  Verify NewsTab Functionality</title>
<link href="../testng.css" rel="stylesheet" type="text/css" />
<link href="../my-testng.css" rel="stylesheet" type="text/css" />

<style type="text/css">
.log { display: none;} 
.stack-trace { display: none;} 
</style>
<script type="text/javascript">
<!--
function flip(e) {
  current = e.style.display;
  if (current == 'block') {
    e.style.display = 'none';
    return 0;
  }
  else {
    e.style.display = 'block';
    return 1;
  }
}

function toggleBox(szDivId, elem, msg1, msg2)
{
  var res = -1;  if (document.getElementById) {
    res = flip(document.getElementById(szDivId));
  }
  else if (document.all) {
    // this is the way old msie versions work
    res = flip(document.all[szDivId]);
  }
  if(elem) {
    if(res == 0) elem.innerHTML = msg1; else elem.innerHTML = msg2;
  }

}

function toggleAllBoxes() {
  if (document.getElementsByTagName) {
    d = document.getElementsByTagName('div');
    for (i = 0; i < d.length; i++) {
      if (d[i].className == 'log') {
        flip(d[i]);
      }
    }
  }
}

// -->
</script>

</head>
<body>
<h2 align='center'>Verify NewsTab Functionality</h2><table border='1' align="center">
<tr>
<td>Tests passed/Failed/Skipped:</td><td>23/4/0</td>
</tr><tr>
<td>Started on:</td><td>Tue Jan 03 22:31:58 IST 2023</td>
</tr>
<tr><td>Total time:</td><td>1892 seconds (1892664 ms)</td>
</tr><tr>
<td>Included groups:</td><td></td>
</tr><tr>
<td>Excluded groups:</td><td></td>
</tr>
</table><p/>
<small><i>(Hover the method name to see the test class name)</i></small><p/>
<table width='100%' border='1' class='invocation-failed'>
<tr><td colspan='4' align='center'><b>FAILED TESTS</b></td></tr>
<tr><td><b>Test method</b></td>
<td width="30%"><b>Exception</b></td>
<td width="10%"><b>Time (seconds)</b></td>
<td><b>Instance</b></td>
</tr>
<tr>
<td title='Tests.NewsTabTests.Verify_Allow_Comments_field_by_clicking_on_NO_button()'><b>Verify_Allow_Comments_field_by_clicking_on_NO_button</b><br>Test class: Tests.NewsTabTests<br/>
<a href="#Output-768179896" onClick='toggleBox("Output-768179896", this, "Show output", "Hide output");'>Show output</a>

<a href="#Output-768179896" onClick="toggleAllBoxes();">Show all outputs</a>
<div class='log' id="Output-768179896">
Application Launched.<br><br/>
Clicked on skip button.<br><br/>
Clicked on next button.<br><br/>
Entered Email :- sagarnandha11+1@gmail.com<br><br/>
Entered Password :- Plai@1234<br><br/>
Clicked On Login Button<br><br/>
App name is verified on login splash screen<br><br/>
Day Greeting is verified on login splash screen<br><br/>
Username with Profile Picture is verified on login splash screen<br><br/>
Welcome Greeting is verified on login splash screen<br><br/>
</div>
</td>
<td><div><pre>org.openqa.selenium.NoSuchElementException: An element could not be located on the page using the given search parameters.
For documentation on this error, please visit: https://www.seleniumhq.org/exceptions/no_such_element.html
Build info: version: &apos;3.141.59&apos;, revision: &apos;e82be7d358&apos;, time: &apos;2018-11-14T08:17:03&apos;
System info: host: &apos;Admins-MacBook-Pro.local&apos;, ip: &apos;fe80:0:0:0:8f:c148:5c9e:6494%en0&apos;, os.name: &apos;Mac OS X&apos;, os.arch: &apos;x86_64&apos;, os.version: &apos;12.4&apos;, java.version: &apos;19.0.1&apos;
Driver info: io.appium.java_client.android.AndroidDriver
Capabilities {app: /Users/admin/Desktop/Plai_M..., appPackage: com.app.plaisports, autoAcceptAlerts: true, autoGrantPermissions: true, automationName: UiAutomator2, databaseEnabled: false, desired: {app: /Users/admin/Desktop/Plai_M..., autoAcceptAlerts: true, autoGrantPermissions: true, automationName: UiAutomator2, deviceName: 25e4e5308f0d7ece, platformName: android, platformVersion: 10, resetKeyboard: false, unicodeKeyboard: false}, deviceApiLevel: 29, deviceManufacturer: samsung, deviceModel: SM-N960F, deviceName: 25e4e5308f0d7ece, deviceScreenDensity: 420, deviceScreenSize: 1080x2220, deviceUDID: 25e4e5308f0d7ece, javascriptEnabled: true, locationContextEnabled: false, networkConnectionEnabled: true, pixelRatio: 2.625, platform: LINUX, platformName: android, platformVersion: 10, resetKeyboard: false, statBarHeight: 63, takesScreenshot: true, unicodeKeyboard: false, viewportRect: {height: 2031, left: 0, top: 63, width: 1080}, warnings: {}, webStorageEnabled: false}
Session ID: ee019065-3b38-4151-ab88-f1827affde46
*** Element info: {Using=xpath, value=//android.widget.TextView[@text=&quot;Admin&quot;]}
	at java.base/jdk.internal.reflect.DirectConstructorHandleAccessor.newInstance(DirectConstructorHandleAccessor.java:67)
	at java.base/java.lang.reflect.Constructor.newInstanceWithCaller(Constructor.java:500)
	at java.base/java.lang.reflect.Constructor.newInstance(Constructor.java:484)
	at org.openqa.selenium.remote.http.W3CHttpResponseCodec.createException(W3CHttpResponseCodec.java:187)
	at org.openqa.selenium.remote.http.W3CHttpResponseCodec.decode(W3CHttpResponseCodec.java:122)
	at org.openqa.selenium.remote.http.W3CHttpResponseCodec.decode(W3CHttpResponseCodec.java:49)
	at org.openqa.selenium.remote.HttpCommandExecutor.execute(HttpCommandExecutor.java:158)
	at io.appium.java_client.remote.AppiumCommandExecutor.execute(AppiumCommandExecutor.java:247)
	at org.openqa.selenium.remote.RemoteWebDriver.execute(RemoteWebDriver.java:552)
	at io.appium.java_client.DefaultGenericMobileDriver.execute(DefaultGenericMobileDriver.java:41)
	at io.appium.java_client.AppiumDriver.execute(AppiumDriver.java:1)
	at io.appium.java_client.android.AndroidDriver.execute(AndroidDriver.java:1)
	at org.openqa.selenium.remote.RemoteWebDriver.findElement(RemoteWebDriver.java:323)
	at io.appium.java_client.DefaultGenericMobileDriver.findElement(DefaultGenericMobileDriver.java:61)
	at io.appium.java_client.AppiumDriver.findElement(AppiumDriver.java:1)
	at io.appium.java_client.android.AndroidDriver.findElement(AndroidDriver.java:1)
	at org.openqa.selenium.remote.RemoteWebDriver.findElementByXPath(RemoteWebDriver.java:428)
	at io.appium.java_client.DefaultGenericMobileDriver.findElementByXPath(DefaultGenericMobileDriver.java:151)
	at io.appium.java_client.AppiumDriver.findElementByXPath(AppiumDriver.java:1)
	at io.appium.java_client.android.AndroidDriver.findElementByXPath(AndroidDriver.java:1)
	at org.openqa.selenium.By$ByXPath.findElement(By.java:353)
	at org.openqa.selenium.remote.RemoteWebDriver.findElement(RemoteWebDriver.java:315)
	at io.appium.java_client.DefaultGenericMobileDriver.findElement(DefaultGenericMobileDriver.java:57)
	at io.appium.java_client.AppiumDriver.findElement(AppiumDriver.java:1)
	at io.appium.java_client.android.AndroidDriver.findElement(AndroidDriver.java:1)
	at Pages.HomePage.Click_Test27_Admin_Club_Banner(HomePage.java:377)
	at Tests.NewsTabTests.Verify_Allow_Comments_field_by_clicking_on_NO_button(NewsTabTests.java:361)
	at java.base/jdk.internal.reflect.DirectMethodHandleAccessor.invoke(DirectMethodHandleAccessor.java:104)
	at java.base/java.lang.reflect.Method.invoke(Method.java:578)
	at org.testng.internal.MethodInvocationHelper.invokeMethod(MethodInvocationHelper.java:133)
	at org.testng.internal.TestInvoker.invokeMethod(TestInvoker.java:598)
	at org.testng.internal.TestInvoker.invokeTestMethod(TestInvoker.java:173)
	at org.testng.internal.MethodRunner.runInSequence(MethodRunner.java:46)
	at org.testng.internal.TestInvoker$MethodInvocationAgent.invoke(TestInvoker.java:824)
	at org.testng.internal.TestInvoker.invokeTestMethods(TestInvoker.java:146)
	at org.testng.internal.TestMethodWorker.invokeTestMethods(TestMethodWorker.java:146)
	at org.testng.internal.TestMethodWorker.run(TestMethodWorker.java:128)
	at java.base/java.util.ArrayList.forEach(ArrayList.java:1511)
	at org.testng.TestRunner.privateRun(TestRunner.java:794)
	at org.testng.TestRunner.run(TestRunner.java:596)
	at org.testng.SuiteRunner.runTest(SuiteRunner.java:377)
	at org.testng.SuiteRunner.runSequentially(SuiteRunner.java:371)
	at org.testng.SuiteRunner.privateRun(SuiteRunner.java:332)
	at org.testng.SuiteRunner.run(SuiteRunner.java:276)
	at org.testng.SuiteRunnerWorker.runSuite(SuiteRunnerWorker.java:53)
	at org.testng.SuiteRunnerWorker.run(SuiteRunnerWorker.java:96)
	at org.testng.TestNG.runSuitesSequentially(TestNG.java:1212)
	at org.testng.TestNG.runSuitesLocally(TestNG.java:1134)
	at org.testng.TestNG.runSuites(TestNG.java:1063)
	at org.testng.TestNG.run(TestNG.java:1031)
	at org.apache.maven.surefire.testng.TestNGExecutor.run(TestNGExecutor.java:284)
	at org.apache.maven.surefire.testng.TestNGXmlTestSuite.execute(TestNGXmlTestSuite.java:75)
	at org.apache.maven.surefire.testng.TestNGProvider.invoke(TestNGProvider.java:119)
	at org.apache.maven.surefire.booter.ForkedBooter.runSuitesInProcess(ForkedBooter.java:428)
	at org.apache.maven.surefire.booter.ForkedBooter.execute(ForkedBooter.java:162)
	at org.apache.maven.surefire.booter.ForkedBooter.run(ForkedBooter.java:562)
	at org.apache.maven.surefire.booter.ForkedBooter.main(ForkedBooter.java:548)
</pre></div><a href='#' onClick='toggleBox("stack-trace768179896", this, "Click to show all stack frames", "Click to hide stack frames")'>Click to show all stack frames</a>
<div class='stack-trace' id='stack-trace768179896'><pre>org.openqa.selenium.NoSuchElementException: An element could not be located on the page using the given search parameters.
For documentation on this error, please visit: https://www.seleniumhq.org/exceptions/no_such_element.html
Build info: version: &apos;3.141.59&apos;, revision: &apos;e82be7d358&apos;, time: &apos;2018-11-14T08:17:03&apos;
System info: host: &apos;Admins-MacBook-Pro.local&apos;, ip: &apos;fe80:0:0:0:8f:c148:5c9e:6494%en0&apos;, os.name: &apos;Mac OS X&apos;, os.arch: &apos;x86_64&apos;, os.version: &apos;12.4&apos;, java.version: &apos;19.0.1&apos;
Driver info: io.appium.java_client.android.AndroidDriver
Capabilities {app: /Users/admin/Desktop/Plai_M..., appPackage: com.app.plaisports, autoAcceptAlerts: true, autoGrantPermissions: true, automationName: UiAutomator2, databaseEnabled: false, desired: {app: /Users/admin/Desktop/Plai_M..., autoAcceptAlerts: true, autoGrantPermissions: true, automationName: UiAutomator2, deviceName: 25e4e5308f0d7ece, platformName: android, platformVersion: 10, resetKeyboard: false, unicodeKeyboard: false}, deviceApiLevel: 29, deviceManufacturer: samsung, deviceModel: SM-N960F, deviceName: 25e4e5308f0d7ece, deviceScreenDensity: 420, deviceScreenSize: 1080x2220, deviceUDID: 25e4e5308f0d7ece, javascriptEnabled: true, locationContextEnabled: false, networkConnectionEnabled: true, pixelRatio: 2.625, platform: LINUX, platformName: android, platformVersion: 10, resetKeyboard: false, statBarHeight: 63, takesScreenshot: true, unicodeKeyboard: false, viewportRect: {height: 2031, left: 0, top: 63, width: 1080}, warnings: {}, webStorageEnabled: false}
Session ID: ee019065-3b38-4151-ab88-f1827affde46
*** Element info: {Using=xpath, value=//android.widget.TextView[@text=&quot;Admin&quot;]}
	at java.base/jdk.internal.reflect.DirectConstructorHandleAccessor.newInstance(DirectConstructorHandleAccessor.java:67)
	at java.base/java.lang.reflect.Constructor.newInstanceWithCaller(Constructor.java:500)
	at java.base/java.lang.reflect.Constructor.newInstance(Constructor.java:484)
	at org.openqa.selenium.remote.http.W3CHttpResponseCodec.createException(W3CHttpResponseCodec.java:187)
	at org.openqa.selenium.remote.http.W3CHttpResponseCodec.decode(W3CHttpResponseCodec.java:122)
	at org.openqa.selenium.remote.http.W3CHttpResponseCodec.decode(W3CHttpResponseCodec.java:49)
	at org.openqa.selenium.remote.HttpCommandExecutor.execute(HttpCommandExecutor.java:158)
	at io.appium.java_client.remote.AppiumCommandExecutor.execute(AppiumCommandExecutor.java:247)
	at org.openqa.selenium.remote.RemoteWebDriver.execute(RemoteWebDriver.java:552)
	at io.appium.java_client.DefaultGenericMobileDriver.execute(DefaultGenericMobileDriver.java:41)
	at io.appium.java_client.AppiumDriver.execute(AppiumDriver.java:1)
	at io.appium.java_client.android.AndroidDriver.execute(AndroidDriver.java:1)
	at org.openqa.selenium.remote.RemoteWebDriver.findElement(RemoteWebDriver.java:323)
	at io.appium.java_client.DefaultGenericMobileDriver.findElement(DefaultGenericMobileDriver.java:61)
	at io.appium.java_client.AppiumDriver.findElement(AppiumDriver.java:1)
	at io.appium.java_client.android.AndroidDriver.findElement(AndroidDriver.java:1)
	at org.openqa.selenium.remote.RemoteWebDriver.findElementByXPath(RemoteWebDriver.java:428)
	at io.appium.java_client.DefaultGenericMobileDriver.findElementByXPath(DefaultGenericMobileDriver.java:151)
	at io.appium.java_client.AppiumDriver.findElementByXPath(AppiumDriver.java:1)
	at io.appium.java_client.android.AndroidDriver.findElementByXPath(AndroidDriver.java:1)
	at org.openqa.selenium.By$ByXPath.findElement(By.java:353)
	at org.openqa.selenium.remote.RemoteWebDriver.findElement(RemoteWebDriver.java:315)
	at io.appium.java_client.DefaultGenericMobileDriver.findElement(DefaultGenericMobileDriver.java:57)
	at io.appium.java_client.AppiumDriver.findElement(AppiumDriver.java:1)
	at io.appium.java_client.android.AndroidDriver.findElement(AndroidDriver.java:1)
	at Pages.HomePage.Click_Test27_Admin_Club_Banner(HomePage.java:377)
	at Tests.NewsTabTests.Verify_Allow_Comments_field_by_clicking_on_NO_button(NewsTabTests.java:361)
	at java.base/jdk.internal.reflect.DirectMethodHandleAccessor.invoke(DirectMethodHandleAccessor.java:104)
	at java.base/java.lang.reflect.Method.invoke(Method.java:578)
	at org.testng.internal.MethodInvocationHelper.invokeMethod(MethodInvocationHelper.java:133)
	at org.testng.internal.TestInvoker.invokeMethod(TestInvoker.java:598)
	at org.testng.internal.TestInvoker.invokeTestMethod(TestInvoker.java:173)
	at org.testng.internal.MethodRunner.runInSequence(MethodRunner.java:46)
	at org.testng.internal.TestInvoker$MethodInvocationAgent.invoke(TestInvoker.java:824)
	at org.testng.internal.TestInvoker.invokeTestMethods(TestInvoker.java:146)
	at org.testng.internal.TestMethodWorker.invokeTestMethods(TestMethodWorker.java:146)
	at org.testng.internal.TestMethodWorker.run(TestMethodWorker.java:128)
	at java.base/java.util.ArrayList.forEach(ArrayList.java:1511)
	at org.testng.TestRunner.privateRun(TestRunner.java:794)
	at org.testng.TestRunner.run(TestRunner.java:596)
	at org.testng.SuiteRunner.runTest(SuiteRunner.java:377)
	at org.testng.SuiteRunner.runSequentially(SuiteRunner.java:371)
	at org.testng.SuiteRunner.privateRun(SuiteRunner.java:332)
	at org.testng.SuiteRunner.run(SuiteRunner.java:276)
	at org.testng.SuiteRunnerWorker.runSuite(SuiteRunnerWorker.java:53)
	at org.testng.SuiteRunnerWorker.run(SuiteRunnerWorker.java:96)
	at org.testng.TestNG.runSuitesSequentially(TestNG.java:1212)
	at org.testng.TestNG.runSuitesLocally(TestNG.java:1134)
	at org.testng.TestNG.runSuites(TestNG.java:1063)
	at org.testng.TestNG.run(TestNG.java:1031)
	at org.apache.maven.surefire.testng.TestNGExecutor.run(TestNGExecutor.java:284)
	at org.apache.maven.surefire.testng.TestNGXmlTestSuite.execute(TestNGXmlTestSuite.java:75)
	at org.apache.maven.surefire.testng.TestNGProvider.invoke(TestNGProvider.java:119)
	at org.apache.maven.surefire.booter.ForkedBooter.runSuitesInProcess(ForkedBooter.java:428)
	at org.apache.maven.surefire.booter.ForkedBooter.execute(ForkedBooter.java:162)
	at org.apache.maven.surefire.booter.ForkedBooter.run(ForkedBooter.java:562)
	at org.apache.maven.surefire.booter.ForkedBooter.main(ForkedBooter.java:548)
</pre></div></td>
<td>60</td>
<td>Tests.NewsTabTests@1a677343</td></tr>
<tr>
<td title='Tests.NewsTabTests.Verify_the_fields_display_in_NEW_ARTICLE_screen()'><b>Verify_the_fields_display_in_NEW_ARTICLE_screen</b><br>Test class: Tests.NewsTabTests<br/>
<a href="#Output-2087564297" onClick='toggleBox("Output-2087564297", this, "Show output", "Hide output");'>Show output</a>

<a href="#Output-2087564297" onClick="toggleAllBoxes();">Show all outputs</a>
<div class='log' id="Output-2087564297">
Application Launched.<br><br/>
Clicked on skip button.<br><br/>
Clicked on next button.<br><br/>
Entered Email :- sagarnandha11+1@gmail.com<br><br/>
Entered Password :- Plai@1234<br><br/>
Clicked On Login Button<br><br/>
App name is verified on login splash screen<br><br/>
Day Greeting is verified on login splash screen<br><br/>
Username with Profile Picture is verified on login splash screen<br><br/>
Welcome Greeting is verified on login splash screen<br><br/>
</div>
</td>
<td><div><pre>org.openqa.selenium.NoSuchElementException: An element could not be located on the page using the given search parameters.
For documentation on this error, please visit: https://www.seleniumhq.org/exceptions/no_such_element.html
Build info: version: &apos;3.141.59&apos;, revision: &apos;e82be7d358&apos;, time: &apos;2018-11-14T08:17:03&apos;
System info: host: &apos;Admins-MacBook-Pro.local&apos;, ip: &apos;fe80:0:0:0:8f:c148:5c9e:6494%en0&apos;, os.name: &apos;Mac OS X&apos;, os.arch: &apos;x86_64&apos;, os.version: &apos;12.4&apos;, java.version: &apos;19.0.1&apos;
Driver info: io.appium.java_client.android.AndroidDriver
Capabilities {app: /Users/admin/Desktop/Plai_M..., appPackage: com.app.plaisports, autoAcceptAlerts: true, autoGrantPermissions: true, automationName: UiAutomator2, databaseEnabled: false, desired: {app: /Users/admin/Desktop/Plai_M..., autoAcceptAlerts: true, autoGrantPermissions: true, automationName: UiAutomator2, deviceName: 25e4e5308f0d7ece, platformName: android, platformVersion: 10, resetKeyboard: false, unicodeKeyboard: false}, deviceApiLevel: 29, deviceManufacturer: samsung, deviceModel: SM-N960F, deviceName: 25e4e5308f0d7ece, deviceScreenDensity: 420, deviceScreenSize: 1080x2220, deviceUDID: 25e4e5308f0d7ece, javascriptEnabled: true, locationContextEnabled: false, networkConnectionEnabled: true, pixelRatio: 2.625, platform: LINUX, platformName: android, platformVersion: 10, resetKeyboard: false, statBarHeight: 63, takesScreenshot: true, unicodeKeyboard: false, viewportRect: {height: 2031, left: 0, top: 63, width: 1080}, warnings: {}, webStorageEnabled: false}
Session ID: db7ef931-8502-49f6-a912-3e3da1a7ce11
*** Element info: {Using=xpath, value=//android.widget.TextView[@text=&quot;Admin&quot;]}
	at java.base/jdk.internal.reflect.DirectConstructorHandleAccessor.newInstance(DirectConstructorHandleAccessor.java:67)
	at java.base/java.lang.reflect.Constructor.newInstanceWithCaller(Constructor.java:500)
	at java.base/java.lang.reflect.Constructor.newInstance(Constructor.java:484)
	at org.openqa.selenium.remote.http.W3CHttpResponseCodec.createException(W3CHttpResponseCodec.java:187)
	at org.openqa.selenium.remote.http.W3CHttpResponseCodec.decode(W3CHttpResponseCodec.java:122)
	at org.openqa.selenium.remote.http.W3CHttpResponseCodec.decode(W3CHttpResponseCodec.java:49)
	at org.openqa.selenium.remote.HttpCommandExecutor.execute(HttpCommandExecutor.java:158)
	at io.appium.java_client.remote.AppiumCommandExecutor.execute(AppiumCommandExecutor.java:247)
	at org.openqa.selenium.remote.RemoteWebDriver.execute(RemoteWebDriver.java:552)
	at io.appium.java_client.DefaultGenericMobileDriver.execute(DefaultGenericMobileDriver.java:41)
	at io.appium.java_client.AppiumDriver.execute(AppiumDriver.java:1)
	at io.appium.java_client.android.AndroidDriver.execute(AndroidDriver.java:1)
	at org.openqa.selenium.remote.RemoteWebDriver.findElement(RemoteWebDriver.java:323)
	at io.appium.java_client.DefaultGenericMobileDriver.findElement(DefaultGenericMobileDriver.java:61)
	at io.appium.java_client.AppiumDriver.findElement(AppiumDriver.java:1)
	at io.appium.java_client.android.AndroidDriver.findElement(AndroidDriver.java:1)
	at org.openqa.selenium.remote.RemoteWebDriver.findElementByXPath(RemoteWebDriver.java:428)
	at io.appium.java_client.DefaultGenericMobileDriver.findElementByXPath(DefaultGenericMobileDriver.java:151)
	at io.appium.java_client.AppiumDriver.findElementByXPath(AppiumDriver.java:1)
	at io.appium.java_client.android.AndroidDriver.findElementByXPath(AndroidDriver.java:1)
	at org.openqa.selenium.By$ByXPath.findElement(By.java:353)
	at org.openqa.selenium.remote.RemoteWebDriver.findElement(RemoteWebDriver.java:315)
	at io.appium.java_client.DefaultGenericMobileDriver.findElement(DefaultGenericMobileDriver.java:57)
	at io.appium.java_client.AppiumDriver.findElement(AppiumDriver.java:1)
	at io.appium.java_client.android.AndroidDriver.findElement(AndroidDriver.java:1)
	at Pages.HomePage.Click_Test27_Admin_Club_Banner(HomePage.java:377)
	at Tests.NewsTabTests.Verify_the_fields_display_in_NEW_ARTICLE_screen(NewsTabTests.java:148)
	at java.base/jdk.internal.reflect.DirectMethodHandleAccessor.invoke(DirectMethodHandleAccessor.java:104)
	at java.base/java.lang.reflect.Method.invoke(Method.java:578)
	at org.testng.internal.MethodInvocationHelper.invokeMethod(MethodInvocationHelper.java:133)
	at org.testng.internal.TestInvoker.invokeMethod(TestInvoker.java:598)
	at org.testng.internal.TestInvoker.invokeTestMethod(TestInvoker.java:173)
	at org.testng.internal.MethodRunner.runInSequence(MethodRunner.java:46)
	at org.testng.internal.TestInvoker$MethodInvocationAgent.invoke(TestInvoker.java:824)
	at org.testng.internal.TestInvoker.invokeTestMethods(TestInvoker.java:146)
	at org.testng.internal.TestMethodWorker.invokeTestMethods(TestMethodWorker.java:146)
	at org.testng.internal.TestMethodWorker.run(TestMethodWorker.java:128)
	at java.base/java.util.ArrayList.forEach(ArrayList.java:1511)
	at org.testng.TestRunner.privateRun(TestRunner.java:794)
	at org.testng.TestRunner.run(TestRunner.java:596)
	at org.testng.SuiteRunner.runTest(SuiteRunner.java:377)
	at org.testng.SuiteRunner.runSequentially(SuiteRunner.java:371)
	at org.testng.SuiteRunner.privateRun(SuiteRunner.java:332)
	at org.testng.SuiteRunner.run(SuiteRunner.java:276)
	at org.testng.SuiteRunnerWorker.runSuite(SuiteRunnerWorker.java:53)
	at org.testng.SuiteRunnerWorker.run(SuiteRunnerWorker.java:96)
	at org.testng.TestNG.runSuitesSequentially(TestNG.java:1212)
	at org.testng.TestNG.runSuitesLocally(TestNG.java:1134)
	at org.testng.TestNG.runSuites(TestNG.java:1063)
	at org.testng.TestNG.run(TestNG.java:1031)
	at org.apache.maven.surefire.testng.TestNGExecutor.run(TestNGExecutor.java:284)
	at org.apache.maven.surefire.testng.TestNGXmlTestSuite.execute(TestNGXmlTestSuite.java:75)
	at org.apache.maven.surefire.testng.TestNGProvider.invoke(TestNGProvider.java:119)
	at org.apache.maven.surefire.booter.ForkedBooter.runSuitesInProcess(ForkedBooter.java:428)
	at org.apache.maven.surefire.booter.ForkedBooter.execute(ForkedBooter.java:162)
	at org.apache.maven.surefire.booter.ForkedBooter.run(ForkedBooter.java:562)
	at org.apache.maven.surefire.booter.ForkedBooter.main(ForkedBooter.java:548)
</pre></div><a href='#' onClick='toggleBox("stack-trace2087564297", this, "Click to show all stack frames", "Click to hide stack frames")'>Click to show all stack frames</a>
<div class='stack-trace' id='stack-trace2087564297'><pre>org.openqa.selenium.NoSuchElementException: An element could not be located on the page using the given search parameters.
For documentation on this error, please visit: https://www.seleniumhq.org/exceptions/no_such_element.html
Build info: version: &apos;3.141.59&apos;, revision: &apos;e82be7d358&apos;, time: &apos;2018-11-14T08:17:03&apos;
System info: host: &apos;Admins-MacBook-Pro.local&apos;, ip: &apos;fe80:0:0:0:8f:c148:5c9e:6494%en0&apos;, os.name: &apos;Mac OS X&apos;, os.arch: &apos;x86_64&apos;, os.version: &apos;12.4&apos;, java.version: &apos;19.0.1&apos;
Driver info: io.appium.java_client.android.AndroidDriver
Capabilities {app: /Users/admin/Desktop/Plai_M..., appPackage: com.app.plaisports, autoAcceptAlerts: true, autoGrantPermissions: true, automationName: UiAutomator2, databaseEnabled: false, desired: {app: /Users/admin/Desktop/Plai_M..., autoAcceptAlerts: true, autoGrantPermissions: true, automationName: UiAutomator2, deviceName: 25e4e5308f0d7ece, platformName: android, platformVersion: 10, resetKeyboard: false, unicodeKeyboard: false}, deviceApiLevel: 29, deviceManufacturer: samsung, deviceModel: SM-N960F, deviceName: 25e4e5308f0d7ece, deviceScreenDensity: 420, deviceScreenSize: 1080x2220, deviceUDID: 25e4e5308f0d7ece, javascriptEnabled: true, locationContextEnabled: false, networkConnectionEnabled: true, pixelRatio: 2.625, platform: LINUX, platformName: android, platformVersion: 10, resetKeyboard: false, statBarHeight: 63, takesScreenshot: true, unicodeKeyboard: false, viewportRect: {height: 2031, left: 0, top: 63, width: 1080}, warnings: {}, webStorageEnabled: false}
Session ID: db7ef931-8502-49f6-a912-3e3da1a7ce11
*** Element info: {Using=xpath, value=//android.widget.TextView[@text=&quot;Admin&quot;]}
	at java.base/jdk.internal.reflect.DirectConstructorHandleAccessor.newInstance(DirectConstructorHandleAccessor.java:67)
	at java.base/java.lang.reflect.Constructor.newInstanceWithCaller(Constructor.java:500)
	at java.base/java.lang.reflect.Constructor.newInstance(Constructor.java:484)
	at org.openqa.selenium.remote.http.W3CHttpResponseCodec.createException(W3CHttpResponseCodec.java:187)
	at org.openqa.selenium.remote.http.W3CHttpResponseCodec.decode(W3CHttpResponseCodec.java:122)
	at org.openqa.selenium.remote.http.W3CHttpResponseCodec.decode(W3CHttpResponseCodec.java:49)
	at org.openqa.selenium.remote.HttpCommandExecutor.execute(HttpCommandExecutor.java:158)
	at io.appium.java_client.remote.AppiumCommandExecutor.execute(AppiumCommandExecutor.java:247)
	at org.openqa.selenium.remote.RemoteWebDriver.execute(RemoteWebDriver.java:552)
	at io.appium.java_client.DefaultGenericMobileDriver.execute(DefaultGenericMobileDriver.java:41)
	at io.appium.java_client.AppiumDriver.execute(AppiumDriver.java:1)
	at io.appium.java_client.android.AndroidDriver.execute(AndroidDriver.java:1)
	at org.openqa.selenium.remote.RemoteWebDriver.findElement(RemoteWebDriver.java:323)
	at io.appium.java_client.DefaultGenericMobileDriver.findElement(DefaultGenericMobileDriver.java:61)
	at io.appium.java_client.AppiumDriver.findElement(AppiumDriver.java:1)
	at io.appium.java_client.android.AndroidDriver.findElement(AndroidDriver.java:1)
	at org.openqa.selenium.remote.RemoteWebDriver.findElementByXPath(RemoteWebDriver.java:428)
	at io.appium.java_client.DefaultGenericMobileDriver.findElementByXPath(DefaultGenericMobileDriver.java:151)
	at io.appium.java_client.AppiumDriver.findElementByXPath(AppiumDriver.java:1)
	at io.appium.java_client.android.AndroidDriver.findElementByXPath(AndroidDriver.java:1)
	at org.openqa.selenium.By$ByXPath.findElement(By.java:353)
	at org.openqa.selenium.remote.RemoteWebDriver.findElement(RemoteWebDriver.java:315)
	at io.appium.java_client.DefaultGenericMobileDriver.findElement(DefaultGenericMobileDriver.java:57)
	at io.appium.java_client.AppiumDriver.findElement(AppiumDriver.java:1)
	at io.appium.java_client.android.AndroidDriver.findElement(AndroidDriver.java:1)
	at Pages.HomePage.Click_Test27_Admin_Club_Banner(HomePage.java:377)
	at Tests.NewsTabTests.Verify_the_fields_display_in_NEW_ARTICLE_screen(NewsTabTests.java:148)
	at java.base/jdk.internal.reflect.DirectMethodHandleAccessor.invoke(DirectMethodHandleAccessor.java:104)
	at java.base/java.lang.reflect.Method.invoke(Method.java:578)
	at org.testng.internal.MethodInvocationHelper.invokeMethod(MethodInvocationHelper.java:133)
	at org.testng.internal.TestInvoker.invokeMethod(TestInvoker.java:598)
	at org.testng.internal.TestInvoker.invokeTestMethod(TestInvoker.java:173)
	at org.testng.internal.MethodRunner.runInSequence(MethodRunner.java:46)
	at org.testng.internal.TestInvoker$MethodInvocationAgent.invoke(TestInvoker.java:824)
	at org.testng.internal.TestInvoker.invokeTestMethods(TestInvoker.java:146)
	at org.testng.internal.TestMethodWorker.invokeTestMethods(TestMethodWorker.java:146)
	at org.testng.internal.TestMethodWorker.run(TestMethodWorker.java:128)
	at java.base/java.util.ArrayList.forEach(ArrayList.java:1511)
	at org.testng.TestRunner.privateRun(TestRunner.java:794)
	at org.testng.TestRunner.run(TestRunner.java:596)
	at org.testng.SuiteRunner.runTest(SuiteRunner.java:377)
	at org.testng.SuiteRunner.runSequentially(SuiteRunner.java:371)
	at org.testng.SuiteRunner.privateRun(SuiteRunner.java:332)
	at org.testng.SuiteRunner.run(SuiteRunner.java:276)
	at org.testng.SuiteRunnerWorker.runSuite(SuiteRunnerWorker.java:53)
	at org.testng.SuiteRunnerWorker.run(SuiteRunnerWorker.java:96)
	at org.testng.TestNG.runSuitesSequentially(TestNG.java:1212)
	at org.testng.TestNG.runSuitesLocally(TestNG.java:1134)
	at org.testng.TestNG.runSuites(TestNG.java:1063)
	at org.testng.TestNG.run(TestNG.java:1031)
	at org.apache.maven.surefire.testng.TestNGExecutor.run(TestNGExecutor.java:284)
	at org.apache.maven.surefire.testng.TestNGXmlTestSuite.execute(TestNGXmlTestSuite.java:75)
	at org.apache.maven.surefire.testng.TestNGProvider.invoke(TestNGProvider.java:119)
	at org.apache.maven.surefire.booter.ForkedBooter.runSuitesInProcess(ForkedBooter.java:428)
	at org.apache.maven.surefire.booter.ForkedBooter.execute(ForkedBooter.java:162)
	at org.apache.maven.surefire.booter.ForkedBooter.run(ForkedBooter.java:562)
	at org.apache.maven.surefire.booter.ForkedBooter.main(ForkedBooter.java:548)
</pre></div></td>
<td>62</td>
<td>Tests.NewsTabTests@1a677343</td></tr>
<tr>
<td title='Tests.NewsTabTests.Verify_the_functionality_of_Confirm_button_of_confirmation_popup()'><b>Verify_the_functionality_of_Confirm_button_of_confirmation_popup</b><br>Test class: Tests.NewsTabTests<br/>
<a href="#Output-85339123" onClick='toggleBox("Output-85339123", this, "Show output", "Hide output");'>Show output</a>

<a href="#Output-85339123" onClick="toggleAllBoxes();">Show all outputs</a>
<div class='log' id="Output-85339123">
Application Launched.<br><br/>
Clicked on skip button.<br><br/>
Clicked on next button.<br><br/>
Entered Email :- sagarnandha11+1@gmail.com<br><br/>
Entered Password :- Plai@1234<br><br/>
Clicked On Login Button<br><br/>
App name is verified on login splash screen<br><br/>
Day Greeting is verified on login splash screen<br><br/>
Username with Profile Picture is verified on login splash screen<br><br/>
Welcome Greeting is verified on login splash screen<br><br/>
Clicked On Club Banner in which user is Admin<br><br/>
Sort Button is visible<br><br/>
Add New Article Button Is visible<br><br/>
Sort Button is visible<br><br/>
Sort Panel Opened<br><br/>
Clicked On News Article<br><br/>
Clicked On Delete Icon<br><br/>
</div>
</td>
<td><div><pre>org.openqa.selenium.NoSuchElementException: An element could not be located on the page using the given search parameters.
For documentation on this error, please visit: https://www.seleniumhq.org/exceptions/no_such_element.html
Build info: version: &apos;3.141.59&apos;, revision: &apos;e82be7d358&apos;, time: &apos;2018-11-14T08:17:03&apos;
System info: host: &apos;Admins-MacBook-Pro.local&apos;, ip: &apos;fe80:0:0:0:8f:c148:5c9e:6494%en0&apos;, os.name: &apos;Mac OS X&apos;, os.arch: &apos;x86_64&apos;, os.version: &apos;12.4&apos;, java.version: &apos;19.0.1&apos;
Driver info: io.appium.java_client.android.AndroidDriver
Capabilities {app: /Users/admin/Desktop/Plai_M..., appPackage: com.app.plaisports, autoAcceptAlerts: true, autoGrantPermissions: true, automationName: UiAutomator2, databaseEnabled: false, desired: {app: /Users/admin/Desktop/Plai_M..., autoAcceptAlerts: true, autoGrantPermissions: true, automationName: UiAutomator2, deviceName: 25e4e5308f0d7ece, platformName: android, platformVersion: 10, resetKeyboard: false, unicodeKeyboard: false}, deviceApiLevel: 29, deviceManufacturer: samsung, deviceModel: SM-N960F, deviceName: 25e4e5308f0d7ece, deviceScreenDensity: 420, deviceScreenSize: 1080x2220, deviceUDID: 25e4e5308f0d7ece, javascriptEnabled: true, locationContextEnabled: false, networkConnectionEnabled: true, pixelRatio: 2.625, platform: LINUX, platformName: android, platformVersion: 10, resetKeyboard: false, statBarHeight: 63, takesScreenshot: true, unicodeKeyboard: false, viewportRect: {height: 2031, left: 0, top: 63, width: 1080}, warnings: {}, webStorageEnabled: false}
Session ID: 49d0981d-82e3-4920-9660-ae337842b4e0
*** Element info: {Using=xpath, value=//android.widget.TextView[@text=&quot;CONFIRM&quot;]}
	at java.base/jdk.internal.reflect.DirectConstructorHandleAccessor.newInstance(DirectConstructorHandleAccessor.java:67)
	at java.base/java.lang.reflect.Constructor.newInstanceWithCaller(Constructor.java:500)
	at java.base/java.lang.reflect.Constructor.newInstance(Constructor.java:484)
	at org.openqa.selenium.remote.http.W3CHttpResponseCodec.createException(W3CHttpResponseCodec.java:187)
	at org.openqa.selenium.remote.http.W3CHttpResponseCodec.decode(W3CHttpResponseCodec.java:122)
	at org.openqa.selenium.remote.http.W3CHttpResponseCodec.decode(W3CHttpResponseCodec.java:49)
	at org.openqa.selenium.remote.HttpCommandExecutor.execute(HttpCommandExecutor.java:158)
	at io.appium.java_client.remote.AppiumCommandExecutor.execute(AppiumCommandExecutor.java:247)
	at org.openqa.selenium.remote.RemoteWebDriver.execute(RemoteWebDriver.java:552)
	at io.appium.java_client.DefaultGenericMobileDriver.execute(DefaultGenericMobileDriver.java:41)
	at io.appium.java_client.AppiumDriver.execute(AppiumDriver.java:1)
	at io.appium.java_client.android.AndroidDriver.execute(AndroidDriver.java:1)
	at org.openqa.selenium.remote.RemoteWebDriver.findElement(RemoteWebDriver.java:323)
	at io.appium.java_client.DefaultGenericMobileDriver.findElement(DefaultGenericMobileDriver.java:61)
	at io.appium.java_client.AppiumDriver.findElement(AppiumDriver.java:1)
	at io.appium.java_client.android.AndroidDriver.findElement(AndroidDriver.java:1)
	at org.openqa.selenium.remote.RemoteWebDriver.findElementByXPath(RemoteWebDriver.java:428)
	at io.appium.java_client.DefaultGenericMobileDriver.findElementByXPath(DefaultGenericMobileDriver.java:151)
	at io.appium.java_client.AppiumDriver.findElementByXPath(AppiumDriver.java:1)
	at io.appium.java_client.android.AndroidDriver.findElementByXPath(AndroidDriver.java:1)
	at org.openqa.selenium.By$ByXPath.findElement(By.java:353)
	at org.openqa.selenium.remote.RemoteWebDriver.findElement(RemoteWebDriver.java:315)
	at io.appium.java_client.DefaultGenericMobileDriver.findElement(DefaultGenericMobileDriver.java:57)
	at io.appium.java_client.AppiumDriver.findElement(AppiumDriver.java:1)
	at io.appium.java_client.android.AndroidDriver.findElement(AndroidDriver.java:1)
	at Pages.HomePage.Click_Confirm_Button(HomePage.java:525)
	at Tests.NewsTabTests.Verify_the_functionality_of_Confirm_button_of_confirmation_popup(NewsTabTests.java:255)
	at java.base/jdk.internal.reflect.DirectMethodHandleAccessor.invoke(DirectMethodHandleAccessor.java:104)
	at java.base/java.lang.reflect.Method.invoke(Method.java:578)
	at org.testng.internal.MethodInvocationHelper.invokeMethod(MethodInvocationHelper.java:133)
	at org.testng.internal.TestInvoker.invokeMethod(TestInvoker.java:598)
	at org.testng.internal.TestInvoker.invokeTestMethod(TestInvoker.java:173)
	at org.testng.internal.MethodRunner.runInSequence(MethodRunner.java:46)
	at org.testng.internal.TestInvoker$MethodInvocationAgent.invoke(TestInvoker.java:824)
	at org.testng.internal.TestInvoker.invokeTestMethods(TestInvoker.java:146)
	at org.testng.internal.TestMethodWorker.invokeTestMethods(TestMethodWorker.java:146)
	at org.testng.internal.TestMethodWorker.run(TestMethodWorker.java:128)
	at java.base/java.util.ArrayList.forEach(ArrayList.java:1511)
	at org.testng.TestRunner.privateRun(TestRunner.java:794)
	at org.testng.TestRunner.run(TestRunner.java:596)
	at org.testng.SuiteRunner.runTest(SuiteRunner.java:377)
	at org.testng.SuiteRunner.runSequentially(SuiteRunner.java:371)
	at org.testng.SuiteRunner.privateRun(SuiteRunner.java:332)
	at org.testng.SuiteRunner.run(SuiteRunner.java:276)
	at org.testng.SuiteRunnerWorker.runSuite(SuiteRunnerWorker.java:53)
	at org.testng.SuiteRunnerWorker.run(SuiteRunnerWorker.java:96)
	at org.testng.TestNG.runSuitesSequentially(TestNG.java:1212)
	at org.testng.TestNG.runSuitesLocally(TestNG.java:1134)
	at org.testng.TestNG.runSuites(TestNG.java:1063)
	at org.testng.TestNG.run(TestNG.java:1031)
	at org.apache.maven.surefire.testng.TestNGExecutor.run(TestNGExecutor.java:284)
	at org.apache.maven.surefire.testng.TestNGXmlTestSuite.execute(TestNGXmlTestSuite.java:75)
	at org.apache.maven.surefire.testng.TestNGProvider.invoke(TestNGProvider.java:119)
	at org.apache.maven.surefire.booter.ForkedBooter.runSuitesInProcess(ForkedBooter.java:428)
	at org.apache.maven.surefire.booter.ForkedBooter.execute(ForkedBooter.java:162)
	at org.apache.maven.surefire.booter.ForkedBooter.run(ForkedBooter.java:562)
	at org.apache.maven.surefire.booter.ForkedBooter.main(ForkedBooter.java:548)
</pre></div><a href='#' onClick='toggleBox("stack-trace85339123", this, "Click to show all stack frames", "Click to hide stack frames")'>Click to show all stack frames</a>
<div class='stack-trace' id='stack-trace85339123'><pre>org.openqa.selenium.NoSuchElementException: An element could not be located on the page using the given search parameters.
For documentation on this error, please visit: https://www.seleniumhq.org/exceptions/no_such_element.html
Build info: version: &apos;3.141.59&apos;, revision: &apos;e82be7d358&apos;, time: &apos;2018-11-14T08:17:03&apos;
System info: host: &apos;Admins-MacBook-Pro.local&apos;, ip: &apos;fe80:0:0:0:8f:c148:5c9e:6494%en0&apos;, os.name: &apos;Mac OS X&apos;, os.arch: &apos;x86_64&apos;, os.version: &apos;12.4&apos;, java.version: &apos;19.0.1&apos;
Driver info: io.appium.java_client.android.AndroidDriver
Capabilities {app: /Users/admin/Desktop/Plai_M..., appPackage: com.app.plaisports, autoAcceptAlerts: true, autoGrantPermissions: true, automationName: UiAutomator2, databaseEnabled: false, desired: {app: /Users/admin/Desktop/Plai_M..., autoAcceptAlerts: true, autoGrantPermissions: true, automationName: UiAutomator2, deviceName: 25e4e5308f0d7ece, platformName: android, platformVersion: 10, resetKeyboard: false, unicodeKeyboard: false}, deviceApiLevel: 29, deviceManufacturer: samsung, deviceModel: SM-N960F, deviceName: 25e4e5308f0d7ece, deviceScreenDensity: 420, deviceScreenSize: 1080x2220, deviceUDID: 25e4e5308f0d7ece, javascriptEnabled: true, locationContextEnabled: false, networkConnectionEnabled: true, pixelRatio: 2.625, platform: LINUX, platformName: android, platformVersion: 10, resetKeyboard: false, statBarHeight: 63, takesScreenshot: true, unicodeKeyboard: false, viewportRect: {height: 2031, left: 0, top: 63, width: 1080}, warnings: {}, webStorageEnabled: false}
Session ID: 49d0981d-82e3-4920-9660-ae337842b4e0
*** Element info: {Using=xpath, value=//android.widget.TextView[@text=&quot;CONFIRM&quot;]}
	at java.base/jdk.internal.reflect.DirectConstructorHandleAccessor.newInstance(DirectConstructorHandleAccessor.java:67)
	at java.base/java.lang.reflect.Constructor.newInstanceWithCaller(Constructor.java:500)
	at java.base/java.lang.reflect.Constructor.newInstance(Constructor.java:484)
	at org.openqa.selenium.remote.http.W3CHttpResponseCodec.createException(W3CHttpResponseCodec.java:187)
	at org.openqa.selenium.remote.http.W3CHttpResponseCodec.decode(W3CHttpResponseCodec.java:122)
	at org.openqa.selenium.remote.http.W3CHttpResponseCodec.decode(W3CHttpResponseCodec.java:49)
	at org.openqa.selenium.remote.HttpCommandExecutor.execute(HttpCommandExecutor.java:158)
	at io.appium.java_client.remote.AppiumCommandExecutor.execute(AppiumCommandExecutor.java:247)
	at org.openqa.selenium.remote.RemoteWebDriver.execute(RemoteWebDriver.java:552)
	at io.appium.java_client.DefaultGenericMobileDriver.execute(DefaultGenericMobileDriver.java:41)
	at io.appium.java_client.AppiumDriver.execute(AppiumDriver.java:1)
	at io.appium.java_client.android.AndroidDriver.execute(AndroidDriver.java:1)
	at org.openqa.selenium.remote.RemoteWebDriver.findElement(RemoteWebDriver.java:323)
	at io.appium.java_client.DefaultGenericMobileDriver.findElement(DefaultGenericMobileDriver.java:61)
	at io.appium.java_client.AppiumDriver.findElement(AppiumDriver.java:1)
	at io.appium.java_client.android.AndroidDriver.findElement(AndroidDriver.java:1)
	at org.openqa.selenium.remote.RemoteWebDriver.findElementByXPath(RemoteWebDriver.java:428)
	at io.appium.java_client.DefaultGenericMobileDriver.findElementByXPath(DefaultGenericMobileDriver.java:151)
	at io.appium.java_client.AppiumDriver.findElementByXPath(AppiumDriver.java:1)
	at io.appium.java_client.android.AndroidDriver.findElementByXPath(AndroidDriver.java:1)
	at org.openqa.selenium.By$ByXPath.findElement(By.java:353)
	at org.openqa.selenium.remote.RemoteWebDriver.findElement(RemoteWebDriver.java:315)
	at io.appium.java_client.DefaultGenericMobileDriver.findElement(DefaultGenericMobileDriver.java:57)
	at io.appium.java_client.AppiumDriver.findElement(AppiumDriver.java:1)
	at io.appium.java_client.android.AndroidDriver.findElement(AndroidDriver.java:1)
	at Pages.HomePage.Click_Confirm_Button(HomePage.java:525)
	at Tests.NewsTabTests.Verify_the_functionality_of_Confirm_button_of_confirmation_popup(NewsTabTests.java:255)
	at java.base/jdk.internal.reflect.DirectMethodHandleAccessor.invoke(DirectMethodHandleAccessor.java:104)
	at java.base/java.lang.reflect.Method.invoke(Method.java:578)
	at org.testng.internal.MethodInvocationHelper.invokeMethod(MethodInvocationHelper.java:133)
	at org.testng.internal.TestInvoker.invokeMethod(TestInvoker.java:598)
	at org.testng.internal.TestInvoker.invokeTestMethod(TestInvoker.java:173)
	at org.testng.internal.MethodRunner.runInSequence(MethodRunner.java:46)
	at org.testng.internal.TestInvoker$MethodInvocationAgent.invoke(TestInvoker.java:824)
	at org.testng.internal.TestInvoker.invokeTestMethods(TestInvoker.java:146)
	at org.testng.internal.TestMethodWorker.invokeTestMethods(TestMethodWorker.java:146)
	at org.testng.internal.TestMethodWorker.run(TestMethodWorker.java:128)
	at java.base/java.util.ArrayList.forEach(ArrayList.java:1511)
	at org.testng.TestRunner.privateRun(TestRunner.java:794)
	at org.testng.TestRunner.run(TestRunner.java:596)
	at org.testng.SuiteRunner.runTest(SuiteRunner.java:377)
	at org.testng.SuiteRunner.runSequentially(SuiteRunner.java:371)
	at org.testng.SuiteRunner.privateRun(SuiteRunner.java:332)
	at org.testng.SuiteRunner.run(SuiteRunner.java:276)
	at org.testng.SuiteRunnerWorker.runSuite(SuiteRunnerWorker.java:53)
	at org.testng.SuiteRunnerWorker.run(SuiteRunnerWorker.java:96)
	at org.testng.TestNG.runSuitesSequentially(TestNG.java:1212)
	at org.testng.TestNG.runSuitesLocally(TestNG.java:1134)
	at org.testng.TestNG.runSuites(TestNG.java:1063)
	at org.testng.TestNG.run(TestNG.java:1031)
	at org.apache.maven.surefire.testng.TestNGExecutor.run(TestNGExecutor.java:284)
	at org.apache.maven.surefire.testng.TestNGXmlTestSuite.execute(TestNGXmlTestSuite.java:75)
	at org.apache.maven.surefire.testng.TestNGProvider.invoke(TestNGProvider.java:119)
	at org.apache.maven.surefire.booter.ForkedBooter.runSuitesInProcess(ForkedBooter.java:428)
	at org.apache.maven.surefire.booter.ForkedBooter.execute(ForkedBooter.java:162)
	at org.apache.maven.surefire.booter.ForkedBooter.run(ForkedBooter.java:562)
	at org.apache.maven.surefire.booter.ForkedBooter.main(ForkedBooter.java:548)
</pre></div></td>
<td>80</td>
<td>Tests.NewsTabTests@1a677343</td></tr>
<tr>
<td title='Tests.NewsTabTests.Verify_the_functionality_of_CONFIRM_button_Edit_Article()'><b>Verify_the_functionality_of_CONFIRM_button_Edit_Article</b><br>Test class: Tests.NewsTabTests<br/>
<a href="#Output-290491100" onClick='toggleBox("Output-290491100", this, "Show output", "Hide output");'>Show output</a>

<a href="#Output-290491100" onClick="toggleAllBoxes();">Show all outputs</a>
<div class='log' id="Output-290491100">
Application Launched.<br><br/>
Clicked on skip button.<br><br/>
Clicked on next button.<br><br/>
Entered Email :- sagarnandha11+1@gmail.com<br><br/>
Entered Password :- Plai@1234<br><br/>
Clicked On Login Button<br><br/>
App name is verified on login splash screen<br><br/>
Day Greeting is verified on login splash screen<br><br/>
Username with Profile Picture is verified on login splash screen<br><br/>
Welcome Greeting is verified on login splash screen<br><br/>
Clicked On Club Banner in which user is Admin<br><br/>
Sort Button is visible<br><br/>
Add New Article Button Is visible<br><br/>
Sort Button is visible<br><br/>
Sort Panel Opened<br><br/>
Clicked On News Article<br><br/>
Clicked On Edit Article<br><br/>
Update Article Screen is visible<br><br/>
Title Field is visible<br><br/>
</div>
</td>
<td><div><pre>org.openqa.selenium.NoSuchElementException: An element could not be located on the page using the given search parameters.
For documentation on this error, please visit: https://www.seleniumhq.org/exceptions/no_such_element.html
Build info: version: &apos;3.141.59&apos;, revision: &apos;e82be7d358&apos;, time: &apos;2018-11-14T08:17:03&apos;
System info: host: &apos;Admins-MacBook-Pro.local&apos;, ip: &apos;fe80:0:0:0:8f:c148:5c9e:6494%en0&apos;, os.name: &apos;Mac OS X&apos;, os.arch: &apos;x86_64&apos;, os.version: &apos;12.4&apos;, java.version: &apos;19.0.1&apos;
Driver info: io.appium.java_client.android.AndroidDriver
Capabilities {app: /Users/admin/Desktop/Plai_M..., appPackage: com.app.plaisports, autoAcceptAlerts: true, autoGrantPermissions: true, automationName: UiAutomator2, databaseEnabled: false, desired: {app: /Users/admin/Desktop/Plai_M..., autoAcceptAlerts: true, autoGrantPermissions: true, automationName: UiAutomator2, deviceName: 25e4e5308f0d7ece, platformName: android, platformVersion: 10, resetKeyboard: false, unicodeKeyboard: false}, deviceApiLevel: 29, deviceManufacturer: samsung, deviceModel: SM-N960F, deviceName: 25e4e5308f0d7ece, deviceScreenDensity: 420, deviceScreenSize: 1080x2220, deviceUDID: 25e4e5308f0d7ece, javascriptEnabled: true, locationContextEnabled: false, networkConnectionEnabled: true, pixelRatio: 2.625, platform: LINUX, platformName: android, platformVersion: 10, resetKeyboard: false, statBarHeight: 63, takesScreenshot: true, unicodeKeyboard: false, viewportRect: {height: 2031, left: 0, top: 63, width: 1080}, warnings: {}, webStorageEnabled: false}
Session ID: f6be0375-2077-40ee-9df8-a05b53606a40
*** Element info: {Using=xpath, value=//android.widget.TextView[@text=&quot;CONFIRM&quot;]}
	at java.base/jdk.internal.reflect.DirectConstructorHandleAccessor.newInstance(DirectConstructorHandleAccessor.java:67)
	at java.base/java.lang.reflect.Constructor.newInstanceWithCaller(Constructor.java:500)
	at java.base/java.lang.reflect.Constructor.newInstance(Constructor.java:484)
	at org.openqa.selenium.remote.http.W3CHttpResponseCodec.createException(W3CHttpResponseCodec.java:187)
	at org.openqa.selenium.remote.http.W3CHttpResponseCodec.decode(W3CHttpResponseCodec.java:122)
	at org.openqa.selenium.remote.http.W3CHttpResponseCodec.decode(W3CHttpResponseCodec.java:49)
	at org.openqa.selenium.remote.HttpCommandExecutor.execute(HttpCommandExecutor.java:158)
	at io.appium.java_client.remote.AppiumCommandExecutor.execute(AppiumCommandExecutor.java:247)
	at org.openqa.selenium.remote.RemoteWebDriver.execute(RemoteWebDriver.java:552)
	at io.appium.java_client.DefaultGenericMobileDriver.execute(DefaultGenericMobileDriver.java:41)
	at io.appium.java_client.AppiumDriver.execute(AppiumDriver.java:1)
	at io.appium.java_client.android.AndroidDriver.execute(AndroidDriver.java:1)
	at org.openqa.selenium.remote.RemoteWebDriver.findElement(RemoteWebDriver.java:323)
	at io.appium.java_client.DefaultGenericMobileDriver.findElement(DefaultGenericMobileDriver.java:61)
	at io.appium.java_client.AppiumDriver.findElement(AppiumDriver.java:1)
	at io.appium.java_client.android.AndroidDriver.findElement(AndroidDriver.java:1)
	at org.openqa.selenium.remote.RemoteWebDriver.findElementByXPath(RemoteWebDriver.java:428)
	at io.appium.java_client.DefaultGenericMobileDriver.findElementByXPath(DefaultGenericMobileDriver.java:151)
	at io.appium.java_client.AppiumDriver.findElementByXPath(AppiumDriver.java:1)
	at io.appium.java_client.android.AndroidDriver.findElementByXPath(AndroidDriver.java:1)
	at org.openqa.selenium.By$ByXPath.findElement(By.java:353)
	at org.openqa.selenium.remote.RemoteWebDriver.findElement(RemoteWebDriver.java:315)
	at io.appium.java_client.DefaultGenericMobileDriver.findElement(DefaultGenericMobileDriver.java:57)
	at io.appium.java_client.AppiumDriver.findElement(AppiumDriver.java:1)
	at io.appium.java_client.android.AndroidDriver.findElement(AndroidDriver.java:1)
	at Pages.HomePage.Click_Confirm_Button(HomePage.java:525)
	at Tests.NewsTabTests.Verify_the_functionality_of_CONFIRM_button_Edit_Article(NewsTabTests.java:193)
	at java.base/jdk.internal.reflect.DirectMethodHandleAccessor.invoke(DirectMethodHandleAccessor.java:104)
	at java.base/java.lang.reflect.Method.invoke(Method.java:578)
	at org.testng.internal.MethodInvocationHelper.invokeMethod(MethodInvocationHelper.java:133)
	at org.testng.internal.TestInvoker.invokeMethod(TestInvoker.java:598)
	at org.testng.internal.TestInvoker.invokeTestMethod(TestInvoker.java:173)
	at org.testng.internal.MethodRunner.runInSequence(MethodRunner.java:46)
	at org.testng.internal.TestInvoker$MethodInvocationAgent.invoke(TestInvoker.java:824)
	at org.testng.internal.TestInvoker.invokeTestMethods(TestInvoker.java:146)
	at org.testng.internal.TestMethodWorker.invokeTestMethods(TestMethodWorker.java:146)
	at org.testng.internal.TestMethodWorker.run(TestMethodWorker.java:128)
	at java.base/java.util.ArrayList.forEach(ArrayList.java:1511)
	at org.testng.TestRunner.privateRun(TestRunner.java:794)
	at org.testng.TestRunner.run(TestRunner.java:596)
	at org.testng.SuiteRunner.runTest(SuiteRunner.java:377)
	at org.testng.SuiteRunner.runSequentially(SuiteRunner.java:371)
	at org.testng.SuiteRunner.privateRun(SuiteRunner.java:332)
	at org.testng.SuiteRunner.run(SuiteRunner.java:276)
	at org.testng.SuiteRunnerWorker.runSuite(SuiteRunnerWorker.java:53)
	at org.testng.SuiteRunnerWorker.run(SuiteRunnerWorker.java:96)
	at org.testng.TestNG.runSuitesSequentially(TestNG.java:1212)
	at org.testng.TestNG.runSuitesLocally(TestNG.java:1134)
	at org.testng.TestNG.runSuites(TestNG.java:1063)
	at org.testng.TestNG.run(TestNG.java:1031)
	at org.apache.maven.surefire.testng.TestNGExecutor.run(TestNGExecutor.java:284)
	at org.apache.maven.surefire.testng.TestNGXmlTestSuite.execute(TestNGXmlTestSuite.java:75)
	at org.apache.maven.surefire.testng.TestNGProvider.invoke(TestNGProvider.java:119)
	at org.apache.maven.surefire.booter.ForkedBooter.runSuitesInProcess(ForkedBooter.java:428)
	at org.apache.maven.surefire.booter.ForkedBooter.execute(ForkedBooter.java:162)
	at org.apache.maven.surefire.booter.ForkedBooter.run(ForkedBooter.java:562)
	at org.apache.maven.surefire.booter.ForkedBooter.main(ForkedBooter.java:548)
</pre></div><a href='#' onClick='toggleBox("stack-trace290491100", this, "Click to show all stack frames", "Click to hide stack frames")'>Click to show all stack frames</a>
<div class='stack-trace' id='stack-trace290491100'><pre>org.openqa.selenium.NoSuchElementException: An element could not be located on the page using the given search parameters.
For documentation on this error, please visit: https://www.seleniumhq.org/exceptions/no_such_element.html
Build info: version: &apos;3.141.59&apos;, revision: &apos;e82be7d358&apos;, time: &apos;2018-11-14T08:17:03&apos;
System info: host: &apos;Admins-MacBook-Pro.local&apos;, ip: &apos;fe80:0:0:0:8f:c148:5c9e:6494%en0&apos;, os.name: &apos;Mac OS X&apos;, os.arch: &apos;x86_64&apos;, os.version: &apos;12.4&apos;, java.version: &apos;19.0.1&apos;
Driver info: io.appium.java_client.android.AndroidDriver
Capabilities {app: /Users/admin/Desktop/Plai_M..., appPackage: com.app.plaisports, autoAcceptAlerts: true, autoGrantPermissions: true, automationName: UiAutomator2, databaseEnabled: false, desired: {app: /Users/admin/Desktop/Plai_M..., autoAcceptAlerts: true, autoGrantPermissions: true, automationName: UiAutomator2, deviceName: 25e4e5308f0d7ece, platformName: android, platformVersion: 10, resetKeyboard: false, unicodeKeyboard: false}, deviceApiLevel: 29, deviceManufacturer: samsung, deviceModel: SM-N960F, deviceName: 25e4e5308f0d7ece, deviceScreenDensity: 420, deviceScreenSize: 1080x2220, deviceUDID: 25e4e5308f0d7ece, javascriptEnabled: true, locationContextEnabled: false, networkConnectionEnabled: true, pixelRatio: 2.625, platform: LINUX, platformName: android, platformVersion: 10, resetKeyboard: false, statBarHeight: 63, takesScreenshot: true, unicodeKeyboard: false, viewportRect: {height: 2031, left: 0, top: 63, width: 1080}, warnings: {}, webStorageEnabled: false}
Session ID: f6be0375-2077-40ee-9df8-a05b53606a40
*** Element info: {Using=xpath, value=//android.widget.TextView[@text=&quot;CONFIRM&quot;]}
	at java.base/jdk.internal.reflect.DirectConstructorHandleAccessor.newInstance(DirectConstructorHandleAccessor.java:67)
	at java.base/java.lang.reflect.Constructor.newInstanceWithCaller(Constructor.java:500)
	at java.base/java.lang.reflect.Constructor.newInstance(Constructor.java:484)
	at org.openqa.selenium.remote.http.W3CHttpResponseCodec.createException(W3CHttpResponseCodec.java:187)
	at org.openqa.selenium.remote.http.W3CHttpResponseCodec.decode(W3CHttpResponseCodec.java:122)
	at org.openqa.selenium.remote.http.W3CHttpResponseCodec.decode(W3CHttpResponseCodec.java:49)
	at org.openqa.selenium.remote.HttpCommandExecutor.execute(HttpCommandExecutor.java:158)
	at io.appium.java_client.remote.AppiumCommandExecutor.execute(AppiumCommandExecutor.java:247)
	at org.openqa.selenium.remote.RemoteWebDriver.execute(RemoteWebDriver.java:552)
	at io.appium.java_client.DefaultGenericMobileDriver.execute(DefaultGenericMobileDriver.java:41)
	at io.appium.java_client.AppiumDriver.execute(AppiumDriver.java:1)
	at io.appium.java_client.android.AndroidDriver.execute(AndroidDriver.java:1)
	at org.openqa.selenium.remote.RemoteWebDriver.findElement(RemoteWebDriver.java:323)
	at io.appium.java_client.DefaultGenericMobileDriver.findElement(DefaultGenericMobileDriver.java:61)
	at io.appium.java_client.AppiumDriver.findElement(AppiumDriver.java:1)
	at io.appium.java_client.android.AndroidDriver.findElement(AndroidDriver.java:1)
	at org.openqa.selenium.remote.RemoteWebDriver.findElementByXPath(RemoteWebDriver.java:428)
	at io.appium.java_client.DefaultGenericMobileDriver.findElementByXPath(DefaultGenericMobileDriver.java:151)
	at io.appium.java_client.AppiumDriver.findElementByXPath(AppiumDriver.java:1)
	at io.appium.java_client.android.AndroidDriver.findElementByXPath(AndroidDriver.java:1)
	at org.openqa.selenium.By$ByXPath.findElement(By.java:353)
	at org.openqa.selenium.remote.RemoteWebDriver.findElement(RemoteWebDriver.java:315)
	at io.appium.java_client.DefaultGenericMobileDriver.findElement(DefaultGenericMobileDriver.java:57)
	at io.appium.java_client.AppiumDriver.findElement(AppiumDriver.java:1)
	at io.appium.java_client.android.AndroidDriver.findElement(AndroidDriver.java:1)
	at Pages.HomePage.Click_Confirm_Button(HomePage.java:525)
	at Tests.NewsTabTests.Verify_the_functionality_of_CONFIRM_button_Edit_Article(NewsTabTests.java:193)
	at java.base/jdk.internal.reflect.DirectMethodHandleAccessor.invoke(DirectMethodHandleAccessor.java:104)
	at java.base/java.lang.reflect.Method.invoke(Method.java:578)
	at org.testng.internal.MethodInvocationHelper.invokeMethod(MethodInvocationHelper.java:133)
	at org.testng.internal.TestInvoker.invokeMethod(TestInvoker.java:598)
	at org.testng.internal.TestInvoker.invokeTestMethod(TestInvoker.java:173)
	at org.testng.internal.MethodRunner.runInSequence(MethodRunner.java:46)
	at org.testng.internal.TestInvoker$MethodInvocationAgent.invoke(TestInvoker.java:824)
	at org.testng.internal.TestInvoker.invokeTestMethods(TestInvoker.java:146)
	at org.testng.internal.TestMethodWorker.invokeTestMethods(TestMethodWorker.java:146)
	at org.testng.internal.TestMethodWorker.run(TestMethodWorker.java:128)
	at java.base/java.util.ArrayList.forEach(ArrayList.java:1511)
	at org.testng.TestRunner.privateRun(TestRunner.java:794)
	at org.testng.TestRunner.run(TestRunner.java:596)
	at org.testng.SuiteRunner.runTest(SuiteRunner.java:377)
	at org.testng.SuiteRunner.runSequentially(SuiteRunner.java:371)
	at org.testng.SuiteRunner.privateRun(SuiteRunner.java:332)
	at org.testng.SuiteRunner.run(SuiteRunner.java:276)
	at org.testng.SuiteRunnerWorker.runSuite(SuiteRunnerWorker.java:53)
	at org.testng.SuiteRunnerWorker.run(SuiteRunnerWorker.java:96)
	at org.testng.TestNG.runSuitesSequentially(TestNG.java:1212)
	at org.testng.TestNG.runSuitesLocally(TestNG.java:1134)
	at org.testng.TestNG.runSuites(TestNG.java:1063)
	at org.testng.TestNG.run(TestNG.java:1031)
	at org.apache.maven.surefire.testng.TestNGExecutor.run(TestNGExecutor.java:284)
	at org.apache.maven.surefire.testng.TestNGXmlTestSuite.execute(TestNGXmlTestSuite.java:75)
	at org.apache.maven.surefire.testng.TestNGProvider.invoke(TestNGProvider.java:119)
	at org.apache.maven.surefire.booter.ForkedBooter.runSuitesInProcess(ForkedBooter.java:428)
	at org.apache.maven.surefire.booter.ForkedBooter.execute(ForkedBooter.java:162)
	at org.apache.maven.surefire.booter.ForkedBooter.run(ForkedBooter.java:562)
	at org.apache.maven.surefire.booter.ForkedBooter.main(ForkedBooter.java:548)
</pre></div></td>
<td>75</td>
<td>Tests.NewsTabTests@1a677343</td></tr>
</table><p>
<table width='100%' border='1' class='invocation-passed'>
<tr><td colspan='4' align='center'><b>PASSED TESTS</b></td></tr>
<tr><td><b>Test method</b></td>
<td width="30%"><b>Exception</b></td>
<td width="10%"><b>Time (seconds)</b></td>
<td><b>Instance</b></td>
</tr>
<tr>
<td title='Tests.NewsTabTests.Verify_the_functionality_of_Dismiss_button_of_confirmation_popup()'><b>Verify_the_functionality_of_Dismiss_button_of_confirmation_popup</b><br>Test class: Tests.NewsTabTests<br/>
<a href="#Output-308171422" onClick='toggleBox("Output-308171422", this, "Show output", "Hide output");'>Show output</a>

<a href="#Output-308171422" onClick="toggleAllBoxes();">Show all outputs</a>
<div class='log' id="Output-308171422">
Application Launched.<br><br/>
Clicked on skip button.<br><br/>
Clicked on next button.<br><br/>
Entered Email :- sagarnandha11+1@gmail.com<br><br/>
Entered Password :- Plai@1234<br><br/>
Clicked On Login Button<br><br/>
App name is verified on login splash screen<br><br/>
Day Greeting is verified on login splash screen<br><br/>
Username with Profile Picture is verified on login splash screen<br><br/>
Welcome Greeting is verified on login splash screen<br><br/>
Clicked On Club Banner in which user is Admin<br><br/>
Clicked On News Article<br><br/>
Clicked On Delete Icon<br><br/>
Clicked ON Dismiss Icon<br><br/>
</div>
</td>
<td></td>
<td>57</td>
<td>Tests.NewsTabTests@1a677343</td></tr>
<tr>
<td title='Tests.NewsTabTests.Verify_the_Close_button_of_calendar()'><b>Verify_the_Close_button_of_calendar</b><br>Test class: Tests.NewsTabTests<br/>
<a href="#Output-960924262" onClick='toggleBox("Output-960924262", this, "Show output", "Hide output");'>Show output</a>

<a href="#Output-960924262" onClick="toggleAllBoxes();">Show all outputs</a>
<div class='log' id="Output-960924262">
Application Launched.<br><br/>
Clicked on skip button.<br><br/>
Clicked on next button.<br><br/>
Entered Email :- sagarnandha11+1@gmail.com<br><br/>
Entered Password :- Plai@1234<br><br/>
Clicked On Login Button<br><br/>
App name is verified on login splash screen<br><br/>
Day Greeting is verified on login splash screen<br><br/>
Username with Profile Picture is verified on login splash screen<br><br/>
Welcome Greeting is verified on login splash screen<br><br/>
Clicked On Club Banner in which user is Admin<br><br/>
Clicked On Add New Article Button<br><br/>
New Article Page is Displayed<br><br/>
Clicked On Publish Now Button<br><br/>
Clicked On No Option to Publish<br><br/>
Publish Date is Displayed<br><br/>
Publish Time is Displayed<br><br/>
Current Date Verified<br><br/>
Clicked On Publish Date Field<br><br/>
Date Calender Opened<br><br/>
Clicked On Cancel Button of Calender<br><br/>
</div>
</td>
<td></td>
<td>64</td>
<td>Tests.NewsTabTests@1a677343</td></tr>
<tr>
<td title='Tests.NewsTabTests.Verify_the_PREVIEW_button_after_entering_data_in_mandatory_field_Edit_Article()'><b>Verify_the_PREVIEW_button_after_entering_data_in_mandatory_field_Edit_Article</b><br>Test class: Tests.NewsTabTests<br/>
<a href="#Output-710095217" onClick='toggleBox("Output-710095217", this, "Show output", "Hide output");'>Show output</a>

<a href="#Output-710095217" onClick="toggleAllBoxes();">Show all outputs</a>
<div class='log' id="Output-710095217">
Application Launched.<br><br/>
Clicked on skip button.<br><br/>
Clicked on next button.<br><br/>
Entered Email :- sagarnandha11+1@gmail.com<br><br/>
Entered Password :- Plai@1234<br><br/>
Clicked On Login Button<br><br/>
App name is verified on login splash screen<br><br/>
Day Greeting is verified on login splash screen<br><br/>
Username with Profile Picture is verified on login splash screen<br><br/>
Welcome Greeting is verified on login splash screen<br><br/>
Clicked On Club Banner in which user is Admin<br><br/>
Sort Button is visible<br><br/>
Add New Article Button Is visible<br><br/>
Sort Button is visible<br><br/>
Sort Panel Opened<br><br/>
Clicked On News Article<br><br/>
Clicked On Edit Article<br><br/>
Update Article Screen is visible<br><br/>
Title Field is visible<br><br/>
Preview is Displayed<br><br/>
</div>
</td>
<td></td>
<td>58</td>
<td>Tests.NewsTabTests@1a677343</td></tr>
<tr>
<td title='Tests.NewsTabTests.Verify_the_NEWS_tab_for_Admin_banner()'><b>Verify_the_NEWS_tab_for_Admin_banner</b><br>Test class: Tests.NewsTabTests<br/>
<a href="#Output-1846277582" onClick='toggleBox("Output-1846277582", this, "Show output", "Hide output");'>Show output</a>

<a href="#Output-1846277582" onClick="toggleAllBoxes();">Show all outputs</a>
<div class='log' id="Output-1846277582">
Application Launched.<br><br/>
Clicked on skip button.<br><br/>
Clicked on next button.<br><br/>
Entered Email :- sagarnandha11+1@gmail.com<br><br/>
Entered Password :- Plai@1234<br><br/>
Clicked On Login Button<br><br/>
App name is verified on login splash screen<br><br/>
Day Greeting is verified on login splash screen<br><br/>
Username with Profile Picture is verified on login splash screen<br><br/>
Welcome Greeting is verified on login splash screen<br><br/>
Clicked On Club Banner in which user is Admin<br><br/>
Sort Button is visible<br><br/>
Add New Article Button Is visible<br><br/>
</div>
</td>
<td></td>
<td>51</td>
<td>Tests.NewsTabTests@1a677343</td></tr>
<tr>
<td title='Tests.NewsTabTests.Verify_Send_an_Notification_field_by_clicking_on_NO_button()'><b>Verify_Send_an_Notification_field_by_clicking_on_NO_button</b><br>Test class: Tests.NewsTabTests<br/>
<a href="#Output-994337953" onClick='toggleBox("Output-994337953", this, "Show output", "Hide output");'>Show output</a>

<a href="#Output-994337953" onClick="toggleAllBoxes();">Show all outputs</a>
<div class='log' id="Output-994337953">
Application Launched.<br><br/>
Clicked on skip button.<br><br/>
Clicked on next button.<br><br/>
Entered Email :- sagarnandha11+1@gmail.com<br><br/>
Entered Password :- Plai@1234<br><br/>
Clicked On Login Button<br><br/>
App name is verified on login splash screen<br><br/>
Day Greeting is verified on login splash screen<br><br/>
Username with Profile Picture is verified on login splash screen<br><br/>
Welcome Greeting is verified on login splash screen<br><br/>
Clicked On Club Banner in which user is Admin<br><br/>
Clicked On Add New Article Button<br><br/>
New Article Page is Displayed<br><br/>
Clicked On No Button to Send Notification<br><br/>
</div>
</td>
<td></td>
<td>54</td>
<td>Tests.NewsTabTests@1a677343</td></tr>
<tr>
<td title='Tests.NewsTabTests.Verify_Close_button_Add_New_Article()'><b>Verify_Close_button_Add_New_Article</b><br>Test class: Tests.NewsTabTests<br/>
<a href="#Output-1688344677" onClick='toggleBox("Output-1688344677", this, "Show output", "Hide output");'>Show output</a>

<a href="#Output-1688344677" onClick="toggleAllBoxes();">Show all outputs</a>
<div class='log' id="Output-1688344677">
Application Launched.<br><br/>
Clicked on skip button.<br><br/>
Clicked on next button.<br><br/>
Entered Email :- sagarnandha11+1@gmail.com<br><br/>
Entered Password :- Plai@1234<br><br/>
Clicked On Login Button<br><br/>
App name is verified on login splash screen<br><br/>
Day Greeting is verified on login splash screen<br><br/>
Username with Profile Picture is verified on login splash screen<br><br/>
Welcome Greeting is verified on login splash screen<br><br/>
Clicked On Club Banner in which user is Admin<br><br/>
Clicked On Add New Article Button<br><br/>
New Article Page is Displayed<br><br/>
Entered Article Title<br><br/>
Entered Article Description<br><br/>
Selected No for Send Email<br><br/>
Selected No for Send Notification<br><br/>
Groups Dropdown is Clicked<br><br/>
Selected All Groups<br><br/>
Clicked On Done Button<br><br/>
Selected No to Allow Notifications<br><br/>
Clicked On Preview Button<br><br/>
Preview Screen is Displayed<br><br/>
Clicked on confirm button<br><br/>
Clicked on close button.<br><br/>
</div>
</td>
<td></td>
<td>74</td>
<td>Tests.NewsTabTests@1a677343</td></tr>
<tr>
<td title='Tests.NewsTabTests.Verify_the_functionality_of_Article_banners_News_Tab()'><b>Verify_the_functionality_of_Article_banners_News_Tab</b><br>Test class: Tests.NewsTabTests<br/>
<a href="#Output-1926536412" onClick='toggleBox("Output-1926536412", this, "Show output", "Hide output");'>Show output</a>

<a href="#Output-1926536412" onClick="toggleAllBoxes();">Show all outputs</a>
<div class='log' id="Output-1926536412">
Application Launched.<br><br/>
Clicked on skip button.<br><br/>
Clicked on next button.<br><br/>
Entered Email :- sagarnandha11+1@gmail.com<br><br/>
Entered Password :- Plai@1234<br><br/>
Clicked On Login Button<br><br/>
App name is verified on login splash screen<br><br/>
Day Greeting is verified on login splash screen<br><br/>
Username with Profile Picture is verified on login splash screen<br><br/>
Welcome Greeting is verified on login splash screen<br><br/>
Clicked On Club Banner in which user is Admin<br><br/>
Sort Button is visible<br><br/>
Add New Article Button Is visible<br><br/>
Sort Button is visible<br><br/>
Sort Panel Opened<br><br/>
Clicked On News Article<br><br/>
</div>
</td>
<td></td>
<td>57</td>
<td>Tests.NewsTabTests@1a677343</td></tr>
<tr>
<td title='Tests.NewsTabTests.Verify_the_functionality_of_Delete_icon()'><b>Verify_the_functionality_of_Delete_icon</b><br>Test class: Tests.NewsTabTests<br/>
<a href="#Output-932660639" onClick='toggleBox("Output-932660639", this, "Show output", "Hide output");'>Show output</a>

<a href="#Output-932660639" onClick="toggleAllBoxes();">Show all outputs</a>
<div class='log' id="Output-932660639">
Application Launched.<br><br/>
Clicked on skip button.<br><br/>
Clicked on next button.<br><br/>
Entered Email :- sagarnandha11+1@gmail.com<br><br/>
Entered Password :- Plai@1234<br><br/>
Clicked On Login Button<br><br/>
App name is verified on login splash screen<br><br/>
Day Greeting is verified on login splash screen<br><br/>
Username with Profile Picture is verified on login splash screen<br><br/>
Welcome Greeting is verified on login splash screen<br><br/>
Clicked On Club Banner in which user is Admin<br><br/>
Sort Button is visible<br><br/>
Add New Article Button Is visible<br><br/>
Sort Button is visible<br><br/>
Sort Panel Opened<br><br/>
Clicked On News Article<br><br/>
Clicked On Delete Icon<br><br/>
</div>
</td>
<td></td>
<td>58</td>
<td>Tests.NewsTabTests@1a677343</td></tr>
<tr>
<td title='Tests.NewsTabTests.Verify_the_Search_bar_for_NEWS_tab()'><b>Verify_the_Search_bar_for_NEWS_tab</b><br>Test class: Tests.NewsTabTests<br/>
<a href="#Output-2078064534" onClick='toggleBox("Output-2078064534", this, "Show output", "Hide output");'>Show output</a>

<a href="#Output-2078064534" onClick="toggleAllBoxes();">Show all outputs</a>
<div class='log' id="Output-2078064534">
Application Launched.<br><br/>
Clicked on skip button.<br><br/>
Clicked on next button.<br><br/>
Entered Email :- sagarnandha11+1@gmail.com<br><br/>
Entered Password :- Plai@1234<br><br/>
Clicked On Login Button<br><br/>
App name is verified on login splash screen<br><br/>
Day Greeting is verified on login splash screen<br><br/>
Username with Profile Picture is verified on login splash screen<br><br/>
Welcome Greeting is verified on login splash screen<br><br/>
Clicked On Club Banner in which user is Admin<br><br/>
Sort Button is visible<br><br/>
Add New Article Button Is visible<br><br/>
Searched Article<br><br/>
</div>
</td>
<td></td>
<td>54</td>
<td>Tests.NewsTabTests@1a677343</td></tr>
<tr>
<td title='Tests.NewsTabTests.Verify_Send_an_email_field_by_clicking_on_NO_button()'><b>Verify_Send_an_email_field_by_clicking_on_NO_button</b><br>Test class: Tests.NewsTabTests<br/>
<a href="#Output-1894981305" onClick='toggleBox("Output-1894981305", this, "Show output", "Hide output");'>Show output</a>

<a href="#Output-1894981305" onClick="toggleAllBoxes();">Show all outputs</a>
<div class='log' id="Output-1894981305">
Application Launched.<br><br/>
Clicked on skip button.<br><br/>
Clicked on next button.<br><br/>
Entered Email :- sagarnandha11+1@gmail.com<br><br/>
Entered Password :- Plai@1234<br><br/>
Clicked On Login Button<br><br/>
App name is verified on login splash screen<br><br/>
Day Greeting is verified on login splash screen<br><br/>
Username with Profile Picture is verified on login splash screen<br><br/>
Welcome Greeting is verified on login splash screen<br><br/>
Clicked On Club Banner in which user is Admin<br><br/>
Clicked On Add New Article Button<br><br/>
New Article Page is Displayed<br><br/>
Clicked On No Button to Send Email<br><br/>
</div>
</td>
<td></td>
<td>56</td>
<td>Tests.NewsTabTests@1a677343</td></tr>
<tr>
<td title='Tests.NewsTabTests.Verify_the_functionality_of_Time_field()'><b>Verify_the_functionality_of_Time_field</b><br>Test class: Tests.NewsTabTests<br/>
<a href="#Output-320916010" onClick='toggleBox("Output-320916010", this, "Show output", "Hide output");'>Show output</a>

<a href="#Output-320916010" onClick="toggleAllBoxes();">Show all outputs</a>
<div class='log' id="Output-320916010">
Application Launched.<br><br/>
Clicked on skip button.<br><br/>
Clicked on next button.<br><br/>
Entered Email :- sagarnandha11+1@gmail.com<br><br/>
Entered Password :- Plai@1234<br><br/>
Clicked On Login Button<br><br/>
App name is verified on login splash screen<br><br/>
Day Greeting is verified on login splash screen<br><br/>
Username with Profile Picture is verified on login splash screen<br><br/>
Welcome Greeting is verified on login splash screen<br><br/>
Clicked On Club Banner in which user is Admin<br><br/>
Clicked On Add New Article Button<br><br/>
New Article Page is Displayed<br><br/>
Clicked On Publish Now Button<br><br/>
Clicked On No Option to Publish<br><br/>
Publish Date is Displayed<br><br/>
Publish Time is Displayed<br><br/>
Clicked On Publish Date Field<br><br/>
Selected Times as 8 <br><br/>
Selected Times is updated <br><br/>
</div>
</td>
<td></td>
<td>65</td>
<td>Tests.NewsTabTests@1a677343</td></tr>
<tr>
<td title='Tests.NewsTabTests.Verify_the_Sort_by_filter_of_NEWS_tab()'><b>Verify_the_Sort_by_filter_of_NEWS_tab</b><br>Test class: Tests.NewsTabTests<br/>
<a href="#Output-1363861478" onClick='toggleBox("Output-1363861478", this, "Show output", "Hide output");'>Show output</a>

<a href="#Output-1363861478" onClick="toggleAllBoxes();">Show all outputs</a>
<div class='log' id="Output-1363861478">
Application Launched.<br><br/>
Clicked on skip button.<br><br/>
Clicked on next button.<br><br/>
Entered Email :- sagarnandha11+1@gmail.com<br><br/>
Entered Password :- Plai@1234<br><br/>
Clicked On Login Button<br><br/>
App name is verified on login splash screen<br><br/>
Day Greeting is verified on login splash screen<br><br/>
Username with Profile Picture is verified on login splash screen<br><br/>
Welcome Greeting is verified on login splash screen<br><br/>
Clicked On Club Banner in which user is Admin<br><br/>
Sort Button is visible<br><br/>
Add New Article Button Is visible<br><br/>
Sort Button is visible<br><br/>
Sort Panel Opened<br><br/>
</div>
</td>
<td></td>
<td>52</td>
<td>Tests.NewsTabTests@1a677343</td></tr>
<tr>
<td title='Tests.NewsTabTests.Verify_the_Publish_Now_field_by_clicking_on_NO_menu_option()'><b>Verify_the_Publish_Now_field_by_clicking_on_NO_menu_option</b><br>Test class: Tests.NewsTabTests<br/>
<a href="#Output-2040086517" onClick='toggleBox("Output-2040086517", this, "Show output", "Hide output");'>Show output</a>

<a href="#Output-2040086517" onClick="toggleAllBoxes();">Show all outputs</a>
<div class='log' id="Output-2040086517">
Application Launched.<br><br/>
Clicked on skip button.<br><br/>
Clicked on next button.<br><br/>
Entered Email :- sagarnandha11+1@gmail.com<br><br/>
Entered Password :- Plai@1234<br><br/>
Clicked On Login Button<br><br/>
App name is verified on login splash screen<br><br/>
Day Greeting is verified on login splash screen<br><br/>
Username with Profile Picture is verified on login splash screen<br><br/>
Welcome Greeting is verified on login splash screen<br><br/>
Clicked On Club Banner in which user is Admin<br><br/>
Clicked On Add New Article Button<br><br/>
New Article Page is Displayed<br><br/>
Clicked On Publish Now Button<br><br/>
Clicked On No Option to Publish<br><br/>
Publish Date is Displayed<br><br/>
Publish Time is Displayed<br><br/>
</div>
</td>
<td></td>
<td>60</td>
<td>Tests.NewsTabTests@1a677343</td></tr>
<tr>
<td title='Tests.NewsTabTests.Verify_the_functionality_of_Publish_Date_field()'><b>Verify_the_functionality_of_Publish_Date_field</b><br>Test class: Tests.NewsTabTests<br/>
<a href="#Output-1530761265" onClick='toggleBox("Output-1530761265", this, "Show output", "Hide output");'>Show output</a>

<a href="#Output-1530761265" onClick="toggleAllBoxes();">Show all outputs</a>
<div class='log' id="Output-1530761265">
Application Launched.<br><br/>
Clicked on skip button.<br><br/>
Clicked on next button.<br><br/>
Entered Email :- sagarnandha11+1@gmail.com<br><br/>
Entered Password :- Plai@1234<br><br/>
Clicked On Login Button<br><br/>
App name is verified on login splash screen<br><br/>
Day Greeting is verified on login splash screen<br><br/>
Username with Profile Picture is verified on login splash screen<br><br/>
Welcome Greeting is verified on login splash screen<br><br/>
Clicked On Club Banner in which user is Admin<br><br/>
Clicked On Add New Article Button<br><br/>
New Article Page is Displayed<br><br/>
Clicked On Publish Now Button<br><br/>
Clicked On No Option to Publish<br><br/>
Publish Date is Displayed<br><br/>
Publish Time is Displayed<br><br/>
Current Date Verified<br><br/>
Clicked On Publish Date Field<br><br/>
Date Calender Opened<br><br/>
</div>
</td>
<td></td>
<td>62</td>
<td>Tests.NewsTabTests@1a677343</td></tr>
<tr>
<td title='Tests.NewsTabTests.Verify_the_fields_display_on_NEW_ARTICLE_screen()'><b>Verify_the_fields_display_on_NEW_ARTICLE_screen</b><br>Test class: Tests.NewsTabTests<br/>
<a href="#Output-63940162" onClick='toggleBox("Output-63940162", this, "Show output", "Hide output");'>Show output</a>

<a href="#Output-63940162" onClick="toggleAllBoxes();">Show all outputs</a>
<div class='log' id="Output-63940162">
Application Launched.<br><br/>
Clicked on skip button.<br><br/>
Clicked on next button.<br><br/>
Entered Email :- sagarnandha11+1@gmail.com<br><br/>
Entered Password :- Plai@1234<br><br/>
Clicked On Login Button<br><br/>
App name is verified on login splash screen<br><br/>
Day Greeting is verified on login splash screen<br><br/>
Username with Profile Picture is verified on login splash screen<br><br/>
Welcome Greeting is verified on login splash screen<br><br/>
Clicked On Club Banner in which user is Admin<br><br/>
Clicked On Add New Article Button<br><br/>
New Article Page is Displayed<br><br/>
Title Text Field is Displayed<br><br/>
Article Description Field is Displayed<br><br/>
Publish Now Dropdown is Displayed<br><br/>
Send Email is Displayed<br><br/>
Send Notification is Displayed<br><br/>
Groups Dropdown is Displayed<br><br/>
</div>
</td>
<td></td>
<td>54</td>
<td>Tests.NewsTabTests@1a677343</td></tr>
<tr>
<td title='Tests.NewsTabTests.Verify_the_PREVIEW_button_after_entering_data_in_mandatory_field__Add_New_Article()'><b>Verify_the_PREVIEW_button_after_entering_data_in_mandatory_field__Add_New_Article</b><br>Test class: Tests.NewsTabTests<br/>
<a href="#Output-133648935" onClick='toggleBox("Output-133648935", this, "Show output", "Hide output");'>Show output</a>

<a href="#Output-133648935" onClick="toggleAllBoxes();">Show all outputs</a>
<div class='log' id="Output-133648935">
Application Launched.<br><br/>
Clicked on skip button.<br><br/>
Clicked on next button.<br><br/>
Entered Email :- sagarnandha11+1@gmail.com<br><br/>
Entered Password :- Plai@1234<br><br/>
Clicked On Login Button<br><br/>
App name is verified on login splash screen<br><br/>
Day Greeting is verified on login splash screen<br><br/>
Username with Profile Picture is verified on login splash screen<br><br/>
Welcome Greeting is verified on login splash screen<br><br/>
Clicked On Club Banner in which user is Admin<br><br/>
Clicked On Add New Article Button<br><br/>
New Article Page is Displayed<br><br/>
Entered Article Title<br><br/>
Entered Article Description<br><br/>
Selected No for Send Email<br><br/>
Selected No for Send Notification<br><br/>
Groups Dropdown is Clicked<br><br/>
Selected All Groups<br><br/>
Clicked On Done Button<br><br/>
Selected No to Allow Notifications<br><br/>
Clicked On Preview Button<br><br/>
Preview Screen is Displayed<br><br/>
</div>
</td>
<td></td>
<td>71</td>
<td>Tests.NewsTabTests@1a677343</td></tr>
<tr>
<td title='Tests.NewsTabTests.Verify_the_PREVIEW_button_without_entering_data_in_mandatory_field()'><b>Verify_the_PREVIEW_button_without_entering_data_in_mandatory_field</b><br>Test class: Tests.NewsTabTests<br/>
<a href="#Output-1371183528" onClick='toggleBox("Output-1371183528", this, "Show output", "Hide output");'>Show output</a>

<a href="#Output-1371183528" onClick="toggleAllBoxes();">Show all outputs</a>
<div class='log' id="Output-1371183528">
Application Launched.<br><br/>
Clicked on skip button.<br><br/>
Clicked on next button.<br><br/>
Entered Email :- sagarnandha11+1@gmail.com<br><br/>
Entered Password :- Plai@1234<br><br/>
Clicked On Login Button<br><br/>
App name is verified on login splash screen<br><br/>
Day Greeting is verified on login splash screen<br><br/>
Username with Profile Picture is verified on login splash screen<br><br/>
Welcome Greeting is verified on login splash screen<br><br/>
Clicked On Club Banner in which user is Admin<br><br/>
Clicked On Add New Article Button<br><br/>
New Article Page is Displayed<br><br/>
Clicked On Preview Button<br><br/>
Preview without entering data alert : <br><br/>
Alert :- Please enter title<br><br/>
</div>
</td>
<td></td>
<td>61</td>
<td>Tests.NewsTabTests@1a677343</td></tr>
<tr>
<td title='Tests.NewsTabTests.Verify_the_functionality_of_CONFIRM_button_Add_New_Article()'><b>Verify_the_functionality_of_CONFIRM_button_Add_New_Article</b><br>Test class: Tests.NewsTabTests<br/>
<a href="#Output-940846113" onClick='toggleBox("Output-940846113", this, "Show output", "Hide output");'>Show output</a>

<a href="#Output-940846113" onClick="toggleAllBoxes();">Show all outputs</a>
<div class='log' id="Output-940846113">
Application Launched.<br><br/>
Clicked on skip button.<br><br/>
Clicked on next button.<br><br/>
Entered Email :- sagarnandha11+1@gmail.com<br><br/>
Entered Password :- Plai@1234<br><br/>
Clicked On Login Button<br><br/>
App name is verified on login splash screen<br><br/>
Day Greeting is verified on login splash screen<br><br/>
Username with Profile Picture is verified on login splash screen<br><br/>
Welcome Greeting is verified on login splash screen<br><br/>
Clicked On Club Banner in which user is Admin<br><br/>
Clicked On Add New Article Button<br><br/>
New Article Page is Displayed<br><br/>
Entered Article Title<br><br/>
Entered Article Description<br><br/>
Selected No for Send Email<br><br/>
Selected No for Send Notification<br><br/>
Groups Dropdown is Clicked<br><br/>
Selected All Groups<br><br/>
Clicked On Done Button<br><br/>
Selected No to Allow Notifications<br><br/>
Clicked On Preview Button<br><br/>
Preview Screen is Displayed<br><br/>
Clicked on confirm button<br><br/>
</div>
</td>
<td></td>
<td>72</td>
<td>Tests.NewsTabTests@1a677343</td></tr>
<tr>
<td title='Tests.NewsTabTests.Verify_the_Bookmark_icon_of_Article_banner_of_NEWS_tab()'><b>Verify_the_Bookmark_icon_of_Article_banner_of_NEWS_tab</b><br>Test class: Tests.NewsTabTests<br/>
<a href="#Output-898203423" onClick='toggleBox("Output-898203423", this, "Show output", "Hide output");'>Show output</a>

<a href="#Output-898203423" onClick="toggleAllBoxes();">Show all outputs</a>
<div class='log' id="Output-898203423">
Application Launched.<br><br/>
Clicked on skip button.<br><br/>
Clicked on next button.<br><br/>
Entered Email :- sagarnandha11+1@gmail.com<br><br/>
Entered Password :- Plai@1234<br><br/>
Clicked On Login Button<br><br/>
App name is verified on login splash screen<br><br/>
Day Greeting is verified on login splash screen<br><br/>
Username with Profile Picture is verified on login splash screen<br><br/>
Welcome Greeting is verified on login splash screen<br><br/>
Clicked On Club Banner in which user is Admin<br><br/>
Sort Button is visible<br><br/>
Add New Article Button Is visible<br><br/>
Bookmark Icon is visible<br><br/>
</div>
</td>
<td></td>
<td>51</td>
<td>Tests.NewsTabTests@1a677343</td></tr>
<tr>
<td title='Tests.NewsTabTests.Verify_the_navigation_of_Add_New_Article_button()'><b>Verify_the_navigation_of_Add_New_Article_button</b><br>Test class: Tests.NewsTabTests<br/>
<a href="#Output-561777159" onClick='toggleBox("Output-561777159", this, "Show output", "Hide output");'>Show output</a>

<a href="#Output-561777159" onClick="toggleAllBoxes();">Show all outputs</a>
<div class='log' id="Output-561777159">
Application Launched.<br><br/>
Clicked on skip button.<br><br/>
Clicked on next button.<br><br/>
Entered Email :- sagarnandha11+1@gmail.com<br><br/>
Entered Password :- Plai@1234<br><br/>
Clicked On Login Button<br><br/>
App name is verified on login splash screen<br><br/>
Day Greeting is verified on login splash screen<br><br/>
Username with Profile Picture is verified on login splash screen<br><br/>
Welcome Greeting is verified on login splash screen<br><br/>
Clicked On Club Banner in which user is Admin<br><br/>
Clicked On Add New Article Button<br><br/>
New Article Page is Displayed<br><br/>
</div>
</td>
<td></td>
<td>54</td>
<td>Tests.NewsTabTests@1a677343</td></tr>
<tr>
<td title='Tests.NewsTabTests.Verify_the_functionality_of_Edit_icon_News_Article()'><b>Verify_the_functionality_of_Edit_icon_News_Article</b><br>Test class: Tests.NewsTabTests<br/>
<a href="#Output-1541233184" onClick='toggleBox("Output-1541233184", this, "Show output", "Hide output");'>Show output</a>

<a href="#Output-1541233184" onClick="toggleAllBoxes();">Show all outputs</a>
<div class='log' id="Output-1541233184">
Application Launched.<br><br/>
Clicked on skip button.<br><br/>
Clicked on next button.<br><br/>
Entered Email :- sagarnandha11+1@gmail.com<br><br/>
Entered Password :- Plai@1234<br><br/>
Clicked On Login Button<br><br/>
App name is verified on login splash screen<br><br/>
Day Greeting is verified on login splash screen<br><br/>
Username with Profile Picture is verified on login splash screen<br><br/>
Welcome Greeting is verified on login splash screen<br><br/>
Clicked On Club Banner in which user is Admin<br><br/>
Sort Button is visible<br><br/>
Add New Article Button Is visible<br><br/>
Sort Button is visible<br><br/>
Sort Panel Opened<br><br/>
Clicked On News Article<br><br/>
</div>
</td>
<td></td>
<td>58</td>
<td>Tests.NewsTabTests@1a677343</td></tr>
<tr>
<td title='Tests.NewsTabTests.Verify_the_Ok_button_of_Calendar()'><b>Verify_the_Ok_button_of_Calendar</b><br>Test class: Tests.NewsTabTests<br/>
<a href="#Output-186537187" onClick='toggleBox("Output-186537187", this, "Show output", "Hide output");'>Show output</a>

<a href="#Output-186537187" onClick="toggleAllBoxes();">Show all outputs</a>
<div class='log' id="Output-186537187">
Application Launched.<br><br/>
Clicked on skip button.<br><br/>
Clicked on next button.<br><br/>
Entered Email :- sagarnandha11+1@gmail.com<br><br/>
Entered Password :- Plai@1234<br><br/>
Clicked On Login Button<br><br/>
App name is verified on login splash screen<br><br/>
Day Greeting is verified on login splash screen<br><br/>
Username with Profile Picture is verified on login splash screen<br><br/>
Welcome Greeting is verified on login splash screen<br><br/>
Clicked On Club Banner in which user is Admin<br><br/>
Clicked On Add New Article Button<br><br/>
New Article Page is Displayed<br><br/>
Clicked On Publish Now Button<br><br/>
Clicked On No Option to Publish<br><br/>
Publish Date is Displayed<br><br/>
Publish Time is Displayed<br><br/>
Current Date Verified<br><br/>
Clicked On Publish Date Field<br><br/>
Date Calender Opened<br><br/>
Clicked On Next Month Button of Calender<br><br/>
Selected Date 28th Feb<br><br/>
Clicked On Ok<br><br/>
Date updated to New Selected Date<br><br/>
</div>
</td>
<td></td>
<td>70</td>
<td>Tests.NewsTabTests@1a677343</td></tr>
<tr>
<td title='Tests.NewsTabTests.Verify_the_Share_icon_of_Article_banner_of_NEWS_tab()'><b>Verify_the_Share_icon_of_Article_banner_of_NEWS_tab</b><br>Test class: Tests.NewsTabTests<br/>
<a href="#Output-890264175" onClick='toggleBox("Output-890264175", this, "Show output", "Hide output");'>Show output</a>

<a href="#Output-890264175" onClick="toggleAllBoxes();">Show all outputs</a>
<div class='log' id="Output-890264175">
Application Launched.<br><br/>
Clicked on skip button.<br><br/>
Clicked on next button.<br><br/>
Entered Email :- sagarnandha11+1@gmail.com<br><br/>
Entered Password :- Plai@1234<br><br/>
Clicked On Login Button<br><br/>
App name is verified on login splash screen<br><br/>
Day Greeting is verified on login splash screen<br><br/>
Username with Profile Picture is verified on login splash screen<br><br/>
Welcome Greeting is verified on login splash screen<br><br/>
Clicked On Club Banner in which user is Admin<br><br/>
Sort Button is visible<br><br/>
Add New Article Button Is visible<br><br/>
Share Icon is visible<br><br/>
Clicked On Share Icon<br><br/>
Share Panel is visible<br><br/>
</div>
</td>
<td></td>
<td>52</td>
<td>Tests.NewsTabTests@1a677343</td></tr>
</table><p>
</body>
</html>