<?xml version="1.0" encoding="UTF-8"?>
<!-- Generated by org.testng.reporters.JUnitReportReporter -->
<testsuite hostname="Admins-MacBook-Pro.local" failures="0" tests="27" name="Tests.NewsTabTests" time="1892.647" errors="4" timestamp="2023-01-03T23:24:43 IST" skipped="0">
  <testcase classname="Tests.NewsTabTests" name="Verify_the_functionality_of_Dismiss_button_of_confirmation_popup" time="66.199"/>
  <system-out>
    <![CDATA[Application Launched.<br>
Clicked on skip button.<br>
Clicked on next button.<br>
Entered Email :- sagarnandha11+1@gmail.com<br>
Entered Password :- Plai@1234<br>
Clicked On Login Button<br>
App name is verified on login splash screen<br>
Day Greeting is verified on login splash screen<br>
Username with Profile Picture is verified on login splash screen<br>
Welcome Greeting is verified on login splash screen<br>
Clicked On Club Banner in which user is Admin<br>
Clicked On News Article<br>
Clicked On Delete Icon<br>
Clicked ON Dismiss Icon<br>]]>
  </system-out>
  <testcase classname="Tests.NewsTabTests" name="Verify_the_NEWS_tab_for_Admin_banner" time="60.422"/>
  <system-out>
    <![CDATA[Application Launched.<br>
Clicked on skip button.<br>
Clicked on next button.<br>
Entered Email :- sagarnandha11+1@gmail.com<br>
Entered Password :- Plai@1234<br>
Clicked On Login Button<br>
App name is verified on login splash screen<br>
Day Greeting is verified on login splash screen<br>
Username with Profile Picture is verified on login splash screen<br>
Welcome Greeting is verified on login splash screen<br>
Clicked On Club Banner in which user is Admin<br>
Sort Button is visible<br>
Add New Article Button Is visible<br>]]>
  </system-out>
  <testcase classname="Tests.NewsTabTests" name="Verify_Close_button_Add_New_Article" time="83.500"/>
  <system-out>
    <![CDATA[Application Launched.<br>
Clicked on skip button.<br>
Clicked on next button.<br>
Entered Email :- sagarnandha11+1@gmail.com<br>
Entered Password :- Plai@1234<br>
Clicked On Login Button<br>
App name is verified on login splash screen<br>
Day Greeting is verified on login splash screen<br>
Username with Profile Picture is verified on login splash screen<br>
Welcome Greeting is verified on login splash screen<br>
Clicked On Club Banner in which user is Admin<br>
Clicked On Add New Article Button<br>
New Article Page is Displayed<br>
Entered Article Title<br>
Entered Article Description<br>
Selected No for Send Email<br>
Selected No for Send Notification<br>
Groups Dropdown is Clicked<br>
Selected All Groups<br>
Clicked On Done Button<br>
Selected No to Allow Notifications<br>
Clicked On Preview Button<br>
Preview Screen is Displayed<br>
Clicked on confirm button<br>
Clicked on close button.<br>]]>
  </system-out>
  <testcase classname="Tests.NewsTabTests" name="Verify_the_functionality_of_Article_banners_News_Tab" time="66.267"/>
  <system-out>
    <![CDATA[Application Launched.<br>
Clicked on skip button.<br>
Clicked on next button.<br>
Entered Email :- sagarnandha11+1@gmail.com<br>
Entered Password :- Plai@1234<br>
Clicked On Login Button<br>
App name is verified on login splash screen<br>
Day Greeting is verified on login splash screen<br>
Username with Profile Picture is verified on login splash screen<br>
Welcome Greeting is verified on login splash screen<br>
Clicked On Club Banner in which user is Admin<br>
Sort Button is visible<br>
Add New Article Button Is visible<br>
Sort Button is visible<br>
Sort Panel Opened<br>
Clicked On News Article<br>]]>
  </system-out>
  <testcase classname="Tests.NewsTabTests" name="Verify_the_functionality_of_Delete_icon" time="67.590"/>
  <system-out>
    <![CDATA[Application Launched.<br>
Clicked on skip button.<br>
Clicked on next button.<br>
Entered Email :- sagarnandha11+1@gmail.com<br>
Entered Password :- Plai@1234<br>
Clicked On Login Button<br>
App name is verified on login splash screen<br>
Day Greeting is verified on login splash screen<br>
Username with Profile Picture is verified on login splash screen<br>
Welcome Greeting is verified on login splash screen<br>
Clicked On Club Banner in which user is Admin<br>
Sort Button is visible<br>
Add New Article Button Is visible<br>
Sort Button is visible<br>
Sort Panel Opened<br>
Clicked On News Article<br>
Clicked On Delete Icon<br>]]>
  </system-out>
  <testcase classname="Tests.NewsTabTests" name="Verify_the_Search_bar_for_NEWS_tab" time="63.648"/>
  <system-out>
    <![CDATA[Application Launched.<br>
Clicked on skip button.<br>
Clicked on next button.<br>
Entered Email :- sagarnandha11+1@gmail.com<br>
Entered Password :- Plai@1234<br>
Clicked On Login Button<br>
App name is verified on login splash screen<br>
Day Greeting is verified on login splash screen<br>
Username with Profile Picture is verified on login splash screen<br>
Welcome Greeting is verified on login splash screen<br>
Clicked On Club Banner in which user is Admin<br>
Sort Button is visible<br>
Add New Article Button Is visible<br>
Searched Article<br>]]>
  </system-out>
  <testcase classname="Tests.NewsTabTests" name="Verify_Send_an_email_field_by_clicking_on_NO_button" time="65.107"/>
  <system-out>
    <![CDATA[Application Launched.<br>
Clicked on skip button.<br>
Clicked on next button.<br>
Entered Email :- sagarnandha11+1@gmail.com<br>
Entered Password :- Plai@1234<br>
Clicked On Login Button<br>
App name is verified on login splash screen<br>
Day Greeting is verified on login splash screen<br>
Username with Profile Picture is verified on login splash screen<br>
Welcome Greeting is verified on login splash screen<br>
Clicked On Club Banner in which user is Admin<br>
Clicked On Add New Article Button<br>
New Article Page is Displayed<br>
Clicked On No Button to Send Email<br>]]>
  </system-out>
  <testcase classname="Tests.NewsTabTests" name="Verify_the_functionality_of_Time_field" time="73.722"/>
  <system-out>
    <![CDATA[Application Launched.<br>
Clicked on skip button.<br>
Clicked on next button.<br>
Entered Email :- sagarnandha11+1@gmail.com<br>
Entered Password :- Plai@1234<br>
Clicked On Login Button<br>
App name is verified on login splash screen<br>
Day Greeting is verified on login splash screen<br>
Username with Profile Picture is verified on login splash screen<br>
Welcome Greeting is verified on login splash screen<br>
Clicked On Club Banner in which user is Admin<br>
Clicked On Add New Article Button<br>
New Article Page is Displayed<br>
Clicked On Publish Now Button<br>
Clicked On No Option to Publish<br>
Publish Date is Displayed<br>
Publish Time is Displayed<br>
Clicked On Publish Date Field<br>
Selected Times as 8 <br>
Selected Times is updated <br>]]>
  </system-out>
  <testcase classname="Tests.NewsTabTests" name="Verify_the_functionality_of_Publish_Date_field" time="70.861"/>
  <system-out>
    <![CDATA[Application Launched.<br>
Clicked on skip button.<br>
Clicked on next button.<br>
Entered Email :- sagarnandha11+1@gmail.com<br>
Entered Password :- Plai@1234<br>
Clicked On Login Button<br>
App name is verified on login splash screen<br>
Day Greeting is verified on login splash screen<br>
Username with Profile Picture is verified on login splash screen<br>
Welcome Greeting is verified on login splash screen<br>
Clicked On Club Banner in which user is Admin<br>
Clicked On Add New Article Button<br>
New Article Page is Displayed<br>
Clicked On Publish Now Button<br>
Clicked On No Option to Publish<br>
Publish Date is Displayed<br>
Publish Time is Displayed<br>
Current Date Verified<br>
Clicked On Publish Date Field<br>
Date Calender Opened<br>]]>
  </system-out>
  <testcase classname="Tests.NewsTabTests" name="Verify_the_functionality_of_CONFIRM_button_Edit_Article" time="84.215">
    <error message="An element could not be located on the page using the given search parameters.
For documentation on this error, please visit: https://www.seleniumhq.org/exceptions/no_such_element.html
Build info: version: &#039;3.141.59&#039;, revision: &#039;e82be7d358&#039;, time: &#039;2018-11-14T08:17:03&#039;
System info: host: &#039;Admins-MacBook-Pro.local&#039;, ip: &#039;fe80:0:0:0:8f:c148:5c9e:6494%en0&#039;, os.name: &#039;Mac OS X&#039;, os.arch: &#039;x86_64&#039;, os.version: &#039;12.4&#039;, java.version: &#039;19.0.1&#039;
Driver info: io.appium.java_client.android.AndroidDriver
Capabilities {app: /Users/admin/Desktop/Plai_M..., appPackage: com.app.plaisports, autoAcceptAlerts: true, autoGrantPermissions: true, automationName: UiAutomator2, databaseEnabled: false, desired: {app: /Users/admin/Desktop/Plai_M..., autoAcceptAlerts: true, autoGrantPermissions: true, automationName: UiAutomator2, deviceName: 25e4e5308f0d7ece, platformName: android, platformVersion: 10, resetKeyboard: false, unicodeKeyboard: false}, deviceApiLevel: 29, deviceManufacturer: samsung, deviceModel: SM-N960F, deviceName: 25e4e5308f0d7ece, deviceScreenDensity: 420, deviceScreenSize: 1080x2220, deviceUDID: 25e4e5308f0d7ece, javascriptEnabled: true, locationContextEnabled: false, networkConnectionEnabled: true, pixelRatio: 2.625, platform: LINUX, platformName: android, platformVersion: 10, resetKeyboard: false, statBarHeight: 63, takesScreenshot: true, unicodeKeyboard: false, viewportRect: {height: 2031, left: 0, top: 63, width: 1080}, warnings: {}, webStorageEnabled: false}
Session ID: f6be0375-2077-40ee-9df8-a05b53606a40
*** Element info: {Using=xpath, value=//android.widget.TextView[@text=&quot;CONFIRM&quot;]}" type="org.openqa.selenium.NoSuchElementException">
      <![CDATA[org.openqa.selenium.NoSuchElementException: An element could not be located on the page using the given search parameters.
For documentation on this error, please visit: https://www.seleniumhq.org/exceptions/no_such_element.html
Build info: version: '3.141.59', revision: 'e82be7d358', time: '2018-11-14T08:17:03'
System info: host: 'Admins-MacBook-Pro.local', ip: 'fe80:0:0:0:8f:c148:5c9e:6494%en0', os.name: 'Mac OS X', os.arch: 'x86_64', os.version: '12.4', java.version: '19.0.1'
Driver info: io.appium.java_client.android.AndroidDriver
Capabilities {app: /Users/admin/Desktop/Plai_M..., appPackage: com.app.plaisports, autoAcceptAlerts: true, autoGrantPermissions: true, automationName: UiAutomator2, databaseEnabled: false, desired: {app: /Users/admin/Desktop/Plai_M..., autoAcceptAlerts: true, autoGrantPermissions: true, automationName: UiAutomator2, deviceName: 25e4e5308f0d7ece, platformName: android, platformVersion: 10, resetKeyboard: false, unicodeKeyboard: false}, deviceApiLevel: 29, deviceManufacturer: samsung, deviceModel: SM-N960F, deviceName: 25e4e5308f0d7ece, deviceScreenDensity: 420, deviceScreenSize: 1080x2220, deviceUDID: 25e4e5308f0d7ece, javascriptEnabled: true, locationContextEnabled: false, networkConnectionEnabled: true, pixelRatio: 2.625, platform: LINUX, platformName: android, platformVersion: 10, resetKeyboard: false, statBarHeight: 63, takesScreenshot: true, unicodeKeyboard: false, viewportRect: {height: 2031, left: 0, top: 63, width: 1080}, warnings: {}, webStorageEnabled: false}
Session ID: f6be0375-2077-40ee-9df8-a05b53606a40
*** Element info: {Using=xpath, value=//android.widget.TextView[@text="CONFIRM"]}
at java.base/jdk.internal.reflect.DirectConstructorHandleAccessor.newInstance(DirectConstructorHandleAccessor.java:67)
at java.base/java.lang.reflect.Constructor.newInstanceWithCaller(Constructor.java:500)
at java.base/java.lang.reflect.Constructor.newInstance(Constructor.java:484)
at org.openqa.selenium.remote.http.W3CHttpResponseCodec.createException(W3CHttpResponseCodec.java:187)
at org.openqa.selenium.remote.http.W3CHttpResponseCodec.decode(W3CHttpResponseCodec.java:122)
at org.openqa.selenium.remote.http.W3CHttpResponseCodec.decode(W3CHttpResponseCodec.java:49)
at org.openqa.selenium.remote.HttpCommandExecutor.execute(HttpCommandExecutor.java:158)
at io.appium.java_client.remote.AppiumCommandExecutor.execute(AppiumCommandExecutor.java:247)
at org.openqa.selenium.remote.RemoteWebDriver.execute(RemoteWebDriver.java:552)
at io.appium.java_client.DefaultGenericMobileDriver.execute(DefaultGenericMobileDriver.java:41)
at io.appium.java_client.AppiumDriver.execute(AppiumDriver.java:1)
at io.appium.java_client.android.AndroidDriver.execute(AndroidDriver.java:1)
at org.openqa.selenium.remote.RemoteWebDriver.findElement(RemoteWebDriver.java:323)
at io.appium.java_client.DefaultGenericMobileDriver.findElement(DefaultGenericMobileDriver.java:61)
at io.appium.java_client.AppiumDriver.findElement(AppiumDriver.java:1)
at io.appium.java_client.android.AndroidDriver.findElement(AndroidDriver.java:1)
at org.openqa.selenium.remote.RemoteWebDriver.findElementByXPath(RemoteWebDriver.java:428)
at io.appium.java_client.DefaultGenericMobileDriver.findElementByXPath(DefaultGenericMobileDriver.java:151)
at io.appium.java_client.AppiumDriver.findElementByXPath(AppiumDriver.java:1)
at io.appium.java_client.android.AndroidDriver.findElementByXPath(AndroidDriver.java:1)
at org.openqa.selenium.By$ByXPath.findElement(By.java:353)
at org.openqa.selenium.remote.RemoteWebDriver.findElement(RemoteWebDriver.java:315)
at io.appium.java_client.DefaultGenericMobileDriver.findElement(DefaultGenericMobileDriver.java:57)
at io.appium.java_client.AppiumDriver.findElement(AppiumDriver.java:1)
at io.appium.java_client.android.AndroidDriver.findElement(AndroidDriver.java:1)
at Pages.HomePage.Click_Confirm_Button(HomePage.java:525)
at Tests.NewsTabTests.Verify_the_functionality_of_CONFIRM_button_Edit_Article(NewsTabTests.java:193)
at java.base/jdk.internal.reflect.DirectMethodHandleAccessor.invoke(DirectMethodHandleAccessor.java:104)
at java.base/java.lang.reflect.Method.invoke(Method.java:578)
at org.testng.internal.MethodInvocationHelper.invokeMethod(MethodInvocationHelper.java:133)
at org.testng.internal.TestInvoker.invokeMethod(TestInvoker.java:598)
at org.testng.internal.TestInvoker.invokeTestMethod(TestInvoker.java:173)
at org.testng.internal.MethodRunner.runInSequence(MethodRunner.java:46)
at org.testng.internal.TestInvoker$MethodInvocationAgent.invoke(TestInvoker.java:824)
at org.testng.internal.TestInvoker.invokeTestMethods(TestInvoker.java:146)
at org.testng.internal.TestMethodWorker.invokeTestMethods(TestMethodWorker.java:146)
at org.testng.internal.TestMethodWorker.run(TestMethodWorker.java:128)
at java.base/java.util.ArrayList.forEach(ArrayList.java:1511)
at org.testng.TestRunner.privateRun(TestRunner.java:794)
at org.testng.TestRunner.run(TestRunner.java:596)
at org.testng.SuiteRunner.runTest(SuiteRunner.java:377)
at org.testng.SuiteRunner.runSequentially(SuiteRunner.java:371)
at org.testng.SuiteRunner.privateRun(SuiteRunner.java:332)
at org.testng.SuiteRunner.run(SuiteRunner.java:276)
at org.testng.SuiteRunnerWorker.runSuite(SuiteRunnerWorker.java:53)
at org.testng.SuiteRunnerWorker.run(SuiteRunnerWorker.java:96)
at org.testng.TestNG.runSuitesSequentially(TestNG.java:1212)
at org.testng.TestNG.runSuitesLocally(TestNG.java:1134)
at org.testng.TestNG.runSuites(TestNG.java:1063)
at org.testng.TestNG.run(TestNG.java:1031)
at org.apache.maven.surefire.testng.TestNGExecutor.run(TestNGExecutor.java:284)
at org.apache.maven.surefire.testng.TestNGXmlTestSuite.execute(TestNGXmlTestSuite.java:75)
at org.apache.maven.surefire.testng.TestNGProvider.invoke(TestNGProvider.java:119)
at org.apache.maven.surefire.booter.ForkedBooter.runSuitesInProcess(ForkedBooter.java:428)
at org.apache.maven.surefire.booter.ForkedBooter.execute(ForkedBooter.java:162)
at org.apache.maven.surefire.booter.ForkedBooter.run(ForkedBooter.java:562)
at org.apache.maven.surefire.booter.ForkedBooter.main(ForkedBooter.java:548)
]]>
    </error>
  </testcase> <!-- Verify_the_functionality_of_CONFIRM_button_Edit_Article -->
  <system-out>
    <![CDATA[Application Launched.<br>
Clicked on skip button.<br>
Clicked on next button.<br>
Entered Email :- sagarnandha11+1@gmail.com<br>
Entered Password :- Plai@1234<br>
Clicked On Login Button<br>
App name is verified on login splash screen<br>
Day Greeting is verified on login splash screen<br>
Username with Profile Picture is verified on login splash screen<br>
Welcome Greeting is verified on login splash screen<br>
Clicked On Club Banner in which user is Admin<br>
Sort Button is visible<br>
Add New Article Button Is visible<br>
Sort Button is visible<br>
Sort Panel Opened<br>
Clicked On News Article<br>
Clicked On Edit Article<br>
Update Article Screen is visible<br>
Title Field is visible<br>]]>
  </system-out>
  <testcase classname="Tests.NewsTabTests" name="Verify_the_fields_display_on_NEW_ARTICLE_screen" time="63.218"/>
  <system-out>
    <![CDATA[Application Launched.<br>
Clicked on skip button.<br>
Clicked on next button.<br>
Entered Email :- sagarnandha11+1@gmail.com<br>
Entered Password :- Plai@1234<br>
Clicked On Login Button<br>
App name is verified on login splash screen<br>
Day Greeting is verified on login splash screen<br>
Username with Profile Picture is verified on login splash screen<br>
Welcome Greeting is verified on login splash screen<br>
Clicked On Club Banner in which user is Admin<br>
Clicked On Add New Article Button<br>
New Article Page is Displayed<br>
Title Text Field is Displayed<br>
Article Description Field is Displayed<br>
Publish Now Dropdown is Displayed<br>
Send Email is Displayed<br>
Send Notification is Displayed<br>
Groups Dropdown is Displayed<br>]]>
  </system-out>
  <testcase classname="Tests.NewsTabTests" name="Verify_the_PREVIEW_button_after_entering_data_in_mandatory_field__Add_New_Article" time="80.332"/>
  <system-out>
    <![CDATA[Application Launched.<br>
Clicked on skip button.<br>
Clicked on next button.<br>
Entered Email :- sagarnandha11+1@gmail.com<br>
Entered Password :- Plai@1234<br>
Clicked On Login Button<br>
App name is verified on login splash screen<br>
Day Greeting is verified on login splash screen<br>
Username with Profile Picture is verified on login splash screen<br>
Welcome Greeting is verified on login splash screen<br>
Clicked On Club Banner in which user is Admin<br>
Clicked On Add New Article Button<br>
New Article Page is Displayed<br>
Entered Article Title<br>
Entered Article Description<br>
Selected No for Send Email<br>
Selected No for Send Notification<br>
Groups Dropdown is Clicked<br>
Selected All Groups<br>
Clicked On Done Button<br>
Selected No to Allow Notifications<br>
Clicked On Preview Button<br>
Preview Screen is Displayed<br>]]>
  </system-out>
  <testcase classname="Tests.NewsTabTests" name="Verify_the_PREVIEW_button_without_entering_data_in_mandatory_field" time="69.870"/>
  <system-out>
    <![CDATA[Application Launched.<br>
Clicked on skip button.<br>
Clicked on next button.<br>
Entered Email :- sagarnandha11+1@gmail.com<br>
Entered Password :- Plai@1234<br>
Clicked On Login Button<br>
App name is verified on login splash screen<br>
Day Greeting is verified on login splash screen<br>
Username with Profile Picture is verified on login splash screen<br>
Welcome Greeting is verified on login splash screen<br>
Clicked On Club Banner in which user is Admin<br>
Clicked On Add New Article Button<br>
New Article Page is Displayed<br>
Clicked On Preview Button<br>
Preview without entering data alert : <br>
Alert :- Please enter title<br>]]>
  </system-out>
  <testcase classname="Tests.NewsTabTests" name="Verify_the_Bookmark_icon_of_Article_banner_of_NEWS_tab" time="60.572"/>
  <system-out>
    <![CDATA[Application Launched.<br>
Clicked on skip button.<br>
Clicked on next button.<br>
Entered Email :- sagarnandha11+1@gmail.com<br>
Entered Password :- Plai@1234<br>
Clicked On Login Button<br>
App name is verified on login splash screen<br>
Day Greeting is verified on login splash screen<br>
Username with Profile Picture is verified on login splash screen<br>
Welcome Greeting is verified on login splash screen<br>
Clicked On Club Banner in which user is Admin<br>
Sort Button is visible<br>
Add New Article Button Is visible<br>
Bookmark Icon is visible<br>]]>
  </system-out>
  <testcase classname="Tests.NewsTabTests" name="Verify_the_Close_button_of_calendar" time="73.487"/>
  <system-out>
    <![CDATA[Application Launched.<br>
Clicked on skip button.<br>
Clicked on next button.<br>
Entered Email :- sagarnandha11+1@gmail.com<br>
Entered Password :- Plai@1234<br>
Clicked On Login Button<br>
App name is verified on login splash screen<br>
Day Greeting is verified on login splash screen<br>
Username with Profile Picture is verified on login splash screen<br>
Welcome Greeting is verified on login splash screen<br>
Clicked On Club Banner in which user is Admin<br>
Clicked On Add New Article Button<br>
New Article Page is Displayed<br>
Clicked On Publish Now Button<br>
Clicked On No Option to Publish<br>
Publish Date is Displayed<br>
Publish Time is Displayed<br>
Current Date Verified<br>
Clicked On Publish Date Field<br>
Date Calender Opened<br>
Clicked On Cancel Button of Calender<br>]]>
  </system-out>
  <testcase classname="Tests.NewsTabTests" name="Verify_the_PREVIEW_button_after_entering_data_in_mandatory_field_Edit_Article" time="66.924"/>
  <system-out>
    <![CDATA[Application Launched.<br>
Clicked on skip button.<br>
Clicked on next button.<br>
Entered Email :- sagarnandha11+1@gmail.com<br>
Entered Password :- Plai@1234<br>
Clicked On Login Button<br>
App name is verified on login splash screen<br>
Day Greeting is verified on login splash screen<br>
Username with Profile Picture is verified on login splash screen<br>
Welcome Greeting is verified on login splash screen<br>
Clicked On Club Banner in which user is Admin<br>
Sort Button is visible<br>
Add New Article Button Is visible<br>
Sort Button is visible<br>
Sort Panel Opened<br>
Clicked On News Article<br>
Clicked On Edit Article<br>
Update Article Screen is visible<br>
Title Field is visible<br>
Preview is Displayed<br>]]>
  </system-out>
  <testcase classname="Tests.NewsTabTests" name="Verify_the_fields_display_in_NEW_ARTICLE_screen" time="70.748">
    <error message="An element could not be located on the page using the given search parameters.
For documentation on this error, please visit: https://www.seleniumhq.org/exceptions/no_such_element.html
Build info: version: &#039;3.141.59&#039;, revision: &#039;e82be7d358&#039;, time: &#039;2018-11-14T08:17:03&#039;
System info: host: &#039;Admins-MacBook-Pro.local&#039;, ip: &#039;fe80:0:0:0:8f:c148:5c9e:6494%en0&#039;, os.name: &#039;Mac OS X&#039;, os.arch: &#039;x86_64&#039;, os.version: &#039;12.4&#039;, java.version: &#039;19.0.1&#039;
Driver info: io.appium.java_client.android.AndroidDriver
Capabilities {app: /Users/admin/Desktop/Plai_M..., appPackage: com.app.plaisports, autoAcceptAlerts: true, autoGrantPermissions: true, automationName: UiAutomator2, databaseEnabled: false, desired: {app: /Users/admin/Desktop/Plai_M..., autoAcceptAlerts: true, autoGrantPermissions: true, automationName: UiAutomator2, deviceName: 25e4e5308f0d7ece, platformName: android, platformVersion: 10, resetKeyboard: false, unicodeKeyboard: false}, deviceApiLevel: 29, deviceManufacturer: samsung, deviceModel: SM-N960F, deviceName: 25e4e5308f0d7ece, deviceScreenDensity: 420, deviceScreenSize: 1080x2220, deviceUDID: 25e4e5308f0d7ece, javascriptEnabled: true, locationContextEnabled: false, networkConnectionEnabled: true, pixelRatio: 2.625, platform: LINUX, platformName: android, platformVersion: 10, resetKeyboard: false, statBarHeight: 63, takesScreenshot: true, unicodeKeyboard: false, viewportRect: {height: 2031, left: 0, top: 63, width: 1080}, warnings: {}, webStorageEnabled: false}
Session ID: db7ef931-8502-49f6-a912-3e3da1a7ce11
*** Element info: {Using=xpath, value=//android.widget.TextView[@text=&quot;Admin&quot;]}" type="org.openqa.selenium.NoSuchElementException">
      <![CDATA[org.openqa.selenium.NoSuchElementException: An element could not be located on the page using the given search parameters.
For documentation on this error, please visit: https://www.seleniumhq.org/exceptions/no_such_element.html
Build info: version: '3.141.59', revision: 'e82be7d358', time: '2018-11-14T08:17:03'
System info: host: 'Admins-MacBook-Pro.local', ip: 'fe80:0:0:0:8f:c148:5c9e:6494%en0', os.name: 'Mac OS X', os.arch: 'x86_64', os.version: '12.4', java.version: '19.0.1'
Driver info: io.appium.java_client.android.AndroidDriver
Capabilities {app: /Users/admin/Desktop/Plai_M..., appPackage: com.app.plaisports, autoAcceptAlerts: true, autoGrantPermissions: true, automationName: UiAutomator2, databaseEnabled: false, desired: {app: /Users/admin/Desktop/Plai_M..., autoAcceptAlerts: true, autoGrantPermissions: true, automationName: UiAutomator2, deviceName: 25e4e5308f0d7ece, platformName: android, platformVersion: 10, resetKeyboard: false, unicodeKeyboard: false}, deviceApiLevel: 29, deviceManufacturer: samsung, deviceModel: SM-N960F, deviceName: 25e4e5308f0d7ece, deviceScreenDensity: 420, deviceScreenSize: 1080x2220, deviceUDID: 25e4e5308f0d7ece, javascriptEnabled: true, locationContextEnabled: false, networkConnectionEnabled: true, pixelRatio: 2.625, platform: LINUX, platformName: android, platformVersion: 10, resetKeyboard: false, statBarHeight: 63, takesScreenshot: true, unicodeKeyboard: false, viewportRect: {height: 2031, left: 0, top: 63, width: 1080}, warnings: {}, webStorageEnabled: false}
Session ID: db7ef931-8502-49f6-a912-3e3da1a7ce11
*** Element info: {Using=xpath, value=//android.widget.TextView[@text="Admin"]}
at java.base/jdk.internal.reflect.DirectConstructorHandleAccessor.newInstance(DirectConstructorHandleAccessor.java:67)
at java.base/java.lang.reflect.Constructor.newInstanceWithCaller(Constructor.java:500)
at java.base/java.lang.reflect.Constructor.newInstance(Constructor.java:484)
at org.openqa.selenium.remote.http.W3CHttpResponseCodec.createException(W3CHttpResponseCodec.java:187)
at org.openqa.selenium.remote.http.W3CHttpResponseCodec.decode(W3CHttpResponseCodec.java:122)
at org.openqa.selenium.remote.http.W3CHttpResponseCodec.decode(W3CHttpResponseCodec.java:49)
at org.openqa.selenium.remote.HttpCommandExecutor.execute(HttpCommandExecutor.java:158)
at io.appium.java_client.remote.AppiumCommandExecutor.execute(AppiumCommandExecutor.java:247)
at org.openqa.selenium.remote.RemoteWebDriver.execute(RemoteWebDriver.java:552)
at io.appium.java_client.DefaultGenericMobileDriver.execute(DefaultGenericMobileDriver.java:41)
at io.appium.java_client.AppiumDriver.execute(AppiumDriver.java:1)
at io.appium.java_client.android.AndroidDriver.execute(AndroidDriver.java:1)
at org.openqa.selenium.remote.RemoteWebDriver.findElement(RemoteWebDriver.java:323)
at io.appium.java_client.DefaultGenericMobileDriver.findElement(DefaultGenericMobileDriver.java:61)
at io.appium.java_client.AppiumDriver.findElement(AppiumDriver.java:1)
at io.appium.java_client.android.AndroidDriver.findElement(AndroidDriver.java:1)
at org.openqa.selenium.remote.RemoteWebDriver.findElementByXPath(RemoteWebDriver.java:428)
at io.appium.java_client.DefaultGenericMobileDriver.findElementByXPath(DefaultGenericMobileDriver.java:151)
at io.appium.java_client.AppiumDriver.findElementByXPath(AppiumDriver.java:1)
at io.appium.java_client.android.AndroidDriver.findElementByXPath(AndroidDriver.java:1)
at org.openqa.selenium.By$ByXPath.findElement(By.java:353)
at org.openqa.selenium.remote.RemoteWebDriver.findElement(RemoteWebDriver.java:315)
at io.appium.java_client.DefaultGenericMobileDriver.findElement(DefaultGenericMobileDriver.java:57)
at io.appium.java_client.AppiumDriver.findElement(AppiumDriver.java:1)
at io.appium.java_client.android.AndroidDriver.findElement(AndroidDriver.java:1)
at Pages.HomePage.Click_Test27_Admin_Club_Banner(HomePage.java:377)
at Tests.NewsTabTests.Verify_the_fields_display_in_NEW_ARTICLE_screen(NewsTabTests.java:148)
at java.base/jdk.internal.reflect.DirectMethodHandleAccessor.invoke(DirectMethodHandleAccessor.java:104)
at java.base/java.lang.reflect.Method.invoke(Method.java:578)
at org.testng.internal.MethodInvocationHelper.invokeMethod(MethodInvocationHelper.java:133)
at org.testng.internal.TestInvoker.invokeMethod(TestInvoker.java:598)
at org.testng.internal.TestInvoker.invokeTestMethod(TestInvoker.java:173)
at org.testng.internal.MethodRunner.runInSequence(MethodRunner.java:46)
at org.testng.internal.TestInvoker$MethodInvocationAgent.invoke(TestInvoker.java:824)
at org.testng.internal.TestInvoker.invokeTestMethods(TestInvoker.java:146)
at org.testng.internal.TestMethodWorker.invokeTestMethods(TestMethodWorker.java:146)
at org.testng.internal.TestMethodWorker.run(TestMethodWorker.java:128)
at java.base/java.util.ArrayList.forEach(ArrayList.java:1511)
at org.testng.TestRunner.privateRun(TestRunner.java:794)
at org.testng.TestRunner.run(TestRunner.java:596)
at org.testng.SuiteRunner.runTest(SuiteRunner.java:377)
at org.testng.SuiteRunner.runSequentially(SuiteRunner.java:371)
at org.testng.SuiteRunner.privateRun(SuiteRunner.java:332)
at org.testng.SuiteRunner.run(SuiteRunner.java:276)
at org.testng.SuiteRunnerWorker.runSuite(SuiteRunnerWorker.java:53)
at org.testng.SuiteRunnerWorker.run(SuiteRunnerWorker.java:96)
at org.testng.TestNG.runSuitesSequentially(TestNG.java:1212)
at org.testng.TestNG.runSuitesLocally(TestNG.java:1134)
at org.testng.TestNG.runSuites(TestNG.java:1063)
at org.testng.TestNG.run(TestNG.java:1031)
at org.apache.maven.surefire.testng.TestNGExecutor.run(TestNGExecutor.java:284)
at org.apache.maven.surefire.testng.TestNGXmlTestSuite.execute(TestNGXmlTestSuite.java:75)
at org.apache.maven.surefire.testng.TestNGProvider.invoke(TestNGProvider.java:119)
at org.apache.maven.surefire.booter.ForkedBooter.runSuitesInProcess(ForkedBooter.java:428)
at org.apache.maven.surefire.booter.ForkedBooter.execute(ForkedBooter.java:162)
at org.apache.maven.surefire.booter.ForkedBooter.run(ForkedBooter.java:562)
at org.apache.maven.surefire.booter.ForkedBooter.main(ForkedBooter.java:548)
]]>
    </error>
  </testcase> <!-- Verify_the_fields_display_in_NEW_ARTICLE_screen -->
  <system-out>
    <![CDATA[Application Launched.<br>
Clicked on skip button.<br>
Clicked on next button.<br>
Entered Email :- sagarnandha11+1@gmail.com<br>
Entered Password :- Plai@1234<br>
Clicked On Login Button<br>
App name is verified on login splash screen<br>
Day Greeting is verified on login splash screen<br>
Username with Profile Picture is verified on login splash screen<br>
Welcome Greeting is verified on login splash screen<br>]]>
  </system-out>
  <testcase classname="Tests.NewsTabTests" name="Verify_Send_an_Notification_field_by_clicking_on_NO_button" time="63.482"/>
  <system-out>
    <![CDATA[Application Launched.<br>
Clicked on skip button.<br>
Clicked on next button.<br>
Entered Email :- sagarnandha11+1@gmail.com<br>
Entered Password :- Plai@1234<br>
Clicked On Login Button<br>
App name is verified on login splash screen<br>
Day Greeting is verified on login splash screen<br>
Username with Profile Picture is verified on login splash screen<br>
Welcome Greeting is verified on login splash screen<br>
Clicked On Club Banner in which user is Admin<br>
Clicked On Add New Article Button<br>
New Article Page is Displayed<br>
Clicked On No Button to Send Notification<br>]]>
  </system-out>
  <testcase classname="Tests.NewsTabTests" name="Verify_the_functionality_of_Confirm_button_of_confirmation_popup" time="89.294">
    <error message="An element could not be located on the page using the given search parameters.
For documentation on this error, please visit: https://www.seleniumhq.org/exceptions/no_such_element.html
Build info: version: &#039;3.141.59&#039;, revision: &#039;e82be7d358&#039;, time: &#039;2018-11-14T08:17:03&#039;
System info: host: &#039;Admins-MacBook-Pro.local&#039;, ip: &#039;fe80:0:0:0:8f:c148:5c9e:6494%en0&#039;, os.name: &#039;Mac OS X&#039;, os.arch: &#039;x86_64&#039;, os.version: &#039;12.4&#039;, java.version: &#039;19.0.1&#039;
Driver info: io.appium.java_client.android.AndroidDriver
Capabilities {app: /Users/admin/Desktop/Plai_M..., appPackage: com.app.plaisports, autoAcceptAlerts: true, autoGrantPermissions: true, automationName: UiAutomator2, databaseEnabled: false, desired: {app: /Users/admin/Desktop/Plai_M..., autoAcceptAlerts: true, autoGrantPermissions: true, automationName: UiAutomator2, deviceName: 25e4e5308f0d7ece, platformName: android, platformVersion: 10, resetKeyboard: false, unicodeKeyboard: false}, deviceApiLevel: 29, deviceManufacturer: samsung, deviceModel: SM-N960F, deviceName: 25e4e5308f0d7ece, deviceScreenDensity: 420, deviceScreenSize: 1080x2220, deviceUDID: 25e4e5308f0d7ece, javascriptEnabled: true, locationContextEnabled: false, networkConnectionEnabled: true, pixelRatio: 2.625, platform: LINUX, platformName: android, platformVersion: 10, resetKeyboard: false, statBarHeight: 63, takesScreenshot: true, unicodeKeyboard: false, viewportRect: {height: 2031, left: 0, top: 63, width: 1080}, warnings: {}, webStorageEnabled: false}
Session ID: 49d0981d-82e3-4920-9660-ae337842b4e0
*** Element info: {Using=xpath, value=//android.widget.TextView[@text=&quot;CONFIRM&quot;]}" type="org.openqa.selenium.NoSuchElementException">
      <![CDATA[org.openqa.selenium.NoSuchElementException: An element could not be located on the page using the given search parameters.
For documentation on this error, please visit: https://www.seleniumhq.org/exceptions/no_such_element.html
Build info: version: '3.141.59', revision: 'e82be7d358', time: '2018-11-14T08:17:03'
System info: host: 'Admins-MacBook-Pro.local', ip: 'fe80:0:0:0:8f:c148:5c9e:6494%en0', os.name: 'Mac OS X', os.arch: 'x86_64', os.version: '12.4', java.version: '19.0.1'
Driver info: io.appium.java_client.android.AndroidDriver
Capabilities {app: /Users/admin/Desktop/Plai_M..., appPackage: com.app.plaisports, autoAcceptAlerts: true, autoGrantPermissions: true, automationName: UiAutomator2, databaseEnabled: false, desired: {app: /Users/admin/Desktop/Plai_M..., autoAcceptAlerts: true, autoGrantPermissions: true, automationName: UiAutomator2, deviceName: 25e4e5308f0d7ece, platformName: android, platformVersion: 10, resetKeyboard: false, unicodeKeyboard: false}, deviceApiLevel: 29, deviceManufacturer: samsung, deviceModel: SM-N960F, deviceName: 25e4e5308f0d7ece, deviceScreenDensity: 420, deviceScreenSize: 1080x2220, deviceUDID: 25e4e5308f0d7ece, javascriptEnabled: true, locationContextEnabled: false, networkConnectionEnabled: true, pixelRatio: 2.625, platform: LINUX, platformName: android, platformVersion: 10, resetKeyboard: false, statBarHeight: 63, takesScreenshot: true, unicodeKeyboard: false, viewportRect: {height: 2031, left: 0, top: 63, width: 1080}, warnings: {}, webStorageEnabled: false}
Session ID: 49d0981d-82e3-4920-9660-ae337842b4e0
*** Element info: {Using=xpath, value=//android.widget.TextView[@text="CONFIRM"]}
at java.base/jdk.internal.reflect.DirectConstructorHandleAccessor.newInstance(DirectConstructorHandleAccessor.java:67)
at java.base/java.lang.reflect.Constructor.newInstanceWithCaller(Constructor.java:500)
at java.base/java.lang.reflect.Constructor.newInstance(Constructor.java:484)
at org.openqa.selenium.remote.http.W3CHttpResponseCodec.createException(W3CHttpResponseCodec.java:187)
at org.openqa.selenium.remote.http.W3CHttpResponseCodec.decode(W3CHttpResponseCodec.java:122)
at org.openqa.selenium.remote.http.W3CHttpResponseCodec.decode(W3CHttpResponseCodec.java:49)
at org.openqa.selenium.remote.HttpCommandExecutor.execute(HttpCommandExecutor.java:158)
at io.appium.java_client.remote.AppiumCommandExecutor.execute(AppiumCommandExecutor.java:247)
at org.openqa.selenium.remote.RemoteWebDriver.execute(RemoteWebDriver.java:552)
at io.appium.java_client.DefaultGenericMobileDriver.execute(DefaultGenericMobileDriver.java:41)
at io.appium.java_client.AppiumDriver.execute(AppiumDriver.java:1)
at io.appium.java_client.android.AndroidDriver.execute(AndroidDriver.java:1)
at org.openqa.selenium.remote.RemoteWebDriver.findElement(RemoteWebDriver.java:323)
at io.appium.java_client.DefaultGenericMobileDriver.findElement(DefaultGenericMobileDriver.java:61)
at io.appium.java_client.AppiumDriver.findElement(AppiumDriver.java:1)
at io.appium.java_client.android.AndroidDriver.findElement(AndroidDriver.java:1)
at org.openqa.selenium.remote.RemoteWebDriver.findElementByXPath(RemoteWebDriver.java:428)
at io.appium.java_client.DefaultGenericMobileDriver.findElementByXPath(DefaultGenericMobileDriver.java:151)
at io.appium.java_client.AppiumDriver.findElementByXPath(AppiumDriver.java:1)
at io.appium.java_client.android.AndroidDriver.findElementByXPath(AndroidDriver.java:1)
at org.openqa.selenium.By$ByXPath.findElement(By.java:353)
at org.openqa.selenium.remote.RemoteWebDriver.findElement(RemoteWebDriver.java:315)
at io.appium.java_client.DefaultGenericMobileDriver.findElement(DefaultGenericMobileDriver.java:57)
at io.appium.java_client.AppiumDriver.findElement(AppiumDriver.java:1)
at io.appium.java_client.android.AndroidDriver.findElement(AndroidDriver.java:1)
at Pages.HomePage.Click_Confirm_Button(HomePage.java:525)
at Tests.NewsTabTests.Verify_the_functionality_of_Confirm_button_of_confirmation_popup(NewsTabTests.java:255)
at java.base/jdk.internal.reflect.DirectMethodHandleAccessor.invoke(DirectMethodHandleAccessor.java:104)
at java.base/java.lang.reflect.Method.invoke(Method.java:578)
at org.testng.internal.MethodInvocationHelper.invokeMethod(MethodInvocationHelper.java:133)
at org.testng.internal.TestInvoker.invokeMethod(TestInvoker.java:598)
at org.testng.internal.TestInvoker.invokeTestMethod(TestInvoker.java:173)
at org.testng.internal.MethodRunner.runInSequence(MethodRunner.java:46)
at org.testng.internal.TestInvoker$MethodInvocationAgent.invoke(TestInvoker.java:824)
at org.testng.internal.TestInvoker.invokeTestMethods(TestInvoker.java:146)
at org.testng.internal.TestMethodWorker.invokeTestMethods(TestMethodWorker.java:146)
at org.testng.internal.TestMethodWorker.run(TestMethodWorker.java:128)
at java.base/java.util.ArrayList.forEach(ArrayList.java:1511)
at org.testng.TestRunner.privateRun(TestRunner.java:794)
at org.testng.TestRunner.run(TestRunner.java:596)
at org.testng.SuiteRunner.runTest(SuiteRunner.java:377)
at org.testng.SuiteRunner.runSequentially(SuiteRunner.java:371)
at org.testng.SuiteRunner.privateRun(SuiteRunner.java:332)
at org.testng.SuiteRunner.run(SuiteRunner.java:276)
at org.testng.SuiteRunnerWorker.runSuite(SuiteRunnerWorker.java:53)
at org.testng.SuiteRunnerWorker.run(SuiteRunnerWorker.java:96)
at org.testng.TestNG.runSuitesSequentially(TestNG.java:1212)
at org.testng.TestNG.runSuitesLocally(TestNG.java:1134)
at org.testng.TestNG.runSuites(TestNG.java:1063)
at org.testng.TestNG.run(TestNG.java:1031)
at org.apache.maven.surefire.testng.TestNGExecutor.run(TestNGExecutor.java:284)
at org.apache.maven.surefire.testng.TestNGXmlTestSuite.execute(TestNGXmlTestSuite.java:75)
at org.apache.maven.surefire.testng.TestNGProvider.invoke(TestNGProvider.java:119)
at org.apache.maven.surefire.booter.ForkedBooter.runSuitesInProcess(ForkedBooter.java:428)
at org.apache.maven.surefire.booter.ForkedBooter.execute(ForkedBooter.java:162)
at org.apache.maven.surefire.booter.ForkedBooter.run(ForkedBooter.java:562)
at org.apache.maven.surefire.booter.ForkedBooter.main(ForkedBooter.java:548)
]]>
    </error>
  </testcase> <!-- Verify_the_functionality_of_Confirm_button_of_confirmation_popup -->
  <system-out>
    <![CDATA[Application Launched.<br>
Clicked on skip button.<br>
Clicked on next button.<br>
Entered Email :- sagarnandha11+1@gmail.com<br>
Entered Password :- Plai@1234<br>
Clicked On Login Button<br>
App name is verified on login splash screen<br>
Day Greeting is verified on login splash screen<br>
Username with Profile Picture is verified on login splash screen<br>
Welcome Greeting is verified on login splash screen<br>
Clicked On Club Banner in which user is Admin<br>
Sort Button is visible<br>
Add New Article Button Is visible<br>
Sort Button is visible<br>
Sort Panel Opened<br>
Clicked On News Article<br>
Clicked On Delete Icon<br>]]>
  </system-out>
  <testcase classname="Tests.NewsTabTests" name="Verify_the_Sort_by_filter_of_NEWS_tab" time="61.418"/>
  <system-out>
    <![CDATA[Application Launched.<br>
Clicked on skip button.<br>
Clicked on next button.<br>
Entered Email :- sagarnandha11+1@gmail.com<br>
Entered Password :- Plai@1234<br>
Clicked On Login Button<br>
App name is verified on login splash screen<br>
Day Greeting is verified on login splash screen<br>
Username with Profile Picture is verified on login splash screen<br>
Welcome Greeting is verified on login splash screen<br>
Clicked On Club Banner in which user is Admin<br>
Sort Button is visible<br>
Add New Article Button Is visible<br>
Sort Button is visible<br>
Sort Panel Opened<br>]]>
  </system-out>
  <testcase classname="Tests.NewsTabTests" name="Verify_the_Publish_Now_field_by_clicking_on_NO_menu_option" time="69.962"/>
  <system-out>
    <![CDATA[Application Launched.<br>
Clicked on skip button.<br>
Clicked on next button.<br>
Entered Email :- sagarnandha11+1@gmail.com<br>
Entered Password :- Plai@1234<br>
Clicked On Login Button<br>
App name is verified on login splash screen<br>
Day Greeting is verified on login splash screen<br>
Username with Profile Picture is verified on login splash screen<br>
Welcome Greeting is verified on login splash screen<br>
Clicked On Club Banner in which user is Admin<br>
Clicked On Add New Article Button<br>
New Article Page is Displayed<br>
Clicked On Publish Now Button<br>
Clicked On No Option to Publish<br>
Publish Date is Displayed<br>
Publish Time is Displayed<br>]]>
  </system-out>
  <testcase classname="Tests.NewsTabTests" name="Verify_Allow_Comments_field_by_clicking_on_NO_button" time="69.481">
    <error message="An element could not be located on the page using the given search parameters.
For documentation on this error, please visit: https://www.seleniumhq.org/exceptions/no_such_element.html
Build info: version: &#039;3.141.59&#039;, revision: &#039;e82be7d358&#039;, time: &#039;2018-11-14T08:17:03&#039;
System info: host: &#039;Admins-MacBook-Pro.local&#039;, ip: &#039;fe80:0:0:0:8f:c148:5c9e:6494%en0&#039;, os.name: &#039;Mac OS X&#039;, os.arch: &#039;x86_64&#039;, os.version: &#039;12.4&#039;, java.version: &#039;19.0.1&#039;
Driver info: io.appium.java_client.android.AndroidDriver
Capabilities {app: /Users/admin/Desktop/Plai_M..., appPackage: com.app.plaisports, autoAcceptAlerts: true, autoGrantPermissions: true, automationName: UiAutomator2, databaseEnabled: false, desired: {app: /Users/admin/Desktop/Plai_M..., autoAcceptAlerts: true, autoGrantPermissions: true, automationName: UiAutomator2, deviceName: 25e4e5308f0d7ece, platformName: android, platformVersion: 10, resetKeyboard: false, unicodeKeyboard: false}, deviceApiLevel: 29, deviceManufacturer: samsung, deviceModel: SM-N960F, deviceName: 25e4e5308f0d7ece, deviceScreenDensity: 420, deviceScreenSize: 1080x2220, deviceUDID: 25e4e5308f0d7ece, javascriptEnabled: true, locationContextEnabled: false, networkConnectionEnabled: true, pixelRatio: 2.625, platform: LINUX, platformName: android, platformVersion: 10, resetKeyboard: false, statBarHeight: 63, takesScreenshot: true, unicodeKeyboard: false, viewportRect: {height: 2031, left: 0, top: 63, width: 1080}, warnings: {}, webStorageEnabled: false}
Session ID: ee019065-3b38-4151-ab88-f1827affde46
*** Element info: {Using=xpath, value=//android.widget.TextView[@text=&quot;Admin&quot;]}" type="org.openqa.selenium.NoSuchElementException">
      <![CDATA[org.openqa.selenium.NoSuchElementException: An element could not be located on the page using the given search parameters.
For documentation on this error, please visit: https://www.seleniumhq.org/exceptions/no_such_element.html
Build info: version: '3.141.59', revision: 'e82be7d358', time: '2018-11-14T08:17:03'
System info: host: 'Admins-MacBook-Pro.local', ip: 'fe80:0:0:0:8f:c148:5c9e:6494%en0', os.name: 'Mac OS X', os.arch: 'x86_64', os.version: '12.4', java.version: '19.0.1'
Driver info: io.appium.java_client.android.AndroidDriver
Capabilities {app: /Users/admin/Desktop/Plai_M..., appPackage: com.app.plaisports, autoAcceptAlerts: true, autoGrantPermissions: true, automationName: UiAutomator2, databaseEnabled: false, desired: {app: /Users/admin/Desktop/Plai_M..., autoAcceptAlerts: true, autoGrantPermissions: true, automationName: UiAutomator2, deviceName: 25e4e5308f0d7ece, platformName: android, platformVersion: 10, resetKeyboard: false, unicodeKeyboard: false}, deviceApiLevel: 29, deviceManufacturer: samsung, deviceModel: SM-N960F, deviceName: 25e4e5308f0d7ece, deviceScreenDensity: 420, deviceScreenSize: 1080x2220, deviceUDID: 25e4e5308f0d7ece, javascriptEnabled: true, locationContextEnabled: false, networkConnectionEnabled: true, pixelRatio: 2.625, platform: LINUX, platformName: android, platformVersion: 10, resetKeyboard: false, statBarHeight: 63, takesScreenshot: true, unicodeKeyboard: false, viewportRect: {height: 2031, left: 0, top: 63, width: 1080}, warnings: {}, webStorageEnabled: false}
Session ID: ee019065-3b38-4151-ab88-f1827affde46
*** Element info: {Using=xpath, value=//android.widget.TextView[@text="Admin"]}
at java.base/jdk.internal.reflect.DirectConstructorHandleAccessor.newInstance(DirectConstructorHandleAccessor.java:67)
at java.base/java.lang.reflect.Constructor.newInstanceWithCaller(Constructor.java:500)
at java.base/java.lang.reflect.Constructor.newInstance(Constructor.java:484)
at org.openqa.selenium.remote.http.W3CHttpResponseCodec.createException(W3CHttpResponseCodec.java:187)
at org.openqa.selenium.remote.http.W3CHttpResponseCodec.decode(W3CHttpResponseCodec.java:122)
at org.openqa.selenium.remote.http.W3CHttpResponseCodec.decode(W3CHttpResponseCodec.java:49)
at org.openqa.selenium.remote.HttpCommandExecutor.execute(HttpCommandExecutor.java:158)
at io.appium.java_client.remote.AppiumCommandExecutor.execute(AppiumCommandExecutor.java:247)
at org.openqa.selenium.remote.RemoteWebDriver.execute(RemoteWebDriver.java:552)
at io.appium.java_client.DefaultGenericMobileDriver.execute(DefaultGenericMobileDriver.java:41)
at io.appium.java_client.AppiumDriver.execute(AppiumDriver.java:1)
at io.appium.java_client.android.AndroidDriver.execute(AndroidDriver.java:1)
at org.openqa.selenium.remote.RemoteWebDriver.findElement(RemoteWebDriver.java:323)
at io.appium.java_client.DefaultGenericMobileDriver.findElement(DefaultGenericMobileDriver.java:61)
at io.appium.java_client.AppiumDriver.findElement(AppiumDriver.java:1)
at io.appium.java_client.android.AndroidDriver.findElement(AndroidDriver.java:1)
at org.openqa.selenium.remote.RemoteWebDriver.findElementByXPath(RemoteWebDriver.java:428)
at io.appium.java_client.DefaultGenericMobileDriver.findElementByXPath(DefaultGenericMobileDriver.java:151)
at io.appium.java_client.AppiumDriver.findElementByXPath(AppiumDriver.java:1)
at io.appium.java_client.android.AndroidDriver.findElementByXPath(AndroidDriver.java:1)
at org.openqa.selenium.By$ByXPath.findElement(By.java:353)
at org.openqa.selenium.remote.RemoteWebDriver.findElement(RemoteWebDriver.java:315)
at io.appium.java_client.DefaultGenericMobileDriver.findElement(DefaultGenericMobileDriver.java:57)
at io.appium.java_client.AppiumDriver.findElement(AppiumDriver.java:1)
at io.appium.java_client.android.AndroidDriver.findElement(AndroidDriver.java:1)
at Pages.HomePage.Click_Test27_Admin_Club_Banner(HomePage.java:377)
at Tests.NewsTabTests.Verify_Allow_Comments_field_by_clicking_on_NO_button(NewsTabTests.java:361)
at java.base/jdk.internal.reflect.DirectMethodHandleAccessor.invoke(DirectMethodHandleAccessor.java:104)
at java.base/java.lang.reflect.Method.invoke(Method.java:578)
at org.testng.internal.MethodInvocationHelper.invokeMethod(MethodInvocationHelper.java:133)
at org.testng.internal.TestInvoker.invokeMethod(TestInvoker.java:598)
at org.testng.internal.TestInvoker.invokeTestMethod(TestInvoker.java:173)
at org.testng.internal.MethodRunner.runInSequence(MethodRunner.java:46)
at org.testng.internal.TestInvoker$MethodInvocationAgent.invoke(TestInvoker.java:824)
at org.testng.internal.TestInvoker.invokeTestMethods(TestInvoker.java:146)
at org.testng.internal.TestMethodWorker.invokeTestMethods(TestMethodWorker.java:146)
at org.testng.internal.TestMethodWorker.run(TestMethodWorker.java:128)
at java.base/java.util.ArrayList.forEach(ArrayList.java:1511)
at org.testng.TestRunner.privateRun(TestRunner.java:794)
at org.testng.TestRunner.run(TestRunner.java:596)
at org.testng.SuiteRunner.runTest(SuiteRunner.java:377)
at org.testng.SuiteRunner.runSequentially(SuiteRunner.java:371)
at org.testng.SuiteRunner.privateRun(SuiteRunner.java:332)
at org.testng.SuiteRunner.run(SuiteRunner.java:276)
at org.testng.SuiteRunnerWorker.runSuite(SuiteRunnerWorker.java:53)
at org.testng.SuiteRunnerWorker.run(SuiteRunnerWorker.java:96)
at org.testng.TestNG.runSuitesSequentially(TestNG.java:1212)
at org.testng.TestNG.runSuitesLocally(TestNG.java:1134)
at org.testng.TestNG.runSuites(TestNG.java:1063)
at org.testng.TestNG.run(TestNG.java:1031)
at org.apache.maven.surefire.testng.TestNGExecutor.run(TestNGExecutor.java:284)
at org.apache.maven.surefire.testng.TestNGXmlTestSuite.execute(TestNGXmlTestSuite.java:75)
at org.apache.maven.surefire.testng.TestNGProvider.invoke(TestNGProvider.java:119)
at org.apache.maven.surefire.booter.ForkedBooter.runSuitesInProcess(ForkedBooter.java:428)
at org.apache.maven.surefire.booter.ForkedBooter.execute(ForkedBooter.java:162)
at org.apache.maven.surefire.booter.ForkedBooter.run(ForkedBooter.java:562)
at org.apache.maven.surefire.booter.ForkedBooter.main(ForkedBooter.java:548)
]]>
    </error>
  </testcase> <!-- Verify_Allow_Comments_field_by_clicking_on_NO_button -->
  <system-out>
    <![CDATA[Application Launched.<br>
Clicked on skip button.<br>
Clicked on next button.<br>
Entered Email :- sagarnandha11+1@gmail.com<br>
Entered Password :- Plai@1234<br>
Clicked On Login Button<br>
App name is verified on login splash screen<br>
Day Greeting is verified on login splash screen<br>
Username with Profile Picture is verified on login splash screen<br>
Welcome Greeting is verified on login splash screen<br>]]>
  </system-out>
  <testcase classname="Tests.NewsTabTests" name="Verify_the_functionality_of_CONFIRM_button_Add_New_Article" time="81.433"/>
  <system-out>
    <![CDATA[Application Launched.<br>
Clicked on skip button.<br>
Clicked on next button.<br>
Entered Email :- sagarnandha11+1@gmail.com<br>
Entered Password :- Plai@1234<br>
Clicked On Login Button<br>
App name is verified on login splash screen<br>
Day Greeting is verified on login splash screen<br>
Username with Profile Picture is verified on login splash screen<br>
Welcome Greeting is verified on login splash screen<br>
Clicked On Club Banner in which user is Admin<br>
Clicked On Add New Article Button<br>
New Article Page is Displayed<br>
Entered Article Title<br>
Entered Article Description<br>
Selected No for Send Email<br>
Selected No for Send Notification<br>
Groups Dropdown is Clicked<br>
Selected All Groups<br>
Clicked On Done Button<br>
Selected No to Allow Notifications<br>
Clicked On Preview Button<br>
Preview Screen is Displayed<br>
Clicked on confirm button<br>]]>
  </system-out>
  <testcase classname="Tests.NewsTabTests" name="Verify_the_navigation_of_Add_New_Article_button" time="62.884"/>
  <system-out>
    <![CDATA[Application Launched.<br>
Clicked on skip button.<br>
Clicked on next button.<br>
Entered Email :- sagarnandha11+1@gmail.com<br>
Entered Password :- Plai@1234<br>
Clicked On Login Button<br>
App name is verified on login splash screen<br>
Day Greeting is verified on login splash screen<br>
Username with Profile Picture is verified on login splash screen<br>
Welcome Greeting is verified on login splash screen<br>
Clicked On Club Banner in which user is Admin<br>
Clicked On Add New Article Button<br>
New Article Page is Displayed<br>]]>
  </system-out>
  <testcase classname="Tests.NewsTabTests" name="Verify_the_functionality_of_Edit_icon_News_Article" time="67.383"/>
  <system-out>
    <![CDATA[Application Launched.<br>
Clicked on skip button.<br>
Clicked on next button.<br>
Entered Email :- sagarnandha11+1@gmail.com<br>
Entered Password :- Plai@1234<br>
Clicked On Login Button<br>
App name is verified on login splash screen<br>
Day Greeting is verified on login splash screen<br>
Username with Profile Picture is verified on login splash screen<br>
Welcome Greeting is verified on login splash screen<br>
Clicked On Club Banner in which user is Admin<br>
Sort Button is visible<br>
Add New Article Button Is visible<br>
Sort Button is visible<br>
Sort Panel Opened<br>
Clicked On News Article<br>]]>
  </system-out>
  <testcase classname="Tests.NewsTabTests" name="Verify_the_Ok_button_of_Calendar" time="79.412"/>
  <system-out>
    <![CDATA[Application Launched.<br>
Clicked on skip button.<br>
Clicked on next button.<br>
Entered Email :- sagarnandha11+1@gmail.com<br>
Entered Password :- Plai@1234<br>
Clicked On Login Button<br>
App name is verified on login splash screen<br>
Day Greeting is verified on login splash screen<br>
Username with Profile Picture is verified on login splash screen<br>
Welcome Greeting is verified on login splash screen<br>
Clicked On Club Banner in which user is Admin<br>
Clicked On Add New Article Button<br>
New Article Page is Displayed<br>
Clicked On Publish Now Button<br>
Clicked On No Option to Publish<br>
Publish Date is Displayed<br>
Publish Time is Displayed<br>
Current Date Verified<br>
Clicked On Publish Date Field<br>
Date Calender Opened<br>
Clicked On Next Month Button of Calender<br>
Selected Date 28th Feb<br>
Clicked On Ok<br>
Date updated to New Selected Date<br>]]>
  </system-out>
  <testcase classname="Tests.NewsTabTests" name="Verify_the_Share_icon_of_Article_banner_of_NEWS_tab" time="61.216"/>
  <system-out>
    <![CDATA[Application Launched.<br>
Clicked on skip button.<br>
Clicked on next button.<br>
Entered Email :- sagarnandha11+1@gmail.com<br>
Entered Password :- Plai@1234<br>
Clicked On Login Button<br>
App name is verified on login splash screen<br>
Day Greeting is verified on login splash screen<br>
Username with Profile Picture is verified on login splash screen<br>
Welcome Greeting is verified on login splash screen<br>
Clicked On Club Banner in which user is Admin<br>
Sort Button is visible<br>
Add New Article Button Is visible<br>
Share Icon is visible<br>
Clicked On Share Icon<br>
Share Panel is visible<br>]]>
  </system-out>
</testsuite> <!-- Tests.NewsTabTests -->
