<?xml version="1.0" encoding="UTF-8"?>
<!-- Generated by org.testng.reporters.JUnitReportReporter -->
<testsuite hostname="Admins-MacBook-Pro.local" failures="0" tests="51" name="Tests.HomePageTests" time="3239.129" errors="15" timestamp="2023-01-03T23:24:43 IST" skipped="0">
  <testcase classname="Tests.HomePageTests" name="Verify_the_functionality_of_CLOSE_button" time="90.436">
    <error message="An element could not be located on the page using the given search parameters.
For documentation on this error, please visit: https://www.seleniumhq.org/exceptions/no_such_element.html
Build info: version: &#039;3.141.59&#039;, revision: &#039;e82be7d358&#039;, time: &#039;2018-11-14T08:17:03&#039;
System info: host: &#039;Admins-MacBook-Pro.local&#039;, ip: &#039;fe80:0:0:0:8f:c148:5c9e:6494%en0&#039;, os.name: &#039;Mac OS X&#039;, os.arch: &#039;x86_64&#039;, os.version: &#039;12.4&#039;, java.version: &#039;19.0.1&#039;
Driver info: io.appium.java_client.android.AndroidDriver
Capabilities {app: /Users/admin/Desktop/Plai_M..., appPackage: com.app.plaisports, autoAcceptAlerts: true, autoGrantPermissions: true, automationName: UiAutomator2, databaseEnabled: false, desired: {app: /Users/admin/Desktop/Plai_M..., autoAcceptAlerts: true, autoGrantPermissions: true, automationName: UiAutomator2, deviceName: 25e4e5308f0d7ece, platformName: android, platformVersion: 10, resetKeyboard: false, unicodeKeyboard: false}, deviceApiLevel: 29, deviceManufacturer: samsung, deviceModel: SM-N960F, deviceName: 25e4e5308f0d7ece, deviceScreenDensity: 420, deviceScreenSize: 1080x2220, deviceUDID: 25e4e5308f0d7ece, javascriptEnabled: true, locationContextEnabled: false, networkConnectionEnabled: true, pixelRatio: 2.625, platform: LINUX, platformName: android, platformVersion: 10, resetKeyboard: false, statBarHeight: 63, takesScreenshot: true, unicodeKeyboard: false, viewportRect: {height: 2031, left: 0, top: 63, width: 1080}, warnings: {}, webStorageEnabled: false}
Session ID: 90958de2-c46b-4809-9f95-9726d3b552b7
*** Element info: {Using=xpath, value=//android.widget.TextView[@text=&quot;CLOSE&quot;]}" type="org.openqa.selenium.NoSuchElementException">
      <![CDATA[org.openqa.selenium.NoSuchElementException: An element could not be located on the page using the given search parameters.
For documentation on this error, please visit: https://www.seleniumhq.org/exceptions/no_such_element.html
Build info: version: '3.141.59', revision: 'e82be7d358', time: '2018-11-14T08:17:03'
System info: host: 'Admins-MacBook-Pro.local', ip: 'fe80:0:0:0:8f:c148:5c9e:6494%en0', os.name: 'Mac OS X', os.arch: 'x86_64', os.version: '12.4', java.version: '19.0.1'
Driver info: io.appium.java_client.android.AndroidDriver
Capabilities {app: /Users/admin/Desktop/Plai_M..., appPackage: com.app.plaisports, autoAcceptAlerts: true, autoGrantPermissions: true, automationName: UiAutomator2, databaseEnabled: false, desired: {app: /Users/admin/Desktop/Plai_M..., autoAcceptAlerts: true, autoGrantPermissions: true, automationName: UiAutomator2, deviceName: 25e4e5308f0d7ece, platformName: android, platformVersion: 10, resetKeyboard: false, unicodeKeyboard: false}, deviceApiLevel: 29, deviceManufacturer: samsung, deviceModel: SM-N960F, deviceName: 25e4e5308f0d7ece, deviceScreenDensity: 420, deviceScreenSize: 1080x2220, deviceUDID: 25e4e5308f0d7ece, javascriptEnabled: true, locationContextEnabled: false, networkConnectionEnabled: true, pixelRatio: 2.625, platform: LINUX, platformName: android, platformVersion: 10, resetKeyboard: false, statBarHeight: 63, takesScreenshot: true, unicodeKeyboard: false, viewportRect: {height: 2031, left: 0, top: 63, width: 1080}, warnings: {}, webStorageEnabled: false}
Session ID: 90958de2-c46b-4809-9f95-9726d3b552b7
*** Element info: {Using=xpath, value=//android.widget.TextView[@text="CLOSE"]}
at java.base/jdk.internal.reflect.DirectConstructorHandleAccessor.newInstance(DirectConstructorHandleAccessor.java:67)
at java.base/java.lang.reflect.Constructor.newInstanceWithCaller(Constructor.java:500)
at java.base/java.lang.reflect.Constructor.newInstance(Constructor.java:484)
at org.openqa.selenium.remote.http.W3CHttpResponseCodec.createException(W3CHttpResponseCodec.java:187)
at org.openqa.selenium.remote.http.W3CHttpResponseCodec.decode(W3CHttpResponseCodec.java:122)
at org.openqa.selenium.remote.http.W3CHttpResponseCodec.decode(W3CHttpResponseCodec.java:49)
at org.openqa.selenium.remote.HttpCommandExecutor.execute(HttpCommandExecutor.java:158)
at io.appium.java_client.remote.AppiumCommandExecutor.execute(AppiumCommandExecutor.java:247)
at org.openqa.selenium.remote.RemoteWebDriver.execute(RemoteWebDriver.java:552)
at io.appium.java_client.DefaultGenericMobileDriver.execute(DefaultGenericMobileDriver.java:41)
at io.appium.java_client.AppiumDriver.execute(AppiumDriver.java:1)
at io.appium.java_client.android.AndroidDriver.execute(AndroidDriver.java:1)
at org.openqa.selenium.remote.RemoteWebDriver.findElement(RemoteWebDriver.java:323)
at io.appium.java_client.DefaultGenericMobileDriver.findElement(DefaultGenericMobileDriver.java:61)
at io.appium.java_client.AppiumDriver.findElement(AppiumDriver.java:1)
at io.appium.java_client.android.AndroidDriver.findElement(AndroidDriver.java:1)
at org.openqa.selenium.remote.RemoteWebDriver.findElementByXPath(RemoteWebDriver.java:428)
at io.appium.java_client.DefaultGenericMobileDriver.findElementByXPath(DefaultGenericMobileDriver.java:151)
at io.appium.java_client.AppiumDriver.findElementByXPath(AppiumDriver.java:1)
at io.appium.java_client.android.AndroidDriver.findElementByXPath(AndroidDriver.java:1)
at org.openqa.selenium.By$ByXPath.findElement(By.java:353)
at org.openqa.selenium.remote.RemoteWebDriver.findElement(RemoteWebDriver.java:315)
at io.appium.java_client.DefaultGenericMobileDriver.findElement(DefaultGenericMobileDriver.java:57)
at io.appium.java_client.AppiumDriver.findElement(AppiumDriver.java:1)
at io.appium.java_client.android.AndroidDriver.findElement(AndroidDriver.java:1)
at Pages.SignUpPage.click_on_user_information_page_button(SignUpPage.java:749)
at Tests.HomePageTests.Verify_the_functionality_of_CLOSE_button(HomePageTests.java:696)
at java.base/jdk.internal.reflect.DirectMethodHandleAccessor.invoke(DirectMethodHandleAccessor.java:104)
at java.base/java.lang.reflect.Method.invoke(Method.java:578)
at org.testng.internal.MethodInvocationHelper.invokeMethod(MethodInvocationHelper.java:133)
at org.testng.internal.TestInvoker.invokeMethod(TestInvoker.java:598)
at org.testng.internal.TestInvoker.invokeTestMethod(TestInvoker.java:173)
at org.testng.internal.MethodRunner.runInSequence(MethodRunner.java:46)
at org.testng.internal.TestInvoker$MethodInvocationAgent.invoke(TestInvoker.java:824)
at org.testng.internal.TestInvoker.invokeTestMethods(TestInvoker.java:146)
at org.testng.internal.TestMethodWorker.invokeTestMethods(TestMethodWorker.java:146)
at org.testng.internal.TestMethodWorker.run(TestMethodWorker.java:128)
at java.base/java.util.ArrayList.forEach(ArrayList.java:1511)
at org.testng.TestRunner.privateRun(TestRunner.java:794)
at org.testng.TestRunner.run(TestRunner.java:596)
at org.testng.SuiteRunner.runTest(SuiteRunner.java:377)
at org.testng.SuiteRunner.runSequentially(SuiteRunner.java:371)
at org.testng.SuiteRunner.privateRun(SuiteRunner.java:332)
at org.testng.SuiteRunner.run(SuiteRunner.java:276)
at org.testng.SuiteRunnerWorker.runSuite(SuiteRunnerWorker.java:53)
at org.testng.SuiteRunnerWorker.run(SuiteRunnerWorker.java:96)
at org.testng.TestNG.runSuitesSequentially(TestNG.java:1212)
at org.testng.TestNG.runSuitesLocally(TestNG.java:1134)
at org.testng.TestNG.runSuites(TestNG.java:1063)
at org.testng.TestNG.run(TestNG.java:1031)
at org.apache.maven.surefire.testng.TestNGExecutor.run(TestNGExecutor.java:284)
at org.apache.maven.surefire.testng.TestNGXmlTestSuite.execute(TestNGXmlTestSuite.java:75)
at org.apache.maven.surefire.testng.TestNGProvider.invoke(TestNGProvider.java:119)
at org.apache.maven.surefire.booter.ForkedBooter.runSuitesInProcess(ForkedBooter.java:428)
at org.apache.maven.surefire.booter.ForkedBooter.execute(ForkedBooter.java:162)
at org.apache.maven.surefire.booter.ForkedBooter.run(ForkedBooter.java:562)
at org.apache.maven.surefire.booter.ForkedBooter.main(ForkedBooter.java:548)
]]>
    </error>
  </testcase> <!-- Verify_the_functionality_of_CLOSE_button -->
  <system-out>
    <![CDATA[Application Launched.<br>
Clicked on skip button.<br>
Clicked on next button.<br>
Entered Email :- sagarnandha11+1@gmail.com<br>
Entered Password :- Plai@1234<br>
Clicked On Login Button<br>
App name is verified on login splash screen<br>
Day Greeting is verified on login splash screen<br>
Username with Profile Picture is verified on login splash screen<br>
Welcome Greeting is verified on login splash screen<br>
Clicked On Club Banner in which user is Admin<br>
Clicked On Edit Button<br>
Update Team Page is Displayed<br>
Clicked On Next Button<br>
Country Dropdown is Displayed<br>
Location TextField is Displayed<br>
Team Logo is Displayed<br>
Clicked On Country Dropdown<br>
Search bar is Displayed<br>
Searched Location :- Brazil<br>
Clicked On Searched Location :- Brazil<br>
Clicked on Done Button<br>
Clicked On Next Button<br>
Clicked On Update Team<br>
Team updated Successfully Popup is displayed<br>]]>
  </system-out>
  <testcase classname="Tests.HomePageTests" name="Verify_the_Profile_icon" time="48.443"/>
  <system-out>
    <![CDATA[Application Launched.<br>
Clicked on skip button.<br>
Clicked on next button.<br>
Entered Email :- sagarnandha11+1@gmail.com<br>
Entered Password :- Plai@1234<br>
Clicked On Login Button<br>
App name is verified on login splash screen<br>
Day Greeting is verified on login splash screen<br>
Username with Profile Picture is verified on login splash screen<br>
Welcome Greeting is verified on login splash screen<br>
Clicked on Profile Icon<br>]]>
  </system-out>
  <testcase classname="Tests.HomePageTests" name="Verify_the_Location_field_by_tap_on_Dropdown_icon" time="63.420"/>
  <system-out>
    <![CDATA[Application Launched.<br>
Clicked on skip button.<br>
Clicked on next button.<br>
Entered Email :- sagarnandha11+1@gmail.com<br>
Entered Password :- Plai@1234<br>
Clicked On Login Button<br>
App name is verified on login splash screen<br>
Day Greeting is verified on login splash screen<br>
Username with Profile Picture is verified on login splash screen<br>
Welcome Greeting is verified on login splash screen<br>
Clicked on Profile Icon<br>
Clicked on Edit Profile Button<br>
Clicked on Location Dropdown Button<br>
Location Dropdown Opened with list of countries<br>]]>
  </system-out>
  <testcase classname="Tests.HomePageTests" name="Verify_the_functionality_of_Search_bar_From_Location_Icon" time="55.187"/>
  <system-out>
    <![CDATA[Application Launched.<br>
Clicked on skip button.<br>
Clicked on next button.<br>
Entered Email :- sagarnandha11+1@gmail.com<br>
Entered Password :- Plai@1234<br>
Clicked On Login Button<br>
App name is verified on login splash screen<br>
Day Greeting is verified on login splash screen<br>
Username with Profile Picture is verified on login splash screen<br>
Welcome Greeting is verified on login splash screen<br>
Clicked On Location Icon<br>
Searched Sporty Tots<br>
Map navigated to Sporty Tots Location<br>
Sporty Tots banner is displayed<br>]]>
  </system-out>
  <testcase classname="Tests.HomePageTests" name="Verify_the_fields_display_on_Pending_Request_screen" time="49.941"/>
  <system-out>
    <![CDATA[Application Launched.<br>
Clicked on skip button.<br>
Clicked on next button.<br>
Entered Email :- sagarnandha11+1@gmail.com<br>
Entered Password :- Plai@1234<br>
Clicked On Login Button<br>
App name is verified on login splash screen<br>
Day Greeting is verified on login splash screen<br>
Username with Profile Picture is verified on login splash screen<br>
Welcome Greeting is verified on login splash screen<br>
Pending Requests Button Clicked<br>
Pending request page opened<br>
Pending request page opened<br>
Search Bar is Displayed<br>
Back Button is Displayed<br>
Request To Join Team is Displayed<br>]]>
  </system-out>
  <testcase classname="Tests.HomePageTests" name="Verify_the_NEXT_button_of_UPDATE_TEAM_screen_by_entering_data_in_mandatory_fields" time="68.181"/>
  <system-out>
    <![CDATA[Application Launched.<br>
Clicked on skip button.<br>
Clicked on next button.<br>
Entered Email :- sagarnandha11+1@gmail.com<br>
Entered Password :- Plai@1234<br>
Clicked On Login Button<br>
App name is verified on login splash screen<br>
Day Greeting is verified on login splash screen<br>
Username with Profile Picture is verified on login splash screen<br>
Welcome Greeting is verified on login splash screen<br>
Clicked On Club Banner in which user is Admin<br>
Clicked On Edit Button<br>
Update Team Page is Displayed<br>
Clicked On Next Button<br>
Country Dropdown is Displayed<br>
Location TextField is Displayed<br>
Team Logo is Displayed<br>]]>
  </system-out>
  <testcase classname="Tests.HomePageTests" name="Verify_the_functionality_of_Edit_icon" time="51.517"/>
  <system-out>
    <![CDATA[Application Launched.<br>
Clicked on skip button.<br>
Clicked on next button.<br>
Entered Email :- sagarnandha11+1@gmail.com<br>
Entered Password :- Plai@1234<br>
Clicked On Login Button<br>
App name is verified on login splash screen<br>
Day Greeting is verified on login splash screen<br>
Username with Profile Picture is verified on login splash screen<br>
Welcome Greeting is verified on login splash screen<br>
Clicked on Profile Icon<br>
Clicked on Edit Profile Button<br>]]>
  </system-out>
  <testcase classname="Tests.HomePageTests" name="Verify_the_Confirm_button_without_entering_data_in_Assign_Groups" time="76.034">
    <error message="An element could not be located on the page using the given search parameters.
For documentation on this error, please visit: https://www.seleniumhq.org/exceptions/no_such_element.html
Build info: version: &#039;3.141.59&#039;, revision: &#039;e82be7d358&#039;, time: &#039;2018-11-14T08:17:03&#039;
System info: host: &#039;Admins-MacBook-Pro.local&#039;, ip: &#039;fe80:0:0:0:8f:c148:5c9e:6494%en0&#039;, os.name: &#039;Mac OS X&#039;, os.arch: &#039;x86_64&#039;, os.version: &#039;12.4&#039;, java.version: &#039;19.0.1&#039;
Driver info: io.appium.java_client.android.AndroidDriver
Capabilities {app: /Users/admin/Desktop/Plai_M..., appPackage: com.app.plaisports, autoAcceptAlerts: true, autoGrantPermissions: true, automationName: UiAutomator2, databaseEnabled: false, desired: {app: /Users/admin/Desktop/Plai_M..., autoAcceptAlerts: true, autoGrantPermissions: true, automationName: UiAutomator2, deviceName: 25e4e5308f0d7ece, platformName: android, platformVersion: 10, resetKeyboard: false, unicodeKeyboard: false}, deviceApiLevel: 29, deviceManufacturer: samsung, deviceModel: SM-N960F, deviceName: 25e4e5308f0d7ece, deviceScreenDensity: 420, deviceScreenSize: 1080x2220, deviceUDID: 25e4e5308f0d7ece, javascriptEnabled: true, locationContextEnabled: false, networkConnectionEnabled: true, pixelRatio: 2.625, platform: LINUX, platformName: android, platformVersion: 10, resetKeyboard: false, statBarHeight: 63, takesScreenshot: true, unicodeKeyboard: false, viewportRect: {height: 2031, left: 0, top: 63, width: 1080}, warnings: {}, webStorageEnabled: false}
Session ID: 94a36246-b512-4458-8482-c64da4f74a68
*** Element info: {Using=xpath, value=//android.widget.TextView[@text=&quot;3ynrhm Eynryn&quot;]//..//android.view.View//android.widget.TextView[@text=&quot;ACCEPT&quot;]}" type="org.openqa.selenium.NoSuchElementException">
      <![CDATA[org.openqa.selenium.NoSuchElementException: An element could not be located on the page using the given search parameters.
For documentation on this error, please visit: https://www.seleniumhq.org/exceptions/no_such_element.html
Build info: version: '3.141.59', revision: 'e82be7d358', time: '2018-11-14T08:17:03'
System info: host: 'Admins-MacBook-Pro.local', ip: 'fe80:0:0:0:8f:c148:5c9e:6494%en0', os.name: 'Mac OS X', os.arch: 'x86_64', os.version: '12.4', java.version: '19.0.1'
Driver info: io.appium.java_client.android.AndroidDriver
Capabilities {app: /Users/admin/Desktop/Plai_M..., appPackage: com.app.plaisports, autoAcceptAlerts: true, autoGrantPermissions: true, automationName: UiAutomator2, databaseEnabled: false, desired: {app: /Users/admin/Desktop/Plai_M..., autoAcceptAlerts: true, autoGrantPermissions: true, automationName: UiAutomator2, deviceName: 25e4e5308f0d7ece, platformName: android, platformVersion: 10, resetKeyboard: false, unicodeKeyboard: false}, deviceApiLevel: 29, deviceManufacturer: samsung, deviceModel: SM-N960F, deviceName: 25e4e5308f0d7ece, deviceScreenDensity: 420, deviceScreenSize: 1080x2220, deviceUDID: 25e4e5308f0d7ece, javascriptEnabled: true, locationContextEnabled: false, networkConnectionEnabled: true, pixelRatio: 2.625, platform: LINUX, platformName: android, platformVersion: 10, resetKeyboard: false, statBarHeight: 63, takesScreenshot: true, unicodeKeyboard: false, viewportRect: {height: 2031, left: 0, top: 63, width: 1080}, warnings: {}, webStorageEnabled: false}
Session ID: 94a36246-b512-4458-8482-c64da4f74a68
*** Element info: {Using=xpath, value=//android.widget.TextView[@text="3ynrhm Eynryn"]//..//android.view.View//android.widget.TextView[@text="ACCEPT"]}
at java.base/jdk.internal.reflect.DirectConstructorHandleAccessor.newInstance(DirectConstructorHandleAccessor.java:67)
at java.base/java.lang.reflect.Constructor.newInstanceWithCaller(Constructor.java:500)
at java.base/java.lang.reflect.Constructor.newInstance(Constructor.java:484)
at org.openqa.selenium.remote.http.W3CHttpResponseCodec.createException(W3CHttpResponseCodec.java:187)
at org.openqa.selenium.remote.http.W3CHttpResponseCodec.decode(W3CHttpResponseCodec.java:122)
at org.openqa.selenium.remote.http.W3CHttpResponseCodec.decode(W3CHttpResponseCodec.java:49)
at org.openqa.selenium.remote.HttpCommandExecutor.execute(HttpCommandExecutor.java:158)
at io.appium.java_client.remote.AppiumCommandExecutor.execute(AppiumCommandExecutor.java:247)
at org.openqa.selenium.remote.RemoteWebDriver.execute(RemoteWebDriver.java:552)
at io.appium.java_client.DefaultGenericMobileDriver.execute(DefaultGenericMobileDriver.java:41)
at io.appium.java_client.AppiumDriver.execute(AppiumDriver.java:1)
at io.appium.java_client.android.AndroidDriver.execute(AndroidDriver.java:1)
at org.openqa.selenium.remote.RemoteWebDriver.findElement(RemoteWebDriver.java:323)
at io.appium.java_client.DefaultGenericMobileDriver.findElement(DefaultGenericMobileDriver.java:61)
at io.appium.java_client.AppiumDriver.findElement(AppiumDriver.java:1)
at io.appium.java_client.android.AndroidDriver.findElement(AndroidDriver.java:1)
at org.openqa.selenium.remote.RemoteWebDriver.findElementByXPath(RemoteWebDriver.java:428)
at io.appium.java_client.DefaultGenericMobileDriver.findElementByXPath(DefaultGenericMobileDriver.java:151)
at io.appium.java_client.AppiumDriver.findElementByXPath(AppiumDriver.java:1)
at io.appium.java_client.android.AndroidDriver.findElementByXPath(AndroidDriver.java:1)
at org.openqa.selenium.By$ByXPath.findElement(By.java:353)
at org.openqa.selenium.remote.RemoteWebDriver.findElement(RemoteWebDriver.java:315)
at io.appium.java_client.DefaultGenericMobileDriver.findElement(DefaultGenericMobileDriver.java:57)
at io.appium.java_client.AppiumDriver.findElement(AppiumDriver.java:1)
at io.appium.java_client.android.AndroidDriver.findElement(AndroidDriver.java:1)
at Pages.HomePage.Accept_User_Request(HomePage.java:481)
at Tests.HomePageTests.Verify_the_Confirm_button_without_entering_data_in_Assign_Groups(HomePageTests.java:838)
at java.base/jdk.internal.reflect.DirectMethodHandleAccessor.invoke(DirectMethodHandleAccessor.java:104)
at java.base/java.lang.reflect.Method.invoke(Method.java:578)
at org.testng.internal.MethodInvocationHelper.invokeMethod(MethodInvocationHelper.java:133)
at org.testng.internal.TestInvoker.invokeMethod(TestInvoker.java:598)
at org.testng.internal.TestInvoker.invokeTestMethod(TestInvoker.java:173)
at org.testng.internal.MethodRunner.runInSequence(MethodRunner.java:46)
at org.testng.internal.TestInvoker$MethodInvocationAgent.invoke(TestInvoker.java:824)
at org.testng.internal.TestInvoker.invokeTestMethods(TestInvoker.java:146)
at org.testng.internal.TestMethodWorker.invokeTestMethods(TestMethodWorker.java:146)
at org.testng.internal.TestMethodWorker.run(TestMethodWorker.java:128)
at java.base/java.util.ArrayList.forEach(ArrayList.java:1511)
at org.testng.TestRunner.privateRun(TestRunner.java:794)
at org.testng.TestRunner.run(TestRunner.java:596)
at org.testng.SuiteRunner.runTest(SuiteRunner.java:377)
at org.testng.SuiteRunner.runSequentially(SuiteRunner.java:371)
at org.testng.SuiteRunner.privateRun(SuiteRunner.java:332)
at org.testng.SuiteRunner.run(SuiteRunner.java:276)
at org.testng.SuiteRunnerWorker.runSuite(SuiteRunnerWorker.java:53)
at org.testng.SuiteRunnerWorker.run(SuiteRunnerWorker.java:96)
at org.testng.TestNG.runSuitesSequentially(TestNG.java:1212)
at org.testng.TestNG.runSuitesLocally(TestNG.java:1134)
at org.testng.TestNG.runSuites(TestNG.java:1063)
at org.testng.TestNG.run(TestNG.java:1031)
at org.apache.maven.surefire.testng.TestNGExecutor.run(TestNGExecutor.java:284)
at org.apache.maven.surefire.testng.TestNGXmlTestSuite.execute(TestNGXmlTestSuite.java:75)
at org.apache.maven.surefire.testng.TestNGProvider.invoke(TestNGProvider.java:119)
at org.apache.maven.surefire.booter.ForkedBooter.runSuitesInProcess(ForkedBooter.java:428)
at org.apache.maven.surefire.booter.ForkedBooter.execute(ForkedBooter.java:162)
at org.apache.maven.surefire.booter.ForkedBooter.run(ForkedBooter.java:562)
at org.apache.maven.surefire.booter.ForkedBooter.main(ForkedBooter.java:548)
]]>
    </error>
  </testcase> <!-- Verify_the_Confirm_button_without_entering_data_in_Assign_Groups -->
  <system-out>
    <![CDATA[Application Launched.<br>
Clicked on skip button.<br>
Clicked on next button.<br>
Entered Email :- sagarnandha11+1@gmail.com<br>
Entered Password :- Plai@1234<br>
Clicked On Login Button<br>
App name is verified on login splash screen<br>
Day Greeting is verified on login splash screen<br>
Username with Profile Picture is verified on login splash screen<br>
Welcome Greeting is verified on login splash screen<br>
Clicked On Club Banner in which user is Admin<br>]]>
  </system-out>
  <testcase classname="Tests.HomePageTests" name="Verify_the_banner_for_searched_club_2_Verify_Pending_Request" time="71.524"/>
  <system-out>
    <![CDATA[Application Launched.<br>
Clicked on skip button.<br>
Clicked on next button.<br>
Entered Email :- sagarnandha11+1@gmail.com<br>
Entered Password :- Plai@1234<br>
Clicked On Login Button<br>
App name is verified on login splash screen<br>
Day Greeting is verified on login splash screen<br>
Username with Profile Picture is verified on login splash screen<br>
Welcome Greeting is verified on login splash screen<br>
Clicked On Search Icon<br>
Search Page is displayed<br>
Searched Sporty Tots<br>
Map navigated to Sporty Tots Location<br>
Sporty Tots banner is displayed<br>
Clicked on Sporty Tots banner<br>
Clicked on Join Team Button<br>
Clicked on Back button<br>
Verifying Pending Request button For the Team Joining<br>
Clicked on Pending Request button<br>
Pending Request for join team of Searched Team is displayed in Pending Requests<br>]]>
  </system-out>
  <testcase classname="Tests.HomePageTests" name="Verify_the_banner_for_searched_club_From_Location_Icon" time="71.345">
    <error message="An element could not be located on the page using the given search parameters.
For documentation on this error, please visit: https://www.seleniumhq.org/exceptions/no_such_element.html
Build info: version: &#039;3.141.59&#039;, revision: &#039;e82be7d358&#039;, time: &#039;2018-11-14T08:17:03&#039;
System info: host: &#039;Admins-MacBook-Pro.local&#039;, ip: &#039;fe80:0:0:0:8f:c148:5c9e:6494%en0&#039;, os.name: &#039;Mac OS X&#039;, os.arch: &#039;x86_64&#039;, os.version: &#039;12.4&#039;, java.version: &#039;19.0.1&#039;
Driver info: io.appium.java_client.android.AndroidDriver
Capabilities {app: /Users/admin/Desktop/Plai_M..., appPackage: com.app.plaisports, autoAcceptAlerts: true, autoGrantPermissions: true, automationName: UiAutomator2, databaseEnabled: false, desired: {app: /Users/admin/Desktop/Plai_M..., autoAcceptAlerts: true, autoGrantPermissions: true, automationName: UiAutomator2, deviceName: 25e4e5308f0d7ece, platformName: android, platformVersion: 10, resetKeyboard: false, unicodeKeyboard: false}, deviceApiLevel: 29, deviceManufacturer: samsung, deviceModel: SM-N960F, deviceName: 25e4e5308f0d7ece, deviceScreenDensity: 420, deviceScreenSize: 1080x2220, deviceUDID: 25e4e5308f0d7ece, javascriptEnabled: true, locationContextEnabled: false, networkConnectionEnabled: true, pixelRatio: 2.625, platform: LINUX, platformName: android, platformVersion: 10, resetKeyboard: false, statBarHeight: 63, takesScreenshot: true, unicodeKeyboard: false, viewportRect: {height: 2031, left: 0, top: 63, width: 1080}, warnings: {}, webStorageEnabled: false}
Session ID: 2ed43451-b474-4311-9177-aa821a407e56
*** Element info: {Using=xpath, value=//android.widget.TextView[@text=&quot;Sporty Tots&quot;]}" type="org.openqa.selenium.NoSuchElementException">
      <![CDATA[org.openqa.selenium.NoSuchElementException: An element could not be located on the page using the given search parameters.
For documentation on this error, please visit: https://www.seleniumhq.org/exceptions/no_such_element.html
Build info: version: '3.141.59', revision: 'e82be7d358', time: '2018-11-14T08:17:03'
System info: host: 'Admins-MacBook-Pro.local', ip: 'fe80:0:0:0:8f:c148:5c9e:6494%en0', os.name: 'Mac OS X', os.arch: 'x86_64', os.version: '12.4', java.version: '19.0.1'
Driver info: io.appium.java_client.android.AndroidDriver
Capabilities {app: /Users/admin/Desktop/Plai_M..., appPackage: com.app.plaisports, autoAcceptAlerts: true, autoGrantPermissions: true, automationName: UiAutomator2, databaseEnabled: false, desired: {app: /Users/admin/Desktop/Plai_M..., autoAcceptAlerts: true, autoGrantPermissions: true, automationName: UiAutomator2, deviceName: 25e4e5308f0d7ece, platformName: android, platformVersion: 10, resetKeyboard: false, unicodeKeyboard: false}, deviceApiLevel: 29, deviceManufacturer: samsung, deviceModel: SM-N960F, deviceName: 25e4e5308f0d7ece, deviceScreenDensity: 420, deviceScreenSize: 1080x2220, deviceUDID: 25e4e5308f0d7ece, javascriptEnabled: true, locationContextEnabled: false, networkConnectionEnabled: true, pixelRatio: 2.625, platform: LINUX, platformName: android, platformVersion: 10, resetKeyboard: false, statBarHeight: 63, takesScreenshot: true, unicodeKeyboard: false, viewportRect: {height: 2031, left: 0, top: 63, width: 1080}, warnings: {}, webStorageEnabled: false}
Session ID: 2ed43451-b474-4311-9177-aa821a407e56
*** Element info: {Using=xpath, value=//android.widget.TextView[@text="Sporty Tots"]}
at java.base/jdk.internal.reflect.DirectConstructorHandleAccessor.newInstance(DirectConstructorHandleAccessor.java:67)
at java.base/java.lang.reflect.Constructor.newInstanceWithCaller(Constructor.java:500)
at java.base/java.lang.reflect.Constructor.newInstance(Constructor.java:484)
at org.openqa.selenium.remote.http.W3CHttpResponseCodec.createException(W3CHttpResponseCodec.java:187)
at org.openqa.selenium.remote.http.W3CHttpResponseCodec.decode(W3CHttpResponseCodec.java:122)
at org.openqa.selenium.remote.http.W3CHttpResponseCodec.decode(W3CHttpResponseCodec.java:49)
at org.openqa.selenium.remote.HttpCommandExecutor.execute(HttpCommandExecutor.java:158)
at io.appium.java_client.remote.AppiumCommandExecutor.execute(AppiumCommandExecutor.java:247)
at org.openqa.selenium.remote.RemoteWebDriver.execute(RemoteWebDriver.java:552)
at io.appium.java_client.DefaultGenericMobileDriver.execute(DefaultGenericMobileDriver.java:41)
at io.appium.java_client.AppiumDriver.execute(AppiumDriver.java:1)
at io.appium.java_client.android.AndroidDriver.execute(AndroidDriver.java:1)
at org.openqa.selenium.remote.RemoteWebDriver.findElement(RemoteWebDriver.java:323)
at io.appium.java_client.DefaultGenericMobileDriver.findElement(DefaultGenericMobileDriver.java:61)
at io.appium.java_client.AppiumDriver.findElement(AppiumDriver.java:1)
at io.appium.java_client.android.AndroidDriver.findElement(AndroidDriver.java:1)
at org.openqa.selenium.remote.RemoteWebDriver.findElementByXPath(RemoteWebDriver.java:428)
at io.appium.java_client.DefaultGenericMobileDriver.findElementByXPath(DefaultGenericMobileDriver.java:151)
at io.appium.java_client.AppiumDriver.findElementByXPath(AppiumDriver.java:1)
at io.appium.java_client.android.AndroidDriver.findElementByXPath(AndroidDriver.java:1)
at org.openqa.selenium.By$ByXPath.findElement(By.java:353)
at org.openqa.selenium.remote.RemoteWebDriver.findElement(RemoteWebDriver.java:315)
at io.appium.java_client.DefaultGenericMobileDriver.findElement(DefaultGenericMobileDriver.java:57)
at io.appium.java_client.AppiumDriver.findElement(AppiumDriver.java:1)
at io.appium.java_client.android.AndroidDriver.findElement(AndroidDriver.java:1)
at Pages.HomePage.Verify_Join_Team_Button(HomePage.java:82)
at Tests.HomePageTests.Verify_the_banner_for_searched_club_From_Location_Icon(HomePageTests.java:480)
at java.base/jdk.internal.reflect.DirectMethodHandleAccessor.invoke(DirectMethodHandleAccessor.java:104)
at java.base/java.lang.reflect.Method.invoke(Method.java:578)
at org.testng.internal.MethodInvocationHelper.invokeMethod(MethodInvocationHelper.java:133)
at org.testng.internal.TestInvoker.invokeMethod(TestInvoker.java:598)
at org.testng.internal.TestInvoker.invokeTestMethod(TestInvoker.java:173)
at org.testng.internal.MethodRunner.runInSequence(MethodRunner.java:46)
at org.testng.internal.TestInvoker$MethodInvocationAgent.invoke(TestInvoker.java:824)
at org.testng.internal.TestInvoker.invokeTestMethods(TestInvoker.java:146)
at org.testng.internal.TestMethodWorker.invokeTestMethods(TestMethodWorker.java:146)
at org.testng.internal.TestMethodWorker.run(TestMethodWorker.java:128)
at java.base/java.util.ArrayList.forEach(ArrayList.java:1511)
at org.testng.TestRunner.privateRun(TestRunner.java:794)
at org.testng.TestRunner.run(TestRunner.java:596)
at org.testng.SuiteRunner.runTest(SuiteRunner.java:377)
at org.testng.SuiteRunner.runSequentially(SuiteRunner.java:371)
at org.testng.SuiteRunner.privateRun(SuiteRunner.java:332)
at org.testng.SuiteRunner.run(SuiteRunner.java:276)
at org.testng.SuiteRunnerWorker.runSuite(SuiteRunnerWorker.java:53)
at org.testng.SuiteRunnerWorker.run(SuiteRunnerWorker.java:96)
at org.testng.TestNG.runSuitesSequentially(TestNG.java:1212)
at org.testng.TestNG.runSuitesLocally(TestNG.java:1134)
at org.testng.TestNG.runSuites(TestNG.java:1063)
at org.testng.TestNG.run(TestNG.java:1031)
at org.apache.maven.surefire.testng.TestNGExecutor.run(TestNGExecutor.java:284)
at org.apache.maven.surefire.testng.TestNGXmlTestSuite.execute(TestNGXmlTestSuite.java:75)
at org.apache.maven.surefire.testng.TestNGProvider.invoke(TestNGProvider.java:119)
at org.apache.maven.surefire.booter.ForkedBooter.runSuitesInProcess(ForkedBooter.java:428)
at org.apache.maven.surefire.booter.ForkedBooter.execute(ForkedBooter.java:162)
at org.apache.maven.surefire.booter.ForkedBooter.run(ForkedBooter.java:562)
at org.apache.maven.surefire.booter.ForkedBooter.main(ForkedBooter.java:548)
]]>
    </error>
  </testcase> <!-- Verify_the_banner_for_searched_club_From_Location_Icon -->
  <system-out>
    <![CDATA[Application Launched.<br>
Clicked on skip button.<br>
Clicked on next button.<br>
Entered Email :- sagarnandha11+1@gmail.com<br>
Entered Password :- Plai@1234<br>
Clicked On Login Button<br>
App name is verified on login splash screen<br>
Day Greeting is verified on login splash screen<br>
Username with Profile Picture is verified on login splash screen<br>
Welcome Greeting is verified on login splash screen<br>
Clicked On Location Icon<br>
Searched Sporty Tots<br>
Map navigated to Sporty Tots Location<br>
Sporty Tots banner is displayed<br>]]>
  </system-out>
  <testcase classname="Tests.HomePageTests" name="Verify_the_Assign_Groups_field" time="77.045">
    <error message="An element could not be located on the page using the given search parameters.
For documentation on this error, please visit: https://www.seleniumhq.org/exceptions/no_such_element.html
Build info: version: &#039;3.141.59&#039;, revision: &#039;e82be7d358&#039;, time: &#039;2018-11-14T08:17:03&#039;
System info: host: &#039;Admins-MacBook-Pro.local&#039;, ip: &#039;fe80:0:0:0:8f:c148:5c9e:6494%en0&#039;, os.name: &#039;Mac OS X&#039;, os.arch: &#039;x86_64&#039;, os.version: &#039;12.4&#039;, java.version: &#039;19.0.1&#039;
Driver info: io.appium.java_client.android.AndroidDriver
Capabilities {app: /Users/admin/Desktop/Plai_M..., appPackage: com.app.plaisports, autoAcceptAlerts: true, autoGrantPermissions: true, automationName: UiAutomator2, databaseEnabled: false, desired: {app: /Users/admin/Desktop/Plai_M..., autoAcceptAlerts: true, autoGrantPermissions: true, automationName: UiAutomator2, deviceName: 25e4e5308f0d7ece, platformName: android, platformVersion: 10, resetKeyboard: false, unicodeKeyboard: false}, deviceApiLevel: 29, deviceManufacturer: samsung, deviceModel: SM-N960F, deviceName: 25e4e5308f0d7ece, deviceScreenDensity: 420, deviceScreenSize: 1080x2220, deviceUDID: 25e4e5308f0d7ece, javascriptEnabled: true, locationContextEnabled: false, networkConnectionEnabled: true, pixelRatio: 2.625, platform: LINUX, platformName: android, platformVersion: 10, resetKeyboard: false, statBarHeight: 63, takesScreenshot: true, unicodeKeyboard: false, viewportRect: {height: 2031, left: 0, top: 63, width: 1080}, warnings: {}, webStorageEnabled: false}
Session ID: a75aaa76-6964-4443-86bb-c9b6015e1de7
*** Element info: {Using=xpath, value=//android.widget.TextView[@text=&quot;3ynrhm Eynryn&quot;]//..//android.view.View//android.widget.TextView[@text=&quot;ACCEPT&quot;]}" type="org.openqa.selenium.NoSuchElementException">
      <![CDATA[org.openqa.selenium.NoSuchElementException: An element could not be located on the page using the given search parameters.
For documentation on this error, please visit: https://www.seleniumhq.org/exceptions/no_such_element.html
Build info: version: '3.141.59', revision: 'e82be7d358', time: '2018-11-14T08:17:03'
System info: host: 'Admins-MacBook-Pro.local', ip: 'fe80:0:0:0:8f:c148:5c9e:6494%en0', os.name: 'Mac OS X', os.arch: 'x86_64', os.version: '12.4', java.version: '19.0.1'
Driver info: io.appium.java_client.android.AndroidDriver
Capabilities {app: /Users/admin/Desktop/Plai_M..., appPackage: com.app.plaisports, autoAcceptAlerts: true, autoGrantPermissions: true, automationName: UiAutomator2, databaseEnabled: false, desired: {app: /Users/admin/Desktop/Plai_M..., autoAcceptAlerts: true, autoGrantPermissions: true, automationName: UiAutomator2, deviceName: 25e4e5308f0d7ece, platformName: android, platformVersion: 10, resetKeyboard: false, unicodeKeyboard: false}, deviceApiLevel: 29, deviceManufacturer: samsung, deviceModel: SM-N960F, deviceName: 25e4e5308f0d7ece, deviceScreenDensity: 420, deviceScreenSize: 1080x2220, deviceUDID: 25e4e5308f0d7ece, javascriptEnabled: true, locationContextEnabled: false, networkConnectionEnabled: true, pixelRatio: 2.625, platform: LINUX, platformName: android, platformVersion: 10, resetKeyboard: false, statBarHeight: 63, takesScreenshot: true, unicodeKeyboard: false, viewportRect: {height: 2031, left: 0, top: 63, width: 1080}, warnings: {}, webStorageEnabled: false}
Session ID: a75aaa76-6964-4443-86bb-c9b6015e1de7
*** Element info: {Using=xpath, value=//android.widget.TextView[@text="3ynrhm Eynryn"]//..//android.view.View//android.widget.TextView[@text="ACCEPT"]}
at java.base/jdk.internal.reflect.DirectConstructorHandleAccessor.newInstance(DirectConstructorHandleAccessor.java:67)
at java.base/java.lang.reflect.Constructor.newInstanceWithCaller(Constructor.java:500)
at java.base/java.lang.reflect.Constructor.newInstance(Constructor.java:484)
at org.openqa.selenium.remote.http.W3CHttpResponseCodec.createException(W3CHttpResponseCodec.java:187)
at org.openqa.selenium.remote.http.W3CHttpResponseCodec.decode(W3CHttpResponseCodec.java:122)
at org.openqa.selenium.remote.http.W3CHttpResponseCodec.decode(W3CHttpResponseCodec.java:49)
at org.openqa.selenium.remote.HttpCommandExecutor.execute(HttpCommandExecutor.java:158)
at io.appium.java_client.remote.AppiumCommandExecutor.execute(AppiumCommandExecutor.java:247)
at org.openqa.selenium.remote.RemoteWebDriver.execute(RemoteWebDriver.java:552)
at io.appium.java_client.DefaultGenericMobileDriver.execute(DefaultGenericMobileDriver.java:41)
at io.appium.java_client.AppiumDriver.execute(AppiumDriver.java:1)
at io.appium.java_client.android.AndroidDriver.execute(AndroidDriver.java:1)
at org.openqa.selenium.remote.RemoteWebDriver.findElement(RemoteWebDriver.java:323)
at io.appium.java_client.DefaultGenericMobileDriver.findElement(DefaultGenericMobileDriver.java:61)
at io.appium.java_client.AppiumDriver.findElement(AppiumDriver.java:1)
at io.appium.java_client.android.AndroidDriver.findElement(AndroidDriver.java:1)
at org.openqa.selenium.remote.RemoteWebDriver.findElementByXPath(RemoteWebDriver.java:428)
at io.appium.java_client.DefaultGenericMobileDriver.findElementByXPath(DefaultGenericMobileDriver.java:151)
at io.appium.java_client.AppiumDriver.findElementByXPath(AppiumDriver.java:1)
at io.appium.java_client.android.AndroidDriver.findElementByXPath(AndroidDriver.java:1)
at org.openqa.selenium.By$ByXPath.findElement(By.java:353)
at org.openqa.selenium.remote.RemoteWebDriver.findElement(RemoteWebDriver.java:315)
at io.appium.java_client.DefaultGenericMobileDriver.findElement(DefaultGenericMobileDriver.java:57)
at io.appium.java_client.AppiumDriver.findElement(AppiumDriver.java:1)
at io.appium.java_client.android.AndroidDriver.findElement(AndroidDriver.java:1)
at Pages.HomePage.Accept_User_Request(HomePage.java:481)
at Tests.HomePageTests.Verify_the_Assign_Groups_field(HomePageTests.java:762)
at java.base/jdk.internal.reflect.DirectMethodHandleAccessor.invoke(DirectMethodHandleAccessor.java:104)
at java.base/java.lang.reflect.Method.invoke(Method.java:578)
at org.testng.internal.MethodInvocationHelper.invokeMethod(MethodInvocationHelper.java:133)
at org.testng.internal.TestInvoker.invokeMethod(TestInvoker.java:598)
at org.testng.internal.TestInvoker.invokeTestMethod(TestInvoker.java:173)
at org.testng.internal.MethodRunner.runInSequence(MethodRunner.java:46)
at org.testng.internal.TestInvoker$MethodInvocationAgent.invoke(TestInvoker.java:824)
at org.testng.internal.TestInvoker.invokeTestMethods(TestInvoker.java:146)
at org.testng.internal.TestMethodWorker.invokeTestMethods(TestMethodWorker.java:146)
at org.testng.internal.TestMethodWorker.run(TestMethodWorker.java:128)
at java.base/java.util.ArrayList.forEach(ArrayList.java:1511)
at org.testng.TestRunner.privateRun(TestRunner.java:794)
at org.testng.TestRunner.run(TestRunner.java:596)
at org.testng.SuiteRunner.runTest(SuiteRunner.java:377)
at org.testng.SuiteRunner.runSequentially(SuiteRunner.java:371)
at org.testng.SuiteRunner.privateRun(SuiteRunner.java:332)
at org.testng.SuiteRunner.run(SuiteRunner.java:276)
at org.testng.SuiteRunnerWorker.runSuite(SuiteRunnerWorker.java:53)
at org.testng.SuiteRunnerWorker.run(SuiteRunnerWorker.java:96)
at org.testng.TestNG.runSuitesSequentially(TestNG.java:1212)
at org.testng.TestNG.runSuitesLocally(TestNG.java:1134)
at org.testng.TestNG.runSuites(TestNG.java:1063)
at org.testng.TestNG.run(TestNG.java:1031)
at org.apache.maven.surefire.testng.TestNGExecutor.run(TestNGExecutor.java:284)
at org.apache.maven.surefire.testng.TestNGXmlTestSuite.execute(TestNGXmlTestSuite.java:75)
at org.apache.maven.surefire.testng.TestNGProvider.invoke(TestNGProvider.java:119)
at org.apache.maven.surefire.booter.ForkedBooter.runSuitesInProcess(ForkedBooter.java:428)
at org.apache.maven.surefire.booter.ForkedBooter.execute(ForkedBooter.java:162)
at org.apache.maven.surefire.booter.ForkedBooter.run(ForkedBooter.java:562)
at org.apache.maven.surefire.booter.ForkedBooter.main(ForkedBooter.java:548)
]]>
    </error>
  </testcase> <!-- Verify_the_Assign_Groups_field -->
  <system-out>
    <![CDATA[Application Launched.<br>
Clicked on skip button.<br>
Clicked on next button.<br>
Entered Email :- sagarnandha11+1@gmail.com<br>
Entered Password :- Plai@1234<br>
Clicked On Login Button<br>
App name is verified on login splash screen<br>
Day Greeting is verified on login splash screen<br>
Username with Profile Picture is verified on login splash screen<br>
Welcome Greeting is verified on login splash screen<br>
Clicked On Club Banner in which user is Admin<br>]]>
  </system-out>
  <testcase classname="Tests.HomePageTests" name="Verify_the_functionality_of_Sort_by_filter" time="49.011"/>
  <system-out>
    <![CDATA[Application Launched.<br>
Clicked on skip button.<br>
Clicked on next button.<br>
Entered Email :- sagarnandha11+1@gmail.com<br>
Entered Password :- Plai@1234<br>
Clicked On Login Button<br>
App name is verified on login splash screen<br>
Day Greeting is verified on login splash screen<br>
Username with Profile Picture is verified on login splash screen<br>
Welcome Greeting is verified on login splash screen<br>
Clicked On Sort by Button<br>
Sort Panel Opened<br>
All Option is Displayed<br>
Bookmark option is Displayed<br>
Cancel Sort is Displayed<br>]]>
  </system-out>
  <testcase classname="Tests.HomePageTests" name="Verify_UPDATE_TEAM_button" time="74.423"/>
  <system-out>
    <![CDATA[Application Launched.<br>
Clicked on skip button.<br>
Clicked on next button.<br>
Entered Email :- sagarnandha11+1@gmail.com<br>
Entered Password :- Plai@1234<br>
Clicked On Login Button<br>
App name is verified on login splash screen<br>
Day Greeting is verified on login splash screen<br>
Username with Profile Picture is verified on login splash screen<br>
Welcome Greeting is verified on login splash screen<br>
Clicked On Club Banner in which user is Admin<br>
Clicked On Edit Button<br>
Update Team Page is Displayed<br>
Clicked On Next Button<br>
Country Dropdown is Displayed<br>
Location TextField is Displayed<br>
Team Logo is Displayed<br>
Clicked On Country Dropdown<br>
Search bar is Displayed<br>
Searched Location :- Brazil<br>
Clicked On Searched Location :- Brazil<br>
Clicked on Done Button<br>
Clicked On Next Button<br>
Clicked On Update Team<br>
Team updated Successfully Popup is displayed<br>]]>
  </system-out>
  <testcase classname="Tests.HomePageTests" name="Verify_the_Bookmark_icon_of_Article_banner" time="69.670">
    <error message="An element could not be located on the page using the given search parameters.
For documentation on this error, please visit: https://www.seleniumhq.org/exceptions/no_such_element.html
Build info: version: &#039;3.141.59&#039;, revision: &#039;e82be7d358&#039;, time: &#039;2018-11-14T08:17:03&#039;
System info: host: &#039;Admins-MacBook-Pro.local&#039;, ip: &#039;fe80:0:0:0:8f:c148:5c9e:6494%en0&#039;, os.name: &#039;Mac OS X&#039;, os.arch: &#039;x86_64&#039;, os.version: &#039;12.4&#039;, java.version: &#039;19.0.1&#039;
Driver info: io.appium.java_client.android.AndroidDriver
Capabilities {app: /Users/admin/Desktop/Plai_M..., appPackage: com.app.plaisports, autoAcceptAlerts: true, autoGrantPermissions: true, automationName: UiAutomator2, databaseEnabled: false, desired: {app: /Users/admin/Desktop/Plai_M..., autoAcceptAlerts: true, autoGrantPermissions: true, automationName: UiAutomator2, deviceName: 25e4e5308f0d7ece, platformName: android, platformVersion: 10, resetKeyboard: false, unicodeKeyboard: false}, deviceApiLevel: 29, deviceManufacturer: samsung, deviceModel: SM-N960F, deviceName: 25e4e5308f0d7ece, deviceScreenDensity: 420, deviceScreenSize: 1080x2220, deviceUDID: 25e4e5308f0d7ece, javascriptEnabled: true, locationContextEnabled: false, networkConnectionEnabled: true, pixelRatio: 2.625, platform: LINUX, platformName: android, platformVersion: 10, resetKeyboard: false, statBarHeight: 63, takesScreenshot: true, unicodeKeyboard: false, viewportRect: {height: 2031, left: 0, top: 63, width: 1080}, warnings: {}, webStorageEnabled: false}
Session ID: 026ac650-44b1-4257-b0e1-e85ade1213f1
*** Element info: {Using=xpath, value=//android.widget.TextView[@text=&quot;Article&quot;]//..//android.view.View[1]}" type="org.openqa.selenium.NoSuchElementException">
      <![CDATA[org.openqa.selenium.NoSuchElementException: An element could not be located on the page using the given search parameters.
For documentation on this error, please visit: https://www.seleniumhq.org/exceptions/no_such_element.html
Build info: version: '3.141.59', revision: 'e82be7d358', time: '2018-11-14T08:17:03'
System info: host: 'Admins-MacBook-Pro.local', ip: 'fe80:0:0:0:8f:c148:5c9e:6494%en0', os.name: 'Mac OS X', os.arch: 'x86_64', os.version: '12.4', java.version: '19.0.1'
Driver info: io.appium.java_client.android.AndroidDriver
Capabilities {app: /Users/admin/Desktop/Plai_M..., appPackage: com.app.plaisports, autoAcceptAlerts: true, autoGrantPermissions: true, automationName: UiAutomator2, databaseEnabled: false, desired: {app: /Users/admin/Desktop/Plai_M..., autoAcceptAlerts: true, autoGrantPermissions: true, automationName: UiAutomator2, deviceName: 25e4e5308f0d7ece, platformName: android, platformVersion: 10, resetKeyboard: false, unicodeKeyboard: false}, deviceApiLevel: 29, deviceManufacturer: samsung, deviceModel: SM-N960F, deviceName: 25e4e5308f0d7ece, deviceScreenDensity: 420, deviceScreenSize: 1080x2220, deviceUDID: 25e4e5308f0d7ece, javascriptEnabled: true, locationContextEnabled: false, networkConnectionEnabled: true, pixelRatio: 2.625, platform: LINUX, platformName: android, platformVersion: 10, resetKeyboard: false, statBarHeight: 63, takesScreenshot: true, unicodeKeyboard: false, viewportRect: {height: 2031, left: 0, top: 63, width: 1080}, warnings: {}, webStorageEnabled: false}
Session ID: 026ac650-44b1-4257-b0e1-e85ade1213f1
*** Element info: {Using=xpath, value=//android.widget.TextView[@text="Article"]//..//android.view.View[1]}
at java.base/jdk.internal.reflect.DirectConstructorHandleAccessor.newInstance(DirectConstructorHandleAccessor.java:67)
at java.base/java.lang.reflect.Constructor.newInstanceWithCaller(Constructor.java:500)
at java.base/java.lang.reflect.Constructor.newInstance(Constructor.java:484)
at org.openqa.selenium.remote.http.W3CHttpResponseCodec.createException(W3CHttpResponseCodec.java:187)
at org.openqa.selenium.remote.http.W3CHttpResponseCodec.decode(W3CHttpResponseCodec.java:122)
at org.openqa.selenium.remote.http.W3CHttpResponseCodec.decode(W3CHttpResponseCodec.java:49)
at org.openqa.selenium.remote.HttpCommandExecutor.execute(HttpCommandExecutor.java:158)
at io.appium.java_client.remote.AppiumCommandExecutor.execute(AppiumCommandExecutor.java:247)
at org.openqa.selenium.remote.RemoteWebDriver.execute(RemoteWebDriver.java:552)
at io.appium.java_client.DefaultGenericMobileDriver.execute(DefaultGenericMobileDriver.java:41)
at io.appium.java_client.AppiumDriver.execute(AppiumDriver.java:1)
at io.appium.java_client.android.AndroidDriver.execute(AndroidDriver.java:1)
at org.openqa.selenium.remote.RemoteWebDriver.findElement(RemoteWebDriver.java:323)
at io.appium.java_client.DefaultGenericMobileDriver.findElement(DefaultGenericMobileDriver.java:61)
at io.appium.java_client.AppiumDriver.findElement(AppiumDriver.java:1)
at io.appium.java_client.android.AndroidDriver.findElement(AndroidDriver.java:1)
at org.openqa.selenium.remote.RemoteWebDriver.findElementByXPath(RemoteWebDriver.java:428)
at io.appium.java_client.DefaultGenericMobileDriver.findElementByXPath(DefaultGenericMobileDriver.java:151)
at io.appium.java_client.AppiumDriver.findElementByXPath(AppiumDriver.java:1)
at io.appium.java_client.android.AndroidDriver.findElementByXPath(AndroidDriver.java:1)
at org.openqa.selenium.By$ByXPath.findElement(By.java:353)
at org.openqa.selenium.remote.RemoteWebDriver.findElement(RemoteWebDriver.java:315)
at io.appium.java_client.DefaultGenericMobileDriver.findElement(DefaultGenericMobileDriver.java:57)
at io.appium.java_client.AppiumDriver.findElement(AppiumDriver.java:1)
at io.appium.java_client.android.AndroidDriver.findElement(AndroidDriver.java:1)
at Pages.HomePage.Bookmark_Article(HomePage.java:310)
at Tests.HomePageTests.Verify_the_Bookmark_icon_of_Article_banner(HomePageTests.java:416)
at java.base/jdk.internal.reflect.DirectMethodHandleAccessor.invoke(DirectMethodHandleAccessor.java:104)
at java.base/java.lang.reflect.Method.invoke(Method.java:578)
at org.testng.internal.MethodInvocationHelper.invokeMethod(MethodInvocationHelper.java:133)
at org.testng.internal.TestInvoker.invokeMethod(TestInvoker.java:598)
at org.testng.internal.TestInvoker.invokeTestMethod(TestInvoker.java:173)
at org.testng.internal.MethodRunner.runInSequence(MethodRunner.java:46)
at org.testng.internal.TestInvoker$MethodInvocationAgent.invoke(TestInvoker.java:824)
at org.testng.internal.TestInvoker.invokeTestMethods(TestInvoker.java:146)
at org.testng.internal.TestMethodWorker.invokeTestMethods(TestMethodWorker.java:146)
at org.testng.internal.TestMethodWorker.run(TestMethodWorker.java:128)
at java.base/java.util.ArrayList.forEach(ArrayList.java:1511)
at org.testng.TestRunner.privateRun(TestRunner.java:794)
at org.testng.TestRunner.run(TestRunner.java:596)
at org.testng.SuiteRunner.runTest(SuiteRunner.java:377)
at org.testng.SuiteRunner.runSequentially(SuiteRunner.java:371)
at org.testng.SuiteRunner.privateRun(SuiteRunner.java:332)
at org.testng.SuiteRunner.run(SuiteRunner.java:276)
at org.testng.SuiteRunnerWorker.runSuite(SuiteRunnerWorker.java:53)
at org.testng.SuiteRunnerWorker.run(SuiteRunnerWorker.java:96)
at org.testng.TestNG.runSuitesSequentially(TestNG.java:1212)
at org.testng.TestNG.runSuitesLocally(TestNG.java:1134)
at org.testng.TestNG.runSuites(TestNG.java:1063)
at org.testng.TestNG.run(TestNG.java:1031)
at org.apache.maven.surefire.testng.TestNGExecutor.run(TestNGExecutor.java:284)
at org.apache.maven.surefire.testng.TestNGXmlTestSuite.execute(TestNGXmlTestSuite.java:75)
at org.apache.maven.surefire.testng.TestNGProvider.invoke(TestNGProvider.java:119)
at org.apache.maven.surefire.booter.ForkedBooter.runSuitesInProcess(ForkedBooter.java:428)
at org.apache.maven.surefire.booter.ForkedBooter.execute(ForkedBooter.java:162)
at org.apache.maven.surefire.booter.ForkedBooter.run(ForkedBooter.java:562)
at org.apache.maven.surefire.booter.ForkedBooter.main(ForkedBooter.java:548)
]]>
    </error>
  </testcase> <!-- Verify_the_Bookmark_icon_of_Article_banner -->
  <system-out>
    <![CDATA[Application Launched.<br>
Clicked on skip button.<br>
Clicked on next button.<br>
Entered Email :- sagarnandha11+1@gmail.com<br>
Entered Password :- Plai@1234<br>
Clicked On Login Button<br>
App name is verified on login splash screen<br>
Day Greeting is verified on login splash screen<br>
Username with Profile Picture is verified on login splash screen<br>
Welcome Greeting is verified on login splash screen<br>
Clicked On Sort by Button<br>
Clicked On Bookmark Option<br>
Please Add Bookmark is Displayed<br>
Clicked On Sort by Button<br>
Clicked On All Option<br>
Bookmark Article Button is displayed<br>]]>
  </system-out>
  <testcase classname="Tests.HomePageTests" name="Verify_the_Location_icon" time="52.090"/>
  <system-out>
    <![CDATA[Application Launched.<br>
Clicked on skip button.<br>
Clicked on next button.<br>
Entered Email :- sagarnandha11+1@gmail.com<br>
Entered Password :- Plai@1234<br>
Clicked On Login Button<br>
App name is verified on login splash screen<br>
Day Greeting is verified on login splash screen<br>
Username with Profile Picture is verified on login splash screen<br>
Welcome Greeting is verified on login splash screen<br>
Clicked On Location Icon<br>
Search Field is displayed<br>
Map is displayed<br>
Sliding Banners are displayed<br>]]>
  </system-out>
  <testcase classname="Tests.HomePageTests" name="Verify_the_REQUEST_tab_for_admin_banner" time="64.329"/>
  <system-out>
    <![CDATA[Application Launched.<br>
Clicked on skip button.<br>
Clicked on next button.<br>
Entered Email :- sagarnandha11+1@gmail.com<br>
Entered Password :- Plai@1234<br>
Clicked On Login Button<br>
App name is verified on login splash screen<br>
Day Greeting is verified on login splash screen<br>
Username with Profile Picture is verified on login splash screen<br>
Welcome Greeting is verified on login splash screen<br>
Clicked On Club Banner in which user is Admin<br>
Facebook icon is Displayed<br>
Twitter icon is Displayed<br>
Instagram icon is Displayed<br>
Youtube icon is Displayed<br>
Edit Button is Displayed<br>
Request Tab is Displayed<br>
News Tab is Displayed<br>
Event Tab is Displayed<br>
Shop Tab is Displayed<br>
Clicked On Navigation Right Arrow<br>
Clicked On Navigation Right Arrow<br>
Clicked On Navigation Right Arrow<br>
Clicked On Navigation Right Arrow<br>
Clicked On Navigation Right Arrow<br>
Members Tab is Displayed<br>
Links Tab is Displayed<br>
Groups Tab is Displayed<br>
Add New Article Button is Displayed<br>]]>
  </system-out>
  <testcase classname="Tests.HomePageTests" name="Verify_the_Edit_button_for_admin_banner" time="67.475"/>
  <system-out>
    <![CDATA[Application Launched.<br>
Clicked on skip button.<br>
Clicked on next button.<br>
Entered Email :- sagarnandha11+1@gmail.com<br>
Entered Password :- Plai@1234<br>
Clicked On Login Button<br>
App name is verified on login splash screen<br>
Day Greeting is verified on login splash screen<br>
Username with Profile Picture is verified on login splash screen<br>
Welcome Greeting is verified on login splash screen<br>
Clicked On Club Banner in which user is Admin<br>
Clicked On Edit Button<br>
Update Team Page is Displayed<br>]]>
  </system-out>
  <testcase classname="Tests.HomePageTests" name="Verify_the_navigation_by_clicking_on_Back_icon_of_Search_Team_screen_From_Location_Icon" time="51.787"/>
  <system-out>
    <![CDATA[Application Launched.<br>
Clicked on skip button.<br>
Clicked on next button.<br>
Entered Email :- sagarnandha11+1@gmail.com<br>
Entered Password :- Plai@1234<br>
Clicked On Login Button<br>
App name is verified on login splash screen<br>
Day Greeting is verified on login splash screen<br>
Username with Profile Picture is verified on login splash screen<br>
Welcome Greeting is verified on login splash screen<br>
Clicked On Location Icon<br>
Search Field is displayed<br>
Map is displayed<br>
Sliding Banners are displayed<br>
Clicked On back button of search<br>
Back to Home Page<br>]]>
  </system-out>
  <testcase classname="Tests.HomePageTests" name="Verify_the_Deselect_All_button" time="75.766">
    <error message="An element could not be located on the page using the given search parameters.
For documentation on this error, please visit: https://www.seleniumhq.org/exceptions/no_such_element.html
Build info: version: &#039;3.141.59&#039;, revision: &#039;e82be7d358&#039;, time: &#039;2018-11-14T08:17:03&#039;
System info: host: &#039;Admins-MacBook-Pro.local&#039;, ip: &#039;fe80:0:0:0:8f:c148:5c9e:6494%en0&#039;, os.name: &#039;Mac OS X&#039;, os.arch: &#039;x86_64&#039;, os.version: &#039;12.4&#039;, java.version: &#039;19.0.1&#039;
Driver info: io.appium.java_client.android.AndroidDriver
Capabilities {app: /Users/admin/Desktop/Plai_M..., appPackage: com.app.plaisports, autoAcceptAlerts: true, autoGrantPermissions: true, automationName: UiAutomator2, databaseEnabled: false, desired: {app: /Users/admin/Desktop/Plai_M..., autoAcceptAlerts: true, autoGrantPermissions: true, automationName: UiAutomator2, deviceName: 25e4e5308f0d7ece, platformName: android, platformVersion: 10, resetKeyboard: false, unicodeKeyboard: false}, deviceApiLevel: 29, deviceManufacturer: samsung, deviceModel: SM-N960F, deviceName: 25e4e5308f0d7ece, deviceScreenDensity: 420, deviceScreenSize: 1080x2220, deviceUDID: 25e4e5308f0d7ece, javascriptEnabled: true, locationContextEnabled: false, networkConnectionEnabled: true, pixelRatio: 2.625, platform: LINUX, platformName: android, platformVersion: 10, resetKeyboard: false, statBarHeight: 63, takesScreenshot: true, unicodeKeyboard: false, viewportRect: {height: 2031, left: 0, top: 63, width: 1080}, warnings: {}, webStorageEnabled: false}
Session ID: 200f26b2-f559-41e3-90ee-f05388957220
*** Element info: {Using=xpath, value=//android.widget.TextView[@text=&quot;3ynrhm Eynryn&quot;]//..//android.view.View//android.widget.TextView[@text=&quot;ACCEPT&quot;]}" type="org.openqa.selenium.NoSuchElementException">
      <![CDATA[org.openqa.selenium.NoSuchElementException: An element could not be located on the page using the given search parameters.
For documentation on this error, please visit: https://www.seleniumhq.org/exceptions/no_such_element.html
Build info: version: '3.141.59', revision: 'e82be7d358', time: '2018-11-14T08:17:03'
System info: host: 'Admins-MacBook-Pro.local', ip: 'fe80:0:0:0:8f:c148:5c9e:6494%en0', os.name: 'Mac OS X', os.arch: 'x86_64', os.version: '12.4', java.version: '19.0.1'
Driver info: io.appium.java_client.android.AndroidDriver
Capabilities {app: /Users/admin/Desktop/Plai_M..., appPackage: com.app.plaisports, autoAcceptAlerts: true, autoGrantPermissions: true, automationName: UiAutomator2, databaseEnabled: false, desired: {app: /Users/admin/Desktop/Plai_M..., autoAcceptAlerts: true, autoGrantPermissions: true, automationName: UiAutomator2, deviceName: 25e4e5308f0d7ece, platformName: android, platformVersion: 10, resetKeyboard: false, unicodeKeyboard: false}, deviceApiLevel: 29, deviceManufacturer: samsung, deviceModel: SM-N960F, deviceName: 25e4e5308f0d7ece, deviceScreenDensity: 420, deviceScreenSize: 1080x2220, deviceUDID: 25e4e5308f0d7ece, javascriptEnabled: true, locationContextEnabled: false, networkConnectionEnabled: true, pixelRatio: 2.625, platform: LINUX, platformName: android, platformVersion: 10, resetKeyboard: false, statBarHeight: 63, takesScreenshot: true, unicodeKeyboard: false, viewportRect: {height: 2031, left: 0, top: 63, width: 1080}, warnings: {}, webStorageEnabled: false}
Session ID: 200f26b2-f559-41e3-90ee-f05388957220
*** Element info: {Using=xpath, value=//android.widget.TextView[@text="3ynrhm Eynryn"]//..//android.view.View//android.widget.TextView[@text="ACCEPT"]}
at java.base/jdk.internal.reflect.DirectConstructorHandleAccessor.newInstance(DirectConstructorHandleAccessor.java:67)
at java.base/java.lang.reflect.Constructor.newInstanceWithCaller(Constructor.java:500)
at java.base/java.lang.reflect.Constructor.newInstance(Constructor.java:484)
at org.openqa.selenium.remote.http.W3CHttpResponseCodec.createException(W3CHttpResponseCodec.java:187)
at org.openqa.selenium.remote.http.W3CHttpResponseCodec.decode(W3CHttpResponseCodec.java:122)
at org.openqa.selenium.remote.http.W3CHttpResponseCodec.decode(W3CHttpResponseCodec.java:49)
at org.openqa.selenium.remote.HttpCommandExecutor.execute(HttpCommandExecutor.java:158)
at io.appium.java_client.remote.AppiumCommandExecutor.execute(AppiumCommandExecutor.java:247)
at org.openqa.selenium.remote.RemoteWebDriver.execute(RemoteWebDriver.java:552)
at io.appium.java_client.DefaultGenericMobileDriver.execute(DefaultGenericMobileDriver.java:41)
at io.appium.java_client.AppiumDriver.execute(AppiumDriver.java:1)
at io.appium.java_client.android.AndroidDriver.execute(AndroidDriver.java:1)
at org.openqa.selenium.remote.RemoteWebDriver.findElement(RemoteWebDriver.java:323)
at io.appium.java_client.DefaultGenericMobileDriver.findElement(DefaultGenericMobileDriver.java:61)
at io.appium.java_client.AppiumDriver.findElement(AppiumDriver.java:1)
at io.appium.java_client.android.AndroidDriver.findElement(AndroidDriver.java:1)
at org.openqa.selenium.remote.RemoteWebDriver.findElementByXPath(RemoteWebDriver.java:428)
at io.appium.java_client.DefaultGenericMobileDriver.findElementByXPath(DefaultGenericMobileDriver.java:151)
at io.appium.java_client.AppiumDriver.findElementByXPath(AppiumDriver.java:1)
at io.appium.java_client.android.AndroidDriver.findElementByXPath(AndroidDriver.java:1)
at org.openqa.selenium.By$ByXPath.findElement(By.java:353)
at org.openqa.selenium.remote.RemoteWebDriver.findElement(RemoteWebDriver.java:315)
at io.appium.java_client.DefaultGenericMobileDriver.findElement(DefaultGenericMobileDriver.java:57)
at io.appium.java_client.AppiumDriver.findElement(AppiumDriver.java:1)
at io.appium.java_client.android.AndroidDriver.findElement(AndroidDriver.java:1)
at Pages.HomePage.Accept_User_Request(HomePage.java:481)
at Tests.HomePageTests.Verify_the_Deselect_All_button(HomePageTests.java:800)
at java.base/jdk.internal.reflect.DirectMethodHandleAccessor.invoke(DirectMethodHandleAccessor.java:104)
at java.base/java.lang.reflect.Method.invoke(Method.java:578)
at org.testng.internal.MethodInvocationHelper.invokeMethod(MethodInvocationHelper.java:133)
at org.testng.internal.TestInvoker.invokeMethod(TestInvoker.java:598)
at org.testng.internal.TestInvoker.invokeTestMethod(TestInvoker.java:173)
at org.testng.internal.MethodRunner.runInSequence(MethodRunner.java:46)
at org.testng.internal.TestInvoker$MethodInvocationAgent.invoke(TestInvoker.java:824)
at org.testng.internal.TestInvoker.invokeTestMethods(TestInvoker.java:146)
at org.testng.internal.TestMethodWorker.invokeTestMethods(TestMethodWorker.java:146)
at org.testng.internal.TestMethodWorker.run(TestMethodWorker.java:128)
at java.base/java.util.ArrayList.forEach(ArrayList.java:1511)
at org.testng.TestRunner.privateRun(TestRunner.java:794)
at org.testng.TestRunner.run(TestRunner.java:596)
at org.testng.SuiteRunner.runTest(SuiteRunner.java:377)
at org.testng.SuiteRunner.runSequentially(SuiteRunner.java:371)
at org.testng.SuiteRunner.privateRun(SuiteRunner.java:332)
at org.testng.SuiteRunner.run(SuiteRunner.java:276)
at org.testng.SuiteRunnerWorker.runSuite(SuiteRunnerWorker.java:53)
at org.testng.SuiteRunnerWorker.run(SuiteRunnerWorker.java:96)
at org.testng.TestNG.runSuitesSequentially(TestNG.java:1212)
at org.testng.TestNG.runSuitesLocally(TestNG.java:1134)
at org.testng.TestNG.runSuites(TestNG.java:1063)
at org.testng.TestNG.run(TestNG.java:1031)
at org.apache.maven.surefire.testng.TestNGExecutor.run(TestNGExecutor.java:284)
at org.apache.maven.surefire.testng.TestNGXmlTestSuite.execute(TestNGXmlTestSuite.java:75)
at org.apache.maven.surefire.testng.TestNGProvider.invoke(TestNGProvider.java:119)
at org.apache.maven.surefire.booter.ForkedBooter.runSuitesInProcess(ForkedBooter.java:428)
at org.apache.maven.surefire.booter.ForkedBooter.execute(ForkedBooter.java:162)
at org.apache.maven.surefire.booter.ForkedBooter.run(ForkedBooter.java:562)
at org.apache.maven.surefire.booter.ForkedBooter.main(ForkedBooter.java:548)
]]>
    </error>
  </testcase> <!-- Verify_the_Deselect_All_button -->
  <system-out>
    <![CDATA[Application Launched.<br>
Clicked on skip button.<br>
Clicked on next button.<br>
Entered Email :- sagarnandha11+1@gmail.com<br>
Entered Password :- Plai@1234<br>
Clicked On Login Button<br>
App name is verified on login splash screen<br>
Day Greeting is verified on login splash screen<br>
Username with Profile Picture is verified on login splash screen<br>
Welcome Greeting is verified on login splash screen<br>
Clicked On Club Banner in which user is Admin<br>]]>
  </system-out>
  <testcase classname="Tests.HomePageTests" name="Verify_the_navigation_by_clicking_on_Back_icon_of_Search_Team_screen" time="60.270"/>
  <system-out>
    <![CDATA[Application Launched.<br>
Clicked on skip button.<br>
Clicked on next button.<br>
Entered Email :- sagarnandha11+1@gmail.com<br>
Entered Password :- Plai@1234<br>
Clicked On Login Button<br>
App name is verified on login splash screen<br>
Day Greeting is verified on login splash screen<br>
Username with Profile Picture is verified on login splash screen<br>
Welcome Greeting is verified on login splash screen<br>
Clicked On Search Icon<br>
Search Page is displayed<br>
Clicked On back button of search<br>
Back to Home Page<br>]]>
  </system-out>
  <testcase classname="Tests.HomePageTests" name="Verify_the_functionality_of_Search_bar" time="64.033"/>
  <system-out>
    <![CDATA[Application Launched.<br>
Clicked on skip button.<br>
Clicked on next button.<br>
Entered Email :- sagarnandha11+1@gmail.com<br>
Entered Password :- Plai@1234<br>
Clicked On Login Button<br>
App name is verified on login splash screen<br>
Day Greeting is verified on login splash screen<br>
Username with Profile Picture is verified on login splash screen<br>
Welcome Greeting is verified on login splash screen<br>
Clicked On Search Icon<br>
Search Page is displayed<br>
Searched Sporty Tots<br>
Map navigated to Sporty Tots Location<br>
Sporty Tots banner is displayed<br>]]>
  </system-out>
  <testcase classname="Tests.HomePageTests" name="Verify_the_functionality_of_Article_banners" time="63.231">
    <error message="An element could not be located on the page using the given search parameters.
For documentation on this error, please visit: https://www.seleniumhq.org/exceptions/no_such_element.html
Build info: version: &#039;3.141.59&#039;, revision: &#039;e82be7d358&#039;, time: &#039;2018-11-14T08:17:03&#039;
System info: host: &#039;Admins-MacBook-Pro.local&#039;, ip: &#039;fe80:0:0:0:8f:c148:5c9e:6494%en0&#039;, os.name: &#039;Mac OS X&#039;, os.arch: &#039;x86_64&#039;, os.version: &#039;12.4&#039;, java.version: &#039;19.0.1&#039;
Driver info: io.appium.java_client.android.AndroidDriver
Capabilities {app: /Users/admin/Desktop/Plai_M..., appPackage: com.app.plaisports, autoAcceptAlerts: true, autoGrantPermissions: true, automationName: UiAutomator2, databaseEnabled: false, desired: {app: /Users/admin/Desktop/Plai_M..., autoAcceptAlerts: true, autoGrantPermissions: true, automationName: UiAutomator2, deviceName: 25e4e5308f0d7ece, platformName: android, platformVersion: 10, resetKeyboard: false, unicodeKeyboard: false}, deviceApiLevel: 29, deviceManufacturer: samsung, deviceModel: SM-N960F, deviceName: 25e4e5308f0d7ece, deviceScreenDensity: 420, deviceScreenSize: 1080x2220, deviceUDID: 25e4e5308f0d7ece, javascriptEnabled: true, locationContextEnabled: false, networkConnectionEnabled: true, pixelRatio: 2.625, platform: LINUX, platformName: android, platformVersion: 10, resetKeyboard: false, statBarHeight: 63, takesScreenshot: true, unicodeKeyboard: false, viewportRect: {height: 2031, left: 0, top: 63, width: 1080}, warnings: {}, webStorageEnabled: false}
Session ID: 7e59875d-a532-47a8-b854-30373c73cf81
*** Element info: {Using=xpath, value=//android.widget.TextView[@text=&quot;Article&quot;]//..//android.widget.TextView[contains(@text,&quot;Read Article&quot;)]}" type="org.openqa.selenium.NoSuchElementException">
      <![CDATA[org.openqa.selenium.NoSuchElementException: An element could not be located on the page using the given search parameters.
For documentation on this error, please visit: https://www.seleniumhq.org/exceptions/no_such_element.html
Build info: version: '3.141.59', revision: 'e82be7d358', time: '2018-11-14T08:17:03'
System info: host: 'Admins-MacBook-Pro.local', ip: 'fe80:0:0:0:8f:c148:5c9e:6494%en0', os.name: 'Mac OS X', os.arch: 'x86_64', os.version: '12.4', java.version: '19.0.1'
Driver info: io.appium.java_client.android.AndroidDriver
Capabilities {app: /Users/admin/Desktop/Plai_M..., appPackage: com.app.plaisports, autoAcceptAlerts: true, autoGrantPermissions: true, automationName: UiAutomator2, databaseEnabled: false, desired: {app: /Users/admin/Desktop/Plai_M..., autoAcceptAlerts: true, autoGrantPermissions: true, automationName: UiAutomator2, deviceName: 25e4e5308f0d7ece, platformName: android, platformVersion: 10, resetKeyboard: false, unicodeKeyboard: false}, deviceApiLevel: 29, deviceManufacturer: samsung, deviceModel: SM-N960F, deviceName: 25e4e5308f0d7ece, deviceScreenDensity: 420, deviceScreenSize: 1080x2220, deviceUDID: 25e4e5308f0d7ece, javascriptEnabled: true, locationContextEnabled: false, networkConnectionEnabled: true, pixelRatio: 2.625, platform: LINUX, platformName: android, platformVersion: 10, resetKeyboard: false, statBarHeight: 63, takesScreenshot: true, unicodeKeyboard: false, viewportRect: {height: 2031, left: 0, top: 63, width: 1080}, warnings: {}, webStorageEnabled: false}
Session ID: 7e59875d-a532-47a8-b854-30373c73cf81
*** Element info: {Using=xpath, value=//android.widget.TextView[@text="Article"]//..//android.widget.TextView[contains(@text,"Read Article")]}
at java.base/jdk.internal.reflect.DirectConstructorHandleAccessor.newInstance(DirectConstructorHandleAccessor.java:67)
at java.base/java.lang.reflect.Constructor.newInstanceWithCaller(Constructor.java:500)
at java.base/java.lang.reflect.Constructor.newInstance(Constructor.java:484)
at org.openqa.selenium.remote.http.W3CHttpResponseCodec.createException(W3CHttpResponseCodec.java:187)
at org.openqa.selenium.remote.http.W3CHttpResponseCodec.decode(W3CHttpResponseCodec.java:122)
at org.openqa.selenium.remote.http.W3CHttpResponseCodec.decode(W3CHttpResponseCodec.java:49)
at org.openqa.selenium.remote.HttpCommandExecutor.execute(HttpCommandExecutor.java:158)
at io.appium.java_client.remote.AppiumCommandExecutor.execute(AppiumCommandExecutor.java:247)
at org.openqa.selenium.remote.RemoteWebDriver.execute(RemoteWebDriver.java:552)
at io.appium.java_client.DefaultGenericMobileDriver.execute(DefaultGenericMobileDriver.java:41)
at io.appium.java_client.AppiumDriver.execute(AppiumDriver.java:1)
at io.appium.java_client.android.AndroidDriver.execute(AndroidDriver.java:1)
at org.openqa.selenium.remote.RemoteWebDriver.findElement(RemoteWebDriver.java:323)
at io.appium.java_client.DefaultGenericMobileDriver.findElement(DefaultGenericMobileDriver.java:61)
at io.appium.java_client.AppiumDriver.findElement(AppiumDriver.java:1)
at io.appium.java_client.android.AndroidDriver.findElement(AndroidDriver.java:1)
at org.openqa.selenium.remote.RemoteWebDriver.findElementByXPath(RemoteWebDriver.java:428)
at io.appium.java_client.DefaultGenericMobileDriver.findElementByXPath(DefaultGenericMobileDriver.java:151)
at io.appium.java_client.AppiumDriver.findElementByXPath(AppiumDriver.java:1)
at io.appium.java_client.android.AndroidDriver.findElementByXPath(AndroidDriver.java:1)
at org.openqa.selenium.By$ByXPath.findElement(By.java:353)
at org.openqa.selenium.remote.RemoteWebDriver.findElement(RemoteWebDriver.java:315)
at io.appium.java_client.DefaultGenericMobileDriver.findElement(DefaultGenericMobileDriver.java:57)
at io.appium.java_client.AppiumDriver.findElement(AppiumDriver.java:1)
at io.appium.java_client.android.AndroidDriver.findElement(AndroidDriver.java:1)
at Pages.HomePage.Open_Article(HomePage.java:292)
at Tests.HomePageTests.Verify_the_functionality_of_Article_banners(HomePageTests.java:384)
at java.base/jdk.internal.reflect.DirectMethodHandleAccessor.invoke(DirectMethodHandleAccessor.java:104)
at java.base/java.lang.reflect.Method.invoke(Method.java:578)
at org.testng.internal.MethodInvocationHelper.invokeMethod(MethodInvocationHelper.java:133)
at org.testng.internal.TestInvoker.invokeMethod(TestInvoker.java:598)
at org.testng.internal.TestInvoker.invokeTestMethod(TestInvoker.java:173)
at org.testng.internal.MethodRunner.runInSequence(MethodRunner.java:46)
at org.testng.internal.TestInvoker$MethodInvocationAgent.invoke(TestInvoker.java:824)
at org.testng.internal.TestInvoker.invokeTestMethods(TestInvoker.java:146)
at org.testng.internal.TestMethodWorker.invokeTestMethods(TestMethodWorker.java:146)
at org.testng.internal.TestMethodWorker.run(TestMethodWorker.java:128)
at java.base/java.util.ArrayList.forEach(ArrayList.java:1511)
at org.testng.TestRunner.privateRun(TestRunner.java:794)
at org.testng.TestRunner.run(TestRunner.java:596)
at org.testng.SuiteRunner.runTest(SuiteRunner.java:377)
at org.testng.SuiteRunner.runSequentially(SuiteRunner.java:371)
at org.testng.SuiteRunner.privateRun(SuiteRunner.java:332)
at org.testng.SuiteRunner.run(SuiteRunner.java:276)
at org.testng.SuiteRunnerWorker.runSuite(SuiteRunnerWorker.java:53)
at org.testng.SuiteRunnerWorker.run(SuiteRunnerWorker.java:96)
at org.testng.TestNG.runSuitesSequentially(TestNG.java:1212)
at org.testng.TestNG.runSuitesLocally(TestNG.java:1134)
at org.testng.TestNG.runSuites(TestNG.java:1063)
at org.testng.TestNG.run(TestNG.java:1031)
at org.apache.maven.surefire.testng.TestNGExecutor.run(TestNGExecutor.java:284)
at org.apache.maven.surefire.testng.TestNGXmlTestSuite.execute(TestNGXmlTestSuite.java:75)
at org.apache.maven.surefire.testng.TestNGProvider.invoke(TestNGProvider.java:119)
at org.apache.maven.surefire.booter.ForkedBooter.runSuitesInProcess(ForkedBooter.java:428)
at org.apache.maven.surefire.booter.ForkedBooter.execute(ForkedBooter.java:162)
at org.apache.maven.surefire.booter.ForkedBooter.run(ForkedBooter.java:562)
at org.apache.maven.surefire.booter.ForkedBooter.main(ForkedBooter.java:548)
]]>
    </error>
  </testcase> <!-- Verify_the_functionality_of_Article_banners -->
  <system-out>
    <![CDATA[Application Launched.<br>
Clicked on skip button.<br>
Clicked on next button.<br>
Entered Email :- sagarnandha11+1@gmail.com<br>
Entered Password :- Plai@1234<br>
Clicked On Login Button<br>
App name is verified on login splash screen<br>
Day Greeting is verified on login splash screen<br>
Username with Profile Picture is verified on login splash screen<br>
Welcome Greeting is verified on login splash screen<br>
Article Banner is displayed<br>]]>
  </system-out>
  <testcase classname="Tests.HomePageTests" name="Verify_Done_link_by_selecting_country_from_the_list" time="72.808"/>
  <system-out>
    <![CDATA[Application Launched.<br>
Clicked on skip button.<br>
Clicked on next button.<br>
Entered Email :- sagarnandha11+1@gmail.com<br>
Entered Password :- Plai@1234<br>
Clicked On Login Button<br>
App name is verified on login splash screen<br>
Day Greeting is verified on login splash screen<br>
Username with Profile Picture is verified on login splash screen<br>
Welcome Greeting is verified on login splash screen<br>
Clicked On Club Banner in which user is Admin<br>
Clicked On Edit Button<br>
Update Team Page is Displayed<br>
Clicked On Next Button<br>
Country Dropdown is Displayed<br>
Location TextField is Displayed<br>
Team Logo is Displayed<br>
Clicked On Country Dropdown<br>
Search bar is Displayed<br>
Searched Location :- Brazil<br>
Clicked On Searched Location :- Brazil<br>
Clicked on Done Button<br>]]>
  </system-out>
  <testcase classname="Tests.HomePageTests" name="Verify_the_Done_link_with_Search_bar_In_Assign_Groups" time="76.458">
    <error message="An element could not be located on the page using the given search parameters.
For documentation on this error, please visit: https://www.seleniumhq.org/exceptions/no_such_element.html
Build info: version: &#039;3.141.59&#039;, revision: &#039;e82be7d358&#039;, time: &#039;2018-11-14T08:17:03&#039;
System info: host: &#039;Admins-MacBook-Pro.local&#039;, ip: &#039;fe80:0:0:0:8f:c148:5c9e:6494%en0&#039;, os.name: &#039;Mac OS X&#039;, os.arch: &#039;x86_64&#039;, os.version: &#039;12.4&#039;, java.version: &#039;19.0.1&#039;
Driver info: io.appium.java_client.android.AndroidDriver
Capabilities {app: /Users/admin/Desktop/Plai_M..., appPackage: com.app.plaisports, autoAcceptAlerts: true, autoGrantPermissions: true, automationName: UiAutomator2, databaseEnabled: false, desired: {app: /Users/admin/Desktop/Plai_M..., autoAcceptAlerts: true, autoGrantPermissions: true, automationName: UiAutomator2, deviceName: 25e4e5308f0d7ece, platformName: android, platformVersion: 10, resetKeyboard: false, unicodeKeyboard: false}, deviceApiLevel: 29, deviceManufacturer: samsung, deviceModel: SM-N960F, deviceName: 25e4e5308f0d7ece, deviceScreenDensity: 420, deviceScreenSize: 1080x2220, deviceUDID: 25e4e5308f0d7ece, javascriptEnabled: true, locationContextEnabled: false, networkConnectionEnabled: true, pixelRatio: 2.625, platform: LINUX, platformName: android, platformVersion: 10, resetKeyboard: false, statBarHeight: 63, takesScreenshot: true, unicodeKeyboard: false, viewportRect: {height: 2031, left: 0, top: 63, width: 1080}, warnings: {}, webStorageEnabled: false}
Session ID: 5be1be08-b506-4eca-bd3a-b9b0330f6bbe
*** Element info: {Using=xpath, value=//android.widget.TextView[@text=&quot;3ynrhm Eynryn&quot;]//..//android.view.View//android.widget.TextView[@text=&quot;ACCEPT&quot;]}" type="org.openqa.selenium.NoSuchElementException">
      <![CDATA[org.openqa.selenium.NoSuchElementException: An element could not be located on the page using the given search parameters.
For documentation on this error, please visit: https://www.seleniumhq.org/exceptions/no_such_element.html
Build info: version: '3.141.59', revision: 'e82be7d358', time: '2018-11-14T08:17:03'
System info: host: 'Admins-MacBook-Pro.local', ip: 'fe80:0:0:0:8f:c148:5c9e:6494%en0', os.name: 'Mac OS X', os.arch: 'x86_64', os.version: '12.4', java.version: '19.0.1'
Driver info: io.appium.java_client.android.AndroidDriver
Capabilities {app: /Users/admin/Desktop/Plai_M..., appPackage: com.app.plaisports, autoAcceptAlerts: true, autoGrantPermissions: true, automationName: UiAutomator2, databaseEnabled: false, desired: {app: /Users/admin/Desktop/Plai_M..., autoAcceptAlerts: true, autoGrantPermissions: true, automationName: UiAutomator2, deviceName: 25e4e5308f0d7ece, platformName: android, platformVersion: 10, resetKeyboard: false, unicodeKeyboard: false}, deviceApiLevel: 29, deviceManufacturer: samsung, deviceModel: SM-N960F, deviceName: 25e4e5308f0d7ece, deviceScreenDensity: 420, deviceScreenSize: 1080x2220, deviceUDID: 25e4e5308f0d7ece, javascriptEnabled: true, locationContextEnabled: false, networkConnectionEnabled: true, pixelRatio: 2.625, platform: LINUX, platformName: android, platformVersion: 10, resetKeyboard: false, statBarHeight: 63, takesScreenshot: true, unicodeKeyboard: false, viewportRect: {height: 2031, left: 0, top: 63, width: 1080}, warnings: {}, webStorageEnabled: false}
Session ID: 5be1be08-b506-4eca-bd3a-b9b0330f6bbe
*** Element info: {Using=xpath, value=//android.widget.TextView[@text="3ynrhm Eynryn"]//..//android.view.View//android.widget.TextView[@text="ACCEPT"]}
at java.base/jdk.internal.reflect.DirectConstructorHandleAccessor.newInstance(DirectConstructorHandleAccessor.java:67)
at java.base/java.lang.reflect.Constructor.newInstanceWithCaller(Constructor.java:500)
at java.base/java.lang.reflect.Constructor.newInstance(Constructor.java:484)
at org.openqa.selenium.remote.http.W3CHttpResponseCodec.createException(W3CHttpResponseCodec.java:187)
at org.openqa.selenium.remote.http.W3CHttpResponseCodec.decode(W3CHttpResponseCodec.java:122)
at org.openqa.selenium.remote.http.W3CHttpResponseCodec.decode(W3CHttpResponseCodec.java:49)
at org.openqa.selenium.remote.HttpCommandExecutor.execute(HttpCommandExecutor.java:158)
at io.appium.java_client.remote.AppiumCommandExecutor.execute(AppiumCommandExecutor.java:247)
at org.openqa.selenium.remote.RemoteWebDriver.execute(RemoteWebDriver.java:552)
at io.appium.java_client.DefaultGenericMobileDriver.execute(DefaultGenericMobileDriver.java:41)
at io.appium.java_client.AppiumDriver.execute(AppiumDriver.java:1)
at io.appium.java_client.android.AndroidDriver.execute(AndroidDriver.java:1)
at org.openqa.selenium.remote.RemoteWebDriver.findElement(RemoteWebDriver.java:323)
at io.appium.java_client.DefaultGenericMobileDriver.findElement(DefaultGenericMobileDriver.java:61)
at io.appium.java_client.AppiumDriver.findElement(AppiumDriver.java:1)
at io.appium.java_client.android.AndroidDriver.findElement(AndroidDriver.java:1)
at org.openqa.selenium.remote.RemoteWebDriver.findElementByXPath(RemoteWebDriver.java:428)
at io.appium.java_client.DefaultGenericMobileDriver.findElementByXPath(DefaultGenericMobileDriver.java:151)
at io.appium.java_client.AppiumDriver.findElementByXPath(AppiumDriver.java:1)
at io.appium.java_client.android.AndroidDriver.findElementByXPath(AndroidDriver.java:1)
at org.openqa.selenium.By$ByXPath.findElement(By.java:353)
at org.openqa.selenium.remote.RemoteWebDriver.findElement(RemoteWebDriver.java:315)
at io.appium.java_client.DefaultGenericMobileDriver.findElement(DefaultGenericMobileDriver.java:57)
at io.appium.java_client.AppiumDriver.findElement(AppiumDriver.java:1)
at io.appium.java_client.android.AndroidDriver.findElement(AndroidDriver.java:1)
at Pages.HomePage.Accept_User_Request(HomePage.java:481)
at Tests.HomePageTests.Verify_the_Done_link_with_Search_bar_In_Assign_Groups(HomePageTests.java:819)
at java.base/jdk.internal.reflect.DirectMethodHandleAccessor.invoke(DirectMethodHandleAccessor.java:104)
at java.base/java.lang.reflect.Method.invoke(Method.java:578)
at org.testng.internal.MethodInvocationHelper.invokeMethod(MethodInvocationHelper.java:133)
at org.testng.internal.TestInvoker.invokeMethod(TestInvoker.java:598)
at org.testng.internal.TestInvoker.invokeTestMethod(TestInvoker.java:173)
at org.testng.internal.MethodRunner.runInSequence(MethodRunner.java:46)
at org.testng.internal.TestInvoker$MethodInvocationAgent.invoke(TestInvoker.java:824)
at org.testng.internal.TestInvoker.invokeTestMethods(TestInvoker.java:146)
at org.testng.internal.TestMethodWorker.invokeTestMethods(TestMethodWorker.java:146)
at org.testng.internal.TestMethodWorker.run(TestMethodWorker.java:128)
at java.base/java.util.ArrayList.forEach(ArrayList.java:1511)
at org.testng.TestRunner.privateRun(TestRunner.java:794)
at org.testng.TestRunner.run(TestRunner.java:596)
at org.testng.SuiteRunner.runTest(SuiteRunner.java:377)
at org.testng.SuiteRunner.runSequentially(SuiteRunner.java:371)
at org.testng.SuiteRunner.privateRun(SuiteRunner.java:332)
at org.testng.SuiteRunner.run(SuiteRunner.java:276)
at org.testng.SuiteRunnerWorker.runSuite(SuiteRunnerWorker.java:53)
at org.testng.SuiteRunnerWorker.run(SuiteRunnerWorker.java:96)
at org.testng.TestNG.runSuitesSequentially(TestNG.java:1212)
at org.testng.TestNG.runSuitesLocally(TestNG.java:1134)
at org.testng.TestNG.runSuites(TestNG.java:1063)
at org.testng.TestNG.run(TestNG.java:1031)
at org.apache.maven.surefire.testng.TestNGExecutor.run(TestNGExecutor.java:284)
at org.apache.maven.surefire.testng.TestNGXmlTestSuite.execute(TestNGXmlTestSuite.java:75)
at org.apache.maven.surefire.testng.TestNGProvider.invoke(TestNGProvider.java:119)
at org.apache.maven.surefire.booter.ForkedBooter.runSuitesInProcess(ForkedBooter.java:428)
at org.apache.maven.surefire.booter.ForkedBooter.execute(ForkedBooter.java:162)
at org.apache.maven.surefire.booter.ForkedBooter.run(ForkedBooter.java:562)
at org.apache.maven.surefire.booter.ForkedBooter.main(ForkedBooter.java:548)
]]>
    </error>
  </testcase> <!-- Verify_the_Done_link_with_Search_bar_In_Assign_Groups -->
  <system-out>
    <![CDATA[Application Launched.<br>
Clicked on skip button.<br>
Clicked on next button.<br>
Entered Email :- sagarnandha11+1@gmail.com<br>
Entered Password :- Plai@1234<br>
Clicked On Login Button<br>
App name is verified on login splash screen<br>
Day Greeting is verified on login splash screen<br>
Username with Profile Picture is verified on login splash screen<br>
Welcome Greeting is verified on login splash screen<br>
Clicked On Club Banner in which user is Admin<br>]]>
  </system-out>
  <testcase classname="Tests.HomePageTests" name="Verify_the_Mobile_Number_field_by_entering_more_than_10_digit_number_More_Than_10_Digits" time="62.521"/>
  <system-out>
    <![CDATA[Application Launched.<br>
Clicked on skip button.<br>
Clicked on next button.<br>
Entered Email :- sagarnandha11+1@gmail.com<br>
Entered Password :- Plai@1234<br>
Clicked On Login Button<br>
App name is verified on login splash screen<br>
Day Greeting is verified on login splash screen<br>
Username with Profile Picture is verified on login splash screen<br>
Welcome Greeting is verified on login splash screen<br>
Clicked on Profile Icon<br>
Clicked on Edit Profile Button<br>
Entered Phone Number More than 10 digits<br>
Clicked on Done Button<br>
Number Not allowed more than 10 digits<br>
Alert :- Profile updated successfully.<br>]]>
  </system-out>
  <testcase classname="Tests.HomePageTests" name="Verify_the_functionality_of_Search_icon" time="58.756"/>
  <system-out>
    <![CDATA[Application Launched.<br>
Clicked on skip button.<br>
Clicked on next button.<br>
Entered Email :- sagarnandha11+1@gmail.com<br>
Entered Password :- Plai@1234<br>
Clicked On Login Button<br>
App name is verified on login splash screen<br>
Day Greeting is verified on login splash screen<br>
Username with Profile Picture is verified on login splash screen<br>
Welcome Greeting is verified on login splash screen<br>
Clicked On Search Icon<br>
Search Page is displayed<br>
Search Field is displayed<br>
Map is displayed<br>
Sliding Banners are displayed<br>]]>
  </system-out>
  <testcase classname="Tests.HomePageTests" name="Verify_Done_icon_of_Edit_Profile_screen" time="58.422"/>
  <system-out>
    <![CDATA[Application Launched.<br>
Clicked on skip button.<br>
Clicked on next button.<br>
Entered Email :- sagarnandha11+1@gmail.com<br>
Entered Password :- Plai@1234<br>
Clicked On Login Button<br>
App name is verified on login splash screen<br>
Day Greeting is verified on login splash screen<br>
Username with Profile Picture is verified on login splash screen<br>
Welcome Greeting is verified on login splash screen<br>
Clicked on Profile Icon<br>
Clicked on Edit Profile Button<br>
Clicked on Done Button<br>
Verify Profile Edited Toast Alert<br>
Alert :- Profile updated successfully.<br>]]>
  </system-out>
  <testcase classname="Tests.HomePageTests" name="Verify_the_functionality_of_Pending_Request_button" time="48.509"/>
  <system-out>
    <![CDATA[Application Launched.<br>
Clicked on skip button.<br>
Clicked on next button.<br>
Entered Email :- sagarnandha11+1@gmail.com<br>
Entered Password :- Plai@1234<br>
Clicked On Login Button<br>
App name is verified on login splash screen<br>
Day Greeting is verified on login splash screen<br>
Username with Profile Picture is verified on login splash screen<br>
Welcome Greeting is verified on login splash screen<br>
Pending Requests Button Clicked<br>
Pending request page opened<br>]]>
  </system-out>
  <testcase classname="Tests.HomePageTests" name="Verify_the_fields_of_Profile_screen" time="50.877"/>
  <system-out>
    <![CDATA[Application Launched.<br>
Clicked on skip button.<br>
Clicked on next button.<br>
Entered Email :- sagarnandha11+1@gmail.com<br>
Entered Password :- Plai@1234<br>
Clicked On Login Button<br>
App name is verified on login splash screen<br>
Day Greeting is verified on login splash screen<br>
Username with Profile Picture is verified on login splash screen<br>
Welcome Greeting is verified on login splash screen<br>
Clicked on Profile Icon<br>
Edit Button is displayed<br>
back Button is displayed<br>
UserName is displayed<br>
Location is displayed<br>
Mobile Number is displayed<br>
Gender is displayed<br>
Date Of Birth is displayed<br>
USer Email ID is displayed<br>
Profile Picture is displayed<br>
My Club is displayed<br>]]>
  </system-out>
  <testcase classname="Tests.HomePageTests" name="Verify_the_fields_display_on_Edit_Profile_screen" time="57.561"/>
  <system-out>
    <![CDATA[Application Launched.<br>
Clicked on skip button.<br>
Clicked on next button.<br>
Entered Email :- sagarnandha11+1@gmail.com<br>
Entered Password :- Plai@1234<br>
Clicked On Login Button<br>
App name is verified on login splash screen<br>
Day Greeting is verified on login splash screen<br>
Username with Profile Picture is verified on login splash screen<br>
Welcome Greeting is verified on login splash screen<br>
Clicked on Profile Icon<br>
Clicked on Edit Profile Button<br>
Back button is Displayed<br>
Done Button is Displayed<br>
First Name is Displayed<br>
Last Name is Displayed<br>
Email is displayed<br>
Date Of birth is displayed<br>
Location is displayed<br>
Mobile Number is displayed<br>
Select Gender is displayed<br>
Prefer Not to Say Gender Checkbox is displayed<br>
Add Bio is displayed<br>
Add Children is displayed<br>]]>
  </system-out>
  <testcase classname="Tests.HomePageTests" name="Verify_the_Location_field_of_EDIT_PROFILE_screen" time="52.851"/>
  <system-out>
    <![CDATA[Application Launched.<br>
Clicked on skip button.<br>
Clicked on next button.<br>
Entered Email :- sagarnandha11+1@gmail.com<br>
Entered Password :- Plai@1234<br>
Clicked On Login Button<br>
App name is verified on login splash screen<br>
Day Greeting is verified on login splash screen<br>
Username with Profile Picture is verified on login splash screen<br>
Welcome Greeting is verified on login splash screen<br>
Clicked on Profile Icon<br>
Clicked on Edit Profile Button<br>
Clicked on Location Dropdown Button<br>
Location Dropdown Opened with list of countries<br>]]>
  </system-out>
  <testcase classname="Tests.HomePageTests" name="Verify_the_Accept_button_on_request_banner" time="76.017">
    <error message="An element could not be located on the page using the given search parameters.
For documentation on this error, please visit: https://www.seleniumhq.org/exceptions/no_such_element.html
Build info: version: &#039;3.141.59&#039;, revision: &#039;e82be7d358&#039;, time: &#039;2018-11-14T08:17:03&#039;
System info: host: &#039;Admins-MacBook-Pro.local&#039;, ip: &#039;fe80:0:0:0:8f:c148:5c9e:6494%en0&#039;, os.name: &#039;Mac OS X&#039;, os.arch: &#039;x86_64&#039;, os.version: &#039;12.4&#039;, java.version: &#039;19.0.1&#039;
Driver info: io.appium.java_client.android.AndroidDriver
Capabilities {app: /Users/admin/Desktop/Plai_M..., appPackage: com.app.plaisports, autoAcceptAlerts: true, autoGrantPermissions: true, automationName: UiAutomator2, databaseEnabled: false, desired: {app: /Users/admin/Desktop/Plai_M..., autoAcceptAlerts: true, autoGrantPermissions: true, automationName: UiAutomator2, deviceName: 25e4e5308f0d7ece, platformName: android, platformVersion: 10, resetKeyboard: false, unicodeKeyboard: false}, deviceApiLevel: 29, deviceManufacturer: samsung, deviceModel: SM-N960F, deviceName: 25e4e5308f0d7ece, deviceScreenDensity: 420, deviceScreenSize: 1080x2220, deviceUDID: 25e4e5308f0d7ece, javascriptEnabled: true, locationContextEnabled: false, networkConnectionEnabled: true, pixelRatio: 2.625, platform: LINUX, platformName: android, platformVersion: 10, resetKeyboard: false, statBarHeight: 63, takesScreenshot: true, unicodeKeyboard: false, viewportRect: {height: 2031, left: 0, top: 63, width: 1080}, warnings: {}, webStorageEnabled: false}
Session ID: d39a19a6-5537-4088-8dc1-b8261ace10b2
*** Element info: {Using=xpath, value=//android.widget.TextView[@text=&quot;3ynrhm Eynryn&quot;]//..//android.view.View//android.widget.TextView[@text=&quot;ACCEPT&quot;]}" type="org.openqa.selenium.NoSuchElementException">
      <![CDATA[org.openqa.selenium.NoSuchElementException: An element could not be located on the page using the given search parameters.
For documentation on this error, please visit: https://www.seleniumhq.org/exceptions/no_such_element.html
Build info: version: '3.141.59', revision: 'e82be7d358', time: '2018-11-14T08:17:03'
System info: host: 'Admins-MacBook-Pro.local', ip: 'fe80:0:0:0:8f:c148:5c9e:6494%en0', os.name: 'Mac OS X', os.arch: 'x86_64', os.version: '12.4', java.version: '19.0.1'
Driver info: io.appium.java_client.android.AndroidDriver
Capabilities {app: /Users/admin/Desktop/Plai_M..., appPackage: com.app.plaisports, autoAcceptAlerts: true, autoGrantPermissions: true, automationName: UiAutomator2, databaseEnabled: false, desired: {app: /Users/admin/Desktop/Plai_M..., autoAcceptAlerts: true, autoGrantPermissions: true, automationName: UiAutomator2, deviceName: 25e4e5308f0d7ece, platformName: android, platformVersion: 10, resetKeyboard: false, unicodeKeyboard: false}, deviceApiLevel: 29, deviceManufacturer: samsung, deviceModel: SM-N960F, deviceName: 25e4e5308f0d7ece, deviceScreenDensity: 420, deviceScreenSize: 1080x2220, deviceUDID: 25e4e5308f0d7ece, javascriptEnabled: true, locationContextEnabled: false, networkConnectionEnabled: true, pixelRatio: 2.625, platform: LINUX, platformName: android, platformVersion: 10, resetKeyboard: false, statBarHeight: 63, takesScreenshot: true, unicodeKeyboard: false, viewportRect: {height: 2031, left: 0, top: 63, width: 1080}, warnings: {}, webStorageEnabled: false}
Session ID: d39a19a6-5537-4088-8dc1-b8261ace10b2
*** Element info: {Using=xpath, value=//android.widget.TextView[@text="3ynrhm Eynryn"]//..//android.view.View//android.widget.TextView[@text="ACCEPT"]}
at java.base/jdk.internal.reflect.DirectConstructorHandleAccessor.newInstance(DirectConstructorHandleAccessor.java:67)
at java.base/java.lang.reflect.Constructor.newInstanceWithCaller(Constructor.java:500)
at java.base/java.lang.reflect.Constructor.newInstance(Constructor.java:484)
at org.openqa.selenium.remote.http.W3CHttpResponseCodec.createException(W3CHttpResponseCodec.java:187)
at org.openqa.selenium.remote.http.W3CHttpResponseCodec.decode(W3CHttpResponseCodec.java:122)
at org.openqa.selenium.remote.http.W3CHttpResponseCodec.decode(W3CHttpResponseCodec.java:49)
at org.openqa.selenium.remote.HttpCommandExecutor.execute(HttpCommandExecutor.java:158)
at io.appium.java_client.remote.AppiumCommandExecutor.execute(AppiumCommandExecutor.java:247)
at org.openqa.selenium.remote.RemoteWebDriver.execute(RemoteWebDriver.java:552)
at io.appium.java_client.DefaultGenericMobileDriver.execute(DefaultGenericMobileDriver.java:41)
at io.appium.java_client.AppiumDriver.execute(AppiumDriver.java:1)
at io.appium.java_client.android.AndroidDriver.execute(AndroidDriver.java:1)
at org.openqa.selenium.remote.RemoteWebDriver.findElement(RemoteWebDriver.java:323)
at io.appium.java_client.DefaultGenericMobileDriver.findElement(DefaultGenericMobileDriver.java:61)
at io.appium.java_client.AppiumDriver.findElement(AppiumDriver.java:1)
at io.appium.java_client.android.AndroidDriver.findElement(AndroidDriver.java:1)
at org.openqa.selenium.remote.RemoteWebDriver.findElementByXPath(RemoteWebDriver.java:428)
at io.appium.java_client.DefaultGenericMobileDriver.findElementByXPath(DefaultGenericMobileDriver.java:151)
at io.appium.java_client.AppiumDriver.findElementByXPath(AppiumDriver.java:1)
at io.appium.java_client.android.AndroidDriver.findElementByXPath(AndroidDriver.java:1)
at org.openqa.selenium.By$ByXPath.findElement(By.java:353)
at org.openqa.selenium.remote.RemoteWebDriver.findElement(RemoteWebDriver.java:315)
at io.appium.java_client.DefaultGenericMobileDriver.findElement(DefaultGenericMobileDriver.java:57)
at io.appium.java_client.AppiumDriver.findElement(AppiumDriver.java:1)
at io.appium.java_client.android.AndroidDriver.findElement(AndroidDriver.java:1)
at Pages.HomePage.Accept_User_Request(HomePage.java:481)
at Tests.HomePageTests.Verify_the_Accept_button_on_request_banner(HomePageTests.java:745)
at java.base/jdk.internal.reflect.DirectMethodHandleAccessor.invoke(DirectMethodHandleAccessor.java:104)
at java.base/java.lang.reflect.Method.invoke(Method.java:578)
at org.testng.internal.MethodInvocationHelper.invokeMethod(MethodInvocationHelper.java:133)
at org.testng.internal.TestInvoker.invokeMethod(TestInvoker.java:598)
at org.testng.internal.TestInvoker.invokeTestMethod(TestInvoker.java:173)
at org.testng.internal.MethodRunner.runInSequence(MethodRunner.java:46)
at org.testng.internal.TestInvoker$MethodInvocationAgent.invoke(TestInvoker.java:824)
at org.testng.internal.TestInvoker.invokeTestMethods(TestInvoker.java:146)
at org.testng.internal.TestMethodWorker.invokeTestMethods(TestMethodWorker.java:146)
at org.testng.internal.TestMethodWorker.run(TestMethodWorker.java:128)
at java.base/java.util.ArrayList.forEach(ArrayList.java:1511)
at org.testng.TestRunner.privateRun(TestRunner.java:794)
at org.testng.TestRunner.run(TestRunner.java:596)
at org.testng.SuiteRunner.runTest(SuiteRunner.java:377)
at org.testng.SuiteRunner.runSequentially(SuiteRunner.java:371)
at org.testng.SuiteRunner.privateRun(SuiteRunner.java:332)
at org.testng.SuiteRunner.run(SuiteRunner.java:276)
at org.testng.SuiteRunnerWorker.runSuite(SuiteRunnerWorker.java:53)
at org.testng.SuiteRunnerWorker.run(SuiteRunnerWorker.java:96)
at org.testng.TestNG.runSuitesSequentially(TestNG.java:1212)
at org.testng.TestNG.runSuitesLocally(TestNG.java:1134)
at org.testng.TestNG.runSuites(TestNG.java:1063)
at org.testng.TestNG.run(TestNG.java:1031)
at org.apache.maven.surefire.testng.TestNGExecutor.run(TestNGExecutor.java:284)
at org.apache.maven.surefire.testng.TestNGXmlTestSuite.execute(TestNGXmlTestSuite.java:75)
at org.apache.maven.surefire.testng.TestNGProvider.invoke(TestNGProvider.java:119)
at org.apache.maven.surefire.booter.ForkedBooter.runSuitesInProcess(ForkedBooter.java:428)
at org.apache.maven.surefire.booter.ForkedBooter.execute(ForkedBooter.java:162)
at org.apache.maven.surefire.booter.ForkedBooter.run(ForkedBooter.java:562)
at org.apache.maven.surefire.booter.ForkedBooter.main(ForkedBooter.java:548)
]]>
    </error>
  </testcase> <!-- Verify_the_Accept_button_on_request_banner -->
  <system-out>
    <![CDATA[Application Launched.<br>
Clicked on skip button.<br>
Clicked on next button.<br>
Entered Email :- sagarnandha11+1@gmail.com<br>
Entered Password :- Plai@1234<br>
Clicked On Login Button<br>
App name is verified on login splash screen<br>
Day Greeting is verified on login splash screen<br>
Username with Profile Picture is verified on login splash screen<br>
Welcome Greeting is verified on login splash screen<br>
Clicked On Club Banner in which user is Admin<br>]]>
  </system-out>
  <testcase classname="Tests.HomePageTests" name="Verify_the_Share_icon_of_Article_banner" time="62.732">
    <error message="An element could not be located on the page using the given search parameters.
For documentation on this error, please visit: https://www.seleniumhq.org/exceptions/no_such_element.html
Build info: version: &#039;3.141.59&#039;, revision: &#039;e82be7d358&#039;, time: &#039;2018-11-14T08:17:03&#039;
System info: host: &#039;Admins-MacBook-Pro.local&#039;, ip: &#039;fe80:0:0:0:8f:c148:5c9e:6494%en0&#039;, os.name: &#039;Mac OS X&#039;, os.arch: &#039;x86_64&#039;, os.version: &#039;12.4&#039;, java.version: &#039;19.0.1&#039;
Driver info: io.appium.java_client.android.AndroidDriver
Capabilities {app: /Users/admin/Desktop/Plai_M..., appPackage: com.app.plaisports, autoAcceptAlerts: true, autoGrantPermissions: true, automationName: UiAutomator2, databaseEnabled: false, desired: {app: /Users/admin/Desktop/Plai_M..., autoAcceptAlerts: true, autoGrantPermissions: true, automationName: UiAutomator2, deviceName: 25e4e5308f0d7ece, platformName: android, platformVersion: 10, resetKeyboard: false, unicodeKeyboard: false}, deviceApiLevel: 29, deviceManufacturer: samsung, deviceModel: SM-N960F, deviceName: 25e4e5308f0d7ece, deviceScreenDensity: 420, deviceScreenSize: 1080x2220, deviceUDID: 25e4e5308f0d7ece, javascriptEnabled: true, locationContextEnabled: false, networkConnectionEnabled: true, pixelRatio: 2.625, platform: LINUX, platformName: android, platformVersion: 10, resetKeyboard: false, statBarHeight: 63, takesScreenshot: true, unicodeKeyboard: false, viewportRect: {height: 2031, left: 0, top: 63, width: 1080}, warnings: {}, webStorageEnabled: false}
Session ID: 3974b965-235f-4db1-aa28-345f01fc3973
*** Element info: {Using=xpath, value=//android.widget.TextView[@text=&quot;Article&quot;]//..//android.view.View[2]}" type="org.openqa.selenium.NoSuchElementException">
      <![CDATA[org.openqa.selenium.NoSuchElementException: An element could not be located on the page using the given search parameters.
For documentation on this error, please visit: https://www.seleniumhq.org/exceptions/no_such_element.html
Build info: version: '3.141.59', revision: 'e82be7d358', time: '2018-11-14T08:17:03'
System info: host: 'Admins-MacBook-Pro.local', ip: 'fe80:0:0:0:8f:c148:5c9e:6494%en0', os.name: 'Mac OS X', os.arch: 'x86_64', os.version: '12.4', java.version: '19.0.1'
Driver info: io.appium.java_client.android.AndroidDriver
Capabilities {app: /Users/admin/Desktop/Plai_M..., appPackage: com.app.plaisports, autoAcceptAlerts: true, autoGrantPermissions: true, automationName: UiAutomator2, databaseEnabled: false, desired: {app: /Users/admin/Desktop/Plai_M..., autoAcceptAlerts: true, autoGrantPermissions: true, automationName: UiAutomator2, deviceName: 25e4e5308f0d7ece, platformName: android, platformVersion: 10, resetKeyboard: false, unicodeKeyboard: false}, deviceApiLevel: 29, deviceManufacturer: samsung, deviceModel: SM-N960F, deviceName: 25e4e5308f0d7ece, deviceScreenDensity: 420, deviceScreenSize: 1080x2220, deviceUDID: 25e4e5308f0d7ece, javascriptEnabled: true, locationContextEnabled: false, networkConnectionEnabled: true, pixelRatio: 2.625, platform: LINUX, platformName: android, platformVersion: 10, resetKeyboard: false, statBarHeight: 63, takesScreenshot: true, unicodeKeyboard: false, viewportRect: {height: 2031, left: 0, top: 63, width: 1080}, warnings: {}, webStorageEnabled: false}
Session ID: 3974b965-235f-4db1-aa28-345f01fc3973
*** Element info: {Using=xpath, value=//android.widget.TextView[@text="Article"]//..//android.view.View[2]}
at java.base/jdk.internal.reflect.DirectConstructorHandleAccessor.newInstance(DirectConstructorHandleAccessor.java:67)
at java.base/java.lang.reflect.Constructor.newInstanceWithCaller(Constructor.java:500)
at java.base/java.lang.reflect.Constructor.newInstance(Constructor.java:484)
at org.openqa.selenium.remote.http.W3CHttpResponseCodec.createException(W3CHttpResponseCodec.java:187)
at org.openqa.selenium.remote.http.W3CHttpResponseCodec.decode(W3CHttpResponseCodec.java:122)
at org.openqa.selenium.remote.http.W3CHttpResponseCodec.decode(W3CHttpResponseCodec.java:49)
at org.openqa.selenium.remote.HttpCommandExecutor.execute(HttpCommandExecutor.java:158)
at io.appium.java_client.remote.AppiumCommandExecutor.execute(AppiumCommandExecutor.java:247)
at org.openqa.selenium.remote.RemoteWebDriver.execute(RemoteWebDriver.java:552)
at io.appium.java_client.DefaultGenericMobileDriver.execute(DefaultGenericMobileDriver.java:41)
at io.appium.java_client.AppiumDriver.execute(AppiumDriver.java:1)
at io.appium.java_client.android.AndroidDriver.execute(AndroidDriver.java:1)
at org.openqa.selenium.remote.RemoteWebDriver.findElement(RemoteWebDriver.java:323)
at io.appium.java_client.DefaultGenericMobileDriver.findElement(DefaultGenericMobileDriver.java:61)
at io.appium.java_client.AppiumDriver.findElement(AppiumDriver.java:1)
at io.appium.java_client.android.AndroidDriver.findElement(AndroidDriver.java:1)
at org.openqa.selenium.remote.RemoteWebDriver.findElementByXPath(RemoteWebDriver.java:428)
at io.appium.java_client.DefaultGenericMobileDriver.findElementByXPath(DefaultGenericMobileDriver.java:151)
at io.appium.java_client.AppiumDriver.findElementByXPath(AppiumDriver.java:1)
at io.appium.java_client.android.AndroidDriver.findElementByXPath(AndroidDriver.java:1)
at org.openqa.selenium.By$ByXPath.findElement(By.java:353)
at org.openqa.selenium.remote.RemoteWebDriver.findElement(RemoteWebDriver.java:315)
at io.appium.java_client.DefaultGenericMobileDriver.findElement(DefaultGenericMobileDriver.java:57)
at io.appium.java_client.AppiumDriver.findElement(AppiumDriver.java:1)
at io.appium.java_client.android.AndroidDriver.findElement(AndroidDriver.java:1)
at Pages.HomePage.Verify_Share_Article(HomePage.java:301)
at Tests.HomePageTests.Verify_the_Share_icon_of_Article_banner(HomePageTests.java:398)
at java.base/jdk.internal.reflect.DirectMethodHandleAccessor.invoke(DirectMethodHandleAccessor.java:104)
at java.base/java.lang.reflect.Method.invoke(Method.java:578)
at org.testng.internal.MethodInvocationHelper.invokeMethod(MethodInvocationHelper.java:133)
at org.testng.internal.TestInvoker.invokeMethod(TestInvoker.java:598)
at org.testng.internal.TestInvoker.invokeTestMethod(TestInvoker.java:173)
at org.testng.internal.MethodRunner.runInSequence(MethodRunner.java:46)
at org.testng.internal.TestInvoker$MethodInvocationAgent.invoke(TestInvoker.java:824)
at org.testng.internal.TestInvoker.invokeTestMethods(TestInvoker.java:146)
at org.testng.internal.TestMethodWorker.invokeTestMethods(TestMethodWorker.java:146)
at org.testng.internal.TestMethodWorker.run(TestMethodWorker.java:128)
at java.base/java.util.ArrayList.forEach(ArrayList.java:1511)
at org.testng.TestRunner.privateRun(TestRunner.java:794)
at org.testng.TestRunner.run(TestRunner.java:596)
at org.testng.SuiteRunner.runTest(SuiteRunner.java:377)
at org.testng.SuiteRunner.runSequentially(SuiteRunner.java:371)
at org.testng.SuiteRunner.privateRun(SuiteRunner.java:332)
at org.testng.SuiteRunner.run(SuiteRunner.java:276)
at org.testng.SuiteRunnerWorker.runSuite(SuiteRunnerWorker.java:53)
at org.testng.SuiteRunnerWorker.run(SuiteRunnerWorker.java:96)
at org.testng.TestNG.runSuitesSequentially(TestNG.java:1212)
at org.testng.TestNG.runSuitesLocally(TestNG.java:1134)
at org.testng.TestNG.runSuites(TestNG.java:1063)
at org.testng.TestNG.run(TestNG.java:1031)
at org.apache.maven.surefire.testng.TestNGExecutor.run(TestNGExecutor.java:284)
at org.apache.maven.surefire.testng.TestNGXmlTestSuite.execute(TestNGXmlTestSuite.java:75)
at org.apache.maven.surefire.testng.TestNGProvider.invoke(TestNGProvider.java:119)
at org.apache.maven.surefire.booter.ForkedBooter.runSuitesInProcess(ForkedBooter.java:428)
at org.apache.maven.surefire.booter.ForkedBooter.execute(ForkedBooter.java:162)
at org.apache.maven.surefire.booter.ForkedBooter.run(ForkedBooter.java:562)
at org.apache.maven.surefire.booter.ForkedBooter.main(ForkedBooter.java:548)
]]>
    </error>
  </testcase> <!-- Verify_the_Share_icon_of_Article_banner -->
  <system-out>
    <![CDATA[Application Launched.<br>
Clicked on skip button.<br>
Clicked on next button.<br>
Entered Email :- sagarnandha11+1@gmail.com<br>
Entered Password :- Plai@1234<br>
Clicked On Login Button<br>
App name is verified on login splash screen<br>
Day Greeting is verified on login splash screen<br>
Username with Profile Picture is verified on login splash screen<br>
Welcome Greeting is verified on login splash screen<br>
Share Article Button is displayed<br>]]>
  </system-out>
  <testcase classname="Tests.HomePageTests" name="Verify_the_fields_display_on_first_screen_of_Update_Team" time="68.009"/>
  <system-out>
    <![CDATA[Application Launched.<br>
Clicked on skip button.<br>
Clicked on next button.<br>
Entered Email :- sagarnandha11+1@gmail.com<br>
Entered Password :- Plai@1234<br>
Clicked On Login Button<br>
App name is verified on login splash screen<br>
Day Greeting is verified on login splash screen<br>
Username with Profile Picture is verified on login splash screen<br>
Welcome Greeting is verified on login splash screen<br>
Clicked On Club Banner in which user is Admin<br>
Clicked On Edit Button<br>
Update Team Page is Displayed<br>
Team Name Text field is Displayed<br>
Agent Code Dropdown is Displayed<br>
Primary Email Text field is Displayed<br>
Team Name is Displayed<br>
Team Name is Displayed<br>]]>
  </system-out>
  <testcase classname="Tests.HomePageTests" name="Verify_the_navigation_of_Back_icon_display_on_Profile_screen" time="49.756"/>
  <system-out>
    <![CDATA[Application Launched.<br>
Clicked on skip button.<br>
Clicked on next button.<br>
Entered Email :- sagarnandha11+1@gmail.com<br>
Entered Password :- Plai@1234<br>
Clicked On Login Button<br>
App name is verified on login splash screen<br>
Day Greeting is verified on login splash screen<br>
Username with Profile Picture is verified on login splash screen<br>
Welcome Greeting is verified on login splash screen<br>
Clicked on Profile Icon<br>
Back Button Clicked<br>
Back To Home Page<br>]]>
  </system-out>
  <testcase classname="Tests.HomePageTests" name="Verify_the_functionality_of_Search_bar_Request_Tab_Admin" time="65.151"/>
  <system-out>
    <![CDATA[Application Launched.<br>
Clicked on skip button.<br>
Clicked on next button.<br>
Entered Email :- sagarnandha11+1@gmail.com<br>
Entered Password :- Plai@1234<br>
Clicked On Login Button<br>
App name is verified on login splash screen<br>
Day Greeting is verified on login splash screen<br>
Username with Profile Picture is verified on login splash screen<br>
Welcome Greeting is verified on login splash screen<br>
Clicked On Club Banner in which user is Admin<br>
Clicked On Update Team<br>
Searched user request is displayed<br>]]>
  </system-out>
  <testcase classname="Tests.HomePageTests" name="Verify_fields_of_Home_screen" time="42.237"/>
  <system-out>
    <![CDATA[Application Launched.<br>
Clicked on skip button.<br>
Clicked on next button.<br>
Entered Email :- sagarnandha11+1@gmail.com<br>
Entered Password :- Plai@1234<br>
Clicked On Login Button<br>
Search Icon On Home Page is displayed<br>
Profile Icon On Home Page is displayed<br>
Pending Button On Home Page is displayed<br>
Sliding Banners On Home Page is displayed<br>
Sort by Button On Home Page is displayed<br>
Location Icon On Home Page is displayed<br>
Create Team Plus Button On Home Page is displayed<br>
Settings Button On Home Page is displayed<br>]]>
  </system-out>
  <testcase classname="Tests.HomePageTests" name="Verify_the_fields_display_on_second_screen_of_Update_Team" time="68.316"/>
  <system-out>
    <![CDATA[Application Launched.<br>
Clicked on skip button.<br>
Clicked on next button.<br>
Entered Email :- sagarnandha11+1@gmail.com<br>
Entered Password :- Plai@1234<br>
Clicked On Login Button<br>
App name is verified on login splash screen<br>
Day Greeting is verified on login splash screen<br>
Username with Profile Picture is verified on login splash screen<br>
Welcome Greeting is verified on login splash screen<br>
Clicked On Club Banner in which user is Admin<br>
Clicked On Edit Button<br>
Update Team Page is Displayed<br>
Clicked On Next Button<br>
Country Dropdown is Displayed<br>
Location TextField is Displayed<br>
Team Logo is Displayed<br>]]>
  </system-out>
  <testcase classname="Tests.HomePageTests" name="Verify_the_banner_for_searched_club" time="64.549"/>
  <system-out>
    <![CDATA[Application Launched.<br>
Clicked on skip button.<br>
Clicked on next button.<br>
Entered Email :- sagarnandha11+1@gmail.com<br>
Entered Password :- Plai@1234<br>
Clicked On Login Button<br>
App name is verified on login splash screen<br>
Day Greeting is verified on login splash screen<br>
Username with Profile Picture is verified on login splash screen<br>
Welcome Greeting is verified on login splash screen<br>
Clicked On Search Icon<br>
Search Page is displayed<br>
Searched Sporty Tots<br>
Map navigated to Sporty Tots Location<br>
Sporty Tots banner is displayed<br>]]>
  </system-out>
  <testcase classname="Tests.HomePageTests" name="Verify_the_functionality_of_Search_bar_Pending_Requests" time="47.473"/>
  <system-out>
    <![CDATA[Application Launched.<br>
Clicked on skip button.<br>
Clicked on next button.<br>
Entered Email :- sagarnandha11+1@gmail.com<br>
Entered Password :- Plai@1234<br>
Clicked On Login Button<br>
App name is verified on login splash screen<br>
Day Greeting is verified on login splash screen<br>
Username with Profile Picture is verified on login splash screen<br>
Welcome Greeting is verified on login splash screen<br>
Pending Requests Button Clicked<br>
Pending request page opened<br>
Searched Team<br>
Searched Team is Displayed<br>]]>
  </system-out>
  <testcase classname="Tests.HomePageTests" name="Verify_the_NEXT_button_of_UPDATE_TEAM_screen_without_entering_data_in_mandatory_fields" time="83.180">
    <error message="An element could not be located on the page using the given search parameters.
For documentation on this error, please visit: https://www.seleniumhq.org/exceptions/no_such_element.html
Build info: version: &#039;3.141.59&#039;, revision: &#039;e82be7d358&#039;, time: &#039;2018-11-14T08:17:03&#039;
System info: host: &#039;Admins-MacBook-Pro.local&#039;, ip: &#039;fe80:0:0:0:8f:c148:5c9e:6494%en0&#039;, os.name: &#039;Mac OS X&#039;, os.arch: &#039;x86_64&#039;, os.version: &#039;12.4&#039;, java.version: &#039;19.0.1&#039;
Driver info: io.appium.java_client.android.AndroidDriver
Capabilities {app: /Users/admin/Desktop/Plai_M..., appPackage: com.app.plaisports, autoAcceptAlerts: true, autoGrantPermissions: true, automationName: UiAutomator2, databaseEnabled: false, desired: {app: /Users/admin/Desktop/Plai_M..., autoAcceptAlerts: true, autoGrantPermissions: true, automationName: UiAutomator2, deviceName: 25e4e5308f0d7ece, platformName: android, platformVersion: 10, resetKeyboard: false, unicodeKeyboard: false}, deviceApiLevel: 29, deviceManufacturer: samsung, deviceModel: SM-N960F, deviceName: 25e4e5308f0d7ece, deviceScreenDensity: 420, deviceScreenSize: 1080x2220, deviceUDID: 25e4e5308f0d7ece, javascriptEnabled: true, locationContextEnabled: false, networkConnectionEnabled: true, pixelRatio: 2.625, platform: LINUX, platformName: android, platformVersion: 10, resetKeyboard: false, statBarHeight: 63, takesScreenshot: true, unicodeKeyboard: false, viewportRect: {height: 2031, left: 0, top: 63, width: 1080}, warnings: {}, webStorageEnabled: false}
Session ID: dc824834-6986-4bdf-939e-3aa52abdf3c2
*** Element info: {Using=xpath, value=//android.widget.TextView[@text=&quot;Team Name*&quot;]//..//..}" type="org.openqa.selenium.NoSuchElementException">
      <![CDATA[org.openqa.selenium.NoSuchElementException: An element could not be located on the page using the given search parameters.
For documentation on this error, please visit: https://www.seleniumhq.org/exceptions/no_such_element.html
Build info: version: '3.141.59', revision: 'e82be7d358', time: '2018-11-14T08:17:03'
System info: host: 'Admins-MacBook-Pro.local', ip: 'fe80:0:0:0:8f:c148:5c9e:6494%en0', os.name: 'Mac OS X', os.arch: 'x86_64', os.version: '12.4', java.version: '19.0.1'
Driver info: io.appium.java_client.android.AndroidDriver
Capabilities {app: /Users/admin/Desktop/Plai_M..., appPackage: com.app.plaisports, autoAcceptAlerts: true, autoGrantPermissions: true, automationName: UiAutomator2, databaseEnabled: false, desired: {app: /Users/admin/Desktop/Plai_M..., autoAcceptAlerts: true, autoGrantPermissions: true, automationName: UiAutomator2, deviceName: 25e4e5308f0d7ece, platformName: android, platformVersion: 10, resetKeyboard: false, unicodeKeyboard: false}, deviceApiLevel: 29, deviceManufacturer: samsung, deviceModel: SM-N960F, deviceName: 25e4e5308f0d7ece, deviceScreenDensity: 420, deviceScreenSize: 1080x2220, deviceUDID: 25e4e5308f0d7ece, javascriptEnabled: true, locationContextEnabled: false, networkConnectionEnabled: true, pixelRatio: 2.625, platform: LINUX, platformName: android, platformVersion: 10, resetKeyboard: false, statBarHeight: 63, takesScreenshot: true, unicodeKeyboard: false, viewportRect: {height: 2031, left: 0, top: 63, width: 1080}, warnings: {}, webStorageEnabled: false}
Session ID: dc824834-6986-4bdf-939e-3aa52abdf3c2
*** Element info: {Using=xpath, value=//android.widget.TextView[@text="Team Name*"]//..//..}
at java.base/jdk.internal.reflect.DirectConstructorHandleAccessor.newInstance(DirectConstructorHandleAccessor.java:67)
at java.base/java.lang.reflect.Constructor.newInstanceWithCaller(Constructor.java:500)
at java.base/java.lang.reflect.Constructor.newInstance(Constructor.java:484)
at org.openqa.selenium.remote.http.W3CHttpResponseCodec.createException(W3CHttpResponseCodec.java:187)
at org.openqa.selenium.remote.http.W3CHttpResponseCodec.decode(W3CHttpResponseCodec.java:122)
at org.openqa.selenium.remote.http.W3CHttpResponseCodec.decode(W3CHttpResponseCodec.java:49)
at org.openqa.selenium.remote.HttpCommandExecutor.execute(HttpCommandExecutor.java:158)
at io.appium.java_client.remote.AppiumCommandExecutor.execute(AppiumCommandExecutor.java:247)
at org.openqa.selenium.remote.RemoteWebDriver.execute(RemoteWebDriver.java:552)
at io.appium.java_client.DefaultGenericMobileDriver.execute(DefaultGenericMobileDriver.java:41)
at io.appium.java_client.AppiumDriver.execute(AppiumDriver.java:1)
at io.appium.java_client.android.AndroidDriver.execute(AndroidDriver.java:1)
at org.openqa.selenium.remote.RemoteWebDriver.findElement(RemoteWebDriver.java:323)
at io.appium.java_client.DefaultGenericMobileDriver.findElement(DefaultGenericMobileDriver.java:61)
at io.appium.java_client.AppiumDriver.findElement(AppiumDriver.java:1)
at io.appium.java_client.android.AndroidDriver.findElement(AndroidDriver.java:1)
at org.openqa.selenium.remote.RemoteWebDriver.findElementByXPath(RemoteWebDriver.java:428)
at io.appium.java_client.DefaultGenericMobileDriver.findElementByXPath(DefaultGenericMobileDriver.java:151)
at io.appium.java_client.AppiumDriver.findElementByXPath(AppiumDriver.java:1)
at io.appium.java_client.android.AndroidDriver.findElementByXPath(AndroidDriver.java:1)
at org.openqa.selenium.By$ByXPath.findElement(By.java:353)
at org.openqa.selenium.remote.RemoteWebDriver.findElement(RemoteWebDriver.java:315)
at io.appium.java_client.DefaultGenericMobileDriver.findElement(DefaultGenericMobileDriver.java:57)
at io.appium.java_client.AppiumDriver.findElement(AppiumDriver.java:1)
at io.appium.java_client.android.AndroidDriver.findElement(AndroidDriver.java:1)
at Pages.HomePage.Clear_Data_In_Edit_Form(HomePage.java:452)
at Tests.HomePageTests.Verify_the_NEXT_button_of_UPDATE_TEAM_screen_without_entering_data_in_mandatory_fields(HomePageTests.java:558)
at java.base/jdk.internal.reflect.DirectMethodHandleAccessor.invoke(DirectMethodHandleAccessor.java:104)
at java.base/java.lang.reflect.Method.invoke(Method.java:578)
at org.testng.internal.MethodInvocationHelper.invokeMethod(MethodInvocationHelper.java:133)
at org.testng.internal.TestInvoker.invokeMethod(TestInvoker.java:598)
at org.testng.internal.TestInvoker.invokeTestMethod(TestInvoker.java:173)
at org.testng.internal.MethodRunner.runInSequence(MethodRunner.java:46)
at org.testng.internal.TestInvoker$MethodInvocationAgent.invoke(TestInvoker.java:824)
at org.testng.internal.TestInvoker.invokeTestMethods(TestInvoker.java:146)
at org.testng.internal.TestMethodWorker.invokeTestMethods(TestMethodWorker.java:146)
at org.testng.internal.TestMethodWorker.run(TestMethodWorker.java:128)
at java.base/java.util.ArrayList.forEach(ArrayList.java:1511)
at org.testng.TestRunner.privateRun(TestRunner.java:794)
at org.testng.TestRunner.run(TestRunner.java:596)
at org.testng.SuiteRunner.runTest(SuiteRunner.java:377)
at org.testng.SuiteRunner.runSequentially(SuiteRunner.java:371)
at org.testng.SuiteRunner.privateRun(SuiteRunner.java:332)
at org.testng.SuiteRunner.run(SuiteRunner.java:276)
at org.testng.SuiteRunnerWorker.runSuite(SuiteRunnerWorker.java:53)
at org.testng.SuiteRunnerWorker.run(SuiteRunnerWorker.java:96)
at org.testng.TestNG.runSuitesSequentially(TestNG.java:1212)
at org.testng.TestNG.runSuitesLocally(TestNG.java:1134)
at org.testng.TestNG.runSuites(TestNG.java:1063)
at org.testng.TestNG.run(TestNG.java:1031)
at org.apache.maven.surefire.testng.TestNGExecutor.run(TestNGExecutor.java:284)
at org.apache.maven.surefire.testng.TestNGXmlTestSuite.execute(TestNGXmlTestSuite.java:75)
at org.apache.maven.surefire.testng.TestNGProvider.invoke(TestNGProvider.java:119)
at org.apache.maven.surefire.booter.ForkedBooter.runSuitesInProcess(ForkedBooter.java:428)
at org.apache.maven.surefire.booter.ForkedBooter.execute(ForkedBooter.java:162)
at org.apache.maven.surefire.booter.ForkedBooter.run(ForkedBooter.java:562)
at org.apache.maven.surefire.booter.ForkedBooter.main(ForkedBooter.java:548)
]]>
    </error>
  </testcase> <!-- Verify_the_NEXT_button_of_UPDATE_TEAM_screen_without_entering_data_in_mandatory_fields -->
  <system-out>
    <![CDATA[Application Launched.<br>
Clicked on skip button.<br>
Clicked on next button.<br>
Entered Email :- sagarnandha11+1@gmail.com<br>
Entered Password :- Plai@1234<br>
Clicked On Login Button<br>
App name is verified on login splash screen<br>
Day Greeting is verified on login splash screen<br>
Username with Profile Picture is verified on login splash screen<br>
Welcome Greeting is verified on login splash screen<br>
Clicked On Club Banner in which user is Admin<br>
Clicked On Edit Button<br>
Update Team Page is Displayed<br>
Clicked On Next Button<br>]]>
  </system-out>
  <testcase classname="Tests.HomePageTests" name="Verify_the_Confirm_button_after_entering_data_in_Assign_Groups" time="76.286">
    <error message="An element could not be located on the page using the given search parameters.
For documentation on this error, please visit: https://www.seleniumhq.org/exceptions/no_such_element.html
Build info: version: &#039;3.141.59&#039;, revision: &#039;e82be7d358&#039;, time: &#039;2018-11-14T08:17:03&#039;
System info: host: &#039;Admins-MacBook-Pro.local&#039;, ip: &#039;fe80:0:0:0:8f:c148:5c9e:6494%en0&#039;, os.name: &#039;Mac OS X&#039;, os.arch: &#039;x86_64&#039;, os.version: &#039;12.4&#039;, java.version: &#039;19.0.1&#039;
Driver info: io.appium.java_client.android.AndroidDriver
Capabilities {app: /Users/admin/Desktop/Plai_M..., appPackage: com.app.plaisports, autoAcceptAlerts: true, autoGrantPermissions: true, automationName: UiAutomator2, databaseEnabled: false, desired: {app: /Users/admin/Desktop/Plai_M..., autoAcceptAlerts: true, autoGrantPermissions: true, automationName: UiAutomator2, deviceName: 25e4e5308f0d7ece, platformName: android, platformVersion: 10, resetKeyboard: false, unicodeKeyboard: false}, deviceApiLevel: 29, deviceManufacturer: samsung, deviceModel: SM-N960F, deviceName: 25e4e5308f0d7ece, deviceScreenDensity: 420, deviceScreenSize: 1080x2220, deviceUDID: 25e4e5308f0d7ece, javascriptEnabled: true, locationContextEnabled: false, networkConnectionEnabled: true, pixelRatio: 2.625, platform: LINUX, platformName: android, platformVersion: 10, resetKeyboard: false, statBarHeight: 63, takesScreenshot: true, unicodeKeyboard: false, viewportRect: {height: 2031, left: 0, top: 63, width: 1080}, warnings: {}, webStorageEnabled: false}
Session ID: bfc4003a-be88-44dc-ba6a-0005fa894e1f
*** Element info: {Using=xpath, value=//android.widget.TextView[@text=&quot;3ynrhm Eynryn&quot;]//..//android.view.View//android.widget.TextView[@text=&quot;ACCEPT&quot;]}" type="org.openqa.selenium.NoSuchElementException">
      <![CDATA[org.openqa.selenium.NoSuchElementException: An element could not be located on the page using the given search parameters.
For documentation on this error, please visit: https://www.seleniumhq.org/exceptions/no_such_element.html
Build info: version: '3.141.59', revision: 'e82be7d358', time: '2018-11-14T08:17:03'
System info: host: 'Admins-MacBook-Pro.local', ip: 'fe80:0:0:0:8f:c148:5c9e:6494%en0', os.name: 'Mac OS X', os.arch: 'x86_64', os.version: '12.4', java.version: '19.0.1'
Driver info: io.appium.java_client.android.AndroidDriver
Capabilities {app: /Users/admin/Desktop/Plai_M..., appPackage: com.app.plaisports, autoAcceptAlerts: true, autoGrantPermissions: true, automationName: UiAutomator2, databaseEnabled: false, desired: {app: /Users/admin/Desktop/Plai_M..., autoAcceptAlerts: true, autoGrantPermissions: true, automationName: UiAutomator2, deviceName: 25e4e5308f0d7ece, platformName: android, platformVersion: 10, resetKeyboard: false, unicodeKeyboard: false}, deviceApiLevel: 29, deviceManufacturer: samsung, deviceModel: SM-N960F, deviceName: 25e4e5308f0d7ece, deviceScreenDensity: 420, deviceScreenSize: 1080x2220, deviceUDID: 25e4e5308f0d7ece, javascriptEnabled: true, locationContextEnabled: false, networkConnectionEnabled: true, pixelRatio: 2.625, platform: LINUX, platformName: android, platformVersion: 10, resetKeyboard: false, statBarHeight: 63, takesScreenshot: true, unicodeKeyboard: false, viewportRect: {height: 2031, left: 0, top: 63, width: 1080}, warnings: {}, webStorageEnabled: false}
Session ID: bfc4003a-be88-44dc-ba6a-0005fa894e1f
*** Element info: {Using=xpath, value=//android.widget.TextView[@text="3ynrhm Eynryn"]//..//android.view.View//android.widget.TextView[@text="ACCEPT"]}
at java.base/jdk.internal.reflect.DirectConstructorHandleAccessor.newInstance(DirectConstructorHandleAccessor.java:67)
at java.base/java.lang.reflect.Constructor.newInstanceWithCaller(Constructor.java:500)
at java.base/java.lang.reflect.Constructor.newInstance(Constructor.java:484)
at org.openqa.selenium.remote.http.W3CHttpResponseCodec.createException(W3CHttpResponseCodec.java:187)
at org.openqa.selenium.remote.http.W3CHttpResponseCodec.decode(W3CHttpResponseCodec.java:122)
at org.openqa.selenium.remote.http.W3CHttpResponseCodec.decode(W3CHttpResponseCodec.java:49)
at org.openqa.selenium.remote.HttpCommandExecutor.execute(HttpCommandExecutor.java:158)
at io.appium.java_client.remote.AppiumCommandExecutor.execute(AppiumCommandExecutor.java:247)
at org.openqa.selenium.remote.RemoteWebDriver.execute(RemoteWebDriver.java:552)
at io.appium.java_client.DefaultGenericMobileDriver.execute(DefaultGenericMobileDriver.java:41)
at io.appium.java_client.AppiumDriver.execute(AppiumDriver.java:1)
at io.appium.java_client.android.AndroidDriver.execute(AndroidDriver.java:1)
at org.openqa.selenium.remote.RemoteWebDriver.findElement(RemoteWebDriver.java:323)
at io.appium.java_client.DefaultGenericMobileDriver.findElement(DefaultGenericMobileDriver.java:61)
at io.appium.java_client.AppiumDriver.findElement(AppiumDriver.java:1)
at io.appium.java_client.android.AndroidDriver.findElement(AndroidDriver.java:1)
at org.openqa.selenium.remote.RemoteWebDriver.findElementByXPath(RemoteWebDriver.java:428)
at io.appium.java_client.DefaultGenericMobileDriver.findElementByXPath(DefaultGenericMobileDriver.java:151)
at io.appium.java_client.AppiumDriver.findElementByXPath(AppiumDriver.java:1)
at io.appium.java_client.android.AndroidDriver.findElementByXPath(AndroidDriver.java:1)
at org.openqa.selenium.By$ByXPath.findElement(By.java:353)
at org.openqa.selenium.remote.RemoteWebDriver.findElement(RemoteWebDriver.java:315)
at io.appium.java_client.DefaultGenericMobileDriver.findElement(DefaultGenericMobileDriver.java:57)
at io.appium.java_client.AppiumDriver.findElement(AppiumDriver.java:1)
at io.appium.java_client.android.AndroidDriver.findElement(AndroidDriver.java:1)
at Pages.HomePage.Accept_User_Request(HomePage.java:481)
at Tests.HomePageTests.Verify_the_Confirm_button_after_entering_data_in_Assign_Groups(HomePageTests.java:857)
at java.base/jdk.internal.reflect.DirectMethodHandleAccessor.invoke(DirectMethodHandleAccessor.java:104)
at java.base/java.lang.reflect.Method.invoke(Method.java:578)
at org.testng.internal.MethodInvocationHelper.invokeMethod(MethodInvocationHelper.java:133)
at org.testng.internal.TestInvoker.invokeMethod(TestInvoker.java:598)
at org.testng.internal.TestInvoker.invokeTestMethod(TestInvoker.java:173)
at org.testng.internal.MethodRunner.runInSequence(MethodRunner.java:46)
at org.testng.internal.TestInvoker$MethodInvocationAgent.invoke(TestInvoker.java:824)
at org.testng.internal.TestInvoker.invokeTestMethods(TestInvoker.java:146)
at org.testng.internal.TestMethodWorker.invokeTestMethods(TestMethodWorker.java:146)
at org.testng.internal.TestMethodWorker.run(TestMethodWorker.java:128)
at java.base/java.util.ArrayList.forEach(ArrayList.java:1511)
at org.testng.TestRunner.privateRun(TestRunner.java:794)
at org.testng.TestRunner.run(TestRunner.java:596)
at org.testng.SuiteRunner.runTest(SuiteRunner.java:377)
at org.testng.SuiteRunner.runSequentially(SuiteRunner.java:371)
at org.testng.SuiteRunner.privateRun(SuiteRunner.java:332)
at org.testng.SuiteRunner.run(SuiteRunner.java:276)
at org.testng.SuiteRunnerWorker.runSuite(SuiteRunnerWorker.java:53)
at org.testng.SuiteRunnerWorker.run(SuiteRunnerWorker.java:96)
at org.testng.TestNG.runSuitesSequentially(TestNG.java:1212)
at org.testng.TestNG.runSuitesLocally(TestNG.java:1134)
at org.testng.TestNG.runSuites(TestNG.java:1063)
at org.testng.TestNG.run(TestNG.java:1031)
at org.apache.maven.surefire.testng.TestNGExecutor.run(TestNGExecutor.java:284)
at org.apache.maven.surefire.testng.TestNGXmlTestSuite.execute(TestNGXmlTestSuite.java:75)
at org.apache.maven.surefire.testng.TestNGProvider.invoke(TestNGProvider.java:119)
at org.apache.maven.surefire.booter.ForkedBooter.runSuitesInProcess(ForkedBooter.java:428)
at org.apache.maven.surefire.booter.ForkedBooter.execute(ForkedBooter.java:162)
at org.apache.maven.surefire.booter.ForkedBooter.run(ForkedBooter.java:562)
at org.apache.maven.surefire.booter.ForkedBooter.main(ForkedBooter.java:548)
]]>
    </error>
  </testcase> <!-- Verify_the_Confirm_button_after_entering_data_in_Assign_Groups -->
  <system-out>
    <![CDATA[Application Launched.<br>
Clicked on skip button.<br>
Clicked on next button.<br>
Entered Email :- sagarnandha11+1@gmail.com<br>
Entered Password :- Plai@1234<br>
Clicked On Login Button<br>
App name is verified on login splash screen<br>
Day Greeting is verified on login splash screen<br>
Username with Profile Picture is verified on login splash screen<br>
Welcome Greeting is verified on login splash screen<br>
Clicked On Club Banner in which user is Admin<br>]]>
  </system-out>
  <testcase classname="Tests.HomePageTests" name="Verify_dropdown_list_for_Country_field" time="69.321"/>
  <system-out>
    <![CDATA[Application Launched.<br>
Clicked on skip button.<br>
Clicked on next button.<br>
Entered Email :- sagarnandha11+1@gmail.com<br>
Entered Password :- Plai@1234<br>
Clicked On Login Button<br>
App name is verified on login splash screen<br>
Day Greeting is verified on login splash screen<br>
Username with Profile Picture is verified on login splash screen<br>
Welcome Greeting is verified on login splash screen<br>
Clicked On Club Banner in which user is Admin<br>
Clicked On Edit Button<br>
Update Team Page is Displayed<br>
Clicked On Next Button<br>
Country Dropdown is Displayed<br>
Location TextField is Displayed<br>
Team Logo is Displayed<br>
Clicked On Country Dropdown<br>
Search bar is Displayed<br>]]>
  </system-out>
  <testcase classname="Tests.HomePageTests" name="Verify_the_Done_link_without_selecting_any_option" time="71.371">
    <error message="An element could not be located on the page using the given search parameters.
For documentation on this error, please visit: https://www.seleniumhq.org/exceptions/no_such_element.html
Build info: version: &#039;3.141.59&#039;, revision: &#039;e82be7d358&#039;, time: &#039;2018-11-14T08:17:03&#039;
System info: host: &#039;Admins-MacBook-Pro.local&#039;, ip: &#039;fe80:0:0:0:8f:c148:5c9e:6494%en0&#039;, os.name: &#039;Mac OS X&#039;, os.arch: &#039;x86_64&#039;, os.version: &#039;12.4&#039;, java.version: &#039;19.0.1&#039;
Driver info: io.appium.java_client.android.AndroidDriver
Capabilities {app: /Users/admin/Desktop/Plai_M..., appPackage: com.app.plaisports, autoAcceptAlerts: true, autoGrantPermissions: true, automationName: UiAutomator2, databaseEnabled: false, desired: {app: /Users/admin/Desktop/Plai_M..., autoAcceptAlerts: true, autoGrantPermissions: true, automationName: UiAutomator2, deviceName: 25e4e5308f0d7ece, platformName: android, platformVersion: 10, resetKeyboard: false, unicodeKeyboard: false}, deviceApiLevel: 29, deviceManufacturer: samsung, deviceModel: SM-N960F, deviceName: 25e4e5308f0d7ece, deviceScreenDensity: 420, deviceScreenSize: 1080x2220, deviceUDID: 25e4e5308f0d7ece, javascriptEnabled: true, locationContextEnabled: false, networkConnectionEnabled: true, pixelRatio: 2.625, platform: LINUX, platformName: android, platformVersion: 10, resetKeyboard: false, statBarHeight: 63, takesScreenshot: true, unicodeKeyboard: false, viewportRect: {height: 2031, left: 0, top: 63, width: 1080}, warnings: {}, webStorageEnabled: false}
Session ID: 6558d0b9-c5a4-4b74-885a-baa784096007
*** Element info: {Using=xpath, value=/hierarchy/android.widget.Toast}" type="org.openqa.selenium.NoSuchElementException">
      <![CDATA[org.openqa.selenium.NoSuchElementException: An element could not be located on the page using the given search parameters.
For documentation on this error, please visit: https://www.seleniumhq.org/exceptions/no_such_element.html
Build info: version: '3.141.59', revision: 'e82be7d358', time: '2018-11-14T08:17:03'
System info: host: 'Admins-MacBook-Pro.local', ip: 'fe80:0:0:0:8f:c148:5c9e:6494%en0', os.name: 'Mac OS X', os.arch: 'x86_64', os.version: '12.4', java.version: '19.0.1'
Driver info: io.appium.java_client.android.AndroidDriver
Capabilities {app: /Users/admin/Desktop/Plai_M..., appPackage: com.app.plaisports, autoAcceptAlerts: true, autoGrantPermissions: true, automationName: UiAutomator2, databaseEnabled: false, desired: {app: /Users/admin/Desktop/Plai_M..., autoAcceptAlerts: true, autoGrantPermissions: true, automationName: UiAutomator2, deviceName: 25e4e5308f0d7ece, platformName: android, platformVersion: 10, resetKeyboard: false, unicodeKeyboard: false}, deviceApiLevel: 29, deviceManufacturer: samsung, deviceModel: SM-N960F, deviceName: 25e4e5308f0d7ece, deviceScreenDensity: 420, deviceScreenSize: 1080x2220, deviceUDID: 25e4e5308f0d7ece, javascriptEnabled: true, locationContextEnabled: false, networkConnectionEnabled: true, pixelRatio: 2.625, platform: LINUX, platformName: android, platformVersion: 10, resetKeyboard: false, statBarHeight: 63, takesScreenshot: true, unicodeKeyboard: false, viewportRect: {height: 2031, left: 0, top: 63, width: 1080}, warnings: {}, webStorageEnabled: false}
Session ID: 6558d0b9-c5a4-4b74-885a-baa784096007
*** Element info: {Using=xpath, value=/hierarchy/android.widget.Toast}
at java.base/jdk.internal.reflect.DirectConstructorHandleAccessor.newInstance(DirectConstructorHandleAccessor.java:67)
at java.base/java.lang.reflect.Constructor.newInstanceWithCaller(Constructor.java:500)
at java.base/java.lang.reflect.Constructor.newInstance(Constructor.java:484)
at org.openqa.selenium.remote.http.W3CHttpResponseCodec.createException(W3CHttpResponseCodec.java:187)
at org.openqa.selenium.remote.http.W3CHttpResponseCodec.decode(W3CHttpResponseCodec.java:122)
at org.openqa.selenium.remote.http.W3CHttpResponseCodec.decode(W3CHttpResponseCodec.java:49)
at org.openqa.selenium.remote.HttpCommandExecutor.execute(HttpCommandExecutor.java:158)
at io.appium.java_client.remote.AppiumCommandExecutor.execute(AppiumCommandExecutor.java:247)
at org.openqa.selenium.remote.RemoteWebDriver.execute(RemoteWebDriver.java:552)
at io.appium.java_client.DefaultGenericMobileDriver.execute(DefaultGenericMobileDriver.java:41)
at io.appium.java_client.AppiumDriver.execute(AppiumDriver.java:1)
at io.appium.java_client.android.AndroidDriver.execute(AndroidDriver.java:1)
at org.openqa.selenium.remote.RemoteWebDriver.findElement(RemoteWebDriver.java:323)
at io.appium.java_client.DefaultGenericMobileDriver.findElement(DefaultGenericMobileDriver.java:61)
at io.appium.java_client.AppiumDriver.findElement(AppiumDriver.java:1)
at io.appium.java_client.android.AndroidDriver.findElement(AndroidDriver.java:1)
at org.openqa.selenium.remote.RemoteWebDriver.findElementByXPath(RemoteWebDriver.java:428)
at io.appium.java_client.DefaultGenericMobileDriver.findElementByXPath(DefaultGenericMobileDriver.java:151)
at io.appium.java_client.AppiumDriver.findElementByXPath(AppiumDriver.java:1)
at io.appium.java_client.android.AndroidDriver.findElementByXPath(AndroidDriver.java:1)
at org.openqa.selenium.By$ByXPath.findElement(By.java:353)
at org.openqa.selenium.remote.RemoteWebDriver.findElement(RemoteWebDriver.java:315)
at io.appium.java_client.DefaultGenericMobileDriver.findElement(DefaultGenericMobileDriver.java:57)
at io.appium.java_client.AppiumDriver.findElement(AppiumDriver.java:1)
at io.appium.java_client.android.AndroidDriver.findElement(AndroidDriver.java:1)
at Pages.LoginPage.Get_Toast_Alert(LoginPage.java:74)
at Tests.HomePageTests.Verify_the_Done_link_without_selecting_any_option(HomePageTests.java:229)
at java.base/jdk.internal.reflect.DirectMethodHandleAccessor.invoke(DirectMethodHandleAccessor.java:104)
at java.base/java.lang.reflect.Method.invoke(Method.java:578)
at org.testng.internal.MethodInvocationHelper.invokeMethod(MethodInvocationHelper.java:133)
at org.testng.internal.TestInvoker.invokeMethod(TestInvoker.java:598)
at org.testng.internal.TestInvoker.invokeTestMethod(TestInvoker.java:173)
at org.testng.internal.MethodRunner.runInSequence(MethodRunner.java:46)
at org.testng.internal.TestInvoker$MethodInvocationAgent.invoke(TestInvoker.java:824)
at org.testng.internal.TestInvoker.invokeTestMethods(TestInvoker.java:146)
at org.testng.internal.TestMethodWorker.invokeTestMethods(TestMethodWorker.java:146)
at org.testng.internal.TestMethodWorker.run(TestMethodWorker.java:128)
at java.base/java.util.ArrayList.forEach(ArrayList.java:1511)
at org.testng.TestRunner.privateRun(TestRunner.java:794)
at org.testng.TestRunner.run(TestRunner.java:596)
at org.testng.SuiteRunner.runTest(SuiteRunner.java:377)
at org.testng.SuiteRunner.runSequentially(SuiteRunner.java:371)
at org.testng.SuiteRunner.privateRun(SuiteRunner.java:332)
at org.testng.SuiteRunner.run(SuiteRunner.java:276)
at org.testng.SuiteRunnerWorker.runSuite(SuiteRunnerWorker.java:53)
at org.testng.SuiteRunnerWorker.run(SuiteRunnerWorker.java:96)
at org.testng.TestNG.runSuitesSequentially(TestNG.java:1212)
at org.testng.TestNG.runSuitesLocally(TestNG.java:1134)
at org.testng.TestNG.runSuites(TestNG.java:1063)
at org.testng.TestNG.run(TestNG.java:1031)
at org.apache.maven.surefire.testng.TestNGExecutor.run(TestNGExecutor.java:284)
at org.apache.maven.surefire.testng.TestNGXmlTestSuite.execute(TestNGXmlTestSuite.java:75)
at org.apache.maven.surefire.testng.TestNGProvider.invoke(TestNGProvider.java:119)
at org.apache.maven.surefire.booter.ForkedBooter.runSuitesInProcess(ForkedBooter.java:428)
at org.apache.maven.surefire.booter.ForkedBooter.execute(ForkedBooter.java:162)
at org.apache.maven.surefire.booter.ForkedBooter.run(ForkedBooter.java:562)
at org.apache.maven.surefire.booter.ForkedBooter.main(ForkedBooter.java:548)
]]>
    </error>
  </testcase> <!-- Verify_the_Done_link_without_selecting_any_option -->
  <system-out>
    <![CDATA[Application Launched.<br>
Clicked on skip button.<br>
Clicked on next button.<br>
Entered Email :- sagarnandha11+1@gmail.com<br>
Entered Password :- Plai@1234<br>
Clicked On Login Button<br>
App name is verified on login splash screen<br>
Day Greeting is verified on login splash screen<br>
Username with Profile Picture is verified on login splash screen<br>
Welcome Greeting is verified on login splash screen<br>
Clicked on Profile Icon<br>
Clicked on Edit Profile Button<br>
Clicked on Location Dropdown Button<br>
Location Dropdown Opened with list of countries<br>
Clicked on Done Button<br>]]>
  </system-out>
  <testcase classname="Tests.HomePageTests" name="Verify_the_Done_link_with_Search_bar" time="61.573"/>
  <system-out>
    <![CDATA[Application Launched.<br>
Clicked on skip button.<br>
Clicked on next button.<br>
Entered Email :- sagarnandha11+1@gmail.com<br>
Entered Password :- Plai@1234<br>
Clicked On Login Button<br>
App name is verified on login splash screen<br>
Day Greeting is verified on login splash screen<br>
Username with Profile Picture is verified on login splash screen<br>
Welcome Greeting is verified on login splash screen<br>
Clicked on Profile Icon<br>
Clicked on Edit Profile Button<br>
Clicked on Location Dropdown Button<br>
Searched Location :- Brazil<br>
Clicked On Searched Location :- Brazil<br>
Clicked on Done Button<br>
Location Updated<br>]]>
  </system-out>
  <testcase classname="Tests.HomePageTests" name="Verify_the_Bookmark_option_of_Please_Select_popup" time="49.813"/>
  <system-out>
    <![CDATA[Application Launched.<br>
Clicked on skip button.<br>
Clicked on next button.<br>
Entered Email :- sagarnandha11+1@gmail.com<br>
Entered Password :- Plai@1234<br>
Clicked On Login Button<br>
App name is verified on login splash screen<br>
Day Greeting is verified on login splash screen<br>
Username with Profile Picture is verified on login splash screen<br>
Welcome Greeting is verified on login splash screen<br>
Clicked On Sort by Button<br>
Clicked On Bookmark Option<br>
Please Add Bookmark is Displayed<br>]]>
  </system-out>
  <testcase classname="Tests.HomePageTests" name="Verify_the_Mobile_Number_field_by_entering_more_than_10_digit_number" time="62.972"/>
  <system-out>
    <![CDATA[Application Launched.<br>
Clicked on skip button.<br>
Clicked on next button.<br>
Entered Email :- sagarnandha11+1@gmail.com<br>
Entered Password :- Plai@1234<br>
Clicked On Login Button<br>
App name is verified on login splash screen<br>
Day Greeting is verified on login splash screen<br>
Username with Profile Picture is verified on login splash screen<br>
Welcome Greeting is verified on login splash screen<br>
Clicked on Profile Icon<br>
Clicked on Edit Profile Button<br>
Entered Phone Number More than 10 digits<br>
Clicked on Done Button<br>
Profile Updated Toast Message<br>
Alert :- Profile updated successfully.<br>]]>
  </system-out>
  <testcase classname="Tests.HomePageTests" name="Verify_Search_bar_of_dropdown_list_for_Country" time="72.824"/>
  <system-out>
    <![CDATA[Application Launched.<br>
Clicked on skip button.<br>
Clicked on next button.<br>
Entered Email :- sagarnandha11+1@gmail.com<br>
Entered Password :- Plai@1234<br>
Clicked On Login Button<br>
App name is verified on login splash screen<br>
Day Greeting is verified on login splash screen<br>
Username with Profile Picture is verified on login splash screen<br>
Welcome Greeting is verified on login splash screen<br>
Clicked On Club Banner in which user is Admin<br>
Clicked On Edit Button<br>
Update Team Page is Displayed<br>
Clicked On Next Button<br>
Country Dropdown is Displayed<br>
Location TextField is Displayed<br>
Team Logo is Displayed<br>
Clicked On Country Dropdown<br>
Search bar is Displayed<br>
Searched Location :- Brazil<br>
Clicked On Searched Location :- Brazil<br>
Clicked on Done Button<br>]]>
  </system-out>
  <testcase classname="Tests.HomePageTests" name="Verify_the_Select_All_button" time="76.374">
    <error message="An element could not be located on the page using the given search parameters.
For documentation on this error, please visit: https://www.seleniumhq.org/exceptions/no_such_element.html
Build info: version: &#039;3.141.59&#039;, revision: &#039;e82be7d358&#039;, time: &#039;2018-11-14T08:17:03&#039;
System info: host: &#039;Admins-MacBook-Pro.local&#039;, ip: &#039;fe80:0:0:0:8f:c148:5c9e:6494%en0&#039;, os.name: &#039;Mac OS X&#039;, os.arch: &#039;x86_64&#039;, os.version: &#039;12.4&#039;, java.version: &#039;19.0.1&#039;
Driver info: io.appium.java_client.android.AndroidDriver
Capabilities {app: /Users/admin/Desktop/Plai_M..., appPackage: com.app.plaisports, autoAcceptAlerts: true, autoGrantPermissions: true, automationName: UiAutomator2, databaseEnabled: false, desired: {app: /Users/admin/Desktop/Plai_M..., autoAcceptAlerts: true, autoGrantPermissions: true, automationName: UiAutomator2, deviceName: 25e4e5308f0d7ece, platformName: android, platformVersion: 10, resetKeyboard: false, unicodeKeyboard: false}, deviceApiLevel: 29, deviceManufacturer: samsung, deviceModel: SM-N960F, deviceName: 25e4e5308f0d7ece, deviceScreenDensity: 420, deviceScreenSize: 1080x2220, deviceUDID: 25e4e5308f0d7ece, javascriptEnabled: true, locationContextEnabled: false, networkConnectionEnabled: true, pixelRatio: 2.625, platform: LINUX, platformName: android, platformVersion: 10, resetKeyboard: false, statBarHeight: 63, takesScreenshot: true, unicodeKeyboard: false, viewportRect: {height: 2031, left: 0, top: 63, width: 1080}, warnings: {}, webStorageEnabled: false}
Session ID: 3fe8b7b4-1fcc-433f-9a3d-1ecb0aad6d96
*** Element info: {Using=xpath, value=//android.widget.TextView[@text=&quot;3ynrhm Eynryn&quot;]//..//android.view.View//android.widget.TextView[@text=&quot;ACCEPT&quot;]}" type="org.openqa.selenium.NoSuchElementException">
      <![CDATA[org.openqa.selenium.NoSuchElementException: An element could not be located on the page using the given search parameters.
For documentation on this error, please visit: https://www.seleniumhq.org/exceptions/no_such_element.html
Build info: version: '3.141.59', revision: 'e82be7d358', time: '2018-11-14T08:17:03'
System info: host: 'Admins-MacBook-Pro.local', ip: 'fe80:0:0:0:8f:c148:5c9e:6494%en0', os.name: 'Mac OS X', os.arch: 'x86_64', os.version: '12.4', java.version: '19.0.1'
Driver info: io.appium.java_client.android.AndroidDriver
Capabilities {app: /Users/admin/Desktop/Plai_M..., appPackage: com.app.plaisports, autoAcceptAlerts: true, autoGrantPermissions: true, automationName: UiAutomator2, databaseEnabled: false, desired: {app: /Users/admin/Desktop/Plai_M..., autoAcceptAlerts: true, autoGrantPermissions: true, automationName: UiAutomator2, deviceName: 25e4e5308f0d7ece, platformName: android, platformVersion: 10, resetKeyboard: false, unicodeKeyboard: false}, deviceApiLevel: 29, deviceManufacturer: samsung, deviceModel: SM-N960F, deviceName: 25e4e5308f0d7ece, deviceScreenDensity: 420, deviceScreenSize: 1080x2220, deviceUDID: 25e4e5308f0d7ece, javascriptEnabled: true, locationContextEnabled: false, networkConnectionEnabled: true, pixelRatio: 2.625, platform: LINUX, platformName: android, platformVersion: 10, resetKeyboard: false, statBarHeight: 63, takesScreenshot: true, unicodeKeyboard: false, viewportRect: {height: 2031, left: 0, top: 63, width: 1080}, warnings: {}, webStorageEnabled: false}
Session ID: 3fe8b7b4-1fcc-433f-9a3d-1ecb0aad6d96
*** Element info: {Using=xpath, value=//android.widget.TextView[@text="3ynrhm Eynryn"]//..//android.view.View//android.widget.TextView[@text="ACCEPT"]}
at java.base/jdk.internal.reflect.DirectConstructorHandleAccessor.newInstance(DirectConstructorHandleAccessor.java:67)
at java.base/java.lang.reflect.Constructor.newInstanceWithCaller(Constructor.java:500)
at java.base/java.lang.reflect.Constructor.newInstance(Constructor.java:484)
at org.openqa.selenium.remote.http.W3CHttpResponseCodec.createException(W3CHttpResponseCodec.java:187)
at org.openqa.selenium.remote.http.W3CHttpResponseCodec.decode(W3CHttpResponseCodec.java:122)
at org.openqa.selenium.remote.http.W3CHttpResponseCodec.decode(W3CHttpResponseCodec.java:49)
at org.openqa.selenium.remote.HttpCommandExecutor.execute(HttpCommandExecutor.java:158)
at io.appium.java_client.remote.AppiumCommandExecutor.execute(AppiumCommandExecutor.java:247)
at org.openqa.selenium.remote.RemoteWebDriver.execute(RemoteWebDriver.java:552)
at io.appium.java_client.DefaultGenericMobileDriver.execute(DefaultGenericMobileDriver.java:41)
at io.appium.java_client.AppiumDriver.execute(AppiumDriver.java:1)
at io.appium.java_client.android.AndroidDriver.execute(AndroidDriver.java:1)
at org.openqa.selenium.remote.RemoteWebDriver.findElement(RemoteWebDriver.java:323)
at io.appium.java_client.DefaultGenericMobileDriver.findElement(DefaultGenericMobileDriver.java:61)
at io.appium.java_client.AppiumDriver.findElement(AppiumDriver.java:1)
at io.appium.java_client.android.AndroidDriver.findElement(AndroidDriver.java:1)
at org.openqa.selenium.remote.RemoteWebDriver.findElementByXPath(RemoteWebDriver.java:428)
at io.appium.java_client.DefaultGenericMobileDriver.findElementByXPath(DefaultGenericMobileDriver.java:151)
at io.appium.java_client.AppiumDriver.findElementByXPath(AppiumDriver.java:1)
at io.appium.java_client.android.AndroidDriver.findElementByXPath(AndroidDriver.java:1)
at org.openqa.selenium.By$ByXPath.findElement(By.java:353)
at org.openqa.selenium.remote.RemoteWebDriver.findElement(RemoteWebDriver.java:315)
at io.appium.java_client.DefaultGenericMobileDriver.findElement(DefaultGenericMobileDriver.java:57)
at io.appium.java_client.AppiumDriver.findElement(AppiumDriver.java:1)
at io.appium.java_client.android.AndroidDriver.findElement(AndroidDriver.java:1)
at Pages.HomePage.Accept_User_Request(HomePage.java:481)
at Tests.HomePageTests.Verify_the_Select_All_button(HomePageTests.java:781)
at java.base/jdk.internal.reflect.DirectMethodHandleAccessor.invoke(DirectMethodHandleAccessor.java:104)
at java.base/java.lang.reflect.Method.invoke(Method.java:578)
at org.testng.internal.MethodInvocationHelper.invokeMethod(MethodInvocationHelper.java:133)
at org.testng.internal.TestInvoker.invokeMethod(TestInvoker.java:598)
at org.testng.internal.TestInvoker.invokeTestMethod(TestInvoker.java:173)
at org.testng.internal.MethodRunner.runInSequence(MethodRunner.java:46)
at org.testng.internal.TestInvoker$MethodInvocationAgent.invoke(TestInvoker.java:824)
at org.testng.internal.TestInvoker.invokeTestMethods(TestInvoker.java:146)
at org.testng.internal.TestMethodWorker.invokeTestMethods(TestMethodWorker.java:146)
at org.testng.internal.TestMethodWorker.run(TestMethodWorker.java:128)
at java.base/java.util.ArrayList.forEach(ArrayList.java:1511)
at org.testng.TestRunner.privateRun(TestRunner.java:794)
at org.testng.TestRunner.run(TestRunner.java:596)
at org.testng.SuiteRunner.runTest(SuiteRunner.java:377)
at org.testng.SuiteRunner.runSequentially(SuiteRunner.java:371)
at org.testng.SuiteRunner.privateRun(SuiteRunner.java:332)
at org.testng.SuiteRunner.run(SuiteRunner.java:276)
at org.testng.SuiteRunnerWorker.runSuite(SuiteRunnerWorker.java:53)
at org.testng.SuiteRunnerWorker.run(SuiteRunnerWorker.java:96)
at org.testng.TestNG.runSuitesSequentially(TestNG.java:1212)
at org.testng.TestNG.runSuitesLocally(TestNG.java:1134)
at org.testng.TestNG.runSuites(TestNG.java:1063)
at org.testng.TestNG.run(TestNG.java:1031)
at org.apache.maven.surefire.testng.TestNGExecutor.run(TestNGExecutor.java:284)
at org.apache.maven.surefire.testng.TestNGXmlTestSuite.execute(TestNGXmlTestSuite.java:75)
at org.apache.maven.surefire.testng.TestNGProvider.invoke(TestNGProvider.java:119)
at org.apache.maven.surefire.booter.ForkedBooter.runSuitesInProcess(ForkedBooter.java:428)
at org.apache.maven.surefire.booter.ForkedBooter.execute(ForkedBooter.java:162)
at org.apache.maven.surefire.booter.ForkedBooter.run(ForkedBooter.java:562)
at org.apache.maven.surefire.booter.ForkedBooter.main(ForkedBooter.java:548)
]]>
    </error>
  </testcase> <!-- Verify_the_Select_All_button -->
  <system-out>
    <![CDATA[Application Launched.<br>
Clicked on skip button.<br>
Clicked on next button.<br>
Entered Email :- sagarnandha11+1@gmail.com<br>
Entered Password :- Plai@1234<br>
Clicked On Login Button<br>
App name is verified on login splash screen<br>
Day Greeting is verified on login splash screen<br>
Username with Profile Picture is verified on login splash screen<br>
Welcome Greeting is verified on login splash screen<br>
Clicked On Club Banner in which user is Admin<br>]]>
  </system-out>
  <testcase classname="Tests.HomePageTests" name="Verify_Sliding_banner_for_member" time="51.895">
    <error message="androidx.test.uiautomator.StaleObjectException
For documentation on this error, please visit: https://www.seleniumhq.org/exceptions/stale_element_reference.html
Build info: version: &#039;3.141.59&#039;, revision: &#039;e82be7d358&#039;, time: &#039;2018-11-14T08:17:03&#039;
System info: host: &#039;Admins-MacBook-Pro.local&#039;, ip: &#039;fe80:0:0:0:8f:c148:5c9e:6494%en0&#039;, os.name: &#039;Mac OS X&#039;, os.arch: &#039;x86_64&#039;, os.version: &#039;12.4&#039;, java.version: &#039;19.0.1&#039;
Driver info: io.appium.java_client.android.AndroidDriver
Capabilities {app: /Users/admin/Desktop/Plai_M..., appPackage: com.app.plaisports, autoAcceptAlerts: true, autoGrantPermissions: true, automationName: UiAutomator2, databaseEnabled: false, desired: {app: /Users/admin/Desktop/Plai_M..., autoAcceptAlerts: true, autoGrantPermissions: true, automationName: UiAutomator2, deviceName: 25e4e5308f0d7ece, platformName: android, platformVersion: 10, resetKeyboard: false, unicodeKeyboard: false}, deviceApiLevel: 29, deviceManufacturer: samsung, deviceModel: SM-N960F, deviceName: 25e4e5308f0d7ece, deviceScreenDensity: 420, deviceScreenSize: 1080x2220, deviceUDID: 25e4e5308f0d7ece, javascriptEnabled: true, locationContextEnabled: false, networkConnectionEnabled: true, pixelRatio: 2.625, platform: LINUX, platformName: android, platformVersion: 10, resetKeyboard: false, statBarHeight: 63, takesScreenshot: true, unicodeKeyboard: false, viewportRect: {height: 2031, left: 0, top: 63, width: 1080}, warnings: {}, webStorageEnabled: false}
Session ID: 1814fb3e-5258-4cea-86db-e145435ee1a5" type="org.openqa.selenium.StaleElementReferenceException">
      <![CDATA[org.openqa.selenium.StaleElementReferenceException: androidx.test.uiautomator.StaleObjectException
For documentation on this error, please visit: https://www.seleniumhq.org/exceptions/stale_element_reference.html
Build info: version: '3.141.59', revision: 'e82be7d358', time: '2018-11-14T08:17:03'
System info: host: 'Admins-MacBook-Pro.local', ip: 'fe80:0:0:0:8f:c148:5c9e:6494%en0', os.name: 'Mac OS X', os.arch: 'x86_64', os.version: '12.4', java.version: '19.0.1'
Driver info: io.appium.java_client.android.AndroidDriver
Capabilities {app: /Users/admin/Desktop/Plai_M..., appPackage: com.app.plaisports, autoAcceptAlerts: true, autoGrantPermissions: true, automationName: UiAutomator2, databaseEnabled: false, desired: {app: /Users/admin/Desktop/Plai_M..., autoAcceptAlerts: true, autoGrantPermissions: true, automationName: UiAutomator2, deviceName: 25e4e5308f0d7ece, platformName: android, platformVersion: 10, resetKeyboard: false, unicodeKeyboard: false}, deviceApiLevel: 29, deviceManufacturer: samsung, deviceModel: SM-N960F, deviceName: 25e4e5308f0d7ece, deviceScreenDensity: 420, deviceScreenSize: 1080x2220, deviceUDID: 25e4e5308f0d7ece, javascriptEnabled: true, locationContextEnabled: false, networkConnectionEnabled: true, pixelRatio: 2.625, platform: LINUX, platformName: android, platformVersion: 10, resetKeyboard: false, statBarHeight: 63, takesScreenshot: true, unicodeKeyboard: false, viewportRect: {height: 2031, left: 0, top: 63, width: 1080}, warnings: {}, webStorageEnabled: false}
Session ID: 1814fb3e-5258-4cea-86db-e145435ee1a5
at java.base/jdk.internal.reflect.DirectConstructorHandleAccessor.newInstance(DirectConstructorHandleAccessor.java:67)
at java.base/java.lang.reflect.Constructor.newInstanceWithCaller(Constructor.java:500)
at java.base/java.lang.reflect.Constructor.newInstance(Constructor.java:484)
at org.openqa.selenium.remote.http.W3CHttpResponseCodec.createException(W3CHttpResponseCodec.java:187)
at org.openqa.selenium.remote.http.W3CHttpResponseCodec.decode(W3CHttpResponseCodec.java:122)
at org.openqa.selenium.remote.http.W3CHttpResponseCodec.decode(W3CHttpResponseCodec.java:49)
at org.openqa.selenium.remote.HttpCommandExecutor.execute(HttpCommandExecutor.java:158)
at io.appium.java_client.remote.AppiumCommandExecutor.execute(AppiumCommandExecutor.java:247)
at org.openqa.selenium.remote.RemoteWebDriver.execute(RemoteWebDriver.java:552)
at io.appium.java_client.DefaultGenericMobileDriver.execute(DefaultGenericMobileDriver.java:41)
at io.appium.java_client.AppiumDriver.execute(AppiumDriver.java:1)
at io.appium.java_client.android.AndroidDriver.execute(AndroidDriver.java:1)
at org.openqa.selenium.remote.RemoteWebElement.execute(RemoteWebElement.java:285)
at io.appium.java_client.DefaultGenericMobileElement.execute(DefaultGenericMobileElement.java:45)
at io.appium.java_client.MobileElement.execute(MobileElement.java:1)
at io.appium.java_client.android.AndroidElement.execute(AndroidElement.java:1)
at org.openqa.selenium.remote.RemoteWebElement.click(RemoteWebElement.java:84)
at Pages.HomePage.Verify_Member_Club_Screen(HomePage.java:355)
at Tests.HomePageTests.Verify_Sliding_banner_for_member(HomePageTests.java:495)
at java.base/jdk.internal.reflect.DirectMethodHandleAccessor.invoke(DirectMethodHandleAccessor.java:104)
at java.base/java.lang.reflect.Method.invoke(Method.java:578)
at org.testng.internal.MethodInvocationHelper.invokeMethod(MethodInvocationHelper.java:133)
at org.testng.internal.TestInvoker.invokeMethod(TestInvoker.java:598)
at org.testng.internal.TestInvoker.invokeTestMethod(TestInvoker.java:173)
at org.testng.internal.MethodRunner.runInSequence(MethodRunner.java:46)
at org.testng.internal.TestInvoker$MethodInvocationAgent.invoke(TestInvoker.java:824)
at org.testng.internal.TestInvoker.invokeTestMethods(TestInvoker.java:146)
at org.testng.internal.TestMethodWorker.invokeTestMethods(TestMethodWorker.java:146)
at org.testng.internal.TestMethodWorker.run(TestMethodWorker.java:128)
at java.base/java.util.ArrayList.forEach(ArrayList.java:1511)
at org.testng.TestRunner.privateRun(TestRunner.java:794)
at org.testng.TestRunner.run(TestRunner.java:596)
at org.testng.SuiteRunner.runTest(SuiteRunner.java:377)
at org.testng.SuiteRunner.runSequentially(SuiteRunner.java:371)
at org.testng.SuiteRunner.privateRun(SuiteRunner.java:332)
at org.testng.SuiteRunner.run(SuiteRunner.java:276)
at org.testng.SuiteRunnerWorker.runSuite(SuiteRunnerWorker.java:53)
at org.testng.SuiteRunnerWorker.run(SuiteRunnerWorker.java:96)
at org.testng.TestNG.runSuitesSequentially(TestNG.java:1212)
at org.testng.TestNG.runSuitesLocally(TestNG.java:1134)
at org.testng.TestNG.runSuites(TestNG.java:1063)
at org.testng.TestNG.run(TestNG.java:1031)
at org.apache.maven.surefire.testng.TestNGExecutor.run(TestNGExecutor.java:284)
at org.apache.maven.surefire.testng.TestNGXmlTestSuite.execute(TestNGXmlTestSuite.java:75)
at org.apache.maven.surefire.testng.TestNGProvider.invoke(TestNGProvider.java:119)
at org.apache.maven.surefire.booter.ForkedBooter.runSuitesInProcess(ForkedBooter.java:428)
at org.apache.maven.surefire.booter.ForkedBooter.execute(ForkedBooter.java:162)
at org.apache.maven.surefire.booter.ForkedBooter.run(ForkedBooter.java:562)
at org.apache.maven.surefire.booter.ForkedBooter.main(ForkedBooter.java:548)
]]>
    </error>
  </testcase> <!-- Verify_Sliding_banner_for_member -->
  <system-out>
    <![CDATA[Application Launched.<br>
Clicked on skip button.<br>
Clicked on next button.<br>
Entered Email :- sagarnandha11+1@gmail.com<br>
Entered Password :- Plai@1234<br>
Clicked On Login Button<br>
App name is verified on login splash screen<br>
Day Greeting is verified on login splash screen<br>
Username with Profile Picture is verified on login splash screen<br>
Welcome Greeting is verified on login splash screen<br>
Clicked On Club Banner in which user is member<br>
Club Name Verified = PLAIers Snooker Club<br>
Facebook icon is Displayed<br>
Twitter icon is Displayed<br>
Instagram icon is Displayed<br>
Youtube icon is Displayed<br>
News Tab is Displayed<br>
Event Tab is Displayed<br>
Shop Tab is Displayed<br>
Members Tab is Displayed<br>
Clicked On Navigation Right Arrow<br>]]>
  </system-out>
  <testcase classname="Tests.HomePageTests" name="Verify_Sliding_banner_for_Admin" time="65.359"/>
  <system-out>
    <![CDATA[Application Launched.<br>
Clicked on skip button.<br>
Clicked on next button.<br>
Entered Email :- sagarnandha11+1@gmail.com<br>
Entered Password :- Plai@1234<br>
Clicked On Login Button<br>
App name is verified on login splash screen<br>
Day Greeting is verified on login splash screen<br>
Username with Profile Picture is verified on login splash screen<br>
Welcome Greeting is verified on login splash screen<br>
Clicked On Club Banner in which user is Admin<br>
Facebook icon is Displayed<br>
Twitter icon is Displayed<br>
Instagram icon is Displayed<br>
Youtube icon is Displayed<br>
Edit Button is Displayed<br>
Request Tab is Displayed<br>
News Tab is Displayed<br>
Event Tab is Displayed<br>
Shop Tab is Displayed<br>
Clicked On Navigation Right Arrow<br>
Clicked On Navigation Right Arrow<br>
Clicked On Navigation Right Arrow<br>
Clicked On Navigation Right Arrow<br>
Clicked On Navigation Right Arrow<br>
Members Tab is Displayed<br>
Links Tab is Displayed<br>
Groups Tab is Displayed<br>
Add New Article Button is Displayed<br>]]>
  </system-out>
</testsuite> <!-- Tests.HomePageTests -->
