<?xml version="1.0" encoding="UTF-8"?>
<!-- Generated by org.testng.reporters.JUnitReportReporter -->
<testsuite hostname="Admins-MacBook-Pro.local" failures="0" tests="17" name="Tests.ShopTabTests" time="1271.807" errors="4" timestamp="2023-01-03T23:24:43 IST" skipped="0">
  <testcase classname="Tests.ShopTabTests" name="Verify_the_Back_icon" time="67.080">
    <error message="The element &#039;By.xpath: //android.widget.ImageView&#039; is not linked to the same object in DOM anymore
For documentation on this error, please visit: https://www.seleniumhq.org/exceptions/stale_element_reference.html
Build info: version: &#039;3.141.59&#039;, revision: &#039;e82be7d358&#039;, time: &#039;2018-11-14T08:17:03&#039;
System info: host: &#039;Admins-MacBook-Pro.local&#039;, ip: &#039;fe80:0:0:0:8f:c148:5c9e:6494%en0&#039;, os.name: &#039;Mac OS X&#039;, os.arch: &#039;x86_64&#039;, os.version: &#039;12.4&#039;, java.version: &#039;19.0.1&#039;
Driver info: io.appium.java_client.android.AndroidDriver
Capabilities {app: /Users/admin/Desktop/Plai_M..., appPackage: com.app.plaisports, autoAcceptAlerts: true, autoGrantPermissions: true, automationName: UiAutomator2, databaseEnabled: false, desired: {app: /Users/admin/Desktop/Plai_M..., autoAcceptAlerts: true, autoGrantPermissions: true, automationName: UiAutomator2, deviceName: 25e4e5308f0d7ece, platformName: android, platformVersion: 10, resetKeyboard: false, unicodeKeyboard: false}, deviceApiLevel: 29, deviceManufacturer: samsung, deviceModel: SM-N960F, deviceName: 25e4e5308f0d7ece, deviceScreenDensity: 420, deviceScreenSize: 1080x2220, deviceUDID: 25e4e5308f0d7ece, javascriptEnabled: true, locationContextEnabled: false, networkConnectionEnabled: true, pixelRatio: 2.625, platform: LINUX, platformName: android, platformVersion: 10, resetKeyboard: false, statBarHeight: 63, takesScreenshot: true, unicodeKeyboard: false, viewportRect: {height: 2031, left: 0, top: 63, width: 1080}, warnings: {}, webStorageEnabled: false}
Session ID: c421823e-c36f-4a7a-97b8-6e9945aa3ea6" type="org.openqa.selenium.StaleElementReferenceException">
      <![CDATA[org.openqa.selenium.StaleElementReferenceException: The element 'By.xpath: //android.widget.ImageView' is not linked to the same object in DOM anymore
For documentation on this error, please visit: https://www.seleniumhq.org/exceptions/stale_element_reference.html
Build info: version: '3.141.59', revision: 'e82be7d358', time: '2018-11-14T08:17:03'
System info: host: 'Admins-MacBook-Pro.local', ip: 'fe80:0:0:0:8f:c148:5c9e:6494%en0', os.name: 'Mac OS X', os.arch: 'x86_64', os.version: '12.4', java.version: '19.0.1'
Driver info: io.appium.java_client.android.AndroidDriver
Capabilities {app: /Users/admin/Desktop/Plai_M..., appPackage: com.app.plaisports, autoAcceptAlerts: true, autoGrantPermissions: true, automationName: UiAutomator2, databaseEnabled: false, desired: {app: /Users/admin/Desktop/Plai_M..., autoAcceptAlerts: true, autoGrantPermissions: true, automationName: UiAutomator2, deviceName: 25e4e5308f0d7ece, platformName: android, platformVersion: 10, resetKeyboard: false, unicodeKeyboard: false}, deviceApiLevel: 29, deviceManufacturer: samsung, deviceModel: SM-N960F, deviceName: 25e4e5308f0d7ece, deviceScreenDensity: 420, deviceScreenSize: 1080x2220, deviceUDID: 25e4e5308f0d7ece, javascriptEnabled: true, locationContextEnabled: false, networkConnectionEnabled: true, pixelRatio: 2.625, platform: LINUX, platformName: android, platformVersion: 10, resetKeyboard: false, statBarHeight: 63, takesScreenshot: true, unicodeKeyboard: false, viewportRect: {height: 2031, left: 0, top: 63, width: 1080}, warnings: {}, webStorageEnabled: false}
Session ID: c421823e-c36f-4a7a-97b8-6e9945aa3ea6
at java.base/jdk.internal.reflect.DirectConstructorHandleAccessor.newInstance(DirectConstructorHandleAccessor.java:67)
at java.base/java.lang.reflect.Constructor.newInstanceWithCaller(Constructor.java:500)
at java.base/java.lang.reflect.Constructor.newInstance(Constructor.java:484)
at org.openqa.selenium.remote.http.W3CHttpResponseCodec.createException(W3CHttpResponseCodec.java:187)
at org.openqa.selenium.remote.http.W3CHttpResponseCodec.decode(W3CHttpResponseCodec.java:122)
at org.openqa.selenium.remote.http.W3CHttpResponseCodec.decode(W3CHttpResponseCodec.java:49)
at org.openqa.selenium.remote.HttpCommandExecutor.execute(HttpCommandExecutor.java:158)
at io.appium.java_client.remote.AppiumCommandExecutor.execute(AppiumCommandExecutor.java:247)
at org.openqa.selenium.remote.RemoteWebDriver.execute(RemoteWebDriver.java:552)
at io.appium.java_client.DefaultGenericMobileDriver.execute(DefaultGenericMobileDriver.java:41)
at io.appium.java_client.AppiumDriver.execute(AppiumDriver.java:1)
at io.appium.java_client.android.AndroidDriver.execute(AndroidDriver.java:1)
at org.openqa.selenium.remote.RemoteWebElement.execute(RemoteWebElement.java:285)
at io.appium.java_client.DefaultGenericMobileElement.execute(DefaultGenericMobileElement.java:45)
at io.appium.java_client.MobileElement.execute(MobileElement.java:1)
at io.appium.java_client.android.AndroidElement.execute(AndroidElement.java:1)
at org.openqa.selenium.remote.RemoteWebElement.click(RemoteWebElement.java:84)
at Pages.ShopTabPage.Click_Back_Button(ShopTabPage.java:92)
at Tests.ShopTabTests.Verify_the_Back_icon(ShopTabTests.java:132)
at java.base/jdk.internal.reflect.DirectMethodHandleAccessor.invoke(DirectMethodHandleAccessor.java:104)
at java.base/java.lang.reflect.Method.invoke(Method.java:578)
at org.testng.internal.MethodInvocationHelper.invokeMethod(MethodInvocationHelper.java:133)
at org.testng.internal.TestInvoker.invokeMethod(TestInvoker.java:598)
at org.testng.internal.TestInvoker.invokeTestMethod(TestInvoker.java:173)
at org.testng.internal.MethodRunner.runInSequence(MethodRunner.java:46)
at org.testng.internal.TestInvoker$MethodInvocationAgent.invoke(TestInvoker.java:824)
at org.testng.internal.TestInvoker.invokeTestMethods(TestInvoker.java:146)
at org.testng.internal.TestMethodWorker.invokeTestMethods(TestMethodWorker.java:146)
at org.testng.internal.TestMethodWorker.run(TestMethodWorker.java:128)
at java.base/java.util.ArrayList.forEach(ArrayList.java:1511)
at org.testng.TestRunner.privateRun(TestRunner.java:794)
at org.testng.TestRunner.run(TestRunner.java:596)
at org.testng.SuiteRunner.runTest(SuiteRunner.java:377)
at org.testng.SuiteRunner.runSequentially(SuiteRunner.java:371)
at org.testng.SuiteRunner.privateRun(SuiteRunner.java:332)
at org.testng.SuiteRunner.run(SuiteRunner.java:276)
at org.testng.SuiteRunnerWorker.runSuite(SuiteRunnerWorker.java:53)
at org.testng.SuiteRunnerWorker.run(SuiteRunnerWorker.java:96)
at org.testng.TestNG.runSuitesSequentially(TestNG.java:1212)
at org.testng.TestNG.runSuitesLocally(TestNG.java:1134)
at org.testng.TestNG.runSuites(TestNG.java:1063)
at org.testng.TestNG.run(TestNG.java:1031)
at org.apache.maven.surefire.testng.TestNGExecutor.run(TestNGExecutor.java:284)
at org.apache.maven.surefire.testng.TestNGXmlTestSuite.execute(TestNGXmlTestSuite.java:75)
at org.apache.maven.surefire.testng.TestNGProvider.invoke(TestNGProvider.java:119)
at org.apache.maven.surefire.booter.ForkedBooter.runSuitesInProcess(ForkedBooter.java:428)
at org.apache.maven.surefire.booter.ForkedBooter.execute(ForkedBooter.java:162)
at org.apache.maven.surefire.booter.ForkedBooter.run(ForkedBooter.java:562)
at org.apache.maven.surefire.booter.ForkedBooter.main(ForkedBooter.java:548)
]]>
    </error>
  </testcase> <!-- Verify_the_Back_icon -->
  <system-out>
    <![CDATA[Application Launched.<br>
Clicked on skip button.<br>
Clicked on next button.<br>
Entered Email :- sagarnandha11+1@gmail.com<br>
Entered Password :- Plai@1234<br>
Clicked On Login Button<br>
App name is verified on login splash screen<br>
Day Greeting is verified on login splash screen<br>
Username with Profile Picture is verified on login splash screen<br>
Welcome Greeting is verified on login splash screen<br>
Clicked On PLAIers Snooker Club Banner<br>
PLAIers Snooker Club Opened<br>
Shop Tab Opened<br>
Clicked On View All Button Of Clothing<br>
Clothing List Page Is Displayed<br>
Searched T-Shirt in CLP<br>
Searched Product Is Displayed<br>
Clicked On T-Shirt Product_Banner<br>]]>
  </system-out>
  <testcase classname="Tests.ShopTabTests" name="Verify_the_CVC_field_by_entering_4_digit_CVC_Code" time="79.040"/>
  <system-out>
    <![CDATA[Application Launched.<br>
Clicked on skip button.<br>
Clicked on next button.<br>
Entered Email :- sagarnandha11+1@gmail.com<br>
Entered Password :- Plai@1234<br>
Clicked On Login Button<br>
App name is verified on login splash screen<br>
Day Greeting is verified on login splash screen<br>
Username with Profile Picture is verified on login splash screen<br>
Welcome Greeting is verified on login splash screen<br>
Clicked On PLAIers Snooker Club Banner<br>
PLAIers Snooker Club Opened<br>
Shop Tab Opened<br>
Clicked On View All Button Of Clothing<br>
Clothing List Page Is Displayed<br>
Searched T-Shirt in CLP<br>
Searched Product Is Displayed<br>
Clicked On T-Shirt Product_Banner<br>
Clicked On Buy Now Button<br>
Checkout Page is Displayed<br>
Clothing List Page Is Displayed<br>
Clothing List Page Is Displayed<br>
Name in Checkout Is Displayed : Sagar Nandha<br>
Address in Checkout Is Displayed : 8 Floor, North Plaza, 801, Motera, Ahmedabad, Gujarat 380005, India<br>
Proceed To Payment Button Is Displayed<br>
Clicked On Proceed To Payment button<br>
Sent 4 digits CVV<br>
User is not able to Enter more than 3 digits<br>]]>
  </system-out>
  <testcase classname="Tests.ShopTabTests" name="Verify_the_View_All_Link_of_category" time="64.301"/>
  <system-out>
    <![CDATA[Application Launched.<br>
Clicked on skip button.<br>
Clicked on next button.<br>
Entered Email :- sagarnandha11+1@gmail.com<br>
Entered Password :- Plai@1234<br>
Clicked On Login Button<br>
App name is verified on login splash screen<br>
Day Greeting is verified on login splash screen<br>
Username with Profile Picture is verified on login splash screen<br>
Welcome Greeting is verified on login splash screen<br>
Clicked On PLAIers Snooker Club Banner<br>
PLAIers Snooker Club Opened<br>
Shop Tab Opened<br>
Clicked On View All Button Of Clothing<br>
Clothing List Page Is Displayed<br>]]>
  </system-out>
  <testcase classname="Tests.ShopTabTests" name="Verify_the_CONFIRM_PURCHASE_button" time="106.135">
    <error message="An element could not be located on the page using the given search parameters.
For documentation on this error, please visit: https://www.seleniumhq.org/exceptions/no_such_element.html
Build info: version: &#039;3.141.59&#039;, revision: &#039;e82be7d358&#039;, time: &#039;2018-11-14T08:17:03&#039;
System info: host: &#039;Admins-MacBook-Pro.local&#039;, ip: &#039;fe80:0:0:0:8f:c148:5c9e:6494%en0&#039;, os.name: &#039;Mac OS X&#039;, os.arch: &#039;x86_64&#039;, os.version: &#039;12.4&#039;, java.version: &#039;19.0.1&#039;
Driver info: io.appium.java_client.android.AndroidDriver
Capabilities {app: /Users/admin/Desktop/Plai_M..., appPackage: com.app.plaisports, autoAcceptAlerts: true, autoGrantPermissions: true, automationName: UiAutomator2, databaseEnabled: false, desired: {app: /Users/admin/Desktop/Plai_M..., autoAcceptAlerts: true, autoGrantPermissions: true, automationName: UiAutomator2, deviceName: 25e4e5308f0d7ece, platformName: android, platformVersion: 10, resetKeyboard: false, unicodeKeyboard: false}, deviceApiLevel: 29, deviceManufacturer: samsung, deviceModel: SM-N960F, deviceName: 25e4e5308f0d7ece, deviceScreenDensity: 420, deviceScreenSize: 1080x2220, deviceUDID: 25e4e5308f0d7ece, javascriptEnabled: true, locationContextEnabled: false, networkConnectionEnabled: true, pixelRatio: 2.625, platform: LINUX, platformName: android, platformVersion: 10, resetKeyboard: false, statBarHeight: 63, takesScreenshot: true, unicodeKeyboard: false, viewportRect: {height: 2031, left: 0, top: 63, width: 1080}, warnings: {}, webStorageEnabled: false}
Session ID: c5441169-d80c-44b3-9d4e-330ade930db1
*** Element info: {Using=xpath, value=/hierarchy/android.widget.Toast}" type="org.openqa.selenium.NoSuchElementException">
      <![CDATA[org.openqa.selenium.NoSuchElementException: An element could not be located on the page using the given search parameters.
For documentation on this error, please visit: https://www.seleniumhq.org/exceptions/no_such_element.html
Build info: version: '3.141.59', revision: 'e82be7d358', time: '2018-11-14T08:17:03'
System info: host: 'Admins-MacBook-Pro.local', ip: 'fe80:0:0:0:8f:c148:5c9e:6494%en0', os.name: 'Mac OS X', os.arch: 'x86_64', os.version: '12.4', java.version: '19.0.1'
Driver info: io.appium.java_client.android.AndroidDriver
Capabilities {app: /Users/admin/Desktop/Plai_M..., appPackage: com.app.plaisports, autoAcceptAlerts: true, autoGrantPermissions: true, automationName: UiAutomator2, databaseEnabled: false, desired: {app: /Users/admin/Desktop/Plai_M..., autoAcceptAlerts: true, autoGrantPermissions: true, automationName: UiAutomator2, deviceName: 25e4e5308f0d7ece, platformName: android, platformVersion: 10, resetKeyboard: false, unicodeKeyboard: false}, deviceApiLevel: 29, deviceManufacturer: samsung, deviceModel: SM-N960F, deviceName: 25e4e5308f0d7ece, deviceScreenDensity: 420, deviceScreenSize: 1080x2220, deviceUDID: 25e4e5308f0d7ece, javascriptEnabled: true, locationContextEnabled: false, networkConnectionEnabled: true, pixelRatio: 2.625, platform: LINUX, platformName: android, platformVersion: 10, resetKeyboard: false, statBarHeight: 63, takesScreenshot: true, unicodeKeyboard: false, viewportRect: {height: 2031, left: 0, top: 63, width: 1080}, warnings: {}, webStorageEnabled: false}
Session ID: c5441169-d80c-44b3-9d4e-330ade930db1
*** Element info: {Using=xpath, value=/hierarchy/android.widget.Toast}
at java.base/jdk.internal.reflect.DirectConstructorHandleAccessor.newInstance(DirectConstructorHandleAccessor.java:67)
at java.base/java.lang.reflect.Constructor.newInstanceWithCaller(Constructor.java:500)
at java.base/java.lang.reflect.Constructor.newInstance(Constructor.java:484)
at org.openqa.selenium.remote.http.W3CHttpResponseCodec.createException(W3CHttpResponseCodec.java:187)
at org.openqa.selenium.remote.http.W3CHttpResponseCodec.decode(W3CHttpResponseCodec.java:122)
at org.openqa.selenium.remote.http.W3CHttpResponseCodec.decode(W3CHttpResponseCodec.java:49)
at org.openqa.selenium.remote.HttpCommandExecutor.execute(HttpCommandExecutor.java:158)
at io.appium.java_client.remote.AppiumCommandExecutor.execute(AppiumCommandExecutor.java:247)
at org.openqa.selenium.remote.RemoteWebDriver.execute(RemoteWebDriver.java:552)
at io.appium.java_client.DefaultGenericMobileDriver.execute(DefaultGenericMobileDriver.java:41)
at io.appium.java_client.AppiumDriver.execute(AppiumDriver.java:1)
at io.appium.java_client.android.AndroidDriver.execute(AndroidDriver.java:1)
at org.openqa.selenium.remote.RemoteWebDriver.findElement(RemoteWebDriver.java:323)
at io.appium.java_client.DefaultGenericMobileDriver.findElement(DefaultGenericMobileDriver.java:61)
at io.appium.java_client.AppiumDriver.findElement(AppiumDriver.java:1)
at io.appium.java_client.android.AndroidDriver.findElement(AndroidDriver.java:1)
at org.openqa.selenium.remote.RemoteWebDriver.findElementByXPath(RemoteWebDriver.java:428)
at io.appium.java_client.DefaultGenericMobileDriver.findElementByXPath(DefaultGenericMobileDriver.java:151)
at io.appium.java_client.AppiumDriver.findElementByXPath(AppiumDriver.java:1)
at io.appium.java_client.android.AndroidDriver.findElementByXPath(AndroidDriver.java:1)
at org.openqa.selenium.By$ByXPath.findElement(By.java:353)
at org.openqa.selenium.remote.RemoteWebDriver.findElement(RemoteWebDriver.java:315)
at io.appium.java_client.DefaultGenericMobileDriver.findElement(DefaultGenericMobileDriver.java:57)
at io.appium.java_client.AppiumDriver.findElement(AppiumDriver.java:1)
at io.appium.java_client.android.AndroidDriver.findElement(AndroidDriver.java:1)
at Pages.LoginPage.Get_Toast_Alert(LoginPage.java:74)
at Tests.ShopTabTests.Verify_the_CONFIRM_PURCHASE_button(ShopTabTests.java:374)
at java.base/jdk.internal.reflect.DirectMethodHandleAccessor.invoke(DirectMethodHandleAccessor.java:104)
at java.base/java.lang.reflect.Method.invoke(Method.java:578)
at org.testng.internal.MethodInvocationHelper.invokeMethod(MethodInvocationHelper.java:133)
at org.testng.internal.TestInvoker.invokeMethod(TestInvoker.java:598)
at org.testng.internal.TestInvoker.invokeTestMethod(TestInvoker.java:173)
at org.testng.internal.MethodRunner.runInSequence(MethodRunner.java:46)
at org.testng.internal.TestInvoker$MethodInvocationAgent.invoke(TestInvoker.java:824)
at org.testng.internal.TestInvoker.invokeTestMethods(TestInvoker.java:146)
at org.testng.internal.TestMethodWorker.invokeTestMethods(TestMethodWorker.java:146)
at org.testng.internal.TestMethodWorker.run(TestMethodWorker.java:128)
at java.base/java.util.ArrayList.forEach(ArrayList.java:1511)
at org.testng.TestRunner.privateRun(TestRunner.java:794)
at org.testng.TestRunner.run(TestRunner.java:596)
at org.testng.SuiteRunner.runTest(SuiteRunner.java:377)
at org.testng.SuiteRunner.runSequentially(SuiteRunner.java:371)
at org.testng.SuiteRunner.privateRun(SuiteRunner.java:332)
at org.testng.SuiteRunner.run(SuiteRunner.java:276)
at org.testng.SuiteRunnerWorker.runSuite(SuiteRunnerWorker.java:53)
at org.testng.SuiteRunnerWorker.run(SuiteRunnerWorker.java:96)
at org.testng.TestNG.runSuitesSequentially(TestNG.java:1212)
at org.testng.TestNG.runSuitesLocally(TestNG.java:1134)
at org.testng.TestNG.runSuites(TestNG.java:1063)
at org.testng.TestNG.run(TestNG.java:1031)
at org.apache.maven.surefire.testng.TestNGExecutor.run(TestNGExecutor.java:284)
at org.apache.maven.surefire.testng.TestNGXmlTestSuite.execute(TestNGXmlTestSuite.java:75)
at org.apache.maven.surefire.testng.TestNGProvider.invoke(TestNGProvider.java:119)
at org.apache.maven.surefire.booter.ForkedBooter.runSuitesInProcess(ForkedBooter.java:428)
at org.apache.maven.surefire.booter.ForkedBooter.execute(ForkedBooter.java:162)
at org.apache.maven.surefire.booter.ForkedBooter.run(ForkedBooter.java:562)
at org.apache.maven.surefire.booter.ForkedBooter.main(ForkedBooter.java:548)
]]>
    </error>
  </testcase> <!-- Verify_the_CONFIRM_PURCHASE_button -->
  <system-out>
    <![CDATA[Application Launched.<br>
Clicked on skip button.<br>
Clicked on next button.<br>
Entered Email :- sagarnandha11+1@gmail.com<br>
Entered Password :- Plai@1234<br>
Clicked On Login Button<br>
App name is verified on login splash screen<br>
Day Greeting is verified on login splash screen<br>
Username with Profile Picture is verified on login splash screen<br>
Welcome Greeting is verified on login splash screen<br>
Clicked On PLAIers Snooker Club Banner<br>
PLAIers Snooker Club Opened<br>
Shop Tab Opened<br>
Clicked On View All Button Of Clothing<br>
Clothing List Page Is Displayed<br>
Searched T-Shirt in CLP<br>
Searched Product Is Displayed<br>
Clicked On T-Shirt Product_Banner<br>
Clicked On Buy Now Button<br>
Checkout Page is Displayed<br>
Clothing List Page Is Displayed<br>
Clothing List Page Is Displayed<br>
Name in Checkout Is Displayed : Sagar Nandha<br>
Address in Checkout Is Displayed : 8 Floor, North Plaza, 801, Motera, Ahmedabad, Gujarat 380005, India<br>
Proceed To Payment Button Is Displayed<br>
Clicked On Proceed To Payment button<br>
Searched T-Shirt in CLP<br>
Clicked On Card Number Field<br>
Date Panel for month and Year Opened<br>
Clicked on confirm button<br>
Sent 4 digits CVV<br>
User is not able to Enter more than 3 digits<br>
Clicked On Country Dropdown<br>
Selected Second Country as UAE<br>
Clicked On Done BButton<br>
Clicked On Confirm_Purchase Button<br>]]>
  </system-out>
  <testcase classname="Tests.ShopTabTests" name="Verify_the_Country_field_of_CHECKOUT_screen" time="79.835"/>
  <system-out>
    <![CDATA[Application Launched.<br>
Clicked on skip button.<br>
Clicked on next button.<br>
Entered Email :- sagarnandha11+1@gmail.com<br>
Entered Password :- Plai@1234<br>
Clicked On Login Button<br>
App name is verified on login splash screen<br>
Day Greeting is verified on login splash screen<br>
Username with Profile Picture is verified on login splash screen<br>
Welcome Greeting is verified on login splash screen<br>
Clicked On PLAIers Snooker Club Banner<br>
PLAIers Snooker Club Opened<br>
Shop Tab Opened<br>
Clicked On View All Button Of Clothing<br>
Clothing List Page Is Displayed<br>
Searched T-Shirt in CLP<br>
Searched Product Is Displayed<br>
Clicked On T-Shirt Product_Banner<br>
Clicked On Buy Now Button<br>
Checkout Page is Displayed<br>
Clothing List Page Is Displayed<br>
Clothing List Page Is Displayed<br>
Name in Checkout Is Displayed : Sagar Nandha<br>
Address in Checkout Is Displayed : 8 Floor, North Plaza, 801, Motera, Ahmedabad, Gujarat 380005, India<br>
Proceed To Payment Button Is Displayed<br>
Clicked On Proceed To Payment button<br>
Clicked On Country Dropdown<br>
Selected Second Country as UAE<br>
Clicked On Done BButton<br>]]>
  </system-out>
  <testcase classname="Tests.ShopTabTests" name="Verify_the_Expiration_field_of_CHECKOUT_screen" time="76.665"/>
  <system-out>
    <![CDATA[Application Launched.<br>
Clicked on skip button.<br>
Clicked on next button.<br>
Entered Email :- sagarnandha11+1@gmail.com<br>
Entered Password :- Plai@1234<br>
Clicked On Login Button<br>
App name is verified on login splash screen<br>
Day Greeting is verified on login splash screen<br>
Username with Profile Picture is verified on login splash screen<br>
Welcome Greeting is verified on login splash screen<br>
Clicked On PLAIers Snooker Club Banner<br>
PLAIers Snooker Club Opened<br>
Shop Tab Opened<br>
Clicked On View All Button Of Clothing<br>
Clothing List Page Is Displayed<br>
Searched T-Shirt in CLP<br>
Searched Product Is Displayed<br>
Clicked On T-Shirt Product_Banner<br>
Clicked On Buy Now Button<br>
Checkout Page is Displayed<br>
Clothing List Page Is Displayed<br>
Clothing List Page Is Displayed<br>
Name in Checkout Is Displayed : Sagar Nandha<br>
Address in Checkout Is Displayed : 8 Floor, North Plaza, 801, Motera, Ahmedabad, Gujarat 380005, India<br>
Proceed To Payment Button Is Displayed<br>
Clicked On Proceed To Payment button<br>
Clicked On Card Number Field<br>
Date Panel for month and Year Opened<br>]]>
  </system-out>
  <testcase classname="Tests.ShopTabTests" name="Verify_the_EVENT_tab_for_Admin_banner" time="56.784"/>
  <system-out>
    <![CDATA[Application Launched.<br>
Clicked on skip button.<br>
Clicked on next button.<br>
Entered Email :- sagarnandha11+1@gmail.com<br>
Entered Password :- Plai@1234<br>
Clicked On Login Button<br>
App name is verified on login splash screen<br>
Day Greeting is verified on login splash screen<br>
Username with Profile Picture is verified on login splash screen<br>
Welcome Greeting is verified on login splash screen<br>
Clicked On PLAIers Snooker Club Banner<br>
PLAIers Snooker Club Opened<br>
Shop Tab Opened<br>
Search Bar Is Displayed<br>
Burger Menu Is Displayed<br>
Product Banner Is Displayed<br>
Product Price Is Displayed<br>
View All Button Is Displayed<br>]]>
  </system-out>
  <testcase classname="Tests.ShopTabTests" name="Verify_the_functionality_of_BUY_NOW_button" time="72.574"/>
  <system-out>
    <![CDATA[Application Launched.<br>
Clicked on skip button.<br>
Clicked on next button.<br>
Entered Email :- sagarnandha11+1@gmail.com<br>
Entered Password :- Plai@1234<br>
Clicked On Login Button<br>
App name is verified on login splash screen<br>
Day Greeting is verified on login splash screen<br>
Username with Profile Picture is verified on login splash screen<br>
Welcome Greeting is verified on login splash screen<br>
Clicked On PLAIers Snooker Club Banner<br>
PLAIers Snooker Club Opened<br>
Shop Tab Opened<br>
Clicked On View All Button Of Clothing<br>
Clothing List Page Is Displayed<br>
Searched T-Shirt in CLP<br>
Searched Product Is Displayed<br>
Clicked On T-Shirt Product_Banner<br>
Clicked On Buy Now Button<br>
Checkout Page is Displayed<br>
Clothing List Page Is Displayed<br>
Clothing List Page Is Displayed<br>
Name in Checkout Is Displayed : Sagar Nandha<br>
Address in Checkout Is Displayed : 8 Floor, North Plaza, 801, Motera, Ahmedabad, Gujarat 380005, India<br>
Proceed To Payment Button Is Displayed<br>]]>
  </system-out>
  <testcase classname="Tests.ShopTabTests" name="Verify_the_CVC_field_by_entering_2_digit_CVC_Code" time="105.404">
    <error message="An element could not be located on the page using the given search parameters.
For documentation on this error, please visit: https://www.seleniumhq.org/exceptions/no_such_element.html
Build info: version: &#039;3.141.59&#039;, revision: &#039;e82be7d358&#039;, time: &#039;2018-11-14T08:17:03&#039;
System info: host: &#039;Admins-MacBook-Pro.local&#039;, ip: &#039;fe80:0:0:0:8f:c148:5c9e:6494%en0&#039;, os.name: &#039;Mac OS X&#039;, os.arch: &#039;x86_64&#039;, os.version: &#039;12.4&#039;, java.version: &#039;19.0.1&#039;
Driver info: io.appium.java_client.android.AndroidDriver
Capabilities {app: /Users/admin/Desktop/Plai_M..., appPackage: com.app.plaisports, autoAcceptAlerts: true, autoGrantPermissions: true, automationName: UiAutomator2, databaseEnabled: false, desired: {app: /Users/admin/Desktop/Plai_M..., autoAcceptAlerts: true, autoGrantPermissions: true, automationName: UiAutomator2, deviceName: 25e4e5308f0d7ece, platformName: android, platformVersion: 10, resetKeyboard: false, unicodeKeyboard: false}, deviceApiLevel: 29, deviceManufacturer: samsung, deviceModel: SM-N960F, deviceName: 25e4e5308f0d7ece, deviceScreenDensity: 420, deviceScreenSize: 1080x2220, deviceUDID: 25e4e5308f0d7ece, javascriptEnabled: true, locationContextEnabled: false, networkConnectionEnabled: true, pixelRatio: 2.625, platform: LINUX, platformName: android, platformVersion: 10, resetKeyboard: false, statBarHeight: 63, takesScreenshot: true, unicodeKeyboard: false, viewportRect: {height: 2031, left: 0, top: 63, width: 1080}, warnings: {}, webStorageEnabled: false}
Session ID: bb91e820-eb52-4c6c-9ea1-47cb3b8e20a9
*** Element info: {Using=xpath, value=/hierarchy/android.widget.Toast}" type="org.openqa.selenium.NoSuchElementException">
      <![CDATA[org.openqa.selenium.NoSuchElementException: An element could not be located on the page using the given search parameters.
For documentation on this error, please visit: https://www.seleniumhq.org/exceptions/no_such_element.html
Build info: version: '3.141.59', revision: 'e82be7d358', time: '2018-11-14T08:17:03'
System info: host: 'Admins-MacBook-Pro.local', ip: 'fe80:0:0:0:8f:c148:5c9e:6494%en0', os.name: 'Mac OS X', os.arch: 'x86_64', os.version: '12.4', java.version: '19.0.1'
Driver info: io.appium.java_client.android.AndroidDriver
Capabilities {app: /Users/admin/Desktop/Plai_M..., appPackage: com.app.plaisports, autoAcceptAlerts: true, autoGrantPermissions: true, automationName: UiAutomator2, databaseEnabled: false, desired: {app: /Users/admin/Desktop/Plai_M..., autoAcceptAlerts: true, autoGrantPermissions: true, automationName: UiAutomator2, deviceName: 25e4e5308f0d7ece, platformName: android, platformVersion: 10, resetKeyboard: false, unicodeKeyboard: false}, deviceApiLevel: 29, deviceManufacturer: samsung, deviceModel: SM-N960F, deviceName: 25e4e5308f0d7ece, deviceScreenDensity: 420, deviceScreenSize: 1080x2220, deviceUDID: 25e4e5308f0d7ece, javascriptEnabled: true, locationContextEnabled: false, networkConnectionEnabled: true, pixelRatio: 2.625, platform: LINUX, platformName: android, platformVersion: 10, resetKeyboard: false, statBarHeight: 63, takesScreenshot: true, unicodeKeyboard: false, viewportRect: {height: 2031, left: 0, top: 63, width: 1080}, warnings: {}, webStorageEnabled: false}
Session ID: bb91e820-eb52-4c6c-9ea1-47cb3b8e20a9
*** Element info: {Using=xpath, value=/hierarchy/android.widget.Toast}
at java.base/jdk.internal.reflect.DirectConstructorHandleAccessor.newInstance(DirectConstructorHandleAccessor.java:67)
at java.base/java.lang.reflect.Constructor.newInstanceWithCaller(Constructor.java:500)
at java.base/java.lang.reflect.Constructor.newInstance(Constructor.java:484)
at org.openqa.selenium.remote.http.W3CHttpResponseCodec.createException(W3CHttpResponseCodec.java:187)
at org.openqa.selenium.remote.http.W3CHttpResponseCodec.decode(W3CHttpResponseCodec.java:122)
at org.openqa.selenium.remote.http.W3CHttpResponseCodec.decode(W3CHttpResponseCodec.java:49)
at org.openqa.selenium.remote.HttpCommandExecutor.execute(HttpCommandExecutor.java:158)
at io.appium.java_client.remote.AppiumCommandExecutor.execute(AppiumCommandExecutor.java:247)
at org.openqa.selenium.remote.RemoteWebDriver.execute(RemoteWebDriver.java:552)
at io.appium.java_client.DefaultGenericMobileDriver.execute(DefaultGenericMobileDriver.java:41)
at io.appium.java_client.AppiumDriver.execute(AppiumDriver.java:1)
at io.appium.java_client.android.AndroidDriver.execute(AndroidDriver.java:1)
at org.openqa.selenium.remote.RemoteWebDriver.findElement(RemoteWebDriver.java:323)
at io.appium.java_client.DefaultGenericMobileDriver.findElement(DefaultGenericMobileDriver.java:61)
at io.appium.java_client.AppiumDriver.findElement(AppiumDriver.java:1)
at io.appium.java_client.android.AndroidDriver.findElement(AndroidDriver.java:1)
at org.openqa.selenium.remote.RemoteWebDriver.findElementByXPath(RemoteWebDriver.java:428)
at io.appium.java_client.DefaultGenericMobileDriver.findElementByXPath(DefaultGenericMobileDriver.java:151)
at io.appium.java_client.AppiumDriver.findElementByXPath(AppiumDriver.java:1)
at io.appium.java_client.android.AndroidDriver.findElementByXPath(AndroidDriver.java:1)
at org.openqa.selenium.By$ByXPath.findElement(By.java:353)
at org.openqa.selenium.remote.RemoteWebDriver.findElement(RemoteWebDriver.java:315)
at io.appium.java_client.DefaultGenericMobileDriver.findElement(DefaultGenericMobileDriver.java:57)
at io.appium.java_client.AppiumDriver.findElement(AppiumDriver.java:1)
at io.appium.java_client.android.AndroidDriver.findElement(AndroidDriver.java:1)
at Pages.LoginPage.Get_Toast_Alert(LoginPage.java:74)
at Tests.ShopTabTests.Verify_the_CVC_field_by_entering_2_digit_CVC_Code(ShopTabTests.java:275)
at java.base/jdk.internal.reflect.DirectMethodHandleAccessor.invoke(DirectMethodHandleAccessor.java:104)
at java.base/java.lang.reflect.Method.invoke(Method.java:578)
at org.testng.internal.MethodInvocationHelper.invokeMethod(MethodInvocationHelper.java:133)
at org.testng.internal.TestInvoker.invokeMethod(TestInvoker.java:598)
at org.testng.internal.TestInvoker.invokeTestMethod(TestInvoker.java:173)
at org.testng.internal.MethodRunner.runInSequence(MethodRunner.java:46)
at org.testng.internal.TestInvoker$MethodInvocationAgent.invoke(TestInvoker.java:824)
at org.testng.internal.TestInvoker.invokeTestMethods(TestInvoker.java:146)
at org.testng.internal.TestMethodWorker.invokeTestMethods(TestMethodWorker.java:146)
at org.testng.internal.TestMethodWorker.run(TestMethodWorker.java:128)
at java.base/java.util.ArrayList.forEach(ArrayList.java:1511)
at org.testng.TestRunner.privateRun(TestRunner.java:794)
at org.testng.TestRunner.run(TestRunner.java:596)
at org.testng.SuiteRunner.runTest(SuiteRunner.java:377)
at org.testng.SuiteRunner.runSequentially(SuiteRunner.java:371)
at org.testng.SuiteRunner.privateRun(SuiteRunner.java:332)
at org.testng.SuiteRunner.run(SuiteRunner.java:276)
at org.testng.SuiteRunnerWorker.runSuite(SuiteRunnerWorker.java:53)
at org.testng.SuiteRunnerWorker.run(SuiteRunnerWorker.java:96)
at org.testng.TestNG.runSuitesSequentially(TestNG.java:1212)
at org.testng.TestNG.runSuitesLocally(TestNG.java:1134)
at org.testng.TestNG.runSuites(TestNG.java:1063)
at org.testng.TestNG.run(TestNG.java:1031)
at org.apache.maven.surefire.testng.TestNGExecutor.run(TestNGExecutor.java:284)
at org.apache.maven.surefire.testng.TestNGXmlTestSuite.execute(TestNGXmlTestSuite.java:75)
at org.apache.maven.surefire.testng.TestNGProvider.invoke(TestNGProvider.java:119)
at org.apache.maven.surefire.booter.ForkedBooter.runSuitesInProcess(ForkedBooter.java:428)
at org.apache.maven.surefire.booter.ForkedBooter.execute(ForkedBooter.java:162)
at org.apache.maven.surefire.booter.ForkedBooter.run(ForkedBooter.java:562)
at org.apache.maven.surefire.booter.ForkedBooter.main(ForkedBooter.java:548)
]]>
    </error>
  </testcase> <!-- Verify_the_CVC_field_by_entering_2_digit_CVC_Code -->
  <system-out>
    <![CDATA[Application Launched.<br>
Clicked on skip button.<br>
Clicked on next button.<br>
Entered Email :- sagarnandha11+1@gmail.com<br>
Entered Password :- Plai@1234<br>
Clicked On Login Button<br>
App name is verified on login splash screen<br>
Day Greeting is verified on login splash screen<br>
Username with Profile Picture is verified on login splash screen<br>
Welcome Greeting is verified on login splash screen<br>
Clicked On PLAIers Snooker Club Banner<br>
PLAIers Snooker Club Opened<br>
Shop Tab Opened<br>
Clicked On View All Button Of Clothing<br>
Clothing List Page Is Displayed<br>
Searched T-Shirt in CLP<br>
Searched Product Is Displayed<br>
Clicked On T-Shirt Product_Banner<br>
Clicked On Buy Now Button<br>
Checkout Page is Displayed<br>
Clothing List Page Is Displayed<br>
Clothing List Page Is Displayed<br>
Name in Checkout Is Displayed : Sagar Nandha<br>
Address in Checkout Is Displayed : 8 Floor, North Plaza, 801, Motera, Ahmedabad, Gujarat 380005, India<br>
Proceed To Payment Button Is Displayed<br>
Clicked On Proceed To Payment button<br>
Searched T-Shirt in CLP<br>
Clicked On Card Number Field<br>
Date Panel for month and Year Opened<br>
Clicked on confirm button<br>
Entered 2 digits CVV<br>
Clicked On Country Dropdown<br>
Selected Second Country as UAE<br>
Clicked On Done BButton<br>
Clicked On Confirm_Purchase Button<br>]]>
  </system-out>
  <testcase classname="Tests.ShopTabTests" name="Verify_the_Search_bar_of_CLOTHING_screen" time="65.630"/>
  <system-out>
    <![CDATA[Application Launched.<br>
Clicked on skip button.<br>
Clicked on next button.<br>
Entered Email :- sagarnandha11+1@gmail.com<br>
Entered Password :- Plai@1234<br>
Clicked On Login Button<br>
App name is verified on login splash screen<br>
Day Greeting is verified on login splash screen<br>
Username with Profile Picture is verified on login splash screen<br>
Welcome Greeting is verified on login splash screen<br>
Clicked On PLAIers Snooker Club Banner<br>
PLAIers Snooker Club Opened<br>
Shop Tab Opened<br>
Clicked On View All Button Of Clothing<br>
Clothing List Page Is Displayed<br>
Searched T-Shirt in CLP<br>
Searched Product Is Displayed<br>]]>
  </system-out>
  <testcase classname="Tests.ShopTabTests" name="Verify_the_Expiration_field_by_entering_invalid_value" time="78.694"/>
  <system-out>
    <![CDATA[Application Launched.<br>
Clicked on skip button.<br>
Clicked on next button.<br>
Entered Email :- sagarnandha11+1@gmail.com<br>
Entered Password :- Plai@1234<br>
Clicked On Login Button<br>
App name is verified on login splash screen<br>
Day Greeting is verified on login splash screen<br>
Username with Profile Picture is verified on login splash screen<br>
Welcome Greeting is verified on login splash screen<br>
Clicked On PLAIers Snooker Club Banner<br>
PLAIers Snooker Club Opened<br>
Shop Tab Opened<br>
Clicked On View All Button Of Clothing<br>
Clothing List Page Is Displayed<br>
Searched T-Shirt in CLP<br>
Searched Product Is Displayed<br>
Clicked On T-Shirt Product_Banner<br>
Clicked On Buy Now Button<br>
Checkout Page is Displayed<br>
Clothing List Page Is Displayed<br>
Clothing List Page Is Displayed<br>
Name in Checkout Is Displayed : Sagar Nandha<br>
Address in Checkout Is Displayed : 8 Floor, North Plaza, 801, Motera, Ahmedabad, Gujarat 380005, India<br>
Proceed To Payment Button Is Displayed<br>
Clicked On Proceed To Payment button<br>
Clicked On Card Number Field<br>
Date Panel for month and Year Opened<br>
Clicked on confirm button<br>]]>
  </system-out>
  <testcase classname="Tests.ShopTabTests" name="Verify_the_Search_bar_with_Done_link_of_Country_field" time="79.642"/>
  <system-out>
    <![CDATA[Application Launched.<br>
Clicked on skip button.<br>
Clicked on next button.<br>
Entered Email :- sagarnandha11+1@gmail.com<br>
Entered Password :- Plai@1234<br>
Clicked On Login Button<br>
App name is verified on login splash screen<br>
Day Greeting is verified on login splash screen<br>
Username with Profile Picture is verified on login splash screen<br>
Welcome Greeting is verified on login splash screen<br>
Clicked On PLAIers Snooker Club Banner<br>
PLAIers Snooker Club Opened<br>
Shop Tab Opened<br>
Clicked On View All Button Of Clothing<br>
Clothing List Page Is Displayed<br>
Searched T-Shirt in CLP<br>
Searched Product Is Displayed<br>
Clicked On T-Shirt Product_Banner<br>
Clicked On Buy Now Button<br>
Checkout Page is Displayed<br>
Clothing List Page Is Displayed<br>
Clothing List Page Is Displayed<br>
Name in Checkout Is Displayed : Sagar Nandha<br>
Address in Checkout Is Displayed : 8 Floor, North Plaza, 801, Motera, Ahmedabad, Gujarat 380005, India<br>
Proceed To Payment Button Is Displayed<br>
Clicked On Proceed To Payment button<br>
Clicked On Country Dropdown<br>
Selected Second Country as UAE<br>
Clicked On Done BButton<br>
Selected country is displayed<br>]]>
  </system-out>
  <testcase classname="Tests.ShopTabTests" name="Verify_the_banners_for_product" time="65.337"/>
  <system-out>
    <![CDATA[Application Launched.<br>
Clicked on skip button.<br>
Clicked on next button.<br>
Entered Email :- sagarnandha11+1@gmail.com<br>
Entered Password :- Plai@1234<br>
Clicked On Login Button<br>
App name is verified on login splash screen<br>
Day Greeting is verified on login splash screen<br>
Username with Profile Picture is verified on login splash screen<br>
Welcome Greeting is verified on login splash screen<br>
Clicked On PLAIers Snooker Club Banner<br>
PLAIers Snooker Club Opened<br>
Shop Tab Opened<br>
Clicked On View All Button Of Clothing<br>
Clothing List Page Is Displayed<br>
Searched T-Shirt in CLP<br>
Searched Product Is Displayed<br>
Clicked On T-Shirt Product_Banner<br>
Back Button Is Displayed<br>
Product Price Is Displayed<br>
BUy Now button Is Displayed<br>]]>
  </system-out>
  <testcase classname="Tests.ShopTabTests" name="Verify_the_Search_bar_of_SHOP_tab" time="56.831">
    <error message="Cannot set the element to &#039;Test Product&#039;. Did you interact with the correct element?
Build info: version: &#039;3.141.59&#039;, revision: &#039;e82be7d358&#039;, time: &#039;2018-11-14T08:17:03&#039;
System info: host: &#039;Admins-MacBook-Pro.local&#039;, ip: &#039;fe80:0:0:0:8f:c148:5c9e:6494%en0&#039;, os.name: &#039;Mac OS X&#039;, os.arch: &#039;x86_64&#039;, os.version: &#039;12.4&#039;, java.version: &#039;19.0.1&#039;
Driver info: io.appium.java_client.android.AndroidDriver
Capabilities {app: /Users/admin/Desktop/Plai_M..., appPackage: com.app.plaisports, autoAcceptAlerts: true, autoGrantPermissions: true, automationName: UiAutomator2, databaseEnabled: false, desired: {app: /Users/admin/Desktop/Plai_M..., autoAcceptAlerts: true, autoGrantPermissions: true, automationName: UiAutomator2, deviceName: 25e4e5308f0d7ece, platformName: android, platformVersion: 10, resetKeyboard: false, unicodeKeyboard: false}, deviceApiLevel: 29, deviceManufacturer: samsung, deviceModel: SM-N960F, deviceName: 25e4e5308f0d7ece, deviceScreenDensity: 420, deviceScreenSize: 1080x2220, deviceUDID: 25e4e5308f0d7ece, javascriptEnabled: true, locationContextEnabled: false, networkConnectionEnabled: true, pixelRatio: 2.625, platform: LINUX, platformName: android, platformVersion: 10, resetKeyboard: false, statBarHeight: 63, takesScreenshot: true, unicodeKeyboard: false, viewportRect: {height: 2031, left: 0, top: 63, width: 1080}, warnings: {}, webStorageEnabled: false}
Session ID: a3864054-83ca-4b2d-85e1-52ce91c26547" type="org.openqa.selenium.InvalidElementStateException">
      <![CDATA[org.openqa.selenium.InvalidElementStateException: Cannot set the element to 'Test Product'. Did you interact with the correct element?
Build info: version: '3.141.59', revision: 'e82be7d358', time: '2018-11-14T08:17:03'
System info: host: 'Admins-MacBook-Pro.local', ip: 'fe80:0:0:0:8f:c148:5c9e:6494%en0', os.name: 'Mac OS X', os.arch: 'x86_64', os.version: '12.4', java.version: '19.0.1'
Driver info: io.appium.java_client.android.AndroidDriver
Capabilities {app: /Users/admin/Desktop/Plai_M..., appPackage: com.app.plaisports, autoAcceptAlerts: true, autoGrantPermissions: true, automationName: UiAutomator2, databaseEnabled: false, desired: {app: /Users/admin/Desktop/Plai_M..., autoAcceptAlerts: true, autoGrantPermissions: true, automationName: UiAutomator2, deviceName: 25e4e5308f0d7ece, platformName: android, platformVersion: 10, resetKeyboard: false, unicodeKeyboard: false}, deviceApiLevel: 29, deviceManufacturer: samsung, deviceModel: SM-N960F, deviceName: 25e4e5308f0d7ece, deviceScreenDensity: 420, deviceScreenSize: 1080x2220, deviceUDID: 25e4e5308f0d7ece, javascriptEnabled: true, locationContextEnabled: false, networkConnectionEnabled: true, pixelRatio: 2.625, platform: LINUX, platformName: android, platformVersion: 10, resetKeyboard: false, statBarHeight: 63, takesScreenshot: true, unicodeKeyboard: false, viewportRect: {height: 2031, left: 0, top: 63, width: 1080}, warnings: {}, webStorageEnabled: false}
Session ID: a3864054-83ca-4b2d-85e1-52ce91c26547
at java.base/jdk.internal.reflect.DirectConstructorHandleAccessor.newInstance(DirectConstructorHandleAccessor.java:67)
at java.base/java.lang.reflect.Constructor.newInstanceWithCaller(Constructor.java:500)
at java.base/java.lang.reflect.Constructor.newInstance(Constructor.java:484)
at org.openqa.selenium.remote.http.W3CHttpResponseCodec.createException(W3CHttpResponseCodec.java:187)
at org.openqa.selenium.remote.http.W3CHttpResponseCodec.decode(W3CHttpResponseCodec.java:122)
at org.openqa.selenium.remote.http.W3CHttpResponseCodec.decode(W3CHttpResponseCodec.java:49)
at org.openqa.selenium.remote.HttpCommandExecutor.execute(HttpCommandExecutor.java:158)
at io.appium.java_client.remote.AppiumCommandExecutor.execute(AppiumCommandExecutor.java:247)
at org.openqa.selenium.remote.RemoteWebDriver.execute(RemoteWebDriver.java:552)
at io.appium.java_client.DefaultGenericMobileDriver.execute(DefaultGenericMobileDriver.java:41)
at io.appium.java_client.AppiumDriver.execute(AppiumDriver.java:1)
at io.appium.java_client.android.AndroidDriver.execute(AndroidDriver.java:1)
at org.openqa.selenium.remote.RemoteWebElement.execute(RemoteWebElement.java:285)
at io.appium.java_client.DefaultGenericMobileElement.execute(DefaultGenericMobileElement.java:45)
at io.appium.java_client.MobileElement.execute(MobileElement.java:1)
at io.appium.java_client.android.AndroidElement.execute(AndroidElement.java:1)
at org.openqa.selenium.remote.RemoteWebElement.sendKeys(RemoteWebElement.java:106)
at Pages.ShopTabPage.Verify_Search_Product(ShopTabPage.java:45)
at Tests.ShopTabTests.Verify_the_Search_bar_of_SHOP_tab(ShopTabTests.java:44)
at java.base/jdk.internal.reflect.DirectMethodHandleAccessor.invoke(DirectMethodHandleAccessor.java:104)
at java.base/java.lang.reflect.Method.invoke(Method.java:578)
at org.testng.internal.MethodInvocationHelper.invokeMethod(MethodInvocationHelper.java:133)
at org.testng.internal.TestInvoker.invokeMethod(TestInvoker.java:598)
at org.testng.internal.TestInvoker.invokeTestMethod(TestInvoker.java:173)
at org.testng.internal.MethodRunner.runInSequence(MethodRunner.java:46)
at org.testng.internal.TestInvoker$MethodInvocationAgent.invoke(TestInvoker.java:824)
at org.testng.internal.TestInvoker.invokeTestMethods(TestInvoker.java:146)
at org.testng.internal.TestMethodWorker.invokeTestMethods(TestMethodWorker.java:146)
at org.testng.internal.TestMethodWorker.run(TestMethodWorker.java:128)
at java.base/java.util.ArrayList.forEach(ArrayList.java:1511)
at org.testng.TestRunner.privateRun(TestRunner.java:794)
at org.testng.TestRunner.run(TestRunner.java:596)
at org.testng.SuiteRunner.runTest(SuiteRunner.java:377)
at org.testng.SuiteRunner.runSequentially(SuiteRunner.java:371)
at org.testng.SuiteRunner.privateRun(SuiteRunner.java:332)
at org.testng.SuiteRunner.run(SuiteRunner.java:276)
at org.testng.SuiteRunnerWorker.runSuite(SuiteRunnerWorker.java:53)
at org.testng.SuiteRunnerWorker.run(SuiteRunnerWorker.java:96)
at org.testng.TestNG.runSuitesSequentially(TestNG.java:1212)
at org.testng.TestNG.runSuitesLocally(TestNG.java:1134)
at org.testng.TestNG.runSuites(TestNG.java:1063)
at org.testng.TestNG.run(TestNG.java:1031)
at org.apache.maven.surefire.testng.TestNGExecutor.run(TestNGExecutor.java:284)
at org.apache.maven.surefire.testng.TestNGXmlTestSuite.execute(TestNGXmlTestSuite.java:75)
at org.apache.maven.surefire.testng.TestNGProvider.invoke(TestNGProvider.java:119)
at org.apache.maven.surefire.booter.ForkedBooter.runSuitesInProcess(ForkedBooter.java:428)
at org.apache.maven.surefire.booter.ForkedBooter.execute(ForkedBooter.java:162)
at org.apache.maven.surefire.booter.ForkedBooter.run(ForkedBooter.java:562)
at org.apache.maven.surefire.booter.ForkedBooter.main(ForkedBooter.java:548)
]]>
    </error>
  </testcase> <!-- Verify_the_Search_bar_of_SHOP_tab -->
  <system-out>
    <![CDATA[Application Launched.<br>
Clicked on skip button.<br>
Clicked on next button.<br>
Entered Email :- sagarnandha11+1@gmail.com<br>
Entered Password :- Plai@1234<br>
Clicked On Login Button<br>
App name is verified on login splash screen<br>
Day Greeting is verified on login splash screen<br>
Username with Profile Picture is verified on login splash screen<br>
Welcome Greeting is verified on login splash screen<br>
Clicked On PLAIers Snooker Club Banner<br>
PLAIers Snooker Club Opened<br>
Shop Tab Opened<br>]]>
  </system-out>
  <testcase classname="Tests.ShopTabTests" name="Verify_the_Hamburger_menu_icon" time="62.648"/>
  <system-out>
    <![CDATA[Application Launched.<br>
Clicked on skip button.<br>
Clicked on next button.<br>
Entered Email :- sagarnandha11+1@gmail.com<br>
Entered Password :- Plai@1234<br>
Clicked On Login Button<br>
App name is verified on login splash screen<br>
Day Greeting is verified on login splash screen<br>
Username with Profile Picture is verified on login splash screen<br>
Welcome Greeting is verified on login splash screen<br>
Clicked On PLAIers Snooker Club Banner<br>
PLAIers Snooker Club Opened<br>
Shop Tab Opened<br>
Product View Switched to List<br>
Product View Switched to Tiles<br>]]>
  </system-out>
  <testcase classname="Tests.ShopTabTests" name="Verify_the_Card_Number_field_of_CHECKOUT_screen" time="77.256"/>
  <system-out>
    <![CDATA[Application Launched.<br>
Clicked on skip button.<br>
Clicked on next button.<br>
Entered Email :- sagarnandha11+1@gmail.com<br>
Entered Password :- Plai@1234<br>
Clicked On Login Button<br>
App name is verified on login splash screen<br>
Day Greeting is verified on login splash screen<br>
Username with Profile Picture is verified on login splash screen<br>
Welcome Greeting is verified on login splash screen<br>
Clicked On PLAIers Snooker Club Banner<br>
PLAIers Snooker Club Opened<br>
Shop Tab Opened<br>
Clicked On View All Button Of Clothing<br>
Clothing List Page Is Displayed<br>
Searched T-Shirt in CLP<br>
Searched Product Is Displayed<br>
Clicked On T-Shirt Product_Banner<br>
Clicked On Buy Now Button<br>
Checkout Page is Displayed<br>
Clothing List Page Is Displayed<br>
Clothing List Page Is Displayed<br>
Name in Checkout Is Displayed : Sagar Nandha<br>
Address in Checkout Is Displayed : 8 Floor, North Plaza, 801, Motera, Ahmedabad, Gujarat 380005, India<br>
Proceed To Payment Button Is Displayed<br>
Clicked On Proceed To Payment button<br>
Clicked On Card Number Field<br>]]>
  </system-out>
  <testcase classname="Tests.ShopTabTests" name="Verify_the_functionality_of_PROCEED_TO_PAYMENT_button" time="77.951"/>
  <system-out>
    <![CDATA[Application Launched.<br>
Clicked on skip button.<br>
Clicked on next button.<br>
Entered Email :- sagarnandha11+1@gmail.com<br>
Entered Password :- Plai@1234<br>
Clicked On Login Button<br>
App name is verified on login splash screen<br>
Day Greeting is verified on login splash screen<br>
Username with Profile Picture is verified on login splash screen<br>
Welcome Greeting is verified on login splash screen<br>
Clicked On PLAIers Snooker Club Banner<br>
PLAIers Snooker Club Opened<br>
Shop Tab Opened<br>
Clicked On View All Button Of Clothing<br>
Clothing List Page Is Displayed<br>
Searched T-Shirt in CLP<br>
Searched Product Is Displayed<br>
Clicked On T-Shirt Product_Banner<br>
Clicked On Buy Now Button<br>
Checkout Page is Displayed<br>
Clothing List Page Is Displayed<br>
Clothing List Page Is Displayed<br>
Name in Checkout Is Displayed : Sagar Nandha<br>
Address in Checkout Is Displayed : 8 Floor, North Plaza, 801, Motera, Ahmedabad, Gujarat 380005, India<br>
Proceed To Payment Button Is Displayed<br>
Clicked On Proceed To Payment button<br>
Card Number Field Is Displayed<br>
Expiration Dropdown Is Displayed<br>
CVV Field Is Displayed<br>
Country Dropdown Is Displayed<br>
Confirm Purchase Displayed<br>]]>
  </system-out>
</testsuite> <!-- Tests.ShopTabTests -->
