<?xml version="1.0" encoding="UTF-8"?>
<!-- Generated by org.testng.reporters.JUnitReportReporter -->
<testsuite hostname="Admins-MacBook-Pro.local" failures="0" tests="51" name="Tests.SignUpTests" time="4080.177" errors="7" timestamp="2023-01-03T23:24:43 IST" skipped="0">
  <testcase classname="Tests.SignUpTests" name="Verify_the_functionality_of_Sign_Up_button" time="104.603"/>
  <system-out>
    <![CDATA[Application Launched.<br>
Clicked on skip button.<br>
Clicked on next button.<br>
Clicked on signup button.<br>
Clicked on first name field.<br>
Entered first name:-vfppj.<br>
Clicked on last name field.<br>
Entered last name:-kmfif.<br>
Entered valid email:-.kjvi@gmail.com<br>
Entered password:-Test@123<br>
Entered confirm password.Test@123<br>
Next button is clicked.<br>
Done link is verified.<br>
Search bar is verified.<br>
Default country is:-Andorra<br>
Country is verified with dropdown.<br>
Clicked on Mobile number field.<br>
Entered mobile number is:-9432673481<br>
Clicked on DOB field.<br>
Clicked on cancel button.<br>
Calender is closed.<br>
Next button is clicked.<br>
Verify one sport from dropdown.<br>
Next button is clicked.<br>
Clicked On Prefer Not to Say Checkbox<br>
Clicked on sign up button.<br>
Clicked On Sign Up Button<br>
Mail Verification Popup Displayed with message :- An email has been sent to kjvi@gmail.com, please click the link to verify your account.<br>]]>
  </system-out>
  <testcase classname="Tests.SignUpTests" name="Verify_the_fields_display_on_SPORT_THAT_YOU_PLAY_screen" time="123.528"/>
  <system-out>
    <![CDATA[Application Launched.<br>
Clicked on skip button.<br>
Clicked on next button.<br>
Clicked on signup button.<br>
Clicked on first name field.<br>
Entered first name:-fifcb.<br>
Clicked on last name field.<br>
Entered last name:-ufvdf.<br>
Entered valid email:-.fddx@gmail.com<br>
Entered password:-Test@123<br>
Entered confirm password.Test@123<br>
Next button is clicked.<br>
Done link is verified.<br>
Search bar is verified.<br>
Default country is:-Andorra<br>
Country is verified with dropdown.<br>
Clicked on Mobile number field.<br>
Entered mobile number is:-9432673481<br>
Clicked on DOB field.<br>
Clicked on cancel button.<br>
Calender is closed.<br>
Next button is clicked.<br>
Sport that you play text is verified.<br>
Back icon is verified.<br>
Verified search bar.<br>
 Cricket is verified<br>
 Airsoft is verified<br>]]>
  </system-out>
  <testcase classname="Tests.SignUpTests" name="Verify_the_Country_field_by_tap_on_Dropdown_icon" time="69.742"/>
  <system-out>
    <![CDATA[Application Launched.<br>
Clicked on skip button.<br>
Clicked on next button.<br>
Clicked on signup button.<br>
Clicked on first name field.<br>
Entered first name:-vgfii.<br>
Clicked on last name field.<br>
Entered last name:-qfoqo.<br>
Entered valid email:-.ztpo@gmail.com<br>
Entered password:-Test@123<br>
Entered confirm password.Test@123<br>
Next button is clicked.<br>
Logo is verified.<br>
Country is verified.<br>
List for the country doesn't open by tapping on 'Dropdown' icon<br>]]>
  </system-out>
  <testcase classname="Tests.SignUpTests" name="Verify_the_Confirm_Password_field_by_entering_same_password_as_Password_field" time="65.390"/>
  <system-out>
    <![CDATA[Application Launched.<br>
Clicked on skip button.<br>
Clicked on next button.<br>
Clicked on signup button.<br>
Clicked on first name field.<br>
Entered first name:-ijyro.<br>
Clicked on last name field.<br>
Entered last name:-iqxnf.<br>
Entered valid email:-.cjff@gmail.com<br>
Entered password:-Test@123<br>
Entered confirm password.Test@123<br>
Next button is clicked.<br>
Logo is verified.<br>]]>
  </system-out>
  <testcase classname="Tests.SignUpTests" name="Verify_the_Close_button" time="106.154"/>
  <system-out>
    <![CDATA[Application Launched.<br>
Clicked on skip button.<br>
Clicked on next button.<br>
Clicked on signup button.<br>
Clicked on first name field.<br>
Entered first name:-ujftr.<br>
Clicked on last name field.<br>
Entered last name:-pbrqq.<br>
Entered valid email:-.xxjb@gmail.com<br>
Entered password:-Test@123<br>
Entered confirm password.Test@123<br>
Next button is clicked.<br>
Done link is verified.<br>
Search bar is verified.<br>
Default country is:-Andorra<br>
Country is verified with dropdown.<br>
Clicked on Mobile number field.<br>
Entered mobile number is:-9432673481<br>
Clicked on DOB field.<br>
Clicked on cancel button.<br>
Calender is closed.<br>
Next button is clicked.<br>
Verify one sport from dropdown.<br>
Next button is clicked.<br>
Clicked On Prefer Not to Say Checkbox<br>
Clicked on sign up button.<br>
Clicked On Sign Up Button<br>
Mail Verification Popup Displayed with message :- An email has been sent to xxjb@gmail.com, please click the link to verify your account.<br>
Clicked on close button.<br>
Clicked On Close Button Popup<br>]]>
  </system-out>
  <testcase classname="Tests.SignUpTests" name="Verify_the_ok_button_of_Calendar" time="71.775"/>
  <system-out>
    <![CDATA[Application Launched.<br>
Clicked on skip button.<br>
Clicked on next button.<br>
Clicked on signup button.<br>
Clicked on first name field.<br>
Entered first name:-mjrrz.<br>
Clicked on last name field.<br>
Entered last name:-vdogf.<br>
Entered valid email:-.oitr@gmail.com<br>
Entered password:-Test@123<br>
Entered confirm password.Test@123<br>
Next button is clicked.<br>
Clicked on DOB field.<br>
Clicked on cancel button.<br>
Calender is closed.<br>
Dob is:-03 Jan 2005<br>]]>
  </system-out>
  <testcase classname="Tests.SignUpTests" name="Verify_Prefer_not_to_say_checkbox" time="98.720"/>
  <system-out>
    <![CDATA[Application Launched.<br>
Clicked on skip button.<br>
Clicked on next button.<br>
Clicked on signup button.<br>
Clicked on first name field.<br>
Entered first name:-dffsi.<br>
Clicked on last name field.<br>
Entered last name:-ofcny.<br>
Entered valid email:-.foix@gmail.com<br>
Entered password:-Test@123<br>
Entered confirm password.Test@123<br>
Next button is clicked.<br>
Done link is verified.<br>
Search bar is verified.<br>
Default country is:-Andorra<br>
Country is verified with dropdown.<br>
Clicked on Mobile number field.<br>
Entered mobile number is:-9432673481<br>
Clicked on DOB field.<br>
Clicked on cancel button.<br>
Calender is closed.<br>
Next button is clicked.<br>
Verify one sport from dropdown.<br>
Next button is clicked.<br>
Clicked On Prefer Not to Say Checkbox<br>]]>
  </system-out>
  <testcase classname="Tests.SignUpTests" name="Verify_the_Camera_Option" time="102.748"/>
  <system-out>
    <![CDATA[Application Launched.<br>
Clicked on skip button.<br>
Clicked on next button.<br>
Clicked on signup button.<br>
Clicked on first name field.<br>
Entered first name:-rnvgx.<br>
Clicked on last name field.<br>
Entered last name:-fpkvj.<br>
Entered valid email:-.dfmm@gmail.com<br>
Entered password:-Test@123<br>
Entered confirm password.Test@123<br>
Next button is clicked.<br>
Done link is verified.<br>
Search bar is verified.<br>
Default country is:-Andorra<br>
Country is verified with dropdown.<br>
Clicked on Mobile number field.<br>
Entered mobile number is:-9432673481<br>
Clicked on DOB field.<br>
Clicked on cancel button.<br>
Calender is closed.<br>
Next button is clicked.<br>
Verify one sport from dropdown.<br>
Next button is clicked.<br>
UPLOAD PHOTO button is verified.<br>
Clicked on upload photo button.<br>
Clicked on camera button.<br>
Camera Application Opened<br>]]>
  </system-out>
  <testcase classname="Tests.SignUpTests" name="Verify_the_Password_field_by_entering_password_which_contain_8_character_including_1_uppercase_and_1_number_special_symbol" time="66.532"/>
  <system-out>
    <![CDATA[Application Launched.<br>
Clicked on skip button.<br>
Clicked on next button.<br>
Clicked on signup button.<br>
Clicked on first name field.<br>
Entered first name:-qfvkf.<br>
Clicked on last name field.<br>
Entered last name:-dfcgg.<br>
Entered valid email:-.vkfx@gmail.com<br>
Entered 8char password with 1uppercase and 1number:-Aujjfi@1<br>
Text in red/green colour is verified<br>]]>
  </system-out>
  <testcase classname="Tests.SignUpTests" name="Verify_the_Date_of_Birth_field" time="69.505"/>
  <system-out>
    <![CDATA[Application Launched.<br>
Clicked on skip button.<br>
Clicked on next button.<br>
Clicked on signup button.<br>
Clicked on first name field.<br>
Entered first name:-fcycj.<br>
Clicked on last name field.<br>
Entered last name:-vixpf.<br>
Entered valid email:-.nbfz@gmail.com<br>
Entered password:-Test@123<br>
Entered confirm password.Test@123<br>
Next button is clicked.<br>
Clicked on DOB field.<br>
By default year is verified.<br>
By default day and month is verified.<br>]]>
  </system-out>
  <testcase classname="Tests.SignUpTests" name="Verify_the_Enter_your_email_field_with_invalid_email_id" time="64.892"/>
  <system-out>
    <![CDATA[Application Launched.<br>
Clicked on skip button.<br>
Clicked on next button.<br>
Clicked on signup button.<br>
Clicked on first name field.<br>
Entered first name:-sfsvi.<br>
Clicked on last name field.<br>
Entered last name:-nfgnr.<br>
Entered invalid email:-.cibxd@gmail.cibxd<br>
Entered password:-Test@123<br>
Entered confirm password.Test@123<br>
Next button is clicked.<br>
Logo is verified.<br>]]>
  </system-out>
  <testcase classname="Tests.SignUpTests" name="Verify_the_Password_field_by_entering_7_characters" time="60.309"/>
  <system-out>
    <![CDATA[Application Launched.<br>
Clicked on skip button.<br>
Clicked on next button.<br>
Clicked on signup button.<br>
Clicked on first name field.<br>
Entered first name:-rkirc.<br>
Clicked on last name field.<br>
Entered last name:-qrpcd.<br>
Entered valid email:-.ymru@gmail.com<br>
Entered 7char password:-rqgbrkf<br>
Next button is clicked.<br>
Password validation message is verified<br>]]>
  </system-out>
  <testcase classname="Tests.SignUpTests" name="Verify_the_Country_field" time="74.787"/>
  <system-out>
    <![CDATA[Application Launched.<br>
Clicked on skip button.<br>
Clicked on next button.<br>
Clicked on signup button.<br>
Clicked on first name field.<br>
Entered first name:-xrveo.<br>
Clicked on last name field.<br>
Entered last name:-fkisv.<br>
Entered valid email:-.frei@gmail.com<br>
Entered password:-Test@123<br>
Entered confirm password.Test@123<br>
Next button is clicked.<br>
Logo is verified.<br>
Country is verified.<br>
Done link is verified.<br>
Search bar is verified.<br>
Default country is:-Andorra<br>
Country is verified with dropdown.<br>]]>
  </system-out>
  <testcase classname="Tests.SignUpTests" name="Verify_the_Mobile_Number_field_by_entering_more_than_10_digit_number" time="78.826"/>
  <system-out>
    <![CDATA[Application Launched.<br>
Clicked on skip button.<br>
Clicked on next button.<br>
Clicked on signup button.<br>
Clicked on first name field.<br>
Entered first name:-xefcf.<br>
Clicked on last name field.<br>
Entered last name:-ffnzg.<br>
Entered valid email:-.itsk@gmail.com<br>
Entered password:-Test@123<br>
Entered confirm password.Test@123<br>
Next button is clicked.<br>
Clicked on Mobile number field.<br>
Entered mobile number is:--660878284<br>]]>
  </system-out>
  <testcase classname="Tests.SignUpTests" name="Verify_the_screen_after_photo_select_from_Gallery" time="115.965">
    <error message="An element could not be located on the page using the given search parameters.
For documentation on this error, please visit: https://www.seleniumhq.org/exceptions/no_such_element.html
Build info: version: &#039;3.141.59&#039;, revision: &#039;e82be7d358&#039;, time: &#039;2018-11-14T08:17:03&#039;
System info: host: &#039;Admins-MacBook-Pro.local&#039;, ip: &#039;fe80:0:0:0:8f:c148:5c9e:6494%en0&#039;, os.name: &#039;Mac OS X&#039;, os.arch: &#039;x86_64&#039;, os.version: &#039;12.4&#039;, java.version: &#039;19.0.1&#039;
Driver info: io.appium.java_client.android.AndroidDriver
Capabilities {app: /Users/admin/Desktop/Plai_M..., appPackage: com.app.plaisports, autoAcceptAlerts: true, autoGrantPermissions: true, automationName: UiAutomator2, databaseEnabled: false, desired: {app: /Users/admin/Desktop/Plai_M..., autoAcceptAlerts: true, autoGrantPermissions: true, automationName: UiAutomator2, deviceName: 25e4e5308f0d7ece, platformName: android, platformVersion: 10, resetKeyboard: false, unicodeKeyboard: false}, deviceApiLevel: 29, deviceManufacturer: samsung, deviceModel: SM-N960F, deviceName: 25e4e5308f0d7ece, deviceScreenDensity: 420, deviceScreenSize: 1080x2220, deviceUDID: 25e4e5308f0d7ece, javascriptEnabled: true, locationContextEnabled: false, networkConnectionEnabled: true, pixelRatio: 2.625, platform: LINUX, platformName: android, platformVersion: 10, resetKeyboard: false, statBarHeight: 63, takesScreenshot: true, unicodeKeyboard: false, viewportRect: {height: 2031, left: 0, top: 63, width: 1080}, warnings: {}, webStorageEnabled: false}
Session ID: 827582cd-2474-486f-8e05-1614eee070cc
*** Element info: {Using=xpath, value=//android.widget.LinearLayout[@content-desc=&quot;Test.jpg, 3.75 MB, 21 Dec&quot;]}" type="org.openqa.selenium.NoSuchElementException">
      <![CDATA[org.openqa.selenium.NoSuchElementException: An element could not be located on the page using the given search parameters.
For documentation on this error, please visit: https://www.seleniumhq.org/exceptions/no_such_element.html
Build info: version: '3.141.59', revision: 'e82be7d358', time: '2018-11-14T08:17:03'
System info: host: 'Admins-MacBook-Pro.local', ip: 'fe80:0:0:0:8f:c148:5c9e:6494%en0', os.name: 'Mac OS X', os.arch: 'x86_64', os.version: '12.4', java.version: '19.0.1'
Driver info: io.appium.java_client.android.AndroidDriver
Capabilities {app: /Users/admin/Desktop/Plai_M..., appPackage: com.app.plaisports, autoAcceptAlerts: true, autoGrantPermissions: true, automationName: UiAutomator2, databaseEnabled: false, desired: {app: /Users/admin/Desktop/Plai_M..., autoAcceptAlerts: true, autoGrantPermissions: true, automationName: UiAutomator2, deviceName: 25e4e5308f0d7ece, platformName: android, platformVersion: 10, resetKeyboard: false, unicodeKeyboard: false}, deviceApiLevel: 29, deviceManufacturer: samsung, deviceModel: SM-N960F, deviceName: 25e4e5308f0d7ece, deviceScreenDensity: 420, deviceScreenSize: 1080x2220, deviceUDID: 25e4e5308f0d7ece, javascriptEnabled: true, locationContextEnabled: false, networkConnectionEnabled: true, pixelRatio: 2.625, platform: LINUX, platformName: android, platformVersion: 10, resetKeyboard: false, statBarHeight: 63, takesScreenshot: true, unicodeKeyboard: false, viewportRect: {height: 2031, left: 0, top: 63, width: 1080}, warnings: {}, webStorageEnabled: false}
Session ID: 827582cd-2474-486f-8e05-1614eee070cc
*** Element info: {Using=xpath, value=//android.widget.LinearLayout[@content-desc="Test.jpg, 3.75 MB, 21 Dec"]}
at java.base/jdk.internal.reflect.DirectConstructorHandleAccessor.newInstance(DirectConstructorHandleAccessor.java:67)
at java.base/java.lang.reflect.Constructor.newInstanceWithCaller(Constructor.java:500)
at java.base/java.lang.reflect.Constructor.newInstance(Constructor.java:484)
at org.openqa.selenium.remote.http.W3CHttpResponseCodec.createException(W3CHttpResponseCodec.java:187)
at org.openqa.selenium.remote.http.W3CHttpResponseCodec.decode(W3CHttpResponseCodec.java:122)
at org.openqa.selenium.remote.http.W3CHttpResponseCodec.decode(W3CHttpResponseCodec.java:49)
at org.openqa.selenium.remote.HttpCommandExecutor.execute(HttpCommandExecutor.java:158)
at io.appium.java_client.remote.AppiumCommandExecutor.execute(AppiumCommandExecutor.java:247)
at org.openqa.selenium.remote.RemoteWebDriver.execute(RemoteWebDriver.java:552)
at io.appium.java_client.DefaultGenericMobileDriver.execute(DefaultGenericMobileDriver.java:41)
at io.appium.java_client.AppiumDriver.execute(AppiumDriver.java:1)
at io.appium.java_client.android.AndroidDriver.execute(AndroidDriver.java:1)
at org.openqa.selenium.remote.RemoteWebDriver.findElement(RemoteWebDriver.java:323)
at io.appium.java_client.DefaultGenericMobileDriver.findElement(DefaultGenericMobileDriver.java:61)
at io.appium.java_client.AppiumDriver.findElement(AppiumDriver.java:1)
at io.appium.java_client.android.AndroidDriver.findElement(AndroidDriver.java:1)
at org.openqa.selenium.remote.RemoteWebDriver.findElementByXPath(RemoteWebDriver.java:428)
at io.appium.java_client.DefaultGenericMobileDriver.findElementByXPath(DefaultGenericMobileDriver.java:151)
at io.appium.java_client.AppiumDriver.findElementByXPath(AppiumDriver.java:1)
at io.appium.java_client.android.AndroidDriver.findElementByXPath(AndroidDriver.java:1)
at org.openqa.selenium.By$ByXPath.findElement(By.java:353)
at org.openqa.selenium.remote.RemoteWebDriver.findElement(RemoteWebDriver.java:315)
at io.appium.java_client.DefaultGenericMobileDriver.findElement(DefaultGenericMobileDriver.java:57)
at io.appium.java_client.AppiumDriver.findElement(AppiumDriver.java:1)
at io.appium.java_client.android.AndroidDriver.findElement(AndroidDriver.java:1)
at Pages.SignUpPage.Verify_Gallery_App_Opened(SignUpPage.java:768)
at Tests.SignUpTests.Verify_the_screen_after_photo_select_from_Gallery(SignUpTests.java:914)
at java.base/jdk.internal.reflect.DirectMethodHandleAccessor.invoke(DirectMethodHandleAccessor.java:104)
at java.base/java.lang.reflect.Method.invoke(Method.java:578)
at org.testng.internal.MethodInvocationHelper.invokeMethod(MethodInvocationHelper.java:133)
at org.testng.internal.TestInvoker.invokeMethod(TestInvoker.java:598)
at org.testng.internal.TestInvoker.invokeTestMethod(TestInvoker.java:173)
at org.testng.internal.MethodRunner.runInSequence(MethodRunner.java:46)
at org.testng.internal.TestInvoker$MethodInvocationAgent.invoke(TestInvoker.java:824)
at org.testng.internal.TestInvoker.invokeTestMethods(TestInvoker.java:146)
at org.testng.internal.TestMethodWorker.invokeTestMethods(TestMethodWorker.java:146)
at org.testng.internal.TestMethodWorker.run(TestMethodWorker.java:128)
at java.base/java.util.ArrayList.forEach(ArrayList.java:1511)
at org.testng.TestRunner.privateRun(TestRunner.java:794)
at org.testng.TestRunner.run(TestRunner.java:596)
at org.testng.SuiteRunner.runTest(SuiteRunner.java:377)
at org.testng.SuiteRunner.runSequentially(SuiteRunner.java:371)
at org.testng.SuiteRunner.privateRun(SuiteRunner.java:332)
at org.testng.SuiteRunner.run(SuiteRunner.java:276)
at org.testng.SuiteRunnerWorker.runSuite(SuiteRunnerWorker.java:53)
at org.testng.SuiteRunnerWorker.run(SuiteRunnerWorker.java:96)
at org.testng.TestNG.runSuitesSequentially(TestNG.java:1212)
at org.testng.TestNG.runSuitesLocally(TestNG.java:1134)
at org.testng.TestNG.runSuites(TestNG.java:1063)
at org.testng.TestNG.run(TestNG.java:1031)
at org.apache.maven.surefire.testng.TestNGExecutor.run(TestNGExecutor.java:284)
at org.apache.maven.surefire.testng.TestNGXmlTestSuite.execute(TestNGXmlTestSuite.java:75)
at org.apache.maven.surefire.testng.TestNGProvider.invoke(TestNGProvider.java:119)
at org.apache.maven.surefire.booter.ForkedBooter.runSuitesInProcess(ForkedBooter.java:428)
at org.apache.maven.surefire.booter.ForkedBooter.execute(ForkedBooter.java:162)
at org.apache.maven.surefire.booter.ForkedBooter.run(ForkedBooter.java:562)
at org.apache.maven.surefire.booter.ForkedBooter.main(ForkedBooter.java:548)
]]>
    </error>
  </testcase> <!-- Verify_the_screen_after_photo_select_from_Gallery -->
  <system-out>
    <![CDATA[Application Launched.<br>
Clicked on skip button.<br>
Clicked on next button.<br>
Clicked on signup button.<br>
Clicked on first name field.<br>
Entered first name:-vbdjc.<br>
Clicked on last name field.<br>
Entered last name:-ocirn.<br>
Entered valid email:-.ryxv@gmail.com<br>
Entered password:-Test@123<br>
Entered confirm password.Test@123<br>
Next button is clicked.<br>
Done link is verified.<br>
Search bar is verified.<br>
Default country is:-Andorra<br>
Country is verified with dropdown.<br>
Clicked on Mobile number field.<br>
Entered mobile number is:-9432673481<br>
Clicked on DOB field.<br>
Clicked on cancel button.<br>
Calender is closed.<br>
Next button is clicked.<br>
Verify one sport from dropdown.<br>
Next button is clicked.<br>
UPLOAD PHOTO button is verified.<br>
Clicked on upload photo button.<br>
Clicked on gallery button.<br>]]>
  </system-out>
  <testcase classname="Tests.SignUpTests" name="Verify_the_Enter_your_email_field_with_valid_email_id" time="56.574"/>
  <system-out>
    <![CDATA[Application Launched.<br>
Clicked on skip button.<br>
Clicked on next button.<br>
Clicked on signup button.<br>
Clicked on first name field.<br>
Entered first name:-jffkf.<br>
Clicked on last name field.<br>
Entered last name:-digqx.<br>
Entered valid email:-.xxnx@gmail.com<br>
Next button is clicked.<br>
Password validation message is verified<br>]]>
  </system-out>
  <testcase classname="Tests.SignUpTests" name="Verify_the_Search_icon_of_Select_Country" time="72.480"/>
  <system-out>
    <![CDATA[Application Launched.<br>
Clicked on skip button.<br>
Clicked on next button.<br>
Clicked on signup button.<br>
Clicked on first name field.<br>
Entered first name:-zforf.<br>
Clicked on last name field.<br>
Entered last name:-crydi.<br>
Entered valid email:-.ivov@gmail.com<br>
Entered password:-Test@123<br>
Entered confirm password.Test@123<br>
Next button is clicked.<br>
Clicked on company code drop down.<br>
Clicked on Search icon.<br>
Verified search bar.<br>]]>
  </system-out>
  <testcase classname="Tests.SignUpTests" name="Verify_the_functionality_of_Rotation_icon" time="123.162">
    <error message="An element could not be located on the page using the given search parameters.
For documentation on this error, please visit: https://www.seleniumhq.org/exceptions/no_such_element.html
Build info: version: &#039;3.141.59&#039;, revision: &#039;e82be7d358&#039;, time: &#039;2018-11-14T08:17:03&#039;
System info: host: &#039;Admins-MacBook-Pro.local&#039;, ip: &#039;fe80:0:0:0:8f:c148:5c9e:6494%en0&#039;, os.name: &#039;Mac OS X&#039;, os.arch: &#039;x86_64&#039;, os.version: &#039;12.4&#039;, java.version: &#039;19.0.1&#039;
Driver info: io.appium.java_client.android.AndroidDriver
Capabilities {app: /Users/admin/Desktop/Plai_M..., appPackage: com.app.plaisports, autoAcceptAlerts: true, autoGrantPermissions: true, automationName: UiAutomator2, databaseEnabled: false, desired: {app: /Users/admin/Desktop/Plai_M..., autoAcceptAlerts: true, autoGrantPermissions: true, automationName: UiAutomator2, deviceName: 25e4e5308f0d7ece, platformName: android, platformVersion: 10, resetKeyboard: false, unicodeKeyboard: false}, deviceApiLevel: 29, deviceManufacturer: samsung, deviceModel: SM-N960F, deviceName: 25e4e5308f0d7ece, deviceScreenDensity: 420, deviceScreenSize: 1080x2220, deviceUDID: 25e4e5308f0d7ece, javascriptEnabled: true, locationContextEnabled: false, networkConnectionEnabled: true, pixelRatio: 2.625, platform: LINUX, platformName: android, platformVersion: 10, resetKeyboard: false, statBarHeight: 63, takesScreenshot: true, unicodeKeyboard: false, viewportRect: {height: 2031, left: 0, top: 63, width: 1080}, warnings: {}, webStorageEnabled: false}
Session ID: 2a21d3a0-7c42-4f1e-814b-43e470b6e57a
*** Element info: {Using=xpath, value=//android.widget.LinearLayout[@content-desc=&quot;Test.jpg, 3.75 MB, 21 Dec&quot;]}" type="org.openqa.selenium.NoSuchElementException">
      <![CDATA[org.openqa.selenium.NoSuchElementException: An element could not be located on the page using the given search parameters.
For documentation on this error, please visit: https://www.seleniumhq.org/exceptions/no_such_element.html
Build info: version: '3.141.59', revision: 'e82be7d358', time: '2018-11-14T08:17:03'
System info: host: 'Admins-MacBook-Pro.local', ip: 'fe80:0:0:0:8f:c148:5c9e:6494%en0', os.name: 'Mac OS X', os.arch: 'x86_64', os.version: '12.4', java.version: '19.0.1'
Driver info: io.appium.java_client.android.AndroidDriver
Capabilities {app: /Users/admin/Desktop/Plai_M..., appPackage: com.app.plaisports, autoAcceptAlerts: true, autoGrantPermissions: true, automationName: UiAutomator2, databaseEnabled: false, desired: {app: /Users/admin/Desktop/Plai_M..., autoAcceptAlerts: true, autoGrantPermissions: true, automationName: UiAutomator2, deviceName: 25e4e5308f0d7ece, platformName: android, platformVersion: 10, resetKeyboard: false, unicodeKeyboard: false}, deviceApiLevel: 29, deviceManufacturer: samsung, deviceModel: SM-N960F, deviceName: 25e4e5308f0d7ece, deviceScreenDensity: 420, deviceScreenSize: 1080x2220, deviceUDID: 25e4e5308f0d7ece, javascriptEnabled: true, locationContextEnabled: false, networkConnectionEnabled: true, pixelRatio: 2.625, platform: LINUX, platformName: android, platformVersion: 10, resetKeyboard: false, statBarHeight: 63, takesScreenshot: true, unicodeKeyboard: false, viewportRect: {height: 2031, left: 0, top: 63, width: 1080}, warnings: {}, webStorageEnabled: false}
Session ID: 2a21d3a0-7c42-4f1e-814b-43e470b6e57a
*** Element info: {Using=xpath, value=//android.widget.LinearLayout[@content-desc="Test.jpg, 3.75 MB, 21 Dec"]}
at java.base/jdk.internal.reflect.DirectConstructorHandleAccessor.newInstance(DirectConstructorHandleAccessor.java:67)
at java.base/java.lang.reflect.Constructor.newInstanceWithCaller(Constructor.java:500)
at java.base/java.lang.reflect.Constructor.newInstance(Constructor.java:484)
at org.openqa.selenium.remote.http.W3CHttpResponseCodec.createException(W3CHttpResponseCodec.java:187)
at org.openqa.selenium.remote.http.W3CHttpResponseCodec.decode(W3CHttpResponseCodec.java:122)
at org.openqa.selenium.remote.http.W3CHttpResponseCodec.decode(W3CHttpResponseCodec.java:49)
at org.openqa.selenium.remote.HttpCommandExecutor.execute(HttpCommandExecutor.java:158)
at io.appium.java_client.remote.AppiumCommandExecutor.execute(AppiumCommandExecutor.java:247)
at org.openqa.selenium.remote.RemoteWebDriver.execute(RemoteWebDriver.java:552)
at io.appium.java_client.DefaultGenericMobileDriver.execute(DefaultGenericMobileDriver.java:41)
at io.appium.java_client.AppiumDriver.execute(AppiumDriver.java:1)
at io.appium.java_client.android.AndroidDriver.execute(AndroidDriver.java:1)
at org.openqa.selenium.remote.RemoteWebDriver.findElement(RemoteWebDriver.java:323)
at io.appium.java_client.DefaultGenericMobileDriver.findElement(DefaultGenericMobileDriver.java:61)
at io.appium.java_client.AppiumDriver.findElement(AppiumDriver.java:1)
at io.appium.java_client.android.AndroidDriver.findElement(AndroidDriver.java:1)
at org.openqa.selenium.remote.RemoteWebDriver.findElementByXPath(RemoteWebDriver.java:428)
at io.appium.java_client.DefaultGenericMobileDriver.findElementByXPath(DefaultGenericMobileDriver.java:151)
at io.appium.java_client.AppiumDriver.findElementByXPath(AppiumDriver.java:1)
at io.appium.java_client.android.AndroidDriver.findElementByXPath(AndroidDriver.java:1)
at org.openqa.selenium.By$ByXPath.findElement(By.java:353)
at org.openqa.selenium.remote.RemoteWebDriver.findElement(RemoteWebDriver.java:315)
at io.appium.java_client.DefaultGenericMobileDriver.findElement(DefaultGenericMobileDriver.java:57)
at io.appium.java_client.AppiumDriver.findElement(AppiumDriver.java:1)
at io.appium.java_client.android.AndroidDriver.findElement(AndroidDriver.java:1)
at Pages.SignUpPage.Verify_Gallery_App_Opened(SignUpPage.java:768)
at Tests.SignUpTests.Verify_the_functionality_of_Rotation_icon(SignUpTests.java:945)
at java.base/jdk.internal.reflect.DirectMethodHandleAccessor.invoke(DirectMethodHandleAccessor.java:104)
at java.base/java.lang.reflect.Method.invoke(Method.java:578)
at org.testng.internal.MethodInvocationHelper.invokeMethod(MethodInvocationHelper.java:133)
at org.testng.internal.TestInvoker.invokeMethod(TestInvoker.java:598)
at org.testng.internal.TestInvoker.invokeTestMethod(TestInvoker.java:173)
at org.testng.internal.MethodRunner.runInSequence(MethodRunner.java:46)
at org.testng.internal.TestInvoker$MethodInvocationAgent.invoke(TestInvoker.java:824)
at org.testng.internal.TestInvoker.invokeTestMethods(TestInvoker.java:146)
at org.testng.internal.TestMethodWorker.invokeTestMethods(TestMethodWorker.java:146)
at org.testng.internal.TestMethodWorker.run(TestMethodWorker.java:128)
at java.base/java.util.ArrayList.forEach(ArrayList.java:1511)
at org.testng.TestRunner.privateRun(TestRunner.java:794)
at org.testng.TestRunner.run(TestRunner.java:596)
at org.testng.SuiteRunner.runTest(SuiteRunner.java:377)
at org.testng.SuiteRunner.runSequentially(SuiteRunner.java:371)
at org.testng.SuiteRunner.privateRun(SuiteRunner.java:332)
at org.testng.SuiteRunner.run(SuiteRunner.java:276)
at org.testng.SuiteRunnerWorker.runSuite(SuiteRunnerWorker.java:53)
at org.testng.SuiteRunnerWorker.run(SuiteRunnerWorker.java:96)
at org.testng.TestNG.runSuitesSequentially(TestNG.java:1212)
at org.testng.TestNG.runSuitesLocally(TestNG.java:1134)
at org.testng.TestNG.runSuites(TestNG.java:1063)
at org.testng.TestNG.run(TestNG.java:1031)
at org.apache.maven.surefire.testng.TestNGExecutor.run(TestNGExecutor.java:284)
at org.apache.maven.surefire.testng.TestNGXmlTestSuite.execute(TestNGXmlTestSuite.java:75)
at org.apache.maven.surefire.testng.TestNGProvider.invoke(TestNGProvider.java:119)
at org.apache.maven.surefire.booter.ForkedBooter.runSuitesInProcess(ForkedBooter.java:428)
at org.apache.maven.surefire.booter.ForkedBooter.execute(ForkedBooter.java:162)
at org.apache.maven.surefire.booter.ForkedBooter.run(ForkedBooter.java:562)
at org.apache.maven.surefire.booter.ForkedBooter.main(ForkedBooter.java:548)
]]>
    </error>
  </testcase> <!-- Verify_the_functionality_of_Rotation_icon -->
  <system-out>
    <![CDATA[Application Launched.<br>
Clicked on skip button.<br>
Clicked on next button.<br>
Clicked on signup button.<br>
Clicked on first name field.<br>
Entered first name:-mfibr.<br>
Clicked on last name field.<br>
Entered last name:-xjvpi.<br>
Entered valid email:-.offc@gmail.com<br>
Entered password:-Test@123<br>
Entered confirm password.Test@123<br>
Next button is clicked.<br>
Done link is verified.<br>
Search bar is verified.<br>
Default country is:-Andorra<br>
Country is verified with dropdown.<br>
Clicked on Mobile number field.<br>
Entered mobile number is:-9432673481<br>
Clicked on DOB field.<br>
Clicked on cancel button.<br>
Calender is closed.<br>
Next button is clicked.<br>
Verify one sport from dropdown.<br>
Next button is clicked.<br>
UPLOAD PHOTO button is verified.<br>
Clicked on upload photo button.<br>
Clicked on gallery button.<br>]]>
  </system-out>
  <testcase classname="Tests.SignUpTests" name="Verify_Terms_of_use_link" time="44.532"/>
  <system-out>
    <![CDATA[Application Launched.<br>
Clicked on skip button.<br>
Clicked on next button.<br>
Clicked on signup button.<br>
Clicked onTerms and condition link.<br>
Terms and condition page is verified with back icon<br>]]>
  </system-out>
  <testcase classname="Tests.SignUpTests" name="Verify_the_Next_button_before_entering_data_in_fields" time="73.113"/>
  <system-out>
    <![CDATA[Application Launched.<br>
Clicked on skip button.<br>
Clicked on next button.<br>
Clicked on signup button.<br>
Clicked on first name field.<br>
Entered first name:-oddtx.<br>
Clicked on last name field.<br>
Entered last name:-xncgn.<br>
Entered valid email:-.dffc@gmail.com<br>
Entered password:-Test@123<br>
Entered confirm password.Test@123<br>
Next button is clicked.<br>
Next button is clicked.<br>
validation message is verified<br>]]>
  </system-out>
  <testcase classname="Tests.SignUpTests" name="Verify_navigation_by_click_on_Back_icon_of_Terms_of_use_screen" time="49.776"/>
  <system-out>
    <![CDATA[Application Launched.<br>
Clicked on skip button.<br>
Clicked on next button.<br>
Clicked on signup button.<br>
Clicked onTerms and condition link.<br>
Terms and condition page is verified with back icon<br>
Back icon is clicked.<br>]]>
  </system-out>
  <testcase classname="Tests.SignUpTests" name="Verify_the_Year_by_click_on_it" time="73.168"/>
  <system-out>
    <![CDATA[Application Launched.<br>
Clicked on skip button.<br>
Clicked on next button.<br>
Clicked on signup button.<br>
Clicked on first name field.<br>
Entered first name:-rjcrb.<br>
Clicked on last name field.<br>
Entered last name:-ksxvj.<br>
Entered valid email:-.fdfu@gmail.com<br>
Entered password:-Test@123<br>
Entered confirm password.Test@123<br>
Next button is clicked.<br>
Clicked on DOB field.<br>
Clicked on by default year.<br>
_______________________years are displayed in year page_______________________________<br>
1999<br>
2000<br>
2001<br>
2002<br>
2003<br>
2004<br>
2005<br>]]>
  </system-out>
  <testcase classname="Tests.SignUpTests" name="Verify_the_Next_button_after_entering_data_in_First_Name_and_Last_Name" time="54.648"/>
  <system-out>
    <![CDATA[Application Launched.<br>
Clicked on skip button.<br>
Clicked on next button.<br>
Clicked on signup button.<br>
Clicked on first name field.<br>
Entered first name:-giiio.<br>
Clicked on last name field.<br>
Entered last name:-fsskr.<br>
Next button is clicked.<br>
Email validation message is verified<br>]]>
  </system-out>
  <testcase classname="Tests.SignUpTests" name="Verify_the_functionality_of_Next_button_of_sport_page" time="105.127"/>
  <system-out>
    <![CDATA[Application Launched.<br>
Clicked on skip button.<br>
Clicked on next button.<br>
Clicked on signup button.<br>
Clicked on first name field.<br>
Entered first name:-rgpoo.<br>
Clicked on last name field.<br>
Entered last name:-dqfir.<br>
Entered valid email:-.fotp@gmail.com<br>
Entered password:-Test@123<br>
Entered confirm password.Test@123<br>
Next button is clicked.<br>
Done link is verified.<br>
Search bar is verified.<br>
Default country is:-Andorra<br>
Country is verified with dropdown.<br>
Clicked on Mobile number field.<br>
Entered mobile number is:-9432673481<br>
Clicked on DOB field.<br>
Clicked on cancel button.<br>
Calender is closed.<br>
Next button is clicked.<br>
Verify one sport from dropdown.<br>
Next button is clicked.<br>
UPLOAD PHOTO button is verified.<br>
Male button is verified.<br>
Female button is verified.<br>
Prefer not to say button is verified.<br>
SIGN UP button is verified.<br>]]>
  </system-out>
  <testcase classname="Tests.SignUpTests" name="Verify_Next_button_after_entering_valid_data_in_all_mandatory_fields" time="69.437"/>
  <system-out>
    <![CDATA[Application Launched.<br>
Clicked on skip button.<br>
Clicked on next button.<br>
Clicked on signup button.<br>
Clicked on first name field.<br>
Entered first name:-dxduj.<br>
Clicked on last name field.<br>
Entered last name:-rdvfz.<br>
Entered valid email:-.ford@gmail.com<br>
Entered password:-Test@123<br>
Entered confirm password.Test@123<br>
Next button is clicked.<br>
Logo is verified.<br>
Country is verified.<br>
Mobile number field is verified.<br>
DOB field is verified.<br>]]>
  </system-out>
  <testcase classname="Tests.SignUpTests" name="Verify_the_Next_button_after_entering_data_in_all_mandatory_fields" time="99.286"/>
  <system-out>
    <![CDATA[Application Launched.<br>
Clicked on skip button.<br>
Clicked on next button.<br>
Clicked on signup button.<br>
Clicked on first name field.<br>
Entered first name:-ijonu.<br>
Clicked on last name field.<br>
Entered last name:-xfffu.<br>
Entered valid email:-.pktj@gmail.com<br>
Entered password:-Test@123<br>
Entered confirm password.Test@123<br>
Next button is clicked.<br>
Done link is verified.<br>
Search bar is verified.<br>
Default country is:-Andorra<br>
Country is verified with dropdown.<br>
Clicked on Mobile number field.<br>
Entered mobile number is:-9432673481<br>
Clicked on DOB field.<br>
Clicked on cancel button.<br>
Calender is closed.<br>
Next button is clicked.<br>
Sport that you play text is verified.<br>]]>
  </system-out>
  <testcase classname="Tests.SignUpTests" name="Verify_the_functionality_of_Flip_icon" time="123.096">
    <error message="An element could not be located on the page using the given search parameters.
For documentation on this error, please visit: https://www.seleniumhq.org/exceptions/no_such_element.html
Build info: version: &#039;3.141.59&#039;, revision: &#039;e82be7d358&#039;, time: &#039;2018-11-14T08:17:03&#039;
System info: host: &#039;Admins-MacBook-Pro.local&#039;, ip: &#039;fe80:0:0:0:8f:c148:5c9e:6494%en0&#039;, os.name: &#039;Mac OS X&#039;, os.arch: &#039;x86_64&#039;, os.version: &#039;12.4&#039;, java.version: &#039;19.0.1&#039;
Driver info: io.appium.java_client.android.AndroidDriver
Capabilities {app: /Users/admin/Desktop/Plai_M..., appPackage: com.app.plaisports, autoAcceptAlerts: true, autoGrantPermissions: true, automationName: UiAutomator2, databaseEnabled: false, desired: {app: /Users/admin/Desktop/Plai_M..., autoAcceptAlerts: true, autoGrantPermissions: true, automationName: UiAutomator2, deviceName: 25e4e5308f0d7ece, platformName: android, platformVersion: 10, resetKeyboard: false, unicodeKeyboard: false}, deviceApiLevel: 29, deviceManufacturer: samsung, deviceModel: SM-N960F, deviceName: 25e4e5308f0d7ece, deviceScreenDensity: 420, deviceScreenSize: 1080x2220, deviceUDID: 25e4e5308f0d7ece, javascriptEnabled: true, locationContextEnabled: false, networkConnectionEnabled: true, pixelRatio: 2.625, platform: LINUX, platformName: android, platformVersion: 10, resetKeyboard: false, statBarHeight: 63, takesScreenshot: true, unicodeKeyboard: false, viewportRect: {height: 2031, left: 0, top: 63, width: 1080}, warnings: {}, webStorageEnabled: false}
Session ID: b5dda2b9-f94a-490a-bfc9-c9c8d2fd3c8f
*** Element info: {Using=xpath, value=//android.widget.LinearLayout[@content-desc=&quot;Test.jpg, 3.75 MB, 21 Dec&quot;]}" type="org.openqa.selenium.NoSuchElementException">
      <![CDATA[org.openqa.selenium.NoSuchElementException: An element could not be located on the page using the given search parameters.
For documentation on this error, please visit: https://www.seleniumhq.org/exceptions/no_such_element.html
Build info: version: '3.141.59', revision: 'e82be7d358', time: '2018-11-14T08:17:03'
System info: host: 'Admins-MacBook-Pro.local', ip: 'fe80:0:0:0:8f:c148:5c9e:6494%en0', os.name: 'Mac OS X', os.arch: 'x86_64', os.version: '12.4', java.version: '19.0.1'
Driver info: io.appium.java_client.android.AndroidDriver
Capabilities {app: /Users/admin/Desktop/Plai_M..., appPackage: com.app.plaisports, autoAcceptAlerts: true, autoGrantPermissions: true, automationName: UiAutomator2, databaseEnabled: false, desired: {app: /Users/admin/Desktop/Plai_M..., autoAcceptAlerts: true, autoGrantPermissions: true, automationName: UiAutomator2, deviceName: 25e4e5308f0d7ece, platformName: android, platformVersion: 10, resetKeyboard: false, unicodeKeyboard: false}, deviceApiLevel: 29, deviceManufacturer: samsung, deviceModel: SM-N960F, deviceName: 25e4e5308f0d7ece, deviceScreenDensity: 420, deviceScreenSize: 1080x2220, deviceUDID: 25e4e5308f0d7ece, javascriptEnabled: true, locationContextEnabled: false, networkConnectionEnabled: true, pixelRatio: 2.625, platform: LINUX, platformName: android, platformVersion: 10, resetKeyboard: false, statBarHeight: 63, takesScreenshot: true, unicodeKeyboard: false, viewportRect: {height: 2031, left: 0, top: 63, width: 1080}, warnings: {}, webStorageEnabled: false}
Session ID: b5dda2b9-f94a-490a-bfc9-c9c8d2fd3c8f
*** Element info: {Using=xpath, value=//android.widget.LinearLayout[@content-desc="Test.jpg, 3.75 MB, 21 Dec"]}
at java.base/jdk.internal.reflect.DirectConstructorHandleAccessor.newInstance(DirectConstructorHandleAccessor.java:67)
at java.base/java.lang.reflect.Constructor.newInstanceWithCaller(Constructor.java:500)
at java.base/java.lang.reflect.Constructor.newInstance(Constructor.java:484)
at org.openqa.selenium.remote.http.W3CHttpResponseCodec.createException(W3CHttpResponseCodec.java:187)
at org.openqa.selenium.remote.http.W3CHttpResponseCodec.decode(W3CHttpResponseCodec.java:122)
at org.openqa.selenium.remote.http.W3CHttpResponseCodec.decode(W3CHttpResponseCodec.java:49)
at org.openqa.selenium.remote.HttpCommandExecutor.execute(HttpCommandExecutor.java:158)
at io.appium.java_client.remote.AppiumCommandExecutor.execute(AppiumCommandExecutor.java:247)
at org.openqa.selenium.remote.RemoteWebDriver.execute(RemoteWebDriver.java:552)
at io.appium.java_client.DefaultGenericMobileDriver.execute(DefaultGenericMobileDriver.java:41)
at io.appium.java_client.AppiumDriver.execute(AppiumDriver.java:1)
at io.appium.java_client.android.AndroidDriver.execute(AndroidDriver.java:1)
at org.openqa.selenium.remote.RemoteWebDriver.findElement(RemoteWebDriver.java:323)
at io.appium.java_client.DefaultGenericMobileDriver.findElement(DefaultGenericMobileDriver.java:61)
at io.appium.java_client.AppiumDriver.findElement(AppiumDriver.java:1)
at io.appium.java_client.android.AndroidDriver.findElement(AndroidDriver.java:1)
at org.openqa.selenium.remote.RemoteWebDriver.findElementByXPath(RemoteWebDriver.java:428)
at io.appium.java_client.DefaultGenericMobileDriver.findElementByXPath(DefaultGenericMobileDriver.java:151)
at io.appium.java_client.AppiumDriver.findElementByXPath(AppiumDriver.java:1)
at io.appium.java_client.android.AndroidDriver.findElementByXPath(AndroidDriver.java:1)
at org.openqa.selenium.By$ByXPath.findElement(By.java:353)
at org.openqa.selenium.remote.RemoteWebDriver.findElement(RemoteWebDriver.java:315)
at io.appium.java_client.DefaultGenericMobileDriver.findElement(DefaultGenericMobileDriver.java:57)
at io.appium.java_client.AppiumDriver.findElement(AppiumDriver.java:1)
at io.appium.java_client.android.AndroidDriver.findElement(AndroidDriver.java:1)
at Pages.SignUpPage.Verify_Gallery_App_Opened(SignUpPage.java:768)
at Tests.SignUpTests.Verify_the_functionality_of_Flip_icon(SignUpTests.java:976)
at java.base/jdk.internal.reflect.DirectMethodHandleAccessor.invoke(DirectMethodHandleAccessor.java:104)
at java.base/java.lang.reflect.Method.invoke(Method.java:578)
at org.testng.internal.MethodInvocationHelper.invokeMethod(MethodInvocationHelper.java:133)
at org.testng.internal.TestInvoker.invokeMethod(TestInvoker.java:598)
at org.testng.internal.TestInvoker.invokeTestMethod(TestInvoker.java:173)
at org.testng.internal.MethodRunner.runInSequence(MethodRunner.java:46)
at org.testng.internal.TestInvoker$MethodInvocationAgent.invoke(TestInvoker.java:824)
at org.testng.internal.TestInvoker.invokeTestMethods(TestInvoker.java:146)
at org.testng.internal.TestMethodWorker.invokeTestMethods(TestMethodWorker.java:146)
at org.testng.internal.TestMethodWorker.run(TestMethodWorker.java:128)
at java.base/java.util.ArrayList.forEach(ArrayList.java:1511)
at org.testng.TestRunner.privateRun(TestRunner.java:794)
at org.testng.TestRunner.run(TestRunner.java:596)
at org.testng.SuiteRunner.runTest(SuiteRunner.java:377)
at org.testng.SuiteRunner.runSequentially(SuiteRunner.java:371)
at org.testng.SuiteRunner.privateRun(SuiteRunner.java:332)
at org.testng.SuiteRunner.run(SuiteRunner.java:276)
at org.testng.SuiteRunnerWorker.runSuite(SuiteRunnerWorker.java:53)
at org.testng.SuiteRunnerWorker.run(SuiteRunnerWorker.java:96)
at org.testng.TestNG.runSuitesSequentially(TestNG.java:1212)
at org.testng.TestNG.runSuitesLocally(TestNG.java:1134)
at org.testng.TestNG.runSuites(TestNG.java:1063)
at org.testng.TestNG.run(TestNG.java:1031)
at org.apache.maven.surefire.testng.TestNGExecutor.run(TestNGExecutor.java:284)
at org.apache.maven.surefire.testng.TestNGXmlTestSuite.execute(TestNGXmlTestSuite.java:75)
at org.apache.maven.surefire.testng.TestNGProvider.invoke(TestNGProvider.java:119)
at org.apache.maven.surefire.booter.ForkedBooter.runSuitesInProcess(ForkedBooter.java:428)
at org.apache.maven.surefire.booter.ForkedBooter.execute(ForkedBooter.java:162)
at org.apache.maven.surefire.booter.ForkedBooter.run(ForkedBooter.java:562)
at org.apache.maven.surefire.booter.ForkedBooter.main(ForkedBooter.java:548)
]]>
    </error>
  </testcase> <!-- Verify_the_functionality_of_Flip_icon -->
  <system-out>
    <![CDATA[Application Launched.<br>
Clicked on skip button.<br>
Clicked on next button.<br>
Clicked on signup button.<br>
Clicked on first name field.<br>
Entered first name:-snsqk.<br>
Clicked on last name field.<br>
Entered last name:-pcrkq.<br>
Entered valid email:-.fczj@gmail.com<br>
Entered password:-Test@123<br>
Entered confirm password.Test@123<br>
Next button is clicked.<br>
Done link is verified.<br>
Search bar is verified.<br>
Default country is:-Andorra<br>
Country is verified with dropdown.<br>
Clicked on Mobile number field.<br>
Entered mobile number is:-9432673481<br>
Clicked on DOB field.<br>
Clicked on cancel button.<br>
Calender is closed.<br>
Next button is clicked.<br>
Verify one sport from dropdown.<br>
Next button is clicked.<br>
UPLOAD PHOTO button is verified.<br>
Clicked on upload photo button.<br>
Clicked on gallery button.<br>]]>
  </system-out>
  <testcase classname="Tests.SignUpTests" name="Verify_the_Password_field_by_entering_9_characters_including_uppercase_and_number" time="61.271"/>
  <system-out>
    <![CDATA[Application Launched.<br>
Clicked on skip button.<br>
Clicked on next button.<br>
Clicked on signup button.<br>
Clicked on first name field.<br>
Entered first name:-pyjog.<br>
Clicked on last name field.<br>
Entered last name:-fimnc.<br>
Entered valid email:-.rnmi@gmail.com<br>
Entered 8char password with 1uppercase and 1number:-Afipkpum1<br>
Next button is clicked.<br>
Text in red/green colour is verified<br>]]>
  </system-out>
  <testcase classname="Tests.SignUpTests" name="Verify_the_Select_Gender_field" time="99.860"/>
  <system-out>
    <![CDATA[Application Launched.<br>
Clicked on skip button.<br>
Clicked on next button.<br>
Clicked on signup button.<br>
Clicked on first name field.<br>
Entered first name:-nrfoi.<br>
Clicked on last name field.<br>
Entered last name:-jkdfb.<br>
Entered valid email:-.dfdf@gmail.com<br>
Entered password:-Test@123<br>
Entered confirm password.Test@123<br>
Next button is clicked.<br>
Done link is verified.<br>
Search bar is verified.<br>
Default country is:-Andorra<br>
Country is verified with dropdown.<br>
Clicked on Mobile number field.<br>
Entered mobile number is:-9432673481<br>
Clicked on DOB field.<br>
Clicked on cancel button.<br>
Calender is closed.<br>
Next button is clicked.<br>
Verify one sport from dropdown.<br>
Next button is clicked.<br>
Selected Gender 'Male' not Highlighted<br>]]>
  </system-out>
  <testcase classname="Tests.SignUpTests" name="Verify_the_navigation_by_clicking_on_Back_icon" time="49.633"/>
  <system-out>
    <![CDATA[Application Launched.<br>
Logo is verified.<br>
Clicked on skip button.<br>
Clicked on next button.<br>
Clicked on signup button.<br>
Back icon is verified.<br>
Back icon is clicked.<br>
Login text is verified<br>]]>
  </system-out>
  <testcase classname="Tests.SignUpTests" name="Verify_the_Country_Code_dropdown_list_of_Mobile_Number_field" time="70.992"/>
  <system-out>
    <![CDATA[Application Launched.<br>
Clicked on skip button.<br>
Clicked on next button.<br>
Clicked on signup button.<br>
Clicked on first name field.<br>
Entered first name:-sjvji.<br>
Clicked on last name field.<br>
Entered last name:-jiirz.<br>
Entered valid email:-.ysve@gmail.com<br>
Entered password:-Test@123<br>
Entered confirm password.Test@123<br>
Next button is clicked.<br>
Clicked on company code drop down.<br>
Back icon is verified.<br>
Search icon is verified.<br>
Country_name_with_flag is verified.<br>]]>
  </system-out>
  <testcase classname="Tests.SignUpTests" name="Verify_navigation_by_click_on_Back_icon" time="108.919"/>
  <system-out>
    <![CDATA[Application Launched.<br>
Clicked on skip button.<br>
Clicked on next button.<br>
Clicked on signup button.<br>
Clicked on first name field.<br>
Entered first name:-ojbff.<br>
Clicked on last name field.<br>
Entered last name:-cjvie.<br>
Entered valid email:-.ijmc@gmail.com<br>
Entered password:-Test@123<br>
Entered confirm password.Test@123<br>
Next button is clicked.<br>
Done link is verified.<br>
Search bar is verified.<br>
Default country is:-Andorra<br>
Country is verified with dropdown.<br>
Clicked on Mobile number field.<br>
Entered mobile number is:-9432673481<br>
Clicked on DOB field.<br>
Clicked on cancel button.<br>
Calender is closed.<br>
Next button is clicked.<br>
Sport that you play text is verified.<br>
Back icon is verified.<br>
Back icon is clicked.<br>
Logo is verified.<br>]]>
  </system-out>
  <testcase classname="Tests.SignUpTests" name="Verify_the_functionality_of_Search_bar" time="73.282">
    <error message="androidx.test.uiautomator.StaleObjectException
For documentation on this error, please visit: https://www.seleniumhq.org/exceptions/stale_element_reference.html
Build info: version: &#039;3.141.59&#039;, revision: &#039;e82be7d358&#039;, time: &#039;2018-11-14T08:17:03&#039;
System info: host: &#039;Admins-MacBook-Pro.local&#039;, ip: &#039;fe80:0:0:0:8f:c148:5c9e:6494%en0&#039;, os.name: &#039;Mac OS X&#039;, os.arch: &#039;x86_64&#039;, os.version: &#039;12.4&#039;, java.version: &#039;19.0.1&#039;
Driver info: io.appium.java_client.android.AndroidDriver
Capabilities {app: /Users/admin/Desktop/Plai_M..., appPackage: com.app.plaisports, autoAcceptAlerts: true, autoGrantPermissions: true, automationName: UiAutomator2, databaseEnabled: false, desired: {app: /Users/admin/Desktop/Plai_M..., autoAcceptAlerts: true, autoGrantPermissions: true, automationName: UiAutomator2, deviceName: 25e4e5308f0d7ece, platformName: android, platformVersion: 10, resetKeyboard: false, unicodeKeyboard: false}, deviceApiLevel: 29, deviceManufacturer: samsung, deviceModel: SM-N960F, deviceName: 25e4e5308f0d7ece, deviceScreenDensity: 420, deviceScreenSize: 1080x2220, deviceUDID: 25e4e5308f0d7ece, javascriptEnabled: true, locationContextEnabled: false, networkConnectionEnabled: true, pixelRatio: 2.625, platform: LINUX, platformName: android, platformVersion: 10, resetKeyboard: false, statBarHeight: 63, takesScreenshot: true, unicodeKeyboard: false, viewportRect: {height: 2031, left: 0, top: 63, width: 1080}, warnings: {}, webStorageEnabled: false}
Session ID: 55d6a09d-304d-4429-9c5b-2e129fe93b21" type="org.openqa.selenium.StaleElementReferenceException">
      <![CDATA[org.openqa.selenium.StaleElementReferenceException: androidx.test.uiautomator.StaleObjectException
For documentation on this error, please visit: https://www.seleniumhq.org/exceptions/stale_element_reference.html
Build info: version: '3.141.59', revision: 'e82be7d358', time: '2018-11-14T08:17:03'
System info: host: 'Admins-MacBook-Pro.local', ip: 'fe80:0:0:0:8f:c148:5c9e:6494%en0', os.name: 'Mac OS X', os.arch: 'x86_64', os.version: '12.4', java.version: '19.0.1'
Driver info: io.appium.java_client.android.AndroidDriver
Capabilities {app: /Users/admin/Desktop/Plai_M..., appPackage: com.app.plaisports, autoAcceptAlerts: true, autoGrantPermissions: true, automationName: UiAutomator2, databaseEnabled: false, desired: {app: /Users/admin/Desktop/Plai_M..., autoAcceptAlerts: true, autoGrantPermissions: true, automationName: UiAutomator2, deviceName: 25e4e5308f0d7ece, platformName: android, platformVersion: 10, resetKeyboard: false, unicodeKeyboard: false}, deviceApiLevel: 29, deviceManufacturer: samsung, deviceModel: SM-N960F, deviceName: 25e4e5308f0d7ece, deviceScreenDensity: 420, deviceScreenSize: 1080x2220, deviceUDID: 25e4e5308f0d7ece, javascriptEnabled: true, locationContextEnabled: false, networkConnectionEnabled: true, pixelRatio: 2.625, platform: LINUX, platformName: android, platformVersion: 10, resetKeyboard: false, statBarHeight: 63, takesScreenshot: true, unicodeKeyboard: false, viewportRect: {height: 2031, left: 0, top: 63, width: 1080}, warnings: {}, webStorageEnabled: false}
Session ID: 55d6a09d-304d-4429-9c5b-2e129fe93b21
at java.base/jdk.internal.reflect.DirectConstructorHandleAccessor.newInstance(DirectConstructorHandleAccessor.java:67)
at java.base/java.lang.reflect.Constructor.newInstanceWithCaller(Constructor.java:500)
at java.base/java.lang.reflect.Constructor.newInstance(Constructor.java:484)
at org.openqa.selenium.remote.http.W3CHttpResponseCodec.createException(W3CHttpResponseCodec.java:187)
at org.openqa.selenium.remote.http.W3CHttpResponseCodec.decode(W3CHttpResponseCodec.java:122)
at org.openqa.selenium.remote.http.W3CHttpResponseCodec.decode(W3CHttpResponseCodec.java:49)
at org.openqa.selenium.remote.HttpCommandExecutor.execute(HttpCommandExecutor.java:158)
at io.appium.java_client.remote.AppiumCommandExecutor.execute(AppiumCommandExecutor.java:247)
at org.openqa.selenium.remote.RemoteWebDriver.execute(RemoteWebDriver.java:552)
at io.appium.java_client.DefaultGenericMobileDriver.execute(DefaultGenericMobileDriver.java:41)
at io.appium.java_client.AppiumDriver.execute(AppiumDriver.java:1)
at io.appium.java_client.android.AndroidDriver.execute(AndroidDriver.java:1)
at org.openqa.selenium.remote.RemoteWebElement.execute(RemoteWebElement.java:285)
at io.appium.java_client.DefaultGenericMobileElement.execute(DefaultGenericMobileElement.java:45)
at io.appium.java_client.MobileElement.execute(MobileElement.java:1)
at io.appium.java_client.android.AndroidElement.execute(AndroidElement.java:1)
at org.openqa.selenium.remote.RemoteWebElement.click(RemoteWebElement.java:84)
at Pages.SignUpPage.click_on_searchbar(SignUpPage.java:367)
at Tests.SignUpTests.Verify_the_functionality_of_Search_bar(SignUpTests.java:391)
at java.base/jdk.internal.reflect.DirectMethodHandleAccessor.invoke(DirectMethodHandleAccessor.java:104)
at java.base/java.lang.reflect.Method.invoke(Method.java:578)
at org.testng.internal.MethodInvocationHelper.invokeMethod(MethodInvocationHelper.java:133)
at org.testng.internal.TestInvoker.invokeMethod(TestInvoker.java:598)
at org.testng.internal.TestInvoker.invokeTestMethod(TestInvoker.java:173)
at org.testng.internal.MethodRunner.runInSequence(MethodRunner.java:46)
at org.testng.internal.TestInvoker$MethodInvocationAgent.invoke(TestInvoker.java:824)
at org.testng.internal.TestInvoker.invokeTestMethods(TestInvoker.java:146)
at org.testng.internal.TestMethodWorker.invokeTestMethods(TestMethodWorker.java:146)
at org.testng.internal.TestMethodWorker.run(TestMethodWorker.java:128)
at java.base/java.util.ArrayList.forEach(ArrayList.java:1511)
at org.testng.TestRunner.privateRun(TestRunner.java:794)
at org.testng.TestRunner.run(TestRunner.java:596)
at org.testng.SuiteRunner.runTest(SuiteRunner.java:377)
at org.testng.SuiteRunner.runSequentially(SuiteRunner.java:371)
at org.testng.SuiteRunner.privateRun(SuiteRunner.java:332)
at org.testng.SuiteRunner.run(SuiteRunner.java:276)
at org.testng.SuiteRunnerWorker.runSuite(SuiteRunnerWorker.java:53)
at org.testng.SuiteRunnerWorker.run(SuiteRunnerWorker.java:96)
at org.testng.TestNG.runSuitesSequentially(TestNG.java:1212)
at org.testng.TestNG.runSuitesLocally(TestNG.java:1134)
at org.testng.TestNG.runSuites(TestNG.java:1063)
at org.testng.TestNG.run(TestNG.java:1031)
at org.apache.maven.surefire.testng.TestNGExecutor.run(TestNGExecutor.java:284)
at org.apache.maven.surefire.testng.TestNGXmlTestSuite.execute(TestNGXmlTestSuite.java:75)
at org.apache.maven.surefire.testng.TestNGProvider.invoke(TestNGProvider.java:119)
at org.apache.maven.surefire.booter.ForkedBooter.runSuitesInProcess(ForkedBooter.java:428)
at org.apache.maven.surefire.booter.ForkedBooter.execute(ForkedBooter.java:162)
at org.apache.maven.surefire.booter.ForkedBooter.run(ForkedBooter.java:562)
at org.apache.maven.surefire.booter.ForkedBooter.main(ForkedBooter.java:548)
]]>
    </error>
  </testcase> <!-- Verify_the_functionality_of_Search_bar -->
  <system-out>
    <![CDATA[Application Launched.<br>
Clicked on skip button.<br>
Clicked on next button.<br>
Clicked on signup button.<br>
Clicked on first name field.<br>
Entered first name:-ffijd.<br>
Clicked on last name field.<br>
Entered last name:-fvcpq.<br>
Entered valid email:-.cfri@gmail.com<br>
Entered password:-Test@123<br>
Entered confirm password.Test@123<br>
Next button is clicked.<br>
Clicked on country field.<br>]]>
  </system-out>
  <testcase classname="Tests.SignUpTests" name="Verify_the_Mobile_Number_field_by_entering_10_digit_number" time="84.179"/>
  <system-out>
    <![CDATA[Application Launched.<br>
Clicked on skip button.<br>
Clicked on next button.<br>
Clicked on signup button.<br>
Clicked on first name field.<br>
Entered first name:-ntsqf.<br>
Clicked on last name field.<br>
Entered last name:-vsnfq.<br>
Entered valid email:-.igfx@gmail.com<br>
Entered password:-Test@123<br>
Entered confirm password.Test@123<br>
Next button is clicked.<br>
Clicked on Mobile number field.<br>
Entered mobile number is:-9432673481<br>
Next button is clicked.<br>
validation message is verified<br>]]>
  </system-out>
  <testcase classname="Tests.SignUpTests" name="Verify_the_Password_field_by_entering_8_characters" time="45.779">
    <error message="An element could not be located on the page using the given search parameters.
For documentation on this error, please visit: https://www.seleniumhq.org/exceptions/no_such_element.html
Build info: version: &#039;3.141.59&#039;, revision: &#039;e82be7d358&#039;, time: &#039;2018-11-14T08:17:03&#039;
System info: host: &#039;Admins-MacBook-Pro.local&#039;, ip: &#039;fe80:0:0:0:8f:c148:5c9e:6494%en0&#039;, os.name: &#039;Mac OS X&#039;, os.arch: &#039;x86_64&#039;, os.version: &#039;12.4&#039;, java.version: &#039;19.0.1&#039;
Driver info: io.appium.java_client.android.AndroidDriver
Capabilities {app: /Users/admin/Desktop/Plai_M..., appPackage: com.app.plaisports, autoAcceptAlerts: true, autoGrantPermissions: true, automationName: UiAutomator2, databaseEnabled: false, desired: {app: /Users/admin/Desktop/Plai_M..., autoAcceptAlerts: true, autoGrantPermissions: true, automationName: UiAutomator2, deviceName: 25e4e5308f0d7ece, platformName: android, platformVersion: 10, resetKeyboard: false, unicodeKeyboard: false}, deviceApiLevel: 29, deviceManufacturer: samsung, deviceModel: SM-N960F, deviceName: 25e4e5308f0d7ece, deviceScreenDensity: 420, deviceScreenSize: 1080x2220, deviceUDID: 25e4e5308f0d7ece, javascriptEnabled: true, locationContextEnabled: false, networkConnectionEnabled: true, pixelRatio: 2.625, platform: LINUX, platformName: android, platformVersion: 10, resetKeyboard: false, statBarHeight: 63, takesScreenshot: true, unicodeKeyboard: false, viewportRect: {height: 2031, left: 0, top: 63, width: 1080}, warnings: {}, webStorageEnabled: false}
Session ID: f7313d4a-a0b3-4bda-b2b9-e0d3a0e65b01
*** Element info: {Using=xpath, value=//android.view.View/android.view.View[2]/android.widget.Button}" type="org.openqa.selenium.NoSuchElementException">
      <![CDATA[org.openqa.selenium.NoSuchElementException: An element could not be located on the page using the given search parameters.
For documentation on this error, please visit: https://www.seleniumhq.org/exceptions/no_such_element.html
Build info: version: '3.141.59', revision: 'e82be7d358', time: '2018-11-14T08:17:03'
System info: host: 'Admins-MacBook-Pro.local', ip: 'fe80:0:0:0:8f:c148:5c9e:6494%en0', os.name: 'Mac OS X', os.arch: 'x86_64', os.version: '12.4', java.version: '19.0.1'
Driver info: io.appium.java_client.android.AndroidDriver
Capabilities {app: /Users/admin/Desktop/Plai_M..., appPackage: com.app.plaisports, autoAcceptAlerts: true, autoGrantPermissions: true, automationName: UiAutomator2, databaseEnabled: false, desired: {app: /Users/admin/Desktop/Plai_M..., autoAcceptAlerts: true, autoGrantPermissions: true, automationName: UiAutomator2, deviceName: 25e4e5308f0d7ece, platformName: android, platformVersion: 10, resetKeyboard: false, unicodeKeyboard: false}, deviceApiLevel: 29, deviceManufacturer: samsung, deviceModel: SM-N960F, deviceName: 25e4e5308f0d7ece, deviceScreenDensity: 420, deviceScreenSize: 1080x2220, deviceUDID: 25e4e5308f0d7ece, javascriptEnabled: true, locationContextEnabled: false, networkConnectionEnabled: true, pixelRatio: 2.625, platform: LINUX, platformName: android, platformVersion: 10, resetKeyboard: false, statBarHeight: 63, takesScreenshot: true, unicodeKeyboard: false, viewportRect: {height: 2031, left: 0, top: 63, width: 1080}, warnings: {}, webStorageEnabled: false}
Session ID: f7313d4a-a0b3-4bda-b2b9-e0d3a0e65b01
*** Element info: {Using=xpath, value=//android.view.View/android.view.View[2]/android.widget.Button}
at java.base/jdk.internal.reflect.DirectConstructorHandleAccessor.newInstance(DirectConstructorHandleAccessor.java:67)
at java.base/java.lang.reflect.Constructor.newInstanceWithCaller(Constructor.java:500)
at java.base/java.lang.reflect.Constructor.newInstance(Constructor.java:484)
at org.openqa.selenium.remote.http.W3CHttpResponseCodec.createException(W3CHttpResponseCodec.java:187)
at org.openqa.selenium.remote.http.W3CHttpResponseCodec.decode(W3CHttpResponseCodec.java:122)
at org.openqa.selenium.remote.http.W3CHttpResponseCodec.decode(W3CHttpResponseCodec.java:49)
at org.openqa.selenium.remote.HttpCommandExecutor.execute(HttpCommandExecutor.java:158)
at io.appium.java_client.remote.AppiumCommandExecutor.execute(AppiumCommandExecutor.java:247)
at org.openqa.selenium.remote.RemoteWebDriver.execute(RemoteWebDriver.java:552)
at io.appium.java_client.DefaultGenericMobileDriver.execute(DefaultGenericMobileDriver.java:41)
at io.appium.java_client.AppiumDriver.execute(AppiumDriver.java:1)
at io.appium.java_client.android.AndroidDriver.execute(AndroidDriver.java:1)
at org.openqa.selenium.remote.RemoteWebDriver.findElement(RemoteWebDriver.java:323)
at io.appium.java_client.DefaultGenericMobileDriver.findElement(DefaultGenericMobileDriver.java:61)
at io.appium.java_client.AppiumDriver.findElement(AppiumDriver.java:1)
at io.appium.java_client.android.AndroidDriver.findElement(AndroidDriver.java:1)
at org.openqa.selenium.remote.RemoteWebDriver.findElementByXPath(RemoteWebDriver.java:428)
at io.appium.java_client.DefaultGenericMobileDriver.findElementByXPath(DefaultGenericMobileDriver.java:151)
at io.appium.java_client.AppiumDriver.findElementByXPath(AppiumDriver.java:1)
at io.appium.java_client.android.AndroidDriver.findElementByXPath(AndroidDriver.java:1)
at org.openqa.selenium.By$ByXPath.findElement(By.java:353)
at org.openqa.selenium.remote.RemoteWebDriver.findElement(RemoteWebDriver.java:315)
at io.appium.java_client.DefaultGenericMobileDriver.findElement(DefaultGenericMobileDriver.java:57)
at io.appium.java_client.AppiumDriver.findElement(AppiumDriver.java:1)
at io.appium.java_client.android.AndroidDriver.findElement(AndroidDriver.java:1)
at Pages.LaunchAppPage.click_on_skip_button(LaunchAppPage.java:33)
at Tests.SignUpTests.Verify_the_Password_field_by_entering_8_characters(SignUpTests.java:139)
at java.base/jdk.internal.reflect.DirectMethodHandleAccessor.invoke(DirectMethodHandleAccessor.java:104)
at java.base/java.lang.reflect.Method.invoke(Method.java:578)
at org.testng.internal.MethodInvocationHelper.invokeMethod(MethodInvocationHelper.java:133)
at org.testng.internal.TestInvoker.invokeMethod(TestInvoker.java:598)
at org.testng.internal.TestInvoker.invokeTestMethod(TestInvoker.java:173)
at org.testng.internal.MethodRunner.runInSequence(MethodRunner.java:46)
at org.testng.internal.TestInvoker$MethodInvocationAgent.invoke(TestInvoker.java:824)
at org.testng.internal.TestInvoker.invokeTestMethods(TestInvoker.java:146)
at org.testng.internal.TestMethodWorker.invokeTestMethods(TestMethodWorker.java:146)
at org.testng.internal.TestMethodWorker.run(TestMethodWorker.java:128)
at java.base/java.util.ArrayList.forEach(ArrayList.java:1511)
at org.testng.TestRunner.privateRun(TestRunner.java:794)
at org.testng.TestRunner.run(TestRunner.java:596)
at org.testng.SuiteRunner.runTest(SuiteRunner.java:377)
at org.testng.SuiteRunner.runSequentially(SuiteRunner.java:371)
at org.testng.SuiteRunner.privateRun(SuiteRunner.java:332)
at org.testng.SuiteRunner.run(SuiteRunner.java:276)
at org.testng.SuiteRunnerWorker.runSuite(SuiteRunnerWorker.java:53)
at org.testng.SuiteRunnerWorker.run(SuiteRunnerWorker.java:96)
at org.testng.TestNG.runSuitesSequentially(TestNG.java:1212)
at org.testng.TestNG.runSuitesLocally(TestNG.java:1134)
at org.testng.TestNG.runSuites(TestNG.java:1063)
at org.testng.TestNG.run(TestNG.java:1031)
at org.apache.maven.surefire.testng.TestNGExecutor.run(TestNGExecutor.java:284)
at org.apache.maven.surefire.testng.TestNGXmlTestSuite.execute(TestNGXmlTestSuite.java:75)
at org.apache.maven.surefire.testng.TestNGProvider.invoke(TestNGProvider.java:119)
at org.apache.maven.surefire.booter.ForkedBooter.runSuitesInProcess(ForkedBooter.java:428)
at org.apache.maven.surefire.booter.ForkedBooter.execute(ForkedBooter.java:162)
at org.apache.maven.surefire.booter.ForkedBooter.run(ForkedBooter.java:562)
at org.apache.maven.surefire.booter.ForkedBooter.main(ForkedBooter.java:548)
]]>
    </error>
  </testcase> <!-- Verify_the_Password_field_by_entering_8_characters -->
  <system-out>
    <![CDATA[Application Launched.<br>]]>
  </system-out>
  <testcase classname="Tests.SignUpTests" name="Verify_the_Confirm_Password_field_by_entering_different_password_then_Password_field" time="64.410"/>
  <system-out>
    <![CDATA[Application Launched.<br>
Clicked on skip button.<br>
Clicked on next button.<br>
Clicked on signup button.<br>
Clicked on first name field.<br>
Entered first name:-drffi.<br>
Clicked on last name field.<br>
Entered last name:-gjycg.<br>
Entered valid email:-.mouf@gmail.com<br>
Entered password:-Test@123<br>
Entered confirm password.pfifbmji<br>
Next button is clicked.<br>
Password validation message is verified<br>]]>
  </system-out>
  <testcase classname="Tests.SignUpTests" name="Verify_the_functionality_of_Crop_link" time="123.089">
    <error message="An element could not be located on the page using the given search parameters.
For documentation on this error, please visit: https://www.seleniumhq.org/exceptions/no_such_element.html
Build info: version: &#039;3.141.59&#039;, revision: &#039;e82be7d358&#039;, time: &#039;2018-11-14T08:17:03&#039;
System info: host: &#039;Admins-MacBook-Pro.local&#039;, ip: &#039;fe80:0:0:0:8f:c148:5c9e:6494%en0&#039;, os.name: &#039;Mac OS X&#039;, os.arch: &#039;x86_64&#039;, os.version: &#039;12.4&#039;, java.version: &#039;19.0.1&#039;
Driver info: io.appium.java_client.android.AndroidDriver
Capabilities {app: /Users/admin/Desktop/Plai_M..., appPackage: com.app.plaisports, autoAcceptAlerts: true, autoGrantPermissions: true, automationName: UiAutomator2, databaseEnabled: false, desired: {app: /Users/admin/Desktop/Plai_M..., autoAcceptAlerts: true, autoGrantPermissions: true, automationName: UiAutomator2, deviceName: 25e4e5308f0d7ece, platformName: android, platformVersion: 10, resetKeyboard: false, unicodeKeyboard: false}, deviceApiLevel: 29, deviceManufacturer: samsung, deviceModel: SM-N960F, deviceName: 25e4e5308f0d7ece, deviceScreenDensity: 420, deviceScreenSize: 1080x2220, deviceUDID: 25e4e5308f0d7ece, javascriptEnabled: true, locationContextEnabled: false, networkConnectionEnabled: true, pixelRatio: 2.625, platform: LINUX, platformName: android, platformVersion: 10, resetKeyboard: false, statBarHeight: 63, takesScreenshot: true, unicodeKeyboard: false, viewportRect: {height: 2031, left: 0, top: 63, width: 1080}, warnings: {}, webStorageEnabled: false}
Session ID: 43c25f9b-97c4-446c-9779-ff3d29800f13
*** Element info: {Using=xpath, value=//android.widget.LinearLayout[@content-desc=&quot;Test.jpg, 3.75 MB, 21 Dec&quot;]}" type="org.openqa.selenium.NoSuchElementException">
      <![CDATA[org.openqa.selenium.NoSuchElementException: An element could not be located on the page using the given search parameters.
For documentation on this error, please visit: https://www.seleniumhq.org/exceptions/no_such_element.html
Build info: version: '3.141.59', revision: 'e82be7d358', time: '2018-11-14T08:17:03'
System info: host: 'Admins-MacBook-Pro.local', ip: 'fe80:0:0:0:8f:c148:5c9e:6494%en0', os.name: 'Mac OS X', os.arch: 'x86_64', os.version: '12.4', java.version: '19.0.1'
Driver info: io.appium.java_client.android.AndroidDriver
Capabilities {app: /Users/admin/Desktop/Plai_M..., appPackage: com.app.plaisports, autoAcceptAlerts: true, autoGrantPermissions: true, automationName: UiAutomator2, databaseEnabled: false, desired: {app: /Users/admin/Desktop/Plai_M..., autoAcceptAlerts: true, autoGrantPermissions: true, automationName: UiAutomator2, deviceName: 25e4e5308f0d7ece, platformName: android, platformVersion: 10, resetKeyboard: false, unicodeKeyboard: false}, deviceApiLevel: 29, deviceManufacturer: samsung, deviceModel: SM-N960F, deviceName: 25e4e5308f0d7ece, deviceScreenDensity: 420, deviceScreenSize: 1080x2220, deviceUDID: 25e4e5308f0d7ece, javascriptEnabled: true, locationContextEnabled: false, networkConnectionEnabled: true, pixelRatio: 2.625, platform: LINUX, platformName: android, platformVersion: 10, resetKeyboard: false, statBarHeight: 63, takesScreenshot: true, unicodeKeyboard: false, viewportRect: {height: 2031, left: 0, top: 63, width: 1080}, warnings: {}, webStorageEnabled: false}
Session ID: 43c25f9b-97c4-446c-9779-ff3d29800f13
*** Element info: {Using=xpath, value=//android.widget.LinearLayout[@content-desc="Test.jpg, 3.75 MB, 21 Dec"]}
at java.base/jdk.internal.reflect.DirectConstructorHandleAccessor.newInstance(DirectConstructorHandleAccessor.java:67)
at java.base/java.lang.reflect.Constructor.newInstanceWithCaller(Constructor.java:500)
at java.base/java.lang.reflect.Constructor.newInstance(Constructor.java:484)
at org.openqa.selenium.remote.http.W3CHttpResponseCodec.createException(W3CHttpResponseCodec.java:187)
at org.openqa.selenium.remote.http.W3CHttpResponseCodec.decode(W3CHttpResponseCodec.java:122)
at org.openqa.selenium.remote.http.W3CHttpResponseCodec.decode(W3CHttpResponseCodec.java:49)
at org.openqa.selenium.remote.HttpCommandExecutor.execute(HttpCommandExecutor.java:158)
at io.appium.java_client.remote.AppiumCommandExecutor.execute(AppiumCommandExecutor.java:247)
at org.openqa.selenium.remote.RemoteWebDriver.execute(RemoteWebDriver.java:552)
at io.appium.java_client.DefaultGenericMobileDriver.execute(DefaultGenericMobileDriver.java:41)
at io.appium.java_client.AppiumDriver.execute(AppiumDriver.java:1)
at io.appium.java_client.android.AndroidDriver.execute(AndroidDriver.java:1)
at org.openqa.selenium.remote.RemoteWebDriver.findElement(RemoteWebDriver.java:323)
at io.appium.java_client.DefaultGenericMobileDriver.findElement(DefaultGenericMobileDriver.java:61)
at io.appium.java_client.AppiumDriver.findElement(AppiumDriver.java:1)
at io.appium.java_client.android.AndroidDriver.findElement(AndroidDriver.java:1)
at org.openqa.selenium.remote.RemoteWebDriver.findElementByXPath(RemoteWebDriver.java:428)
at io.appium.java_client.DefaultGenericMobileDriver.findElementByXPath(DefaultGenericMobileDriver.java:151)
at io.appium.java_client.AppiumDriver.findElementByXPath(AppiumDriver.java:1)
at io.appium.java_client.android.AndroidDriver.findElementByXPath(AndroidDriver.java:1)
at org.openqa.selenium.By$ByXPath.findElement(By.java:353)
at org.openqa.selenium.remote.RemoteWebDriver.findElement(RemoteWebDriver.java:315)
at io.appium.java_client.DefaultGenericMobileDriver.findElement(DefaultGenericMobileDriver.java:57)
at io.appium.java_client.AppiumDriver.findElement(AppiumDriver.java:1)
at io.appium.java_client.android.AndroidDriver.findElement(AndroidDriver.java:1)
at Pages.SignUpPage.Verify_Gallery_App_Opened(SignUpPage.java:768)
at Tests.SignUpTests.Verify_the_functionality_of_Crop_link(SignUpTests.java:1007)
at java.base/jdk.internal.reflect.DirectMethodHandleAccessor.invoke(DirectMethodHandleAccessor.java:104)
at java.base/java.lang.reflect.Method.invoke(Method.java:578)
at org.testng.internal.MethodInvocationHelper.invokeMethod(MethodInvocationHelper.java:133)
at org.testng.internal.TestInvoker.invokeMethod(TestInvoker.java:598)
at org.testng.internal.TestInvoker.invokeTestMethod(TestInvoker.java:173)
at org.testng.internal.MethodRunner.runInSequence(MethodRunner.java:46)
at org.testng.internal.TestInvoker$MethodInvocationAgent.invoke(TestInvoker.java:824)
at org.testng.internal.TestInvoker.invokeTestMethods(TestInvoker.java:146)
at org.testng.internal.TestMethodWorker.invokeTestMethods(TestMethodWorker.java:146)
at org.testng.internal.TestMethodWorker.run(TestMethodWorker.java:128)
at java.base/java.util.ArrayList.forEach(ArrayList.java:1511)
at org.testng.TestRunner.privateRun(TestRunner.java:794)
at org.testng.TestRunner.run(TestRunner.java:596)
at org.testng.SuiteRunner.runTest(SuiteRunner.java:377)
at org.testng.SuiteRunner.runSequentially(SuiteRunner.java:371)
at org.testng.SuiteRunner.privateRun(SuiteRunner.java:332)
at org.testng.SuiteRunner.run(SuiteRunner.java:276)
at org.testng.SuiteRunnerWorker.runSuite(SuiteRunnerWorker.java:53)
at org.testng.SuiteRunnerWorker.run(SuiteRunnerWorker.java:96)
at org.testng.TestNG.runSuitesSequentially(TestNG.java:1212)
at org.testng.TestNG.runSuitesLocally(TestNG.java:1134)
at org.testng.TestNG.runSuites(TestNG.java:1063)
at org.testng.TestNG.run(TestNG.java:1031)
at org.apache.maven.surefire.testng.TestNGExecutor.run(TestNGExecutor.java:284)
at org.apache.maven.surefire.testng.TestNGXmlTestSuite.execute(TestNGXmlTestSuite.java:75)
at org.apache.maven.surefire.testng.TestNGProvider.invoke(TestNGProvider.java:119)
at org.apache.maven.surefire.booter.ForkedBooter.runSuitesInProcess(ForkedBooter.java:428)
at org.apache.maven.surefire.booter.ForkedBooter.execute(ForkedBooter.java:162)
at org.apache.maven.surefire.booter.ForkedBooter.run(ForkedBooter.java:562)
at org.apache.maven.surefire.booter.ForkedBooter.main(ForkedBooter.java:548)
]]>
    </error>
  </testcase> <!-- Verify_the_functionality_of_Crop_link -->
  <system-out>
    <![CDATA[Application Launched.<br>
Clicked on skip button.<br>
Clicked on next button.<br>
Clicked on signup button.<br>
Clicked on first name field.<br>
Entered first name:-nsfcn.<br>
Clicked on last name field.<br>
Entered last name:-djqiu.<br>
Entered valid email:-.qjpu@gmail.com<br>
Entered password:-Test@123<br>
Entered confirm password.Test@123<br>
Next button is clicked.<br>
Done link is verified.<br>
Search bar is verified.<br>
Default country is:-Andorra<br>
Country is verified with dropdown.<br>
Clicked on Mobile number field.<br>
Entered mobile number is:-9432673481<br>
Clicked on DOB field.<br>
Clicked on cancel button.<br>
Calender is closed.<br>
Next button is clicked.<br>
Verify one sport from dropdown.<br>
Next button is clicked.<br>
UPLOAD PHOTO button is verified.<br>
Clicked on upload photo button.<br>
Clicked on gallery button.<br>]]>
  </system-out>
  <testcase classname="Tests.SignUpTests" name="Verify_the_Next_button_without_entering_data_in_mandatory_fields" time="42.007"/>
  <system-out>
    <![CDATA[Application Launched.<br>
Clicked on skip button.<br>
Clicked on next button.<br>
Clicked on signup button.<br>
Next button is clicked.<br>
validation message is verified<br>]]>
  </system-out>
  <testcase classname="Tests.SignUpTests" name="Verify_the_list_of_sports_by_selecting_one_or_more_sports" time="108.080"/>
  <system-out>
    <![CDATA[Application Launched.<br>
Clicked on skip button.<br>
Clicked on next button.<br>
Clicked on signup button.<br>
Clicked on first name field.<br>
Entered first name:-sufms.<br>
Clicked on last name field.<br>
Entered last name:-drvtc.<br>
Entered valid email:-.ridn@gmail.com<br>
Entered password:-Test@123<br>
Entered confirm password.Test@123<br>
Next button is clicked.<br>
Done link is verified.<br>
Search bar is verified.<br>
Default country is:-Andorra<br>
Country is verified with dropdown.<br>
Clicked on Mobile number field.<br>
Entered mobile number is:-9432673481<br>
Clicked on DOB field.<br>
Clicked on cancel button.<br>
Calender is closed.<br>
Next button is clicked.<br>
 Baseball is verified<br>
Verify one sport from dropdown.<br>]]>
  </system-out>
  <testcase classname="Tests.SignUpTests" name="Verify_the_Password_field_by_entering_password_which_contain_8_character_including_1_uppercase_and_1_number" time="60.048"/>
  <system-out>
    <![CDATA[Application Launched.<br>
Clicked on skip button.<br>
Clicked on next button.<br>
Clicked on signup button.<br>
Clicked on first name field.<br>
Entered first name:-cdirv.<br>
Clicked on last name field.<br>
Entered last name:-gforo.<br>
Entered valid email:-.inrv@gmail.com<br>
Entered 8char password with 1uppercase and 1number:-Adizvpd1<br>
Text in red/green colour is verified<br>]]>
  </system-out>
  <testcase classname="Tests.SignUpTests" name="Verify_the_Mobile_Number_field" time="69.998"/>
  <system-out>
    <![CDATA[Application Launched.<br>
Clicked on skip button.<br>
Clicked on next button.<br>
Clicked on signup button.<br>
Clicked on first name field.<br>
Entered first name:-rvdxd.<br>
Clicked on last name field.<br>
Entered last name:-fqirj.<br>
Entered valid email:-.cinc@gmail.com<br>
Entered password:-Test@123<br>
Entered confirm password.Test@123<br>
Next button is clicked.<br>
Logo is verified.<br>
Clicked on Mobile number field.<br>
Keyboard is verified.<br>]]>
  </system-out>
  <testcase classname="Tests.SignUpTests" name="Verify_the_Gallery_option" time="118.152">
    <error message="An element could not be located on the page using the given search parameters.
For documentation on this error, please visit: https://www.seleniumhq.org/exceptions/no_such_element.html
Build info: version: &#039;3.141.59&#039;, revision: &#039;e82be7d358&#039;, time: &#039;2018-11-14T08:17:03&#039;
System info: host: &#039;Admins-MacBook-Pro.local&#039;, ip: &#039;fe80:0:0:0:8f:c148:5c9e:6494%en0&#039;, os.name: &#039;Mac OS X&#039;, os.arch: &#039;x86_64&#039;, os.version: &#039;12.4&#039;, java.version: &#039;19.0.1&#039;
Driver info: io.appium.java_client.android.AndroidDriver
Capabilities {app: /Users/admin/Desktop/Plai_M..., appPackage: com.app.plaisports, autoAcceptAlerts: true, autoGrantPermissions: true, automationName: UiAutomator2, databaseEnabled: false, desired: {app: /Users/admin/Desktop/Plai_M..., autoAcceptAlerts: true, autoGrantPermissions: true, automationName: UiAutomator2, deviceName: 25e4e5308f0d7ece, platformName: android, platformVersion: 10, resetKeyboard: false, unicodeKeyboard: false}, deviceApiLevel: 29, deviceManufacturer: samsung, deviceModel: SM-N960F, deviceName: 25e4e5308f0d7ece, deviceScreenDensity: 420, deviceScreenSize: 1080x2220, deviceUDID: 25e4e5308f0d7ece, javascriptEnabled: true, locationContextEnabled: false, networkConnectionEnabled: true, pixelRatio: 2.625, platform: LINUX, platformName: android, platformVersion: 10, resetKeyboard: false, statBarHeight: 63, takesScreenshot: true, unicodeKeyboard: false, viewportRect: {height: 2031, left: 0, top: 63, width: 1080}, warnings: {}, webStorageEnabled: false}
Session ID: a6790a50-11df-474c-96ce-ae9d08a280da
*** Element info: {Using=xpath, value=//android.widget.LinearLayout[@content-desc=&quot;Test.jpg, 3.75 MB, 21 Dec&quot;]}" type="org.openqa.selenium.NoSuchElementException">
      <![CDATA[org.openqa.selenium.NoSuchElementException: An element could not be located on the page using the given search parameters.
For documentation on this error, please visit: https://www.seleniumhq.org/exceptions/no_such_element.html
Build info: version: '3.141.59', revision: 'e82be7d358', time: '2018-11-14T08:17:03'
System info: host: 'Admins-MacBook-Pro.local', ip: 'fe80:0:0:0:8f:c148:5c9e:6494%en0', os.name: 'Mac OS X', os.arch: 'x86_64', os.version: '12.4', java.version: '19.0.1'
Driver info: io.appium.java_client.android.AndroidDriver
Capabilities {app: /Users/admin/Desktop/Plai_M..., appPackage: com.app.plaisports, autoAcceptAlerts: true, autoGrantPermissions: true, automationName: UiAutomator2, databaseEnabled: false, desired: {app: /Users/admin/Desktop/Plai_M..., autoAcceptAlerts: true, autoGrantPermissions: true, automationName: UiAutomator2, deviceName: 25e4e5308f0d7ece, platformName: android, platformVersion: 10, resetKeyboard: false, unicodeKeyboard: false}, deviceApiLevel: 29, deviceManufacturer: samsung, deviceModel: SM-N960F, deviceName: 25e4e5308f0d7ece, deviceScreenDensity: 420, deviceScreenSize: 1080x2220, deviceUDID: 25e4e5308f0d7ece, javascriptEnabled: true, locationContextEnabled: false, networkConnectionEnabled: true, pixelRatio: 2.625, platform: LINUX, platformName: android, platformVersion: 10, resetKeyboard: false, statBarHeight: 63, takesScreenshot: true, unicodeKeyboard: false, viewportRect: {height: 2031, left: 0, top: 63, width: 1080}, warnings: {}, webStorageEnabled: false}
Session ID: a6790a50-11df-474c-96ce-ae9d08a280da
*** Element info: {Using=xpath, value=//android.widget.LinearLayout[@content-desc="Test.jpg, 3.75 MB, 21 Dec"]}
at java.base/jdk.internal.reflect.DirectConstructorHandleAccessor.newInstance(DirectConstructorHandleAccessor.java:67)
at java.base/java.lang.reflect.Constructor.newInstanceWithCaller(Constructor.java:500)
at java.base/java.lang.reflect.Constructor.newInstance(Constructor.java:484)
at org.openqa.selenium.remote.http.W3CHttpResponseCodec.createException(W3CHttpResponseCodec.java:187)
at org.openqa.selenium.remote.http.W3CHttpResponseCodec.decode(W3CHttpResponseCodec.java:122)
at org.openqa.selenium.remote.http.W3CHttpResponseCodec.decode(W3CHttpResponseCodec.java:49)
at org.openqa.selenium.remote.HttpCommandExecutor.execute(HttpCommandExecutor.java:158)
at io.appium.java_client.remote.AppiumCommandExecutor.execute(AppiumCommandExecutor.java:247)
at org.openqa.selenium.remote.RemoteWebDriver.execute(RemoteWebDriver.java:552)
at io.appium.java_client.DefaultGenericMobileDriver.execute(DefaultGenericMobileDriver.java:41)
at io.appium.java_client.AppiumDriver.execute(AppiumDriver.java:1)
at io.appium.java_client.android.AndroidDriver.execute(AndroidDriver.java:1)
at org.openqa.selenium.remote.RemoteWebDriver.findElement(RemoteWebDriver.java:323)
at io.appium.java_client.DefaultGenericMobileDriver.findElement(DefaultGenericMobileDriver.java:61)
at io.appium.java_client.AppiumDriver.findElement(AppiumDriver.java:1)
at io.appium.java_client.android.AndroidDriver.findElement(AndroidDriver.java:1)
at org.openqa.selenium.remote.RemoteWebDriver.findElementByXPath(RemoteWebDriver.java:428)
at io.appium.java_client.DefaultGenericMobileDriver.findElementByXPath(DefaultGenericMobileDriver.java:151)
at io.appium.java_client.AppiumDriver.findElementByXPath(AppiumDriver.java:1)
at io.appium.java_client.android.AndroidDriver.findElementByXPath(AndroidDriver.java:1)
at org.openqa.selenium.By$ByXPath.findElement(By.java:353)
at org.openqa.selenium.remote.RemoteWebDriver.findElement(RemoteWebDriver.java:315)
at io.appium.java_client.DefaultGenericMobileDriver.findElement(DefaultGenericMobileDriver.java:57)
at io.appium.java_client.AppiumDriver.findElement(AppiumDriver.java:1)
at io.appium.java_client.android.AndroidDriver.findElement(AndroidDriver.java:1)
at Pages.SignUpPage.Verify_Gallery_App_Opened(SignUpPage.java:768)
at Tests.SignUpTests.Verify_the_Gallery_option(SignUpTests.java:886)
at java.base/jdk.internal.reflect.DirectMethodHandleAccessor.invoke(DirectMethodHandleAccessor.java:104)
at java.base/java.lang.reflect.Method.invoke(Method.java:578)
at org.testng.internal.MethodInvocationHelper.invokeMethod(MethodInvocationHelper.java:133)
at org.testng.internal.TestInvoker.invokeMethod(TestInvoker.java:598)
at org.testng.internal.TestInvoker.invokeTestMethod(TestInvoker.java:173)
at org.testng.internal.MethodRunner.runInSequence(MethodRunner.java:46)
at org.testng.internal.TestInvoker$MethodInvocationAgent.invoke(TestInvoker.java:824)
at org.testng.internal.TestInvoker.invokeTestMethods(TestInvoker.java:146)
at org.testng.internal.TestMethodWorker.invokeTestMethods(TestMethodWorker.java:146)
at org.testng.internal.TestMethodWorker.run(TestMethodWorker.java:128)
at java.base/java.util.ArrayList.forEach(ArrayList.java:1511)
at org.testng.TestRunner.privateRun(TestRunner.java:794)
at org.testng.TestRunner.run(TestRunner.java:596)
at org.testng.SuiteRunner.runTest(SuiteRunner.java:377)
at org.testng.SuiteRunner.runSequentially(SuiteRunner.java:371)
at org.testng.SuiteRunner.privateRun(SuiteRunner.java:332)
at org.testng.SuiteRunner.run(SuiteRunner.java:276)
at org.testng.SuiteRunnerWorker.runSuite(SuiteRunnerWorker.java:53)
at org.testng.SuiteRunnerWorker.run(SuiteRunnerWorker.java:96)
at org.testng.TestNG.runSuitesSequentially(TestNG.java:1212)
at org.testng.TestNG.runSuitesLocally(TestNG.java:1134)
at org.testng.TestNG.runSuites(TestNG.java:1063)
at org.testng.TestNG.run(TestNG.java:1031)
at org.apache.maven.surefire.testng.TestNGExecutor.run(TestNGExecutor.java:284)
at org.apache.maven.surefire.testng.TestNGXmlTestSuite.execute(TestNGXmlTestSuite.java:75)
at org.apache.maven.surefire.testng.TestNGProvider.invoke(TestNGProvider.java:119)
at org.apache.maven.surefire.booter.ForkedBooter.runSuitesInProcess(ForkedBooter.java:428)
at org.apache.maven.surefire.booter.ForkedBooter.execute(ForkedBooter.java:162)
at org.apache.maven.surefire.booter.ForkedBooter.run(ForkedBooter.java:562)
at org.apache.maven.surefire.booter.ForkedBooter.main(ForkedBooter.java:548)
]]>
    </error>
  </testcase> <!-- Verify_the_Gallery_option -->
  <system-out>
    <![CDATA[Application Launched.<br>
Clicked on skip button.<br>
Clicked on next button.<br>
Clicked on signup button.<br>
Clicked on first name field.<br>
Entered first name:-douip.<br>
Clicked on last name field.<br>
Entered last name:-yybfr.<br>
Entered valid email:-.xptj@gmail.com<br>
Entered password:-Test@123<br>
Entered confirm password.Test@123<br>
Next button is clicked.<br>
Done link is verified.<br>
Search bar is verified.<br>
Default country is:-Andorra<br>
Country is verified with dropdown.<br>
Clicked on Mobile number field.<br>
Entered mobile number is:-9432673481<br>
Clicked on DOB field.<br>
Clicked on cancel button.<br>
Calender is closed.<br>
Next button is clicked.<br>
Verify one sport from dropdown.<br>
Next button is clicked.<br>
UPLOAD PHOTO button is verified.<br>
Clicked on upload photo button.<br>
Clicked on gallery button.<br>]]>
  </system-out>
  <testcase classname="Tests.SignUpTests" name="Verify_the_functionality_of_Search_bar_country_code" time="71.664"/>
  <system-out>
    <![CDATA[Application Launched.<br>
Clicked on skip button.<br>
Clicked on next button.<br>
Clicked on signup button.<br>
Clicked on first name field.<br>
Entered first name:-dicjc.<br>
Clicked on last name field.<br>
Entered last name:-vvopj.<br>
Entered valid email:-.xfsj@gmail.com<br>
Entered password:-Test@123<br>
Entered confirm password.Test@123<br>
Next button is clicked.<br>
Clicked on company code drop down.<br>
Clicked on Search icon.<br>
Clicked on search bar.<br>
Country name is displayed.<br>]]>
  </system-out>
  <testcase classname="Tests.SignUpTests" name="Verify_the_UI_of_Sign_Up_screen" time="67.290"/>
  <system-out>
    <![CDATA[Application Launched.<br>
Logo is verified.<br>
Clicked on skip button.<br>
Clicked on next button.<br>
Clicked on signup button.<br>
Back icon is verified.<br>
First name field is verified.<br>
Last name field is verified.<br>
Email field is verified.<br>
Password field is verified.<br>
Eye icon is verified.<br>
Confirm password field is verified.<br>
Eye icon is verified.<br>
Terms and condition text is verified.<br>
Next button is verified.<br>
Login link is verified.<br>]]>
  </system-out>
  <testcase classname="Tests.SignUpTests" name="Verify_Done_link_after_selecting_country" time="83.880"/>
  <system-out>
    <![CDATA[Application Launched.<br>
Clicked on skip button.<br>
Clicked on next button.<br>
Clicked on signup button.<br>
Clicked on first name field.<br>
Entered first name:-zcqfd.<br>
Clicked on last name field.<br>
Entered last name:-kfxuk.<br>
Entered valid email:-.dcdn@gmail.com<br>
Entered password:-Test@123<br>
Entered confirm password.Test@123<br>
Next button is clicked.<br>
Logo is verified.<br>
Country is verified.<br>
Clicked on country field.<br>
checked selected country.<br>
Clicked on done link.<br>
Default country is:-United Arab Emirates (UAE)<br>
Country is verified with dropdown.<br>]]>
  </system-out>
  <testcase classname="Tests.SignUpTests" name="Verify_the_Eye_icon_functionality_for_Password_field" time="63.545"/>
  <system-out>
    <![CDATA[Application Launched.<br>
Clicked on skip button.<br>
Clicked on next button.<br>
Clicked on signup button.<br>
Clicked on first name field.<br>
Entered first name:-dutbe.<br>
Clicked on last name field.<br>
Entered last name:-fjtrn.<br>
Entered valid email:-.mibt@gmail.com<br>
Entered password:-Test@123<br>
Password is verified when 1st click on eye icon.<br>
Password is verified when 2st click on eye icon.<br>
Eye icon functionality is verified.<br>]]>
  </system-out>
  <testcase classname="Tests.SignUpTests" name="Verify_the_navigation_by_clicking_on_Back_icon_of_Search_Country_screen" time="74.288"/>
  <system-out>
    <![CDATA[Application Launched.<br>
Clicked on skip button.<br>
Clicked on next button.<br>
Clicked on signup button.<br>
Clicked on first name field.<br>
Entered first name:-nqkex.<br>
Clicked on last name field.<br>
Entered last name:-rzffm.<br>
Entered valid email:-.fsfv@gmail.com<br>
Entered password:-Test@123<br>
Entered confirm password.Test@123<br>
Next button is clicked.<br>
Clicked on company code drop down.<br>
Back icon is clicked.<br>
Logo is verified.<br>]]>
  </system-out>
  <testcase classname="Tests.SignUpTests" name="Verify_Done_link_without_selecting_country" time="72.338"/>
  <system-out>
    <![CDATA[Application Launched.<br>
Clicked on skip button.<br>
Clicked on next button.<br>
Clicked on signup button.<br>
Clicked on first name field.<br>
Entered first name:-iinrs.<br>
Clicked on last name field.<br>
Entered last name:-sfsmd.<br>
Entered valid email:-.odui@gmail.com<br>
Entered password:-Test@123<br>
Entered confirm password.Test@123<br>
Next button is clicked.<br>
Logo is verified.<br>
Clicked on country field.<br>
Unchecked selected country.<br>
Clicked on done link.<br>
Go to latest build.<br>]]>
  </system-out>
  <testcase classname="Tests.SignUpTests" name="Verify_the_list_of_country_by_selecting_any_country" time="77.095"/>
  <system-out>
    <![CDATA[Application Launched.<br>
Clicked on skip button.<br>
Clicked on next button.<br>
Clicked on signup button.<br>
Clicked on first name field.<br>
Entered first name:-egibm.<br>
Clicked on last name field.<br>
Entered last name:-cfivm.<br>
Entered valid email:-.cfvb@gmail.com<br>
Entered password:-Test@123<br>
Entered confirm password.Test@123<br>
Next button is clicked.<br>
Clicked on company code drop down.<br>
Clicked on Search icon.<br>
Clicked on search bar.<br>
Country name is displayed.<br>
Country code is verified<br>]]>
  </system-out>
  <testcase classname="Tests.SignUpTests" name="Verify_the_Upload_Photo_button" time="100.711"/>
  <system-out>
    <![CDATA[Application Launched.<br>
Clicked on skip button.<br>
Clicked on next button.<br>
Clicked on signup button.<br>
Clicked on first name field.<br>
Entered first name:-pdofc.<br>
Clicked on last name field.<br>
Entered last name:-gorbz.<br>
Entered valid email:-.mffi@gmail.com<br>
Entered password:-Test@123<br>
Entered confirm password.Test@123<br>
Next button is clicked.<br>
Done link is verified.<br>
Search bar is verified.<br>
Default country is:-Andorra<br>
Country is verified with dropdown.<br>
Clicked on Mobile number field.<br>
Entered mobile number is:-9432673481<br>
Clicked on DOB field.<br>
Clicked on cancel button.<br>
Calender is closed.<br>
Next button is clicked.<br>
Verify one sport from dropdown.<br>
Next button is clicked.<br>
UPLOAD PHOTO button is verified.<br>
Clicked on upload photo button.<br>]]>
  </system-out>
  <testcase classname="Tests.SignUpTests" name="Verify_the_cancel_button_of_Calendar" time="71.792"/>
  <system-out>
    <![CDATA[Application Launched.<br>
Clicked on skip button.<br>
Clicked on next button.<br>
Clicked on signup button.<br>
Clicked on first name field.<br>
Entered first name:-rirrd.<br>
Clicked on last name field.<br>
Entered last name:-cfvdk.<br>
Entered valid email:-.effv@gmail.com<br>
Entered password:-Test@123<br>
Entered confirm password.Test@123<br>
Next button is clicked.<br>
Clicked on DOB field.<br>
Clicked on cancel button.<br>
Calender is closed.<br>]]>
  </system-out>
</testsuite> <!-- Tests.SignUpTests -->
