<?xml version="1.0" encoding="UTF-8"?>
<!-- Generated by org.testng.reporters.JUnitReportReporter -->
<testsuite hostname="Admins-MacBook-Pro.local" failures="0" tests="18" name="Tests.LoginTests" time="720.947" errors="1" timestamp="2023-01-03T23:24:43 IST" skipped="0">
  <testcase classname="Tests.LoginTests" name="Verify_the_Confirm_Password_field_by_entering_different_password_than_New_Password_field" time="40.927"/>
  <system-out>
    <![CDATA[Application Launched.<br>
Clicked on skip button.<br>
Clicked on next button.<br>
Clicked On Forgot Password Link<br>
Forgot Password page is Opened<br>
Entered registered Email<br>
Clicked On Submit Button<br>
Reset Password Screen Is Visible<br>
Verified Code Sent Message<br>
OTP Field is Visible<br>
New Password Field is Visible<br>
New Password Eye Icon is Visible<br>
Confirm Password Field is Visible<br>
Confirm Password Eye Icon is Visible<br>
Resend OTP Link is Visible<br>
Entered OTP<br>
Entered New Password<br>
Entered wrong Confirm Password<br>
Clicked Submit button to reset password<br>
Verify Validation message for mismatched password<br>
Alert :- Please verification code<br>]]>
  </system-out>
  <testcase classname="Tests.LoginTests" name="Verify_login_with_valid_email_Id_and_invalid_password" time="40.639"/>
  <system-out>
    <![CDATA[Application Launched.<br>
Clicked on skip button.<br>
Clicked on next button.<br>
Entered Email<br>
Entered Invalid Password<br>
Clicked On Login Button<br>
Verify Toast Alert Message For Valid Email but Invalid Password<br>
Alert :- Incorrect username or password.<br>]]>
  </system-out>
  <testcase classname="Tests.LoginTests" name="Verify_Enter_your_email_field_by_entering_invalid_email_id" time="37.520"/>
  <system-out>
    <![CDATA[Application Launched.<br>
Clicked on skip button.<br>
Clicked on next button.<br>
Email Text field is displayed<br>
Clicked On Login Button<br>
Verify Toast Alert Message For Invalid Email Address<br>
Alert :- Please enter valid email address<br>]]>
  </system-out>
  <testcase classname="Tests.LoginTests" name="Verify_the_Eye_icon_functionality_for_New_Password_field" time="40.808"/>
  <system-out>
    <![CDATA[Application Launched.<br>
Clicked on skip button.<br>
Clicked on next button.<br>
Clicked On Forgot Password Link<br>
Forgot Password page is Opened<br>
Entered registered Email<br>
Clicked On Submit Button<br>
Reset Password Screen Is Visible<br>
Verified Code Sent Message<br>
OTP Field is Visible<br>
New Password Field is Visible<br>
New Password Eye Icon is Visible<br>
Confirm Password Field is Visible<br>
Confirm Password Eye Icon is Visible<br>
Resend OTP Link is Visible<br>
Clicked On Eye Icon to Show Password of New Password Field<br>
Clicked On Eye Icon to Hide Password of New Password Field<br>]]>
  </system-out>
  <testcase classname="Tests.LoginTests" name="Verify_the_fields_display_on_Login_screen" time="36.271"/>
  <system-out>
    <![CDATA[Application Launched.<br>
Clicked on skip button.<br>
Clicked on next button.<br>
Email Text field is displayed<br>
Password Text field is displayed<br>
Show Password Icon is displayed<br>
Forgot Password Link is displayed<br>
Login Button is displayed<br>
SignUp Button is displayed<br>]]>
  </system-out>
  <testcase classname="Tests.LoginTests" name="Verify_the_UI_of_Splash_screen" time="46.993"/>
  <system-out>
    <![CDATA[Application Launched.<br>
Clicked on skip button.<br>
Clicked on next button.<br>
Entered Email :- sagarnandha11+1@gmail.com<br>
Entered Password :- Plai@1234<br>
Clicked On Login Button<br>
App name is verified on login splash screen<br>
Day Greeting is verified on login splash screen<br>
Username with Profile Picture is verified on login splash screen<br>
Welcome Greeting is verified on login splash screen<br>]]>
  </system-out>
  <testcase classname="Tests.LoginTests" name="Verify_the_navigation_by_clicking_on_Back_icon" time="40.379"/>
  <system-out>
    <![CDATA[Application Launched.<br>
Clicked on skip button.<br>
Clicked on next button.<br>
Back icon is verified.<br>]]>
  </system-out>
  <testcase classname="Tests.LoginTests" name="Verify_submit_button_without_entering_email_id" time="38.046"/>
  <system-out>
    <![CDATA[Application Launched.<br>
Clicked on skip button.<br>
Clicked on next button.<br>
Clicked On Forgot Password Link<br>
Forgot Password page is Opened<br>
toast:Please enter email address<br>
Toast msg to enter email address verified<br>]]>
  </system-out>
  <testcase classname="Tests.LoginTests" name="Verify_the_Resend_OTP_link" time="40.877"/>
  <system-out>
    <![CDATA[Application Launched.<br>
Clicked on skip button.<br>
Clicked on next button.<br>
Clicked On Forgot Password Link<br>
Forgot Password page is Opened<br>
Entered registered Email<br>
Clicked On Submit Button<br>
Reset Password Screen Is Visible<br>
Verified Code Sent Message<br>
OTP Field is Visible<br>
New Password Field is Visible<br>
New Password Eye Icon is Visible<br>
Confirm Password Field is Visible<br>
Confirm Password Eye Icon is Visible<br>
Resend OTP Link is Visible<br>
Clicked button to resend OTP<br>
Verify Toast Alert Message for OTP Resend :-<br>
Alert :- Something wrong in Code send.<br>]]>
  </system-out>
  <testcase classname="Tests.LoginTests" name="Verify_login_by_only_entering_password" time="37.842"/>
  <system-out>
    <![CDATA[Application Launched.<br>
Clicked on skip button.<br>
Clicked on next button.<br>
Directly Entered Password<br>
Clicked On Login Button<br>
Verify Toast Alert Message For Login Without Entering Email<br>
Alert :- Please enter email address<br>]]>
  </system-out>
  <testcase classname="Tests.LoginTests" name="Verify_login_without_any_credential" time="37.350"/>
  <system-out>
    <![CDATA[Application Launched.<br>
Clicked on skip button.<br>
Clicked on next button.<br>
Clicked On Login Button<br>
Verified Toast Alert for Login without entering credentials<br>
Alert :- Please enter email address<br>]]>
  </system-out>
  <testcase classname="Tests.LoginTests" name="Verify_login_with_valid_credentials" time="38.862"/>
  <system-out>
    <![CDATA[Application Launched.<br>
Clicked on skip button.<br>
Clicked on next button.<br>
Entered Email<br>
Entered Invalid Password<br>
Clicked On Login Button<br>
Verify Toast Alert Message For Valid Email but Invalid Password<br>
Alert :- Incorrect username or password.<br>]]>
  </system-out>
  <testcase classname="Tests.LoginTests" name="Verify_the_fields_display_on_reset_password_screen" time="38.190"/>
  <system-out>
    <![CDATA[Application Launched.<br>
Clicked on skip button.<br>
Clicked on next button.<br>
Clicked On Forgot Password Link<br>
Forgot Password page is Opened<br>
Entered registered Email<br>
Clicked On Submit Button<br>
Reset Password Screen Is Visible<br>
Verified Code Sent Message<br>
OTP Field is Visible<br>
New Password Field is Visible<br>
New Password Eye Icon is Visible<br>
Confirm Password Field is Visible<br>
Confirm Password Eye Icon is Visible<br>
Resend OTP Link is Visible<br>]]>
  </system-out>
  <testcase classname="Tests.LoginTests" name="Verify_Enter_your_email_field_by_entering_non_registered_email_id" time="40.518"/>
  <system-out>
    <![CDATA[Application Launched.<br>
Clicked on skip button.<br>
Clicked on next button.<br>
Clicked On Forgot Password Link<br>
Forgot Password page is Opened<br>
Entered non registered Email<br>
Verify Toast Alert Message For Forgot Password Submission with non registered Email ID<br>
Alert :- Entered email address is not registered. Please enter your registered email address.<br>]]>
  </system-out>
  <testcase classname="Tests.LoginTests" name="Verify_Enter_your_email_field" time="38.106"/>
  <system-out>
    <![CDATA[Application Launched.<br>
Clicked on skip button.<br>
Clicked on next button.<br>
Clicked On Forgot Password Link<br>
Forgot Password page is Opened<br>
Entered registered Email<br>
Clicked On Submit Button<br>
Reset Password Screen Is Visible<br>]]>
  </system-out>
  <testcase classname="Tests.LoginTests" name="Verify_the_6_digit_code_field_by_entering_wrong_code" time="53.189">
    <error message="An element could not be located on the page using the given search parameters.
For documentation on this error, please visit: https://www.seleniumhq.org/exceptions/no_such_element.html
Build info: version: &#039;3.141.59&#039;, revision: &#039;e82be7d358&#039;, time: &#039;2018-11-14T08:17:03&#039;
System info: host: &#039;Admins-MacBook-Pro.local&#039;, ip: &#039;fe80:0:0:0:8f:c148:5c9e:6494%en0&#039;, os.name: &#039;Mac OS X&#039;, os.arch: &#039;x86_64&#039;, os.version: &#039;12.4&#039;, java.version: &#039;19.0.1&#039;
Driver info: io.appium.java_client.android.AndroidDriver
Capabilities {app: /Users/admin/Desktop/Plai_M..., appPackage: com.app.plaisports, autoAcceptAlerts: true, autoGrantPermissions: true, automationName: UiAutomator2, databaseEnabled: false, desired: {app: /Users/admin/Desktop/Plai_M..., autoAcceptAlerts: true, autoGrantPermissions: true, automationName: UiAutomator2, deviceName: 25e4e5308f0d7ece, platformName: android, platformVersion: 10, resetKeyboard: false, unicodeKeyboard: false}, deviceApiLevel: 29, deviceManufacturer: samsung, deviceModel: SM-N960F, deviceName: 25e4e5308f0d7ece, deviceScreenDensity: 420, deviceScreenSize: 1080x2220, deviceUDID: 25e4e5308f0d7ece, javascriptEnabled: true, locationContextEnabled: false, networkConnectionEnabled: true, pixelRatio: 2.625, platform: LINUX, platformName: android, platformVersion: 10, resetKeyboard: false, statBarHeight: 63, takesScreenshot: true, unicodeKeyboard: false, viewportRect: {height: 2031, left: 0, top: 63, width: 1080}, warnings: {}, webStorageEnabled: false}
Session ID: 9590d6c7-13ee-49de-aa88-d46f48346c6e
*** Element info: {Using=xpath, value=//android.widget.EditText[2]}" type="org.openqa.selenium.NoSuchElementException">
      <![CDATA[org.openqa.selenium.NoSuchElementException: An element could not be located on the page using the given search parameters.
For documentation on this error, please visit: https://www.seleniumhq.org/exceptions/no_such_element.html
Build info: version: '3.141.59', revision: 'e82be7d358', time: '2018-11-14T08:17:03'
System info: host: 'Admins-MacBook-Pro.local', ip: 'fe80:0:0:0:8f:c148:5c9e:6494%en0', os.name: 'Mac OS X', os.arch: 'x86_64', os.version: '12.4', java.version: '19.0.1'
Driver info: io.appium.java_client.android.AndroidDriver
Capabilities {app: /Users/admin/Desktop/Plai_M..., appPackage: com.app.plaisports, autoAcceptAlerts: true, autoGrantPermissions: true, automationName: UiAutomator2, databaseEnabled: false, desired: {app: /Users/admin/Desktop/Plai_M..., autoAcceptAlerts: true, autoGrantPermissions: true, automationName: UiAutomator2, deviceName: 25e4e5308f0d7ece, platformName: android, platformVersion: 10, resetKeyboard: false, unicodeKeyboard: false}, deviceApiLevel: 29, deviceManufacturer: samsung, deviceModel: SM-N960F, deviceName: 25e4e5308f0d7ece, deviceScreenDensity: 420, deviceScreenSize: 1080x2220, deviceUDID: 25e4e5308f0d7ece, javascriptEnabled: true, locationContextEnabled: false, networkConnectionEnabled: true, pixelRatio: 2.625, platform: LINUX, platformName: android, platformVersion: 10, resetKeyboard: false, statBarHeight: 63, takesScreenshot: true, unicodeKeyboard: false, viewportRect: {height: 2031, left: 0, top: 63, width: 1080}, warnings: {}, webStorageEnabled: false}
Session ID: 9590d6c7-13ee-49de-aa88-d46f48346c6e
*** Element info: {Using=xpath, value=//android.widget.EditText[2]}
at java.base/jdk.internal.reflect.DirectConstructorHandleAccessor.newInstance(DirectConstructorHandleAccessor.java:67)
at java.base/java.lang.reflect.Constructor.newInstanceWithCaller(Constructor.java:500)
at java.base/java.lang.reflect.Constructor.newInstance(Constructor.java:484)
at org.openqa.selenium.remote.http.W3CHttpResponseCodec.createException(W3CHttpResponseCodec.java:187)
at org.openqa.selenium.remote.http.W3CHttpResponseCodec.decode(W3CHttpResponseCodec.java:122)
at org.openqa.selenium.remote.http.W3CHttpResponseCodec.decode(W3CHttpResponseCodec.java:49)
at org.openqa.selenium.remote.HttpCommandExecutor.execute(HttpCommandExecutor.java:158)
at io.appium.java_client.remote.AppiumCommandExecutor.execute(AppiumCommandExecutor.java:247)
at org.openqa.selenium.remote.RemoteWebDriver.execute(RemoteWebDriver.java:552)
at io.appium.java_client.DefaultGenericMobileDriver.execute(DefaultGenericMobileDriver.java:41)
at io.appium.java_client.AppiumDriver.execute(AppiumDriver.java:1)
at io.appium.java_client.android.AndroidDriver.execute(AndroidDriver.java:1)
at org.openqa.selenium.remote.RemoteWebDriver.findElement(RemoteWebDriver.java:323)
at io.appium.java_client.DefaultGenericMobileDriver.findElement(DefaultGenericMobileDriver.java:61)
at io.appium.java_client.AppiumDriver.findElement(AppiumDriver.java:1)
at io.appium.java_client.android.AndroidDriver.findElement(AndroidDriver.java:1)
at org.openqa.selenium.remote.RemoteWebDriver.findElementByXPath(RemoteWebDriver.java:428)
at io.appium.java_client.DefaultGenericMobileDriver.findElementByXPath(DefaultGenericMobileDriver.java:151)
at io.appium.java_client.AppiumDriver.findElementByXPath(AppiumDriver.java:1)
at io.appium.java_client.android.AndroidDriver.findElementByXPath(AndroidDriver.java:1)
at org.openqa.selenium.By$ByXPath.findElement(By.java:353)
at org.openqa.selenium.remote.RemoteWebDriver.findElement(RemoteWebDriver.java:315)
at io.appium.java_client.DefaultGenericMobileDriver.findElement(DefaultGenericMobileDriver.java:57)
at io.appium.java_client.AppiumDriver.findElement(AppiumDriver.java:1)
at io.appium.java_client.android.AndroidDriver.findElement(AndroidDriver.java:1)
at Pages.LoginPage.Verify_Reset_Password_With_Wrong_OTP(LoginPage.java:200)
at Tests.LoginTests.Verify_the_6_digit_code_field_by_entering_wrong_code(LoginTests.java:217)
at java.base/jdk.internal.reflect.DirectMethodHandleAccessor.invoke(DirectMethodHandleAccessor.java:104)
at java.base/java.lang.reflect.Method.invoke(Method.java:578)
at org.testng.internal.MethodInvocationHelper.invokeMethod(MethodInvocationHelper.java:133)
at org.testng.internal.TestInvoker.invokeMethod(TestInvoker.java:598)
at org.testng.internal.TestInvoker.invokeTestMethod(TestInvoker.java:173)
at org.testng.internal.MethodRunner.runInSequence(MethodRunner.java:46)
at org.testng.internal.TestInvoker$MethodInvocationAgent.invoke(TestInvoker.java:824)
at org.testng.internal.TestInvoker.invokeTestMethods(TestInvoker.java:146)
at org.testng.internal.TestMethodWorker.invokeTestMethods(TestMethodWorker.java:146)
at org.testng.internal.TestMethodWorker.run(TestMethodWorker.java:128)
at java.base/java.util.ArrayList.forEach(ArrayList.java:1511)
at org.testng.TestRunner.privateRun(TestRunner.java:794)
at org.testng.TestRunner.run(TestRunner.java:596)
at org.testng.SuiteRunner.runTest(SuiteRunner.java:377)
at org.testng.SuiteRunner.runSequentially(SuiteRunner.java:371)
at org.testng.SuiteRunner.privateRun(SuiteRunner.java:332)
at org.testng.SuiteRunner.run(SuiteRunner.java:276)
at org.testng.SuiteRunnerWorker.runSuite(SuiteRunnerWorker.java:53)
at org.testng.SuiteRunnerWorker.run(SuiteRunnerWorker.java:96)
at org.testng.TestNG.runSuitesSequentially(TestNG.java:1212)
at org.testng.TestNG.runSuitesLocally(TestNG.java:1134)
at org.testng.TestNG.runSuites(TestNG.java:1063)
at org.testng.TestNG.run(TestNG.java:1031)
at org.apache.maven.surefire.testng.TestNGExecutor.run(TestNGExecutor.java:284)
at org.apache.maven.surefire.testng.TestNGXmlTestSuite.execute(TestNGXmlTestSuite.java:75)
at org.apache.maven.surefire.testng.TestNGProvider.invoke(TestNGProvider.java:119)
at org.apache.maven.surefire.booter.ForkedBooter.runSuitesInProcess(ForkedBooter.java:428)
at org.apache.maven.surefire.booter.ForkedBooter.execute(ForkedBooter.java:162)
at org.apache.maven.surefire.booter.ForkedBooter.run(ForkedBooter.java:562)
at org.apache.maven.surefire.booter.ForkedBooter.main(ForkedBooter.java:548)
]]>
    </error>
  </testcase> <!-- Verify_the_6_digit_code_field_by_entering_wrong_code -->
  <system-out>
    <![CDATA[Application Launched.<br>
Clicked on skip button.<br>
Clicked on next button.<br>
Clicked On Forgot Password Link<br>
Forgot Password page is Opened<br>
Entered registered Email<br>
Clicked On Submit Button<br>
Reset Password Screen Is Visible<br>
Verified Code Sent Message<br>
OTP Field is Visible<br>
New Password Field is Visible<br>
New Password Eye Icon is Visible<br>
Confirm Password Field is Visible<br>
Confirm Password Eye Icon is Visible<br>
Resend OTP Link is Visible<br>
Entered OTP<br>]]>
  </system-out>
  <testcase classname="Tests.LoginTests" name="Verify_Enter_your_email_field_by_entering_valid_email_id" time="37.421"/>
  <system-out>
    <![CDATA[Application Launched.<br>
Clicked on skip button.<br>
Clicked on next button.<br>
Entered Email<br>
Clicked On Login Button<br>
Verify Toast Alert Message For Login Without Entering Password<br>
Alert :- Please enter password<br>]]>
  </system-out>
  <testcase classname="Tests.LoginTests" name="Verify_Forgot_Password_link" time="37.009"/>
  <system-out>
    <![CDATA[Application Launched.<br>
Clicked on skip button.<br>
Clicked on next button.<br>
Clicked On Forgot Password Link<br>
Forgot Password page is Opened<br>]]>
  </system-out>
</testsuite> <!-- Tests.LoginTests -->
